[historizer][2017-12-24 21:17:34,641][INFO] - Starting historization
[historizer][2017-12-24 21:17:34,641][INFO] - settings : log_dir=/Users/Chafik/workspace/python/my_projects/crypto_currency/tradox/logs/histo/, histo_dir=/Users/Chafik/workspace/python/my_projects/crypto_currency/tradox/data/histo/, quote_ccy=ZEUR

[historizer][2017-12-24 21:17:43,315][INFO] - End historization
[historizer][2017-12-24 21:48:13,294][INFO] - Starting historization
[historizer][2017-12-24 21:48:13,297][INFO] - settings : log_dir=/Users/Chafik/workspace/python/my_projects/crypto_currency/tradox/logs/histo/, histo_dir=/Users/Chafik/workspace/python/my_projects/crypto_currency/tradox/data/histo/, quote_ccy=ZEUR
[historizer][2017-12-24 21:48:14,481][INFO] - End historization
[historizer][2017-12-24 21:49:53,014][INFO] - Starting historization
[historizer][2017-12-24 21:49:53,017][INFO] - settings : log_dir=/Users/Chafik/workspace/python/my_projects/crypto_currency/tradox/logs/histo/, histo_dir=/Users/Chafik/workspace/python/my_projects/crypto_currency/tradox/data/histo/, quote_ccy=ZEUR
[historizer][2017-12-24 21:50:13,949][INFO] - End historization
[historizer][2017-12-24 21:51:04,205][INFO] - Starting historization
[historizer][2017-12-24 21:51:04,205][INFO] - settings : log_dir=/Users/Chafik/workspace/python/my_projects/crypto_currency/tradox/logs/histo/, histo_dir=/Users/Chafik/workspace/python/my_projects/crypto_currency/tradox/data/histo/, quote_ccy=ZEUR
[historizer][2017-12-24 21:52:01,529][INFO] - Starting historization
[historizer][2017-12-24 21:52:01,529][INFO] - settings : log_dir=/Users/Chafik/workspace/python/my_projects/crypto_currency/tradox/logs/histo/, histo_dir=/Users/Chafik/workspace/python/my_projects/crypto_currency/tradox/data/histo/, quote_ccy=ZEUR
[historizer][2017-12-24 21:59:06,941][INFO] - Starting historization
[historizer][2017-12-24 21:59:06,945][INFO] - settings : log_dir=/Users/Chafik/workspace/python/my_projects/crypto_currency/tradox/logs/histo/, histo_dir=/Users/Chafik/workspace/python/my_projects/crypto_currency/tradox/data/histo/, quote_ccy=ZEUR
[historizer][2017-12-24 21:59:25,310][INFO] - End historization
[historizer][2017-12-24 22:00:14,374][INFO] - Starting historization
[historizer][2017-12-24 22:00:14,374][INFO] - settings : log_dir=/Users/Chafik/workspace/python/my_projects/crypto_currency/tradox/logs/histo/, histo_dir=/Users/Chafik/workspace/python/my_projects/crypto_currency/tradox/data/histo/, quote_ccy=ZEUR
[historizer][2017-12-24 22:00:31,620][INFO] - End historization
[historizer][2017-12-24 22:02:19,360][INFO] - Starting historization
[historizer][2017-12-24 22:02:19,360][INFO] - settings : log_dir=/Users/Chafik/workspace/python/my_projects/crypto_currency/tradox/logs/histo/, histo_dir=/Users/Chafik/workspace/python/my_projects/crypto_currency/tradox/data/histo/, quote_ccy=ZEUR
[historizer][2017-12-24 22:02:35,968][INFO] - End historization
[historizer][2017-12-24 22:09:00,247][INFO] - Starting historization
[historizer][2017-12-24 22:09:00,249][INFO] - settings : log_dir=/Users/Chafik/workspace/python/my_projects/crypto_currency/tradox/logs/histo/, histo_dir=/Users/Chafik/workspace/python/my_projects/crypto_currency/tradox/data/histo/, quote_ccy=ZEUR
[historizer][2017-12-24 22:09:16,589][INFO] - End historization
[historizer][2017-12-24 22:17:43,418][INFO] - Starting historization
[historizer][2017-12-24 22:17:43,421][INFO] - settings : log_dir=/Users/Chafik/workspace/python/my_projects/crypto_currency/tradox/logs/histo/, histo_dir=/Users/Chafik/workspace/python/my_projects/crypto_currency/tradox/data/histo/, quote_ccy=ZEUR
[historizer][2017-12-24 22:18:46,820][INFO] - End historization
[historizer][2017-12-24 22:21:13,160][INFO] - Starting historization
[historizer][2017-12-24 22:21:13,163][INFO] - settings : log_dir=/Users/Chafik/workspace/python/my_projects/crypto_currency/tradox/logs/histo/, histo_dir=/Users/Chafik/workspace/python/my_projects/crypto_currency/tradox/data/histo/, quote_ccy=ZEUR
[historizer][2017-12-24 22:27:29,730][INFO] - Starting historization
[historizer][2017-12-24 22:27:29,733][INFO] - settings : log_dir=/Users/Chafik/workspace/python/my_projects/crypto_currency/tradox/logs/histo/, histo_dir=/Users/Chafik/workspace/python/my_projects/crypto_currency/tradox/data/histo/, quote_ccy=ZEUR
[historizer][2017-12-24 22:27:44,020][INFO] - End historization
[historizer][2017-12-24 22:45:21,899][INFO] - Starting historization
[historizer][2017-12-24 22:45:21,902][INFO] - settings : log_dir=/Users/Chafik/workspace/python/my_projects/crypto_currency/tradox/logs/histo/, histo_dir=/Users/Chafik/workspace/python/my_projects/crypto_currency/tradox/data/histo/, quote_ccy=ZEUR
[historizer][2017-12-24 22:50:06,353][INFO] - Starting historization
[historizer][2017-12-24 22:50:06,356][INFO] - settings : log_dir=/Users/Chafik/workspace/python/my_projects/crypto_currency/tradox/logs/histo/, histo_dir=/Users/Chafik/workspace/python/my_projects/crypto_currency/tradox/data/histo/, quote_ccy=ZEUR
[historizer][2017-12-24 22:53:09,430][INFO] - Starting historization
[historizer][2017-12-24 22:53:09,430][INFO] - settings : log_dir=/Users/Chafik/workspace/python/my_projects/crypto_currency/tradox/logs/histo/, histo_dir=/Users/Chafik/workspace/python/my_projects/crypto_currency/tradox/data/histo/, quote_ccy=ZEUR
[historizer][2017-12-24 22:53:30,920][INFO] - Starting historization
[historizer][2017-12-24 22:53:30,923][INFO] - settings : log_dir=/Users/Chafik/workspace/python/my_projects/crypto_currency/tradox/logs/histo/, histo_dir=/Users/Chafik/workspace/python/my_projects/crypto_currency/tradox/data/histo/, quote_ccy=ZEUR
[historizer][2017-12-24 22:53:32,081][INFO] - starting importing histo data for XLTCZEUR.
[historizer][2017-12-24 22:53:32,084][INFO] - starting importing histo data for XXBTZEUR.
[historizer][2017-12-24 22:53:32,084][INFO] - starting importing histo data for XZECZEUR.
[historizer][2017-12-24 22:53:32,090][INFO] - starting importing histo data for XXMRZEUR.
[historizer][2017-12-24 22:53:32,094][INFO] - starting importing histo data for XETHZEUR.
[historizer][2017-12-24 22:53:32,099][INFO] - starting importing histo data for DASHEUR.
[historizer][2017-12-24 22:53:32,099][INFO] - starting importing histo data for XXRPZEUR.
[historizer][2017-12-24 22:53:32,103][INFO] - starting importing histo data for XREPZEUR.
[historizer][2017-12-24 22:53:32,107][INFO] - starting importing histo data for BCHEUR.
[historizer][2017-12-24 22:53:32,110][INFO] - starting importing histo data for XETCZEUR.
[historizer][2017-12-24 22:53:35,589][INFO] - ohlc histo file saved for XLTCZEUR.
[historizer][2017-12-24 22:53:36,973][INFO] - ohlc histo file saved for XXBTZEUR.
[historizer][2017-12-24 22:53:41,613][INFO] - ohlc histo file saved for XZECZEUR.
[historizer][2017-12-24 22:53:46,532][INFO] - ohlc histo file saved for XXMRZEUR.
[historizer][2017-12-24 22:53:47,621][INFO] - ohlc histo file saved for XETHZEUR.
[historizer][2017-12-24 22:53:49,139][INFO] - ohlc histo file saved for DASHEUR.
[historizer][2017-12-24 22:53:58,792][INFO] - ohlc histo file saved for XXRPZEUR.
[historizer][2017-12-24 22:54:00,271][INFO] - ohlc histo file saved for XREPZEUR.
[historizer][2017-12-24 22:54:01,311][INFO] - ohlc histo file saved for BCHEUR.
[historizer][2017-12-24 22:54:02,293][INFO] - ohlc histo file saved for XETCZEUR.
[historizer][2017-12-24 22:54:02,298][INFO] - End historization
[historizer][2017-12-24 22:55:58,000][INFO] - Starting historization
[historizer][2017-12-24 22:55:58,001][INFO] - settings : log_dir=/Users/Chafik/workspace/python/my_projects/crypto_currency/tradox/logs/histo/, histo_dir=/Users/Chafik/workspace/python/my_projects/crypto_currency/tradox/data/histo/, quote_ccy=ZEUR
[historizer][2017-12-24 22:55:58,991][INFO] - starting importing histo data for XZECZEUR.
[historizer][2017-12-24 22:55:58,992][INFO] - starting importing histo data for XLTCZEUR.
[historizer][2017-12-24 22:55:58,994][INFO] - starting importing histo data for XXMRZEUR.
[historizer][2017-12-24 22:55:58,994][INFO] - starting importing histo data for XXBTZEUR.
[historizer][2017-12-24 22:55:58,999][INFO] - starting importing histo data for XETHZEUR.
[historizer][2017-12-24 22:55:59,001][INFO] - starting importing histo data for XXRPZEUR.
[historizer][2017-12-24 22:55:59,004][INFO] - starting importing histo data for XREPZEUR.
[historizer][2017-12-24 22:55:59,003][INFO] - starting importing histo data for DASHEUR.
[historizer][2017-12-24 22:55:59,007][INFO] - starting importing histo data for BCHEUR.
[historizer][2017-12-24 22:55:59,008][INFO] - starting importing histo data for XETCZEUR.
[historizer][2017-12-24 22:56:02,820][INFO] - ohlc histo file saved for XZECZEUR.
[historizer][2017-12-24 22:56:03,819][INFO] - ohlc histo file saved for XLTCZEUR.
[historizer][2017-12-24 22:56:21,056][ERROR] - ''
[historizer][2017-12-24 22:56:21,065][ERROR] - Problem while requesting data. Re-attempting (nb 1)
[historizer][2017-12-24 22:56:21,066][INFO] - starting importing histo data for XXBTZEUR.
[historizer][2017-12-24 22:56:22,180][INFO] - ohlc histo file saved for XXMRZEUR.
[historizer][2017-12-24 22:56:28,173][INFO] - ohlc histo file saved for XETHZEUR.
[historizer][2017-12-24 22:56:29,528][INFO] - ohlc histo file saved for XXRPZEUR.
[historizer][2017-12-24 22:56:31,149][INFO] - ohlc histo file saved for XREPZEUR.
[historizer][2017-12-24 22:56:36,947][INFO] - ohlc histo file saved for DASHEUR.
[historizer][2017-12-24 22:56:37,897][INFO] - ohlc histo file saved for BCHEUR.
[historizer][2017-12-24 22:56:38,820][INFO] - ohlc histo file saved for XETCZEUR.
[historizer][2017-12-24 22:56:42,673][INFO] - ohlc histo file saved for XXBTZEUR.
[historizer][2017-12-24 22:56:42,681][INFO] - End historization
[historizer][2017-12-24 22:58:42,659][INFO] - Starting historization
[historizer][2017-12-24 22:58:42,662][INFO] - settings : log_dir=/Users/Chafik/workspace/python/my_projects/crypto_currency/tradox/logs/histo/, histo_dir=/Users/Chafik/workspace/python/my_projects/crypto_currency/tradox/data/histo/, quote_ccy=ZEUR
[historizer][2017-12-24 22:58:59,344][ERROR] - "Error executing get_asset_pairs : ValueError('No JSON object could be decoded',)"
[historizer][2017-12-24 22:58:59,345][ERROR] - Problem while requesting data. Re-attempting (nb 1)
[historizer][2017-12-24 22:59:00,926][INFO] - starting importing histo data for XZECZEUR.
[historizer][2017-12-24 22:59:00,927][INFO] - starting importing histo data for XLTCZEUR.
[historizer][2017-12-24 22:59:00,927][INFO] - starting importing histo data for XXMRZEUR.
[historizer][2017-12-24 22:59:00,930][INFO] - starting importing histo data for XXBTZEUR.
[historizer][2017-12-24 22:59:00,935][INFO] - starting importing histo data for XXRPZEUR.
[historizer][2017-12-24 22:59:00,937][INFO] - starting importing histo data for XETHZEUR.
[historizer][2017-12-24 22:59:00,941][INFO] - starting importing histo data for DASHEUR.
[historizer][2017-12-24 22:59:00,941][INFO] - starting importing histo data for XREPZEUR.
[historizer][2017-12-24 22:59:00,944][INFO] - starting importing histo data for BCHEUR.
[historizer][2017-12-24 22:59:00,947][INFO] - starting importing histo data for XETCZEUR.
[historizer][2017-12-24 22:59:04,170][INFO] - ohlc histo file saved for XLTCZEUR.
[historizer][2017-12-24 22:59:05,968][INFO] - ohlc histo file saved for XZECZEUR.
[historizer][2017-12-24 22:59:08,563][INFO] - ohlc histo file saved for XXMRZEUR.
[historizer][2017-12-24 22:59:09,761][INFO] - ohlc histo file saved for XXBTZEUR.
[historizer][2017-12-24 22:59:11,032][INFO] - ohlc histo file saved for XXRPZEUR.
[historizer][2017-12-24 22:59:12,387][INFO] - ohlc histo file saved for XETHZEUR.
[historizer][2017-12-24 22:59:12,829][INFO] - ohlc histo file saved for DASHEUR.
[historizer][2017-12-24 22:59:13,895][INFO] - ohlc histo file saved for XREPZEUR.
[historizer][2017-12-24 22:59:14,839][INFO] - ohlc histo file saved for BCHEUR.
[historizer][2017-12-24 22:59:30,762][ERROR] - ''
[historizer][2017-12-24 22:59:30,763][ERROR] - Problem while requesting data. Re-attempting (nb 1)
[historizer][2017-12-24 22:59:30,764][INFO] - starting importing histo data for XETCZEUR.
[historizer][2017-12-24 22:59:32,406][INFO] - ohlc histo file saved for XETCZEUR.
[historizer][2017-12-24 22:59:32,411][INFO] - End historization
[historizer][2017-12-24 23:23:37,975][INFO] - Starting historization
[historizer][2017-12-24 23:23:37,978][INFO] - settings : log_dir=/Users/Chafik/workspace/python/my_projects/crypto_currency/tradox/logs/histo/, histo_dir=/Users/Chafik/workspace/python/my_projects/crypto_currency/tradox/data/histo/, quote_ccy=ZEUR
[historizer][2017-12-24 23:23:39,966][ERROR] - "Error executing get_asset_pairs : ValueError('No JSON object could be decoded',)"
[historizer][2017-12-24 23:23:39,967][ERROR] - Problem while requesting data. Re-attempting (nb 1)
[historizer][2017-12-24 23:23:44,998][INFO] - starting importing histo data for XZECZEUR.
[historizer][2017-12-24 23:23:44,999][INFO] - starting importing histo data for XLTCZEUR.
[historizer][2017-12-24 23:23:45,001][INFO] - starting importing histo data for XXMRZEUR.
[historizer][2017-12-24 23:23:45,003][INFO] - starting importing histo data for XXBTZEUR.
[historizer][2017-12-24 23:23:45,008][INFO] - starting importing histo data for XETHZEUR.
[historizer][2017-12-24 23:23:45,011][INFO] - starting importing histo data for DASHEUR.
[historizer][2017-12-24 23:23:45,012][INFO] - starting importing histo data for XXRPZEUR.
[historizer][2017-12-24 23:23:45,015][INFO] - starting importing histo data for XREPZEUR.
[historizer][2017-12-24 23:23:45,019][INFO] - starting importing histo data for BCHEUR.
[historizer][2017-12-24 23:23:45,020][INFO] - starting importing histo data for XETCZEUR.
[historizer][2017-12-24 23:23:45,796][ERROR] - ''
[historizer][2017-12-24 23:23:45,797][ERROR] - Problem while requesting data. Re-attempting (nb 1)
[historizer][2017-12-24 23:23:45,798][INFO] - starting importing histo data for XZECZEUR.
[historizer][2017-12-24 23:23:46,762][ERROR] - ''
[historizer][2017-12-24 23:23:46,763][ERROR] - Problem while requesting data. Re-attempting (nb 1)
[historizer][2017-12-24 23:23:46,763][INFO] - starting importing histo data for XLTCZEUR.
[historizer][2017-12-24 23:23:47,672][ERROR] - ''
[historizer][2017-12-24 23:23:47,674][ERROR] - Problem while requesting data. Re-attempting (nb 1)
[historizer][2017-12-24 23:23:47,675][INFO] - starting importing histo data for XXMRZEUR.
[historizer][2017-12-24 23:23:48,535][ERROR] - ''
[historizer][2017-12-24 23:23:48,536][ERROR] - Problem while requesting data. Re-attempting (nb 1)
[historizer][2017-12-24 23:23:48,537][INFO] - starting importing histo data for XXBTZEUR.
[historizer][2017-12-24 23:23:49,176][ERROR] - ''
[historizer][2017-12-24 23:23:49,177][ERROR] - Problem while requesting data. Re-attempting (nb 1)
[historizer][2017-12-24 23:23:49,178][INFO] - starting importing histo data for XETHZEUR.
[historizer][2017-12-24 23:23:52,997][INFO] - ohlc histo file saved for DASHEUR.
[historizer][2017-12-24 23:23:56,861][INFO] - ohlc histo file saved for XXRPZEUR.
[historizer][2017-12-24 23:24:01,895][INFO] - ohlc histo file saved for XREPZEUR.
[historizer][2017-12-24 23:24:17,750][ERROR] - ''
[historizer][2017-12-24 23:24:17,751][ERROR] - Problem while requesting data. Re-attempting (nb 1)
[historizer][2017-12-24 23:24:17,752][INFO] - starting importing histo data for BCHEUR.
[historizer][2017-12-24 23:24:20,184][INFO] - ohlc histo file saved for XETCZEUR.
[historizer][2017-12-24 23:24:32,082][INFO] - ohlc histo file saved for XZECZEUR.
[historizer][2017-12-24 23:24:40,841][INFO] - ohlc histo file saved for XLTCZEUR.
[historizer][2017-12-24 23:24:43,605][INFO] - ohlc histo file saved for XXMRZEUR.
[historizer][2017-12-24 23:24:46,442][INFO] - ohlc histo file saved for XXBTZEUR.
[historizer][2017-12-24 23:24:48,061][INFO] - ohlc histo file saved for XETHZEUR.
[historizer][2017-12-24 23:25:04,378][ERROR] - ''
[historizer][2017-12-24 23:25:04,379][ERROR] - Problem while requesting data. Re-attempting (nb 2)
[historizer][2017-12-24 23:25:04,379][INFO] - starting importing histo data for BCHEUR.
[historizer][2017-12-24 23:25:07,543][INFO] - ohlc histo file saved for BCHEUR.
[historizer][2017-12-24 23:25:07,548][INFO] - End historization
