[historizer][2017-12-30 00:41:24,042][INFO] - Starting historization
[historizer][2017-12-30 00:41:24,043][INFO] - settings : log_dir=/Users/Chafik/workspace/python/my_projects/crypto_currency/tradox/logs/histo/, histo_dir=/Users/Chafik/workspace/python/my_projects/crypto_currency/tradox/data/histo/, quote_ccy=ZEUR
[historizer][2017-12-30 00:41:28,258][INFO] - starting importing histo data for XZECZEUR.
[historizer][2017-12-30 00:41:28,260][INFO] - starting importing histo data for XLTCZEUR.
[historizer][2017-12-30 00:41:28,258][INFO] - starting importing histo data for XXMRZEUR.
[historizer][2017-12-30 00:41:28,263][INFO] - starting importing histo data for XXBTZEUR.
[historizer][2017-12-30 00:41:28,265][INFO] - starting importing histo data for XETHZEUR.
[historizer][2017-12-30 00:41:28,269][INFO] - starting importing histo data for XXRPZEUR.
[historizer][2017-12-30 00:41:28,275][INFO] - starting importing histo data for DASHEUR.
[historizer][2017-12-30 00:41:28,277][INFO] - starting importing histo data for XREPZEUR.
[historizer][2017-12-30 00:41:28,278][INFO] - starting importing histo data for BCHEUR.
[historizer][2017-12-30 00:41:28,289][INFO] - starting importing histo data for XETCZEUR.
[historizer][2017-12-30 00:41:34,602][INFO] - ohlc histo file saved for XZECZEUR.
[historizer][2017-12-30 00:41:39,456][INFO] - ohlc histo file saved for XXMRZEUR.
[historizer][2017-12-30 00:42:00,994][ERROR] - ''
[historizer][2017-12-30 00:42:00,996][ERROR] - Problem while requesting data. Re-attempting (nb 1)
[historizer][2017-12-30 00:42:00,997][INFO] - starting importing histo data for XXBTZEUR.
[historizer][2017-12-30 00:42:03,193][INFO] - ohlc histo file saved for XETHZEUR.
[historizer][2017-12-30 00:42:07,943][INFO] - ohlc histo file saved for XLTCZEUR.
[historizer][2017-12-30 00:42:12,245][ERROR] - ''
[historizer][2017-12-30 00:42:12,246][ERROR] - Problem while requesting data. Re-attempting (nb 1)
[historizer][2017-12-30 00:42:12,247][INFO] - starting importing histo data for XXRPZEUR.
[historizer][2017-12-30 00:42:13,610][INFO] - ohlc histo file saved for DASHEUR.
[historizer][2017-12-30 00:42:20,055][INFO] - ohlc histo file saved for XREPZEUR.
[historizer][2017-12-30 00:42:35,645][ERROR] - ''
[historizer][2017-12-30 00:42:35,646][ERROR] - Problem while requesting data. Re-attempting (nb 1)
[historizer][2017-12-30 00:42:35,647][INFO] - starting importing histo data for BCHEUR.
[historizer][2017-12-30 00:42:36,562][ERROR] - ''
[historizer][2017-12-30 00:42:36,563][ERROR] - Problem while requesting data. Re-attempting (nb 1)
[historizer][2017-12-30 00:42:36,564][INFO] - starting importing histo data for XETCZEUR.
[historizer][2017-12-30 00:42:39,106][ERROR] - ''
[historizer][2017-12-30 00:42:39,107][ERROR] - Problem while requesting data. Re-attempting (nb 2)
[historizer][2017-12-30 00:42:39,108][INFO] - starting importing histo data for XXBTZEUR.
[historizer][2017-12-30 00:42:42,855][INFO] - ohlc histo file saved for XXRPZEUR.
[historizer][2017-12-30 00:42:48,456][INFO] - ohlc histo file saved for BCHEUR.
[historizer][2017-12-30 00:42:49,208][ERROR] - ''
[historizer][2017-12-30 00:42:49,209][ERROR] - Problem while requesting data. Re-attempting (nb 2)
[historizer][2017-12-30 00:42:49,210][INFO] - starting importing histo data for XETCZEUR.
[historizer][2017-12-30 00:42:52,255][ERROR] - ''
[historizer][2017-12-30 00:42:52,256][ERROR] - Problem while requesting data. Re-attempting (nb 3)
[historizer][2017-12-30 00:42:52,257][INFO] - starting importing histo data for XXBTZEUR.
[historizer][2017-12-30 00:42:57,947][INFO] - ohlc histo file saved for XETCZEUR.
[historizer][2017-12-30 00:43:14,721][ERROR] - ''
[historizer][2017-12-30 00:43:14,724][ERROR] - Problem while requesting data. Re-attempting (nb 4)
[historizer][2017-12-30 00:43:14,725][INFO] - starting importing histo data for XXBTZEUR.
[historizer][2017-12-30 00:43:17,520][INFO] - ohlc histo file saved for XXBTZEUR.
[historizer][2017-12-30 00:43:17,525][INFO] - End historization
[historizer][2017-12-30 02:43:21,421][INFO] - Starting historization
[historizer][2017-12-30 02:43:21,424][INFO] - settings : log_dir=/Users/Chafik/workspace/python/my_projects/crypto_currency/tradox/logs/histo/, histo_dir=/Users/Chafik/workspace/python/my_projects/crypto_currency/tradox/data/histo/, quote_ccy=ZEUR
[historizer][2017-12-30 02:43:25,434][INFO] - starting importing histo data for XZECZEUR.
[historizer][2017-12-30 02:43:25,437][INFO] - starting importing histo data for XXMRZEUR.
[historizer][2017-12-30 02:43:25,436][INFO] - starting importing histo data for XLTCZEUR.
[historizer][2017-12-30 02:43:25,438][INFO] - starting importing histo data for XXBTZEUR.
[historizer][2017-12-30 02:43:25,444][INFO] - starting importing histo data for XETHZEUR.
[historizer][2017-12-30 02:43:25,447][INFO] - starting importing histo data for XXRPZEUR.
[historizer][2017-12-30 02:43:25,451][INFO] - starting importing histo data for DASHEUR.
[historizer][2017-12-30 02:43:25,453][INFO] - starting importing histo data for XREPZEUR.
[historizer][2017-12-30 02:43:25,457][INFO] - starting importing histo data for BCHEUR.
[historizer][2017-12-30 02:43:25,463][INFO] - starting importing histo data for XETCZEUR.
[historizer][2017-12-30 02:43:47,873][ERROR] - ''
[historizer][2017-12-30 02:43:47,873][ERROR] - Problem while requesting data. Re-attempting (nb 1)
[historizer][2017-12-30 02:43:47,874][INFO] - starting importing histo data for XZECZEUR.
[historizer][2017-12-30 02:43:51,612][INFO] - ohlc histo file saved for XXMRZEUR.
[historizer][2017-12-30 02:43:58,670][INFO] - ohlc histo file saved for XLTCZEUR.
[historizer][2017-12-30 02:44:06,763][INFO] - ohlc histo file saved for XXBTZEUR.
[historizer][2017-12-30 02:44:13,286][INFO] - ohlc histo file saved for XETHZEUR.
[historizer][2017-12-30 02:44:21,829][INFO] - ohlc histo file saved for XXRPZEUR.
[historizer][2017-12-30 02:44:24,130][ERROR] - ''
[historizer][2017-12-30 02:44:24,131][ERROR] - Problem while requesting data. Re-attempting (nb 1)
[historizer][2017-12-30 02:44:24,131][INFO] - starting importing histo data for DASHEUR.
[historizer][2017-12-30 02:44:27,709][INFO] - ohlc histo file saved for XREPZEUR.
[historizer][2017-12-30 02:44:34,514][INFO] - ohlc histo file saved for BCHEUR.
[historizer][2017-12-30 02:44:54,436][ERROR] - ''
[historizer][2017-12-30 02:44:54,437][ERROR] - Problem while requesting data. Re-attempting (nb 1)
[historizer][2017-12-30 02:44:54,438][INFO] - starting importing histo data for XETCZEUR.
[historizer][2017-12-30 02:45:07,385][INFO] - ohlc histo file saved for XZECZEUR.
[historizer][2017-12-30 02:45:11,054][INFO] - ohlc histo file saved for DASHEUR.
[historizer][2017-12-30 02:45:14,368][INFO] - ohlc histo file saved for XETCZEUR.
[historizer][2017-12-30 02:45:14,374][INFO] - End historization
[historizer][2017-12-30 04:45:18,339][INFO] - Starting historization
[historizer][2017-12-30 04:45:18,342][INFO] - settings : log_dir=/Users/Chafik/workspace/python/my_projects/crypto_currency/tradox/logs/histo/, histo_dir=/Users/Chafik/workspace/python/my_projects/crypto_currency/tradox/data/histo/, quote_ccy=ZEUR
[historizer][2017-12-30 04:45:27,371][INFO] - starting importing histo data for XZECZEUR.
[historizer][2017-12-30 04:45:27,373][INFO] - starting importing histo data for XXMRZEUR.
[historizer][2017-12-30 04:45:27,373][INFO] - starting importing histo data for XLTCZEUR.
[historizer][2017-12-30 04:45:27,377][INFO] - starting importing histo data for XXBTZEUR.
[historizer][2017-12-30 04:45:27,381][INFO] - starting importing histo data for XETHZEUR.
[historizer][2017-12-30 04:45:27,382][INFO] - starting importing histo data for XXRPZEUR.
[historizer][2017-12-30 04:45:27,389][INFO] - starting importing histo data for XREPZEUR.
[historizer][2017-12-30 04:45:27,390][INFO] - starting importing histo data for DASHEUR.
[historizer][2017-12-30 04:45:27,397][INFO] - starting importing histo data for BCHEUR.
[historizer][2017-12-30 04:45:27,400][INFO] - starting importing histo data for XETCZEUR.
[historizer][2017-12-30 04:45:28,903][INFO] - ohlc histo file saved for XZECZEUR.
[historizer][2017-12-30 04:45:29,997][INFO] - ohlc histo file saved for XXMRZEUR.
[historizer][2017-12-30 04:45:31,319][INFO] - ohlc histo file saved for XLTCZEUR.
[historizer][2017-12-30 04:45:32,458][INFO] - ohlc histo file saved for XXBTZEUR.
[historizer][2017-12-30 04:45:35,792][INFO] - ohlc histo file saved for XETHZEUR.
[historizer][2017-12-30 04:45:37,628][INFO] - ohlc histo file saved for XXRPZEUR.
[historizer][2017-12-30 04:45:39,276][INFO] - ohlc histo file saved for XREPZEUR.
[historizer][2017-12-30 04:45:40,359][INFO] - ohlc histo file saved for DASHEUR.
[historizer][2017-12-30 04:45:44,547][INFO] - ohlc histo file saved for BCHEUR.
[historizer][2017-12-30 04:45:48,846][INFO] - ohlc histo file saved for XETCZEUR.
[historizer][2017-12-30 04:45:48,853][INFO] - End historization
[historizer][2017-12-30 06:45:52,805][INFO] - Starting historization
[historizer][2017-12-30 06:45:52,809][INFO] - settings : log_dir=/Users/Chafik/workspace/python/my_projects/crypto_currency/tradox/logs/histo/, histo_dir=/Users/Chafik/workspace/python/my_projects/crypto_currency/tradox/data/histo/, quote_ccy=ZEUR
[historizer][2017-12-30 06:45:55,186][INFO] - starting importing histo data for XZECZEUR.
[historizer][2017-12-30 06:45:55,187][INFO] - starting importing histo data for XLTCZEUR.
[historizer][2017-12-30 06:45:55,187][INFO] - starting importing histo data for XXMRZEUR.
[historizer][2017-12-30 06:45:55,191][INFO] - starting importing histo data for XXBTZEUR.
[historizer][2017-12-30 06:45:55,196][INFO] - starting importing histo data for XETHZEUR.
[historizer][2017-12-30 06:45:55,196][INFO] - starting importing histo data for DASHEUR.
[historizer][2017-12-30 06:45:55,196][INFO] - starting importing histo data for XXRPZEUR.
[historizer][2017-12-30 06:45:55,199][INFO] - starting importing histo data for XREPZEUR.
[historizer][2017-12-30 06:45:55,202][INFO] - starting importing histo data for BCHEUR.
[historizer][2017-12-30 06:45:55,203][INFO] - starting importing histo data for XETCZEUR.
[historizer][2017-12-30 06:46:12,627][ERROR] - ''
[historizer][2017-12-30 06:46:12,631][ERROR] - Problem while requesting data. Re-attempting (nb 1)
[historizer][2017-12-30 06:46:12,631][INFO] - starting importing histo data for XZECZEUR.
[historizer][2017-12-30 06:46:13,960][INFO] - ohlc histo file saved for XLTCZEUR.
[historizer][2017-12-30 06:46:17,242][INFO] - ohlc histo file saved for XXMRZEUR.
[historizer][2017-12-30 06:46:19,367][INFO] - ohlc histo file saved for XXBTZEUR.
[historizer][2017-12-30 06:46:20,547][INFO] - ohlc histo file saved for XETHZEUR.
[historizer][2017-12-30 06:46:21,618][INFO] - ohlc histo file saved for DASHEUR.
[historizer][2017-12-30 06:46:22,745][INFO] - ohlc histo file saved for XXRPZEUR.
[historizer][2017-12-30 06:46:23,151][INFO] - ohlc histo file saved for XREPZEUR.
[historizer][2017-12-30 06:46:24,176][INFO] - ohlc histo file saved for BCHEUR.
[historizer][2017-12-30 06:46:25,663][INFO] - ohlc histo file saved for XETCZEUR.
[historizer][2017-12-30 06:46:26,667][INFO] - ohlc histo file saved for XZECZEUR.
[historizer][2017-12-30 06:46:26,673][INFO] - End historization
[historizer][2017-12-30 08:46:30,706][INFO] - Starting historization
[historizer][2017-12-30 08:46:30,708][INFO] - settings : log_dir=/Users/Chafik/workspace/python/my_projects/crypto_currency/tradox/logs/histo/, histo_dir=/Users/Chafik/workspace/python/my_projects/crypto_currency/tradox/data/histo/, quote_ccy=ZEUR
[historizer][2017-12-30 08:46:33,256][INFO] - starting importing histo data for XZECZEUR.
[historizer][2017-12-30 08:46:33,258][INFO] - starting importing histo data for XXMRZEUR.
[historizer][2017-12-30 08:46:33,257][INFO] - starting importing histo data for XLTCZEUR.
[historizer][2017-12-30 08:46:33,263][INFO] - starting importing histo data for XXBTZEUR.
[historizer][2017-12-30 08:46:33,271][INFO] - starting importing histo data for XETHZEUR.
[historizer][2017-12-30 08:46:33,272][INFO] - starting importing histo data for XXRPZEUR.
[historizer][2017-12-30 08:46:33,273][INFO] - starting importing histo data for DASHEUR.
[historizer][2017-12-30 08:46:33,280][INFO] - starting importing histo data for XREPZEUR.
[historizer][2017-12-30 08:46:33,286][INFO] - starting importing histo data for BCHEUR.
[historizer][2017-12-30 08:46:33,286][INFO] - starting importing histo data for XETCZEUR.
[historizer][2017-12-30 08:46:35,488][INFO] - ohlc histo file saved for XZECZEUR.
[historizer][2017-12-30 08:46:38,811][INFO] - ohlc histo file saved for XXMRZEUR.
[historizer][2017-12-30 08:46:40,671][INFO] - ohlc histo file saved for XLTCZEUR.
[historizer][2017-12-30 08:46:42,340][INFO] - ohlc histo file saved for XXBTZEUR.
[historizer][2017-12-30 08:46:53,946][INFO] - ohlc histo file saved for XETHZEUR.
[historizer][2017-12-30 08:46:55,441][INFO] - ohlc histo file saved for XXRPZEUR.
[historizer][2017-12-30 08:46:58,443][INFO] - ohlc histo file saved for DASHEUR.
[historizer][2017-12-30 08:47:02,878][INFO] - ohlc histo file saved for XREPZEUR.
[historizer][2017-12-30 08:47:22,299][ERROR] - ''
[historizer][2017-12-30 08:47:22,300][ERROR] - Problem while requesting data. Re-attempting (nb 1)
[historizer][2017-12-30 08:47:22,301][INFO] - starting importing histo data for BCHEUR.
[historizer][2017-12-30 08:47:25,447][INFO] - ohlc histo file saved for XETCZEUR.
[historizer][2017-12-30 08:47:26,817][INFO] - ohlc histo file saved for BCHEUR.
[historizer][2017-12-30 08:47:26,822][INFO] - End historization
[historizer][2017-12-30 10:47:30,808][INFO] - Starting historization
[historizer][2017-12-30 10:47:30,812][INFO] - settings : log_dir=/Users/Chafik/workspace/python/my_projects/crypto_currency/tradox/logs/histo/, histo_dir=/Users/Chafik/workspace/python/my_projects/crypto_currency/tradox/data/histo/, quote_ccy=ZEUR
[historizer][2017-12-30 10:47:42,394][INFO] - starting importing histo data for XLTCZEUR.
[historizer][2017-12-30 10:47:42,394][INFO] - starting importing histo data for XXMRZEUR.
[historizer][2017-12-30 10:47:42,395][INFO] - starting importing histo data for XZECZEUR.
[historizer][2017-12-30 10:47:42,397][INFO] - starting importing histo data for XXBTZEUR.
[historizer][2017-12-30 10:47:42,402][INFO] - starting importing histo data for XETHZEUR.
[historizer][2017-12-30 10:47:42,406][INFO] - starting importing histo data for XXRPZEUR.
[historizer][2017-12-30 10:47:42,410][INFO] - starting importing histo data for DASHEUR.
[historizer][2017-12-30 10:47:42,412][INFO] - starting importing histo data for XREPZEUR.
[historizer][2017-12-30 10:47:42,416][INFO] - starting importing histo data for BCHEUR.
[historizer][2017-12-30 10:47:42,420][INFO] - starting importing histo data for XETCZEUR.
[historizer][2017-12-30 10:47:44,131][INFO] - ohlc histo file saved for XXMRZEUR.
[historizer][2017-12-30 10:47:45,963][INFO] - ohlc histo file saved for XZECZEUR.
[historizer][2017-12-30 10:47:48,430][INFO] - ohlc histo file saved for XXBTZEUR.
[historizer][2017-12-30 10:47:50,896][INFO] - ohlc histo file saved for XLTCZEUR.
[historizer][2017-12-30 10:47:53,479][INFO] - ohlc histo file saved for XETHZEUR.
[historizer][2017-12-30 10:47:55,778][INFO] - ohlc histo file saved for XXRPZEUR.
[historizer][2017-12-30 10:47:57,379][INFO] - ohlc histo file saved for DASHEUR.
[historizer][2017-12-30 10:47:59,342][INFO] - ohlc histo file saved for XREPZEUR.
[historizer][2017-12-30 10:48:05,848][INFO] - ohlc histo file saved for BCHEUR.
[historizer][2017-12-30 10:48:11,376][INFO] - ohlc histo file saved for XETCZEUR.
[historizer][2017-12-30 10:48:11,384][INFO] - End historization
[historizer][2017-12-30 12:48:15,051][INFO] - Starting historization
[historizer][2017-12-30 12:48:15,055][INFO] - settings : log_dir=/Users/Chafik/workspace/python/my_projects/crypto_currency/tradox/logs/histo/, histo_dir=/Users/Chafik/workspace/python/my_projects/crypto_currency/tradox/data/histo/, quote_ccy=ZEUR
[historizer][2017-12-30 12:48:37,853][INFO] - starting importing histo data for XZECZEUR.
[historizer][2017-12-30 12:48:37,855][INFO] - starting importing histo data for XLTCZEUR.
[historizer][2017-12-30 12:48:37,856][INFO] - starting importing histo data for XXMRZEUR.
[historizer][2017-12-30 12:48:37,862][INFO] - starting importing histo data for XXBTZEUR.
[historizer][2017-12-30 12:48:37,864][INFO] - starting importing histo data for XETHZEUR.
[historizer][2017-12-30 12:48:37,868][INFO] - starting importing histo data for XXRPZEUR.
[historizer][2017-12-30 12:48:37,877][INFO] - starting importing histo data for DASHEUR.
[historizer][2017-12-30 12:48:37,879][INFO] - starting importing histo data for XREPZEUR.
[historizer][2017-12-30 12:48:37,883][INFO] - starting importing histo data for BCHEUR.
[historizer][2017-12-30 12:48:37,887][INFO] - starting importing histo data for XETCZEUR.
[historizer][2017-12-30 12:48:43,592][INFO] - ohlc histo file saved for XZECZEUR.
[historizer][2017-12-30 12:48:47,459][INFO] - ohlc histo file saved for XLTCZEUR.
[historizer][2017-12-30 12:48:50,043][INFO] - ohlc histo file saved for XXMRZEUR.
[historizer][2017-12-30 12:48:50,967][INFO] - ohlc histo file saved for XXBTZEUR.
[historizer][2017-12-30 12:48:52,852][INFO] - ohlc histo file saved for XETHZEUR.
[historizer][2017-12-30 12:48:56,726][INFO] - ohlc histo file saved for XXRPZEUR.
[historizer][2017-12-30 12:48:57,701][ERROR] - ''
[historizer][2017-12-30 12:48:57,702][ERROR] - Problem while requesting data. Re-attempting (nb 1)
[historizer][2017-12-30 12:48:57,703][INFO] - starting importing histo data for DASHEUR.
[historizer][2017-12-30 12:49:02,392][INFO] - ohlc histo file saved for XREPZEUR.
[historizer][2017-12-30 12:49:03,976][ERROR] - ''
[historizer][2017-12-30 12:49:03,977][ERROR] - Problem while requesting data. Re-attempting (nb 1)
[historizer][2017-12-30 12:49:03,978][INFO] - starting importing histo data for BCHEUR.
[historizer][2017-12-30 12:49:15,176][INFO] - ohlc histo file saved for XETCZEUR.
[historizer][2017-12-30 12:49:17,135][INFO] - ohlc histo file saved for DASHEUR.
[historizer][2017-12-30 12:49:20,369][ERROR] - ''
[historizer][2017-12-30 12:49:20,370][ERROR] - Problem while requesting data. Re-attempting (nb 2)
[historizer][2017-12-30 12:49:20,371][INFO] - starting importing histo data for BCHEUR.
[historizer][2017-12-30 12:49:36,509][ERROR] - ''
[historizer][2017-12-30 12:49:36,510][ERROR] - Problem while requesting data. Re-attempting (nb 3)
[historizer][2017-12-30 12:49:36,511][INFO] - starting importing histo data for BCHEUR.
[historizer][2017-12-30 12:49:52,840][ERROR] - ''
[historizer][2017-12-30 12:49:52,842][ERROR] - Problem while requesting data. Re-attempting (nb 4)
[historizer][2017-12-30 12:49:52,843][INFO] - starting importing histo data for BCHEUR.
[historizer][2017-12-30 12:49:56,147][INFO] - ohlc histo file saved for BCHEUR.
[historizer][2017-12-30 12:49:56,153][INFO] - End historization
[historizer][2017-12-30 12:58:32,391][INFO] - Starting historization
[historizer][2017-12-30 12:58:32,394][INFO] - settings : log_dir=/Users/Chafik/workspace/python/my_projects/crypto_currency/tradox/logs/histo/, histo_dir=/Users/Chafik/workspace/python/my_projects/crypto_currency/tradox/data/histo/, quote_ccy=XXBT
[historizer][2017-12-30 12:58:53,867][INFO] - starting importing histo data for XMLNXXBT.
[historizer][2017-12-30 12:58:53,867][INFO] - starting importing histo data for XICNXXBT.
[historizer][2017-12-30 12:58:53,867][INFO] - starting importing histo data for XXMRXXBT.
[historizer][2017-12-30 12:58:53,876][INFO] - starting importing histo data for XREPXXBT.
[historizer][2017-12-30 12:58:53,876][INFO] - starting importing histo data for XETHXXBT.
[historizer][2017-12-30 12:58:53,870][INFO] - starting importing histo data for XZECXXBT.
[historizer][2017-12-30 12:58:53,880][INFO] - starting importing histo data for XLTCXXBT.
[historizer][2017-12-30 12:58:53,882][INFO] - starting importing histo data for BCHXBT.
[historizer][2017-12-30 12:58:53,892][INFO] - starting importing histo data for EOSXBT.
[historizer][2017-12-30 12:58:53,892][INFO] - starting importing histo data for XETCXXBT.
[historizer][2017-12-30 12:58:53,896][INFO] - starting importing histo data for DASHXBT.
[historizer][2017-12-30 12:58:53,911][INFO] - starting importing histo data for XXRPXXBT.
[historizer][2017-12-30 12:58:53,911][INFO] - starting importing histo data for XXDGXXBT.
[historizer][2017-12-30 12:58:53,928][INFO] - starting importing histo data for GNOXBT.
[historizer][2017-12-30 12:58:53,935][INFO] - starting importing histo data for XXLMXXBT.
[historizer][2017-12-30 12:59:12,729][ERROR] - ''
[historizer][2017-12-30 12:59:12,730][ERROR] - Problem while requesting data. Re-attempting (nb 1)
[historizer][2017-12-30 12:59:12,731][INFO] - starting importing histo data for XMLNXXBT.
[historizer][2017-12-30 12:59:16,285][ERROR] - Problem with file for XXMRXXBT, Creating new one ...
 File /Users/Chafik/workspace/python/my_projects/crypto_currency/tradox/data/histo/ohlc/XXMRXXBT_histo.csv does not exist
[historizer][2017-12-30 12:59:16,292][INFO] - ohlc histo file saved for XXMRXXBT.
[historizer][2017-12-30 12:59:17,538][ERROR] - ''
[historizer][2017-12-30 12:59:17,539][ERROR] - Problem while requesting data. Re-attempting (nb 1)
[historizer][2017-12-30 12:59:17,540][INFO] - starting importing histo data for XREPXXBT.
[historizer][2017-12-30 12:59:27,439][ERROR] - Problem with file for XETHXXBT, Creating new one ...
 File /Users/Chafik/workspace/python/my_projects/crypto_currency/tradox/data/histo/ohlc/XETHXXBT_histo.csv does not exist
[historizer][2017-12-30 12:59:27,448][INFO] - ohlc histo file saved for XETHXXBT.
[historizer][2017-12-30 12:59:28,668][ERROR] - ''
[historizer][2017-12-30 12:59:28,668][ERROR] - Problem while requesting data. Re-attempting (nb 1)
[historizer][2017-12-30 12:59:28,669][INFO] - starting importing histo data for XZECXXBT.
[historizer][2017-12-30 12:59:30,246][ERROR] - Problem with file for XLTCXXBT, Creating new one ...
 File /Users/Chafik/workspace/python/my_projects/crypto_currency/tradox/data/histo/ohlc/XLTCXXBT_histo.csv does not exist
[historizer][2017-12-30 12:59:30,260][INFO] - ohlc histo file saved for XLTCXXBT.
[historizer][2017-12-30 12:59:46,551][ERROR] - ''
[historizer][2017-12-30 12:59:46,554][ERROR] - Problem while requesting data. Re-attempting (nb 1)
[historizer][2017-12-30 12:59:46,555][INFO] - starting importing histo data for XICNXXBT.
[historizer][2017-12-30 12:59:47,759][ERROR] - ''
[historizer][2017-12-30 12:59:47,761][ERROR] - Problem while requesting data. Re-attempting (nb 1)
[historizer][2017-12-30 12:59:47,762][INFO] - starting importing histo data for BCHXBT.
[historizer][2017-12-30 12:59:51,332][ERROR] - Problem with file for XETCXXBT, Creating new one ...
 File /Users/Chafik/workspace/python/my_projects/crypto_currency/tradox/data/histo/ohlc/XETCXXBT_histo.csv does not exist
[historizer][2017-12-30 12:59:51,335][INFO] - ohlc histo file saved for XETCXXBT.
[historizer][2017-12-30 12:59:52,708][ERROR] - ''
[historizer][2017-12-30 12:59:52,709][ERROR] - Problem while requesting data. Re-attempting (nb 1)
[historizer][2017-12-30 12:59:52,709][INFO] - starting importing histo data for EOSXBT.
[historizer][2017-12-30 12:59:54,202][ERROR] - ''
[historizer][2017-12-30 12:59:54,204][ERROR] - Problem while requesting data. Re-attempting (nb 1)
[historizer][2017-12-30 12:59:54,204][INFO] - starting importing histo data for DASHXBT.
[historizer][2017-12-30 12:59:57,033][ERROR] - Problem with file for XXRPXXBT, Creating new one ...
 File /Users/Chafik/workspace/python/my_projects/crypto_currency/tradox/data/histo/ohlc/XXRPXXBT_histo.csv does not exist
[historizer][2017-12-30 12:59:57,038][INFO] - ohlc histo file saved for XXRPXXBT.
[historizer][2017-12-30 12:59:58,795][ERROR] - Problem with file for XXDGXXBT, Creating new one ...
 File /Users/Chafik/workspace/python/my_projects/crypto_currency/tradox/data/histo/ohlc/XXDGXXBT_histo.csv does not exist
[historizer][2017-12-30 12:59:58,799][INFO] - ohlc histo file saved for XXDGXXBT.
[historizer][2017-12-30 12:59:59,963][ERROR] - Problem with file for GNOXBT, Creating new one ...
 File /Users/Chafik/workspace/python/my_projects/crypto_currency/tradox/data/histo/ohlc/GNOXBT_histo.csv does not exist
[historizer][2017-12-30 12:59:59,967][INFO] - ohlc histo file saved for GNOXBT.
[historizer][2017-12-30 13:00:01,922][ERROR] - Problem with file for XXLMXXBT, Creating new one ...
 File /Users/Chafik/workspace/python/my_projects/crypto_currency/tradox/data/histo/ohlc/XXLMXXBT_histo.csv does not exist
[historizer][2017-12-30 13:00:01,926][INFO] - ohlc histo file saved for XXLMXXBT.
[historizer][2017-12-30 13:00:03,318][ERROR] - Problem with file for XMLNXXBT, Creating new one ...
 File /Users/Chafik/workspace/python/my_projects/crypto_currency/tradox/data/histo/ohlc/XMLNXXBT_histo.csv does not exist
[historizer][2017-12-30 13:00:03,322][INFO] - ohlc histo file saved for XMLNXXBT.
[historizer][2017-12-30 13:00:05,686][ERROR] - Problem with file for XREPXXBT, Creating new one ...
 File /Users/Chafik/workspace/python/my_projects/crypto_currency/tradox/data/histo/ohlc/XREPXXBT_histo.csv does not exist
[historizer][2017-12-30 13:00:05,691][INFO] - ohlc histo file saved for XREPXXBT.
[historizer][2017-12-30 13:00:09,544][ERROR] - Problem with file for XZECXXBT, Creating new one ...
 File /Users/Chafik/workspace/python/my_projects/crypto_currency/tradox/data/histo/ohlc/XZECXXBT_histo.csv does not exist
[historizer][2017-12-30 13:00:09,548][INFO] - ohlc histo file saved for XZECXXBT.
[historizer][2017-12-30 13:00:11,098][ERROR] - Problem with file for XICNXXBT, Creating new one ...
 File /Users/Chafik/workspace/python/my_projects/crypto_currency/tradox/data/histo/ohlc/XICNXXBT_histo.csv does not exist
[historizer][2017-12-30 13:00:11,103][INFO] - ohlc histo file saved for XICNXXBT.
[historizer][2017-12-30 13:00:13,150][ERROR] - Problem with file for BCHXBT, Creating new one ...
 File /Users/Chafik/workspace/python/my_projects/crypto_currency/tradox/data/histo/ohlc/BCHXBT_histo.csv does not exist
[historizer][2017-12-30 13:00:13,154][INFO] - ohlc histo file saved for BCHXBT.
[historizer][2017-12-30 13:00:17,547][ERROR] - ''
[historizer][2017-12-30 13:00:17,550][ERROR] - Problem while requesting data. Re-attempting (nb 2)
[historizer][2017-12-30 13:00:17,551][INFO] - starting importing histo data for EOSXBT.
[historizer][2017-12-30 13:00:20,114][ERROR] - Problem with file for DASHXBT, Creating new one ...
 File /Users/Chafik/workspace/python/my_projects/crypto_currency/tradox/data/histo/ohlc/DASHXBT_histo.csv does not exist
[historizer][2017-12-30 13:00:20,122][INFO] - ohlc histo file saved for DASHXBT.
[historizer][2017-12-30 13:00:21,777][ERROR] - Problem with file for EOSXBT, Creating new one ...
 File /Users/Chafik/workspace/python/my_projects/crypto_currency/tradox/data/histo/ohlc/EOSXBT_histo.csv does not exist
[historizer][2017-12-30 13:00:21,781][INFO] - ohlc histo file saved for EOSXBT.
[historizer][2017-12-30 13:00:21,786][INFO] - End historization
[historizer][2017-12-30 14:49:59,966][INFO] - Starting historization
[historizer][2017-12-30 14:49:59,969][INFO] - settings : log_dir=/Users/Chafik/workspace/python/my_projects/crypto_currency/tradox/logs/histo/, histo_dir=/Users/Chafik/workspace/python/my_projects/crypto_currency/tradox/data/histo/, quote_ccy=ZEUR
[historizer][2017-12-30 14:50:03,935][INFO] - starting importing histo data for XZECZEUR.
[historizer][2017-12-30 14:50:03,935][INFO] - starting importing histo data for XLTCZEUR.
[historizer][2017-12-30 14:50:03,939][INFO] - starting importing histo data for XXBTZEUR.
[historizer][2017-12-30 14:50:03,945][INFO] - starting importing histo data for XXMRZEUR.
[historizer][2017-12-30 14:50:03,950][INFO] - starting importing histo data for XETHZEUR.
[historizer][2017-12-30 14:50:03,950][INFO] - starting importing histo data for XXRPZEUR.
[historizer][2017-12-30 14:50:03,962][INFO] - starting importing histo data for DASHEUR.
[historizer][2017-12-30 14:50:03,962][INFO] - starting importing histo data for XREPZEUR.
[historizer][2017-12-30 14:50:03,967][INFO] - starting importing histo data for BCHEUR.
[historizer][2017-12-30 14:50:03,971][INFO] - starting importing histo data for XETCZEUR.
[historizer][2017-12-30 14:50:17,075][INFO] - ohlc histo file saved for XZECZEUR.
[historizer][2017-12-30 14:50:20,305][INFO] - ohlc histo file saved for XLTCZEUR.
[historizer][2017-12-30 14:50:22,871][INFO] - ohlc histo file saved for XXBTZEUR.
[historizer][2017-12-30 14:50:25,319][INFO] - ohlc histo file saved for XXMRZEUR.
[historizer][2017-12-30 14:50:28,483][INFO] - ohlc histo file saved for XETHZEUR.
[historizer][2017-12-30 14:50:32,569][INFO] - ohlc histo file saved for XXRPZEUR.
[historizer][2017-12-30 14:50:43,554][INFO] - ohlc histo file saved for DASHEUR.
[historizer][2017-12-30 14:51:00,404][ERROR] - ''
[historizer][2017-12-30 14:51:00,419][ERROR] - Problem while requesting data. Re-attempting (nb 1)
[historizer][2017-12-30 14:51:00,421][INFO] - starting importing histo data for XREPZEUR.
[historizer][2017-12-30 14:51:03,165][ERROR] - ''
[historizer][2017-12-30 14:51:03,166][ERROR] - Problem while requesting data. Re-attempting (nb 1)
[historizer][2017-12-30 14:51:03,167][INFO] - starting importing histo data for BCHEUR.
[historizer][2017-12-30 14:51:04,808][ERROR] - ''
[historizer][2017-12-30 14:51:04,810][ERROR] - Problem while requesting data. Re-attempting (nb 1)
[historizer][2017-12-30 14:51:04,810][INFO] - starting importing histo data for XETCZEUR.
[historizer][2017-12-30 14:51:21,573][ERROR] - ''
[historizer][2017-12-30 14:51:21,573][ERROR] - Problem while requesting data. Re-attempting (nb 2)
[historizer][2017-12-30 14:51:21,574][INFO] - starting importing histo data for XREPZEUR.
[historizer][2017-12-30 14:51:38,059][ERROR] - ''
[historizer][2017-12-30 14:51:38,062][ERROR] - Problem while requesting data. Re-attempting (nb 2)
[historizer][2017-12-30 14:51:38,063][INFO] - starting importing histo data for BCHEUR.
[historizer][2017-12-30 14:51:41,206][INFO] - ohlc histo file saved for XETCZEUR.
[historizer][2017-12-30 14:51:44,090][INFO] - ohlc histo file saved for XREPZEUR.
[historizer][2017-12-30 14:51:46,669][INFO] - ohlc histo file saved for BCHEUR.
[historizer][2017-12-30 14:51:46,675][INFO] - End historization
[historizer][2017-12-30 16:51:50,583][INFO] - Starting historization
[historizer][2017-12-30 16:51:50,587][INFO] - settings : log_dir=/Users/Chafik/workspace/python/my_projects/crypto_currency/tradox/logs/histo/, histo_dir=/Users/Chafik/workspace/python/my_projects/crypto_currency/tradox/data/histo/, quote_ccy=ZEUR
[historizer][2017-12-30 16:51:56,781][INFO] - starting importing histo data for XZECZEUR.
[historizer][2017-12-30 16:51:56,782][INFO] - starting importing histo data for XLTCZEUR.
[historizer][2017-12-30 16:51:56,783][INFO] - starting importing histo data for XXMRZEUR.
[historizer][2017-12-30 16:51:56,787][INFO] - starting importing histo data for XETHZEUR.
[historizer][2017-12-30 16:51:56,788][INFO] - starting importing histo data for XXBTZEUR.
[historizer][2017-12-30 16:51:56,795][INFO] - starting importing histo data for XXRPZEUR.
[historizer][2017-12-30 16:51:56,806][INFO] - starting importing histo data for XREPZEUR.
[historizer][2017-12-30 16:51:56,809][INFO] - starting importing histo data for DASHEUR.
[historizer][2017-12-30 16:51:56,816][INFO] - starting importing histo data for BCHEUR.
[historizer][2017-12-30 16:51:56,821][INFO] - starting importing histo data for XETCZEUR.
[historizer][2017-12-30 16:52:15,103][ERROR] - ''
[historizer][2017-12-30 16:52:15,103][ERROR] - Problem while requesting data. Re-attempting (nb 1)
[historizer][2017-12-30 16:52:15,104][INFO] - starting importing histo data for XZECZEUR.
[historizer][2017-12-30 16:52:17,668][ERROR] - ''
[historizer][2017-12-30 16:52:17,670][ERROR] - Problem while requesting data. Re-attempting (nb 1)
[historizer][2017-12-30 16:52:17,672][INFO] - starting importing histo data for XLTCZEUR.
[historizer][2017-12-30 16:52:22,358][INFO] - ohlc histo file saved for XXMRZEUR.
[historizer][2017-12-30 16:52:32,389][INFO] - ohlc histo file saved for XETHZEUR.
[historizer][2017-12-30 16:52:45,086][INFO] - ohlc histo file saved for XXBTZEUR.
[historizer][2017-12-30 16:52:49,353][INFO] - ohlc histo file saved for XXRPZEUR.
[historizer][2017-12-30 16:52:51,912][ERROR] - ''
[historizer][2017-12-30 16:52:51,914][ERROR] - Problem while requesting data. Re-attempting (nb 1)
[historizer][2017-12-30 16:52:51,914][INFO] - starting importing histo data for XREPZEUR.
[historizer][2017-12-30 16:52:53,359][ERROR] - ''
[historizer][2017-12-30 16:52:53,360][ERROR] - Problem while requesting data. Re-attempting (nb 1)
[historizer][2017-12-30 16:52:53,361][INFO] - starting importing histo data for DASHEUR.
[historizer][2017-12-30 16:52:55,758][INFO] - ohlc histo file saved for BCHEUR.
[historizer][2017-12-30 16:52:58,640][INFO] - ohlc histo file saved for XETCZEUR.
[historizer][2017-12-30 16:53:03,892][INFO] - ohlc histo file saved for XZECZEUR.
[historizer][2017-12-30 16:53:07,598][INFO] - ohlc histo file saved for XLTCZEUR.
[historizer][2017-12-30 16:53:14,099][INFO] - ohlc histo file saved for XREPZEUR.
[historizer][2017-12-30 16:53:18,233][INFO] - ohlc histo file saved for DASHEUR.
[historizer][2017-12-30 16:53:18,239][INFO] - End historization
[historizer][2017-12-30 18:53:22,144][INFO] - Starting historization
[historizer][2017-12-30 18:53:22,148][INFO] - settings : log_dir=/Users/Chafik/workspace/python/my_projects/crypto_currency/tradox/logs/histo/, histo_dir=/Users/Chafik/workspace/python/my_projects/crypto_currency/tradox/data/histo/, quote_ccy=ZEUR
[historizer][2017-12-30 18:53:26,674][INFO] - starting importing histo data for XZECZEUR.
[historizer][2017-12-30 18:53:26,677][INFO] - starting importing histo data for XLTCZEUR.
[historizer][2017-12-30 18:53:26,684][INFO] - starting importing histo data for XETHZEUR.
[historizer][2017-12-30 18:53:26,684][INFO] - starting importing histo data for XXMRZEUR.
[historizer][2017-12-30 18:53:26,682][INFO] - starting importing histo data for XXBTZEUR.
[historizer][2017-12-30 18:53:26,698][INFO] - starting importing histo data for DASHEUR.
[historizer][2017-12-30 18:53:26,698][INFO] - starting importing histo data for XREPZEUR.
[historizer][2017-12-30 18:53:26,700][INFO] - starting importing histo data for XXRPZEUR.
[historizer][2017-12-30 18:53:26,707][INFO] - starting importing histo data for BCHEUR.
[historizer][2017-12-30 18:53:26,711][INFO] - starting importing histo data for XETCZEUR.
[historizer][2017-12-30 18:53:34,335][INFO] - ohlc histo file saved for XZECZEUR.
[historizer][2017-12-30 18:53:36,655][INFO] - ohlc histo file saved for XLTCZEUR.
[historizer][2017-12-30 18:53:41,542][INFO] - ohlc histo file saved for XETHZEUR.
[historizer][2017-12-30 18:53:44,011][INFO] - ohlc histo file saved for XXMRZEUR.
[historizer][2017-12-30 18:53:47,531][INFO] - ohlc histo file saved for XXBTZEUR.
[historizer][2017-12-30 18:53:50,289][INFO] - ohlc histo file saved for DASHEUR.
[historizer][2017-12-30 18:53:55,670][INFO] - ohlc histo file saved for XREPZEUR.
[historizer][2017-12-30 18:54:00,699][INFO] - ohlc histo file saved for XXRPZEUR.
[historizer][2017-12-30 18:54:03,632][ERROR] - ''
[historizer][2017-12-30 18:54:03,633][ERROR] - Problem while requesting data. Re-attempting (nb 1)
[historizer][2017-12-30 18:54:03,634][INFO] - starting importing histo data for BCHEUR.
[historizer][2017-12-30 18:54:05,896][INFO] - ohlc histo file saved for XETCZEUR.
[historizer][2017-12-30 18:54:12,571][INFO] - ohlc histo file saved for BCHEUR.
[historizer][2017-12-30 18:54:12,577][INFO] - End historization
[historizer][2017-12-30 20:54:16,572][INFO] - Starting historization
[historizer][2017-12-30 20:54:16,575][INFO] - settings : log_dir=/Users/Chafik/workspace/python/my_projects/crypto_currency/tradox/logs/histo/, histo_dir=/Users/Chafik/workspace/python/my_projects/crypto_currency/tradox/data/histo/, quote_ccy=ZEUR
[historizer][2017-12-30 20:54:20,674][INFO] - starting importing histo data for XZECZEUR.
[historizer][2017-12-30 20:54:20,683][INFO] - starting importing histo data for XXMRZEUR.
[historizer][2017-12-30 20:54:20,685][INFO] - starting importing histo data for XXBTZEUR.
[historizer][2017-12-30 20:54:20,687][INFO] - starting importing histo data for XLTCZEUR.
[historizer][2017-12-30 20:54:20,694][INFO] - starting importing histo data for XETHZEUR.
[historizer][2017-12-30 20:54:20,698][INFO] - starting importing histo data for XXRPZEUR.
[historizer][2017-12-30 20:54:20,701][INFO] - starting importing histo data for DASHEUR.
[historizer][2017-12-30 20:54:20,702][INFO] - starting importing histo data for XREPZEUR.
[historizer][2017-12-30 20:54:20,709][INFO] - starting importing histo data for BCHEUR.
[historizer][2017-12-30 20:54:20,714][INFO] - starting importing histo data for XETCZEUR.
[historizer][2017-12-30 20:54:23,225][ERROR] - ''
[historizer][2017-12-30 20:54:23,225][ERROR] - Problem while requesting data. Re-attempting (nb 1)
[historizer][2017-12-30 20:54:23,226][INFO] - starting importing histo data for XZECZEUR.
[historizer][2017-12-30 20:54:39,494][ERROR] - ''
[historizer][2017-12-30 20:54:39,501][ERROR] - Problem while requesting data. Re-attempting (nb 1)
[historizer][2017-12-30 20:54:39,501][INFO] - starting importing histo data for XXBTZEUR.
[historizer][2017-12-30 20:54:44,704][INFO] - ohlc histo file saved for XXMRZEUR.
[historizer][2017-12-30 20:54:50,977][INFO] - ohlc histo file saved for XLTCZEUR.
[historizer][2017-12-30 20:54:51,802][ERROR] - ''
[historizer][2017-12-30 20:54:51,803][ERROR] - Problem while requesting data. Re-attempting (nb 1)
[historizer][2017-12-30 20:54:51,804][INFO] - starting importing histo data for XETHZEUR.
[historizer][2017-12-30 20:54:53,967][INFO] - ohlc histo file saved for XXRPZEUR.
[historizer][2017-12-30 20:54:55,042][ERROR] - ''
[historizer][2017-12-30 20:54:55,043][ERROR] - Problem while requesting data. Re-attempting (nb 1)
[historizer][2017-12-30 20:54:55,044][INFO] - starting importing histo data for DASHEUR.
[historizer][2017-12-30 20:54:57,522][INFO] - ohlc histo file saved for XREPZEUR.
[historizer][2017-12-30 20:54:58,317][ERROR] - ''
[historizer][2017-12-30 20:54:58,318][ERROR] - Problem while requesting data. Re-attempting (nb 1)
[historizer][2017-12-30 20:54:58,319][INFO] - starting importing histo data for BCHEUR.
[historizer][2017-12-30 20:55:00,372][INFO] - ohlc histo file saved for XETCZEUR.
[historizer][2017-12-30 20:55:03,284][INFO] - ohlc histo file saved for XZECZEUR.
[historizer][2017-12-30 20:55:07,638][INFO] - ohlc histo file saved for XXBTZEUR.
[historizer][2017-12-30 20:55:09,817][INFO] - ohlc histo file saved for XETHZEUR.
[historizer][2017-12-30 20:55:12,374][INFO] - ohlc histo file saved for DASHEUR.
[historizer][2017-12-30 20:55:18,100][INFO] - ohlc histo file saved for BCHEUR.
[historizer][2017-12-30 20:55:18,106][INFO] - End historization
[historizer][2017-12-30 22:55:21,894][INFO] - Starting historization
[historizer][2017-12-30 22:55:21,898][INFO] - settings : log_dir=/Users/Chafik/workspace/python/my_projects/crypto_currency/tradox/logs/histo/, histo_dir=/Users/Chafik/workspace/python/my_projects/crypto_currency/tradox/data/histo/, quote_ccy=ZEUR
[historizer][2017-12-30 22:55:23,399][INFO] - starting importing histo data for XZECZEUR.
[historizer][2017-12-30 22:55:23,403][INFO] - starting importing histo data for XLTCZEUR.
[historizer][2017-12-30 22:55:23,407][INFO] - starting importing histo data for XXMRZEUR.
[historizer][2017-12-30 22:55:23,414][INFO] - starting importing histo data for XXBTZEUR.
[historizer][2017-12-30 22:55:23,418][INFO] - starting importing histo data for XETHZEUR.
[historizer][2017-12-30 22:55:23,422][INFO] - starting importing histo data for XXRPZEUR.
[historizer][2017-12-30 22:55:23,426][INFO] - starting importing histo data for DASHEUR.
[historizer][2017-12-30 22:55:23,432][INFO] - starting importing histo data for XREPZEUR.
[historizer][2017-12-30 22:55:23,438][INFO] - starting importing histo data for XETCZEUR.
[historizer][2017-12-30 22:55:23,438][INFO] - starting importing histo data for BCHEUR.
[historizer][2017-12-30 22:55:41,538][ERROR] - ''
[historizer][2017-12-30 22:55:41,542][ERROR] - Problem while requesting data. Re-attempting (nb 1)
[historizer][2017-12-30 22:55:41,543][INFO] - starting importing histo data for XZECZEUR.
[historizer][2017-12-30 22:55:46,238][INFO] - ohlc histo file saved for XLTCZEUR.
[historizer][2017-12-30 22:55:49,527][INFO] - ohlc histo file saved for XXMRZEUR.
[historizer][2017-12-30 22:55:52,175][INFO] - ohlc histo file saved for XXBTZEUR.
[historizer][2017-12-30 22:56:08,259][ERROR] - ''
[historizer][2017-12-30 22:56:08,262][ERROR] - Problem while requesting data. Re-attempting (nb 1)
[historizer][2017-12-30 22:56:08,262][INFO] - starting importing histo data for XETHZEUR.
[historizer][2017-12-30 22:56:11,024][INFO] - ohlc histo file saved for XXRPZEUR.
[historizer][2017-12-30 22:56:12,030][INFO] - ohlc histo file saved for DASHEUR.
[historizer][2017-12-30 22:56:17,824][INFO] - ohlc histo file saved for XREPZEUR.
[historizer][2017-12-30 22:56:18,989][INFO] - ohlc histo file saved for XETCZEUR.
[historizer][2017-12-30 22:56:23,984][ERROR] - ''
[historizer][2017-12-30 22:56:23,985][ERROR] - Problem while requesting data. Re-attempting (nb 1)
[historizer][2017-12-30 22:56:23,986][INFO] - starting importing histo data for BCHEUR.
[historizer][2017-12-30 22:56:25,192][INFO] - ohlc histo file saved for XZECZEUR.
[historizer][2017-12-30 22:56:28,730][INFO] - ohlc histo file saved for XETHZEUR.
[historizer][2017-12-30 22:56:30,370][INFO] - ohlc histo file saved for BCHEUR.
[historizer][2017-12-30 22:56:30,376][INFO] - End historization
