[historizer][2018-01-09 08:17:16,570][INFO] - Starting historization
[historizer][2018-01-09 08:17:16,571][INFO] - settings : log_dir=/Users/Chafik/workspace/python/my_projects/crypto_currency/tradox/logs/histo/, histo_dir=/Users/Chafik/workspace/python/my_projects/crypto_currency/tradox/data/histo/, quote_ccy=ZEUR
[historizer][2018-01-09 08:17:21,446][INFO] - starting importing histo data for XZECZEUR.
[historizer][2018-01-09 08:17:21,448][INFO] - starting importing histo data for XXMRZEUR.
[historizer][2018-01-09 08:17:21,447][INFO] - starting importing histo data for XLTCZEUR.
[historizer][2018-01-09 08:17:21,452][INFO] - starting importing histo data for XXBTZEUR.
[historizer][2018-01-09 08:17:21,459][INFO] - starting importing histo data for XETHZEUR.
[historizer][2018-01-09 08:17:21,461][INFO] - starting importing histo data for XXRPZEUR.
[historizer][2018-01-09 08:17:21,464][INFO] - starting importing histo data for DASHEUR.
[historizer][2018-01-09 08:17:21,470][INFO] - starting importing histo data for XREPZEUR.
[historizer][2018-01-09 08:17:21,475][INFO] - starting importing histo data for BCHEUR.
[historizer][2018-01-09 08:17:21,477][INFO] - starting importing histo data for XETCZEUR.
[historizer][2018-01-09 08:17:24,380][INFO] - ohlc histo file saved for XZECZEUR.
[historizer][2018-01-09 08:17:25,393][INFO] - ohlc histo file saved for XXMRZEUR.
[historizer][2018-01-09 08:17:28,249][INFO] - ohlc histo file saved for XLTCZEUR.
[historizer][2018-01-09 08:17:29,986][INFO] - ohlc histo file saved for XXBTZEUR.
[historizer][2018-01-09 08:17:31,645][INFO] - ohlc histo file saved for XETHZEUR.
[historizer][2018-01-09 08:17:33,429][INFO] - ohlc histo file saved for XXRPZEUR.
[historizer][2018-01-09 08:17:33,845][ERROR] - ''
[historizer][2018-01-09 08:17:33,846][ERROR] - Problem while requesting data. Re-attempting (nb 1)
[historizer][2018-01-09 08:17:33,847][INFO] - starting importing histo data for DASHEUR.
[historizer][2018-01-09 08:17:49,826][ERROR] - ''
[historizer][2018-01-09 08:17:49,827][ERROR] - Problem while requesting data. Re-attempting (nb 1)
[historizer][2018-01-09 08:17:49,827][INFO] - starting importing histo data for XREPZEUR.
[historizer][2018-01-09 08:18:12,350][ERROR] - ''
[historizer][2018-01-09 08:18:12,351][ERROR] - Problem while requesting data. Re-attempting (nb 1)
[historizer][2018-01-09 08:18:12,352][INFO] - starting importing histo data for BCHEUR.
[historizer][2018-01-09 08:18:13,897][INFO] - ohlc histo file saved for XETCZEUR.
[historizer][2018-01-09 08:18:15,008][INFO] - ohlc histo file saved for DASHEUR.
[historizer][2018-01-09 08:18:15,907][INFO] - ohlc histo file saved for XREPZEUR.
[historizer][2018-01-09 08:18:31,681][ERROR] - ''
[historizer][2018-01-09 08:18:31,682][ERROR] - Problem while requesting data. Re-attempting (nb 2)
[historizer][2018-01-09 08:18:31,682][INFO] - starting importing histo data for BCHEUR.
[historizer][2018-01-09 08:18:33,147][INFO] - ohlc histo file saved for BCHEUR.
[historizer][2018-01-09 08:18:33,153][INFO] - End historization
[historizer][2018-01-09 09:22:57,454][INFO] - Starting historization
[historizer][2018-01-09 09:22:57,457][INFO] - settings : log_dir=/Users/Chafik/workspace/python/my_projects/crypto_currency/tradox/logs/histo/, histo_dir=/Users/Chafik/workspace/python/my_projects/crypto_currency/tradox/data/histo/, quote_ccy=ZEUR
[historizer][2018-01-09 09:23:18,843][INFO] - starting importing histo data for XZECZEUR.
[historizer][2018-01-09 09:23:18,845][INFO] - starting importing histo data for XLTCZEUR.
[historizer][2018-01-09 09:23:18,847][INFO] - starting importing histo data for XXBTZEUR.
[historizer][2018-01-09 09:23:18,845][INFO] - starting importing histo data for XXMRZEUR.
[historizer][2018-01-09 09:23:18,854][INFO] - starting importing histo data for XETHZEUR.
[historizer][2018-01-09 09:23:18,860][INFO] - starting importing histo data for XXRPZEUR.
[historizer][2018-01-09 09:23:18,865][INFO] - starting importing histo data for XREPZEUR.
[historizer][2018-01-09 09:23:18,866][INFO] - starting importing histo data for DASHEUR.
[historizer][2018-01-09 09:23:18,873][INFO] - starting importing histo data for BCHEUR.
[historizer][2018-01-09 09:23:18,874][INFO] - starting importing histo data for XETCZEUR.
[historizer][2018-01-09 09:23:22,480][INFO] - ohlc histo file saved for XZECZEUR.
[historizer][2018-01-09 09:23:25,121][INFO] - ohlc histo file saved for XLTCZEUR.
[historizer][2018-01-09 09:23:25,721][ERROR] - ''
[historizer][2018-01-09 09:23:25,722][ERROR] - Problem while requesting data. Re-attempting (nb 1)
[historizer][2018-01-09 09:23:25,723][INFO] - starting importing histo data for XXBTZEUR.
[historizer][2018-01-09 09:23:27,992][INFO] - ohlc histo file saved for XXMRZEUR.
[historizer][2018-01-09 09:23:37,711][INFO] - ohlc histo file saved for XXRPZEUR.
[historizer][2018-01-09 09:23:39,294][INFO] - ohlc histo file saved for XETHZEUR.
[historizer][2018-01-09 09:23:39,965][ERROR] - ''
[historizer][2018-01-09 09:23:39,966][ERROR] - Problem while requesting data. Re-attempting (nb 1)
[historizer][2018-01-09 09:23:39,967][INFO] - starting importing histo data for XREPZEUR.
[historizer][2018-01-09 09:23:56,080][ERROR] - ''
[historizer][2018-01-09 09:23:56,081][ERROR] - Problem while requesting data. Re-attempting (nb 1)
[historizer][2018-01-09 09:23:56,082][INFO] - starting importing histo data for DASHEUR.
[historizer][2018-01-09 09:23:58,278][INFO] - ohlc histo file saved for BCHEUR.
[historizer][2018-01-09 09:24:00,382][INFO] - ohlc histo file saved for XETCZEUR.
[historizer][2018-01-09 09:24:06,134][INFO] - ohlc histo file saved for XXBTZEUR.
[historizer][2018-01-09 09:24:10,953][INFO] - ohlc histo file saved for XREPZEUR.
[historizer][2018-01-09 09:24:14,064][INFO] - ohlc histo file saved for DASHEUR.
[historizer][2018-01-09 09:24:14,070][INFO] - End historization
[historizer][2018-01-09 11:24:17,791][INFO] - Starting historization
[historizer][2018-01-09 11:24:17,794][INFO] - settings : log_dir=/Users/Chafik/workspace/python/my_projects/crypto_currency/tradox/logs/histo/, histo_dir=/Users/Chafik/workspace/python/my_projects/crypto_currency/tradox/data/histo/, quote_ccy=ZEUR
[historizer][2018-01-09 11:24:19,230][INFO] - starting importing histo data for XLTCZEUR.
[historizer][2018-01-09 11:24:19,235][INFO] - starting importing histo data for XZECZEUR.
[historizer][2018-01-09 11:24:19,237][INFO] - starting importing histo data for XXMRZEUR.
[historizer][2018-01-09 11:24:19,247][INFO] - starting importing histo data for XXBTZEUR.
[historizer][2018-01-09 11:24:19,254][INFO] - starting importing histo data for DASHEUR.
[historizer][2018-01-09 11:24:19,256][INFO] - starting importing histo data for XXRPZEUR.
[historizer][2018-01-09 11:24:19,258][INFO] - starting importing histo data for XETHZEUR.
[historizer][2018-01-09 11:24:19,265][INFO] - starting importing histo data for BCHEUR.
[historizer][2018-01-09 11:24:19,263][INFO] - starting importing histo data for XREPZEUR.
[historizer][2018-01-09 11:24:19,269][INFO] - starting importing histo data for XETCZEUR.
[historizer][2018-01-09 11:24:24,145][ERROR] - ''
[historizer][2018-01-09 11:24:24,147][ERROR] - Problem while requesting data. Re-attempting (nb 1)
[historizer][2018-01-09 11:24:24,148][INFO] - starting importing histo data for XLTCZEUR.
[historizer][2018-01-09 11:24:25,735][ERROR] - ''
[historizer][2018-01-09 11:24:25,736][ERROR] - Problem while requesting data. Re-attempting (nb 1)
[historizer][2018-01-09 11:24:25,736][INFO] - starting importing histo data for XZECZEUR.
[historizer][2018-01-09 11:24:32,230][INFO] - ohlc histo file saved for XXMRZEUR.
[historizer][2018-01-09 11:24:33,373][ERROR] - ''
[historizer][2018-01-09 11:24:33,374][ERROR] - Problem while requesting data. Re-attempting (nb 1)
[historizer][2018-01-09 11:24:33,375][INFO] - starting importing histo data for XXBTZEUR.
[historizer][2018-01-09 11:24:37,626][INFO] - ohlc histo file saved for XXRPZEUR.
[historizer][2018-01-09 11:24:39,579][INFO] - ohlc histo file saved for DASHEUR.
[historizer][2018-01-09 11:24:41,624][INFO] - ohlc histo file saved for XETHZEUR.
[historizer][2018-01-09 11:25:14,124][INFO] - ohlc histo file saved for XREPZEUR.
[historizer][2018-01-09 11:25:15,665][INFO] - ohlc histo file saved for XETCZEUR.
[historizer][2018-01-09 11:25:16,195][ERROR] - ''
[historizer][2018-01-09 11:25:16,196][ERROR] - Problem while requesting data. Re-attempting (nb 2)
[historizer][2018-01-09 11:25:16,197][INFO] - starting importing histo data for XLTCZEUR.
[historizer][2018-01-09 11:25:23,655][INFO] - ohlc histo file saved for XZECZEUR.
[historizer][2018-01-09 11:25:23,982][ERROR] - ''
[historizer][2018-01-09 11:25:23,983][ERROR] - Problem while requesting data. Re-attempting (nb 2)
[historizer][2018-01-09 11:25:23,984][INFO] - starting importing histo data for XXBTZEUR.
[historizer][2018-01-09 11:25:30,642][INFO] - ohlc histo file saved for XLTCZEUR.
[historizer][2018-01-09 11:25:32,357][INFO] - ohlc histo file saved for XXBTZEUR.
[historizer][2018-01-09 11:25:32,362][INFO] - End historization
[historizer][2018-01-09 13:25:36,159][INFO] - Starting historization
[historizer][2018-01-09 13:25:36,162][INFO] - settings : log_dir=/Users/Chafik/workspace/python/my_projects/crypto_currency/tradox/logs/histo/, histo_dir=/Users/Chafik/workspace/python/my_projects/crypto_currency/tradox/data/histo/, quote_ccy=ZEUR
[historizer][2018-01-09 13:25:39,839][INFO] - starting importing histo data for XLTCZEUR.
[historizer][2018-01-09 13:25:39,840][INFO] - starting importing histo data for XXMRZEUR.
[historizer][2018-01-09 13:25:39,838][INFO] - starting importing histo data for XZECZEUR.
[historizer][2018-01-09 13:25:39,845][INFO] - starting importing histo data for XXBTZEUR.
[historizer][2018-01-09 13:25:39,854][INFO] - starting importing histo data for XETHZEUR.
[historizer][2018-01-09 13:25:39,853][INFO] - starting importing histo data for XXRPZEUR.
[historizer][2018-01-09 13:25:39,864][INFO] - starting importing histo data for DASHEUR.
[historizer][2018-01-09 13:25:39,868][INFO] - starting importing histo data for XREPZEUR.
[historizer][2018-01-09 13:25:39,873][INFO] - starting importing histo data for XETCZEUR.
[historizer][2018-01-09 13:25:39,878][INFO] - starting importing histo data for BCHEUR.
[historizer][2018-01-09 13:25:48,360][INFO] - ohlc histo file saved for XLTCZEUR.
[historizer][2018-01-09 13:25:52,104][INFO] - ohlc histo file saved for XZECZEUR.
[historizer][2018-01-09 13:25:57,687][INFO] - ohlc histo file saved for XXMRZEUR.
[historizer][2018-01-09 13:25:58,715][ERROR] - ''
[historizer][2018-01-09 13:25:58,716][ERROR] - Problem while requesting data. Re-attempting (nb 1)
[historizer][2018-01-09 13:25:58,717][INFO] - starting importing histo data for XXBTZEUR.
[historizer][2018-01-09 13:26:03,589][INFO] - ohlc histo file saved for XETHZEUR.
[historizer][2018-01-09 13:26:05,474][ERROR] - ''
[historizer][2018-01-09 13:26:05,475][ERROR] - Problem while requesting data. Re-attempting (nb 1)
[historizer][2018-01-09 13:26:05,476][INFO] - starting importing histo data for XXRPZEUR.
[historizer][2018-01-09 13:26:07,652][INFO] - ohlc histo file saved for DASHEUR.
[historizer][2018-01-09 13:26:10,582][INFO] - ohlc histo file saved for XREPZEUR.
[historizer][2018-01-09 13:26:13,731][INFO] - ohlc histo file saved for XETCZEUR.
[historizer][2018-01-09 13:26:16,559][INFO] - ohlc histo file saved for BCHEUR.
[historizer][2018-01-09 13:26:19,408][INFO] - ohlc histo file saved for XXBTZEUR.
[historizer][2018-01-09 13:26:21,095][ERROR] - ''
[historizer][2018-01-09 13:26:21,096][ERROR] - Problem while requesting data. Re-attempting (nb 2)
[historizer][2018-01-09 13:26:21,096][INFO] - starting importing histo data for XXRPZEUR.
[historizer][2018-01-09 13:26:26,683][INFO] - ohlc histo file saved for XXRPZEUR.
[historizer][2018-01-09 13:26:26,694][INFO] - End historization
[historizer][2018-01-09 15:26:30,317][INFO] - Starting historization
[historizer][2018-01-09 15:26:30,320][INFO] - settings : log_dir=/Users/Chafik/workspace/python/my_projects/crypto_currency/tradox/logs/histo/, histo_dir=/Users/Chafik/workspace/python/my_projects/crypto_currency/tradox/data/histo/, quote_ccy=ZEUR
[historizer][2018-01-09 15:26:35,585][INFO] - starting importing histo data for XZECZEUR.
[historizer][2018-01-09 15:26:35,588][INFO] - starting importing histo data for XXMRZEUR.
[historizer][2018-01-09 15:26:35,587][INFO] - starting importing histo data for XLTCZEUR.
[historizer][2018-01-09 15:26:35,591][INFO] - starting importing histo data for XXBTZEUR.
[historizer][2018-01-09 15:26:35,595][INFO] - starting importing histo data for XETHZEUR.
[historizer][2018-01-09 15:26:35,600][INFO] - starting importing histo data for XXRPZEUR.
[historizer][2018-01-09 15:26:35,601][INFO] - starting importing histo data for DASHEUR.
[historizer][2018-01-09 15:26:35,604][INFO] - starting importing histo data for XREPZEUR.
[historizer][2018-01-09 15:26:35,610][INFO] - starting importing histo data for BCHEUR.
[historizer][2018-01-09 15:26:35,612][INFO] - starting importing histo data for XETCZEUR.
[historizer][2018-01-09 15:26:39,496][INFO] - ohlc histo file saved for XZECZEUR.
[historizer][2018-01-09 15:26:42,031][INFO] - ohlc histo file saved for XXMRZEUR.
[historizer][2018-01-09 15:27:00,654][ERROR] - ''
[historizer][2018-01-09 15:27:00,655][ERROR] - Problem while requesting data. Re-attempting (nb 1)
[historizer][2018-01-09 15:27:00,656][INFO] - starting importing histo data for XLTCZEUR.
[historizer][2018-01-09 15:27:18,053][ERROR] - ''
[historizer][2018-01-09 15:27:18,055][ERROR] - Problem while requesting data. Re-attempting (nb 1)
[historizer][2018-01-09 15:27:18,056][INFO] - starting importing histo data for XXBTZEUR.
[historizer][2018-01-09 15:27:22,229][INFO] - ohlc histo file saved for XETHZEUR.
[historizer][2018-01-09 15:27:28,332][INFO] - ohlc histo file saved for XXRPZEUR.
[historizer][2018-01-09 15:27:32,869][INFO] - ohlc histo file saved for DASHEUR.
[historizer][2018-01-09 15:27:35,998][INFO] - ohlc histo file saved for XREPZEUR.
[historizer][2018-01-09 15:27:37,666][INFO] - ohlc histo file saved for BCHEUR.
[historizer][2018-01-09 15:27:44,345][INFO] - ohlc histo file saved for XETCZEUR.
[historizer][2018-01-09 15:27:46,550][INFO] - ohlc histo file saved for XLTCZEUR.
[historizer][2018-01-09 15:27:50,163][ERROR] - ''
[historizer][2018-01-09 15:27:50,164][ERROR] - Problem while requesting data. Re-attempting (nb 2)
[historizer][2018-01-09 15:27:50,164][INFO] - starting importing histo data for XXBTZEUR.
[historizer][2018-01-09 15:27:51,344][ERROR] - ''
[historizer][2018-01-09 15:27:51,344][ERROR] - Problem while requesting data. Re-attempting (nb 3)
[historizer][2018-01-09 15:27:51,345][INFO] - starting importing histo data for XXBTZEUR.
[historizer][2018-01-09 15:27:57,488][INFO] - ohlc histo file saved for XXBTZEUR.
[historizer][2018-01-09 15:27:57,493][INFO] - End historization
[historizer][2018-01-09 17:28:01,374][INFO] - Starting historization
[historizer][2018-01-09 17:28:01,377][INFO] - settings : log_dir=/Users/Chafik/workspace/python/my_projects/crypto_currency/tradox/logs/histo/, histo_dir=/Users/Chafik/workspace/python/my_projects/crypto_currency/tradox/data/histo/, quote_ccy=ZEUR
[historizer][2018-01-09 17:28:04,329][INFO] - starting importing histo data for XZECZEUR.
[historizer][2018-01-09 17:28:04,333][INFO] - starting importing histo data for XLTCZEUR.
[historizer][2018-01-09 17:28:04,334][INFO] - starting importing histo data for XXMRZEUR.
[historizer][2018-01-09 17:28:04,340][INFO] - starting importing histo data for XETHZEUR.
[historizer][2018-01-09 17:28:04,339][INFO] - starting importing histo data for XXBTZEUR.
[historizer][2018-01-09 17:28:04,350][INFO] - starting importing histo data for XXRPZEUR.
[historizer][2018-01-09 17:28:04,359][INFO] - starting importing histo data for XREPZEUR.
[historizer][2018-01-09 17:28:04,354][INFO] - starting importing histo data for DASHEUR.
[historizer][2018-01-09 17:28:04,363][INFO] - starting importing histo data for BCHEUR.
[historizer][2018-01-09 17:28:04,367][INFO] - starting importing histo data for XETCZEUR.
[historizer][2018-01-09 17:28:09,034][INFO] - ohlc histo file saved for XZECZEUR.
[historizer][2018-01-09 17:28:10,960][INFO] - ohlc histo file saved for XLTCZEUR.
[historizer][2018-01-09 17:28:17,175][INFO] - ohlc histo file saved for XXMRZEUR.
[historizer][2018-01-09 17:28:20,442][INFO] - ohlc histo file saved for XXBTZEUR.
[historizer][2018-01-09 17:28:38,017][ERROR] - ''
[historizer][2018-01-09 17:28:38,018][ERROR] - Problem while requesting data. Re-attempting (nb 1)
[historizer][2018-01-09 17:28:38,019][INFO] - starting importing histo data for XETHZEUR.
[historizer][2018-01-09 17:28:55,943][ERROR] - ''
[historizer][2018-01-09 17:28:55,944][ERROR] - Problem while requesting data. Re-attempting (nb 1)
[historizer][2018-01-09 17:28:55,945][INFO] - starting importing histo data for XXRPZEUR.
[historizer][2018-01-09 17:29:13,482][ERROR] - ''
[historizer][2018-01-09 17:29:13,484][ERROR] - Problem while requesting data. Re-attempting (nb 1)
[historizer][2018-01-09 17:29:13,485][INFO] - starting importing histo data for XREPZEUR.
[historizer][2018-01-09 17:29:21,622][INFO] - ohlc histo file saved for DASHEUR.
[historizer][2018-01-09 17:29:31,749][INFO] - ohlc histo file saved for BCHEUR.
[historizer][2018-01-09 17:29:33,231][ERROR] - ''
[historizer][2018-01-09 17:29:33,232][ERROR] - Problem while requesting data. Re-attempting (nb 1)
[historizer][2018-01-09 17:29:33,232][INFO] - starting importing histo data for XETCZEUR.
[historizer][2018-01-09 17:29:36,697][ERROR] - ''
[historizer][2018-01-09 17:29:36,698][ERROR] - Problem while requesting data. Re-attempting (nb 2)
[historizer][2018-01-09 17:29:36,699][INFO] - starting importing histo data for XETHZEUR.
[historizer][2018-01-09 17:29:38,970][ERROR] - ''
[historizer][2018-01-09 17:29:38,972][ERROR] - Problem while requesting data. Re-attempting (nb 2)
[historizer][2018-01-09 17:29:38,973][INFO] - starting importing histo data for XXRPZEUR.
[historizer][2018-01-09 17:29:43,101][INFO] - ohlc histo file saved for XREPZEUR.
[historizer][2018-01-09 17:29:45,463][INFO] - ohlc histo file saved for XETCZEUR.
[historizer][2018-01-09 17:29:46,832][ERROR] - ''
[historizer][2018-01-09 17:29:46,833][ERROR] - Problem while requesting data. Re-attempting (nb 3)
[historizer][2018-01-09 17:29:46,833][INFO] - starting importing histo data for XETHZEUR.
[historizer][2018-01-09 17:30:03,341][ERROR] - ''
[historizer][2018-01-09 17:30:03,341][ERROR] - Problem while requesting data. Re-attempting (nb 3)
[historizer][2018-01-09 17:30:03,342][INFO] - starting importing histo data for XXRPZEUR.
[historizer][2018-01-09 17:30:07,731][INFO] - ohlc histo file saved for XETHZEUR.
[historizer][2018-01-09 17:30:10,113][ERROR] - ''
[historizer][2018-01-09 17:30:10,114][ERROR] - Problem while requesting data. Re-attempting (nb 4)
[historizer][2018-01-09 17:30:10,115][INFO] - starting importing histo data for XXRPZEUR.
[historizer][2018-01-09 17:30:13,926][INFO] - ohlc histo file saved for XXRPZEUR.
[historizer][2018-01-09 17:30:13,932][INFO] - End historization
[historizer][2018-01-09 21:00:54,635][INFO] - Starting historization
[historizer][2018-01-09 21:00:54,639][INFO] - settings : log_dir=/Users/Chafik/workspace/python/my_projects/crypto_currency/tradox/logs/histo/, histo_dir=/Users/Chafik/workspace/python/my_projects/crypto_currency/tradox/data/histo/, quote_ccy=ZEUR
[historizer][2018-01-09 21:00:59,084][INFO] - starting importing histo data for XLTCZEUR.
[historizer][2018-01-09 21:00:59,088][INFO] - starting importing histo data for XZECZEUR.
[historizer][2018-01-09 21:00:59,087][INFO] - starting importing histo data for XXMRZEUR.
[historizer][2018-01-09 21:00:59,132][INFO] - starting importing histo data for XETHZEUR.
[historizer][2018-01-09 21:00:59,134][INFO] - starting importing histo data for XXBTZEUR.
[historizer][2018-01-09 21:00:59,134][INFO] - starting importing histo data for XXRPZEUR.
[historizer][2018-01-09 21:00:59,136][INFO] - starting importing histo data for DASHEUR.
[historizer][2018-01-09 21:00:59,146][INFO] - starting importing histo data for XREPZEUR.
[historizer][2018-01-09 21:00:59,151][INFO] - starting importing histo data for BCHEUR.
[historizer][2018-01-09 21:00:59,156][INFO] - starting importing histo data for XETCZEUR.
[historizer][2018-01-09 21:01:10,070][INFO] - ohlc histo file saved for XLTCZEUR.
[historizer][2018-01-09 21:01:13,034][INFO] - ohlc histo file saved for XZECZEUR.
[historizer][2018-01-09 21:01:16,815][INFO] - ohlc histo file saved for XXMRZEUR.
[historizer][2018-01-09 21:01:21,257][INFO] - ohlc histo file saved for XETHZEUR.
[historizer][2018-01-09 21:01:33,036][INFO] - ohlc histo file saved for XXBTZEUR.
[historizer][2018-01-09 21:01:38,413][INFO] - ohlc histo file saved for XXRPZEUR.
[historizer][2018-01-09 21:01:44,731][INFO] - ohlc histo file saved for DASHEUR.
[historizer][2018-01-09 21:01:52,236][INFO] - ohlc histo file saved for XREPZEUR.
[historizer][2018-01-09 21:02:05,018][INFO] - ohlc histo file saved for BCHEUR.
[historizer][2018-01-09 21:02:08,511][INFO] - ohlc histo file saved for XETCZEUR.
[historizer][2018-01-09 21:02:08,519][INFO] - End historization
[historizer][2018-01-09 23:02:12,196][INFO] - Starting historization
[historizer][2018-01-09 23:02:12,198][INFO] - settings : log_dir=/Users/Chafik/workspace/python/my_projects/crypto_currency/tradox/logs/histo/, histo_dir=/Users/Chafik/workspace/python/my_projects/crypto_currency/tradox/data/histo/, quote_ccy=ZEUR
[historizer][2018-01-09 23:02:18,427][INFO] - starting importing histo data for XLTCZEUR.
[historizer][2018-01-09 23:02:18,429][INFO] - starting importing histo data for XZECZEUR.
[historizer][2018-01-09 23:02:18,429][INFO] - starting importing histo data for XXBTZEUR.
[historizer][2018-01-09 23:02:18,429][INFO] - starting importing histo data for XXMRZEUR.
[historizer][2018-01-09 23:02:18,436][INFO] - starting importing histo data for XXRPZEUR.
[historizer][2018-01-09 23:02:18,436][INFO] - starting importing histo data for XETHZEUR.
[historizer][2018-01-09 23:02:18,441][INFO] - starting importing histo data for DASHEUR.
[historizer][2018-01-09 23:02:18,446][INFO] - starting importing histo data for XREPZEUR.
[historizer][2018-01-09 23:02:18,452][INFO] - starting importing histo data for BCHEUR.
[historizer][2018-01-09 23:02:18,453][INFO] - starting importing histo data for XETCZEUR.
[historizer][2018-01-09 23:02:20,751][ERROR] - ''
[historizer][2018-01-09 23:02:20,751][ERROR] - Problem while requesting data. Re-attempting (nb 1)
[historizer][2018-01-09 23:02:20,752][INFO] - starting importing histo data for XLTCZEUR.
[historizer][2018-01-09 23:02:24,008][INFO] - ohlc histo file saved for XZECZEUR.
[historizer][2018-01-09 23:02:31,193][INFO] - ohlc histo file saved for XXBTZEUR.
[historizer][2018-01-09 23:02:35,581][INFO] - ohlc histo file saved for XXMRZEUR.
[historizer][2018-01-09 23:02:46,702][INFO] - ohlc histo file saved for XXRPZEUR.
[historizer][2018-01-09 23:02:48,671][INFO] - ohlc histo file saved for XETHZEUR.
[historizer][2018-01-09 23:02:50,875][INFO] - ohlc histo file saved for DASHEUR.
[historizer][2018-01-09 23:02:54,246][ERROR] - ''
[historizer][2018-01-09 23:02:54,247][ERROR] - Problem while requesting data. Re-attempting (nb 1)
[historizer][2018-01-09 23:02:54,249][INFO] - starting importing histo data for XREPZEUR.
[historizer][2018-01-09 23:03:02,617][INFO] - ohlc histo file saved for BCHEUR.
[historizer][2018-01-09 23:03:02,881][ERROR] - ''
[historizer][2018-01-09 23:03:02,882][ERROR] - Problem while requesting data. Re-attempting (nb 1)
[historizer][2018-01-09 23:03:02,883][INFO] - starting importing histo data for XETCZEUR.
[historizer][2018-01-09 23:03:11,192][INFO] - ohlc histo file saved for XLTCZEUR.
[historizer][2018-01-09 23:03:24,738][INFO] - ohlc histo file saved for XREPZEUR.
[historizer][2018-01-09 23:03:30,441][INFO] - ohlc histo file saved for XETCZEUR.
[historizer][2018-01-09 23:03:30,448][INFO] - End historization
