[historizer][2018-01-20 12:34:28,740][INFO] - Starting historization
[historizer][2018-01-20 12:34:28,740][INFO] - settings : log_dir=/Users/Chafik/workspace/python/my_projects/crypto_currency/tradox/logs/histo/, histo_dir=/Users/Chafik/workspace/python/my_projects/crypto_currency/tradox/data/histo/, quote_ccy=ZEUR
[historizer][2018-01-20 12:34:30,155][INFO] - starting importing histo data for XZECZEUR.
[historizer][2018-01-20 12:34:30,156][INFO] - starting importing histo data for XXMRZEUR.
[historizer][2018-01-20 12:34:30,154][INFO] - starting importing histo data for XLTCZEUR.
[historizer][2018-01-20 12:34:30,164][INFO] - starting importing histo data for XXBTZEUR.
[historizer][2018-01-20 12:34:30,177][INFO] - starting importing histo data for XETHZEUR.
[historizer][2018-01-20 12:34:30,179][INFO] - starting importing histo data for XXRPZEUR.
[historizer][2018-01-20 12:34:30,185][INFO] - starting importing histo data for XREPZEUR.
[historizer][2018-01-20 12:34:30,185][INFO] - starting importing histo data for DASHEUR.
[historizer][2018-01-20 12:34:30,187][INFO] - starting importing histo data for BCHEUR.
[historizer][2018-01-20 12:34:30,194][INFO] - starting importing histo data for XETCZEUR.
[historizer][2018-01-20 12:34:36,295][INFO] - ohlc histo file saved for XZECZEUR.
[historizer][2018-01-20 12:34:37,710][INFO] - ohlc histo file saved for XXMRZEUR.
[historizer][2018-01-20 12:34:39,275][INFO] - ohlc histo file saved for XLTCZEUR.
[historizer][2018-01-20 12:34:41,048][INFO] - ohlc histo file saved for XXBTZEUR.
[historizer][2018-01-20 12:34:43,286][INFO] - ohlc histo file saved for XXRPZEUR.
[historizer][2018-01-20 12:34:45,377][INFO] - ohlc histo file saved for XETHZEUR.
[historizer][2018-01-20 12:34:46,671][INFO] - ohlc histo file saved for XREPZEUR.
[historizer][2018-01-20 12:34:48,869][INFO] - ohlc histo file saved for BCHEUR.
[historizer][2018-01-20 12:34:50,551][INFO] - ohlc histo file saved for DASHEUR.
[historizer][2018-01-20 12:34:51,811][INFO] - ohlc histo file saved for XETCZEUR.
[historizer][2018-01-20 12:34:51,817][INFO] - End historization
