[historizer][2018-01-08 01:32:13,050][INFO] - Starting historization
[historizer][2018-01-08 01:32:13,051][INFO] - settings : log_dir=/Users/Chafik/workspace/python/my_projects/crypto_currency/tradox/logs/histo/, histo_dir=/Users/Chafik/workspace/python/my_projects/crypto_currency/tradox/data/histo/, quote_ccy=ZEUR
[historizer][2018-01-08 01:32:14,306][INFO] - starting importing histo data for XZECZEUR.
[historizer][2018-01-08 01:32:14,313][INFO] - starting importing histo data for XLTCZEUR.
[historizer][2018-01-08 01:32:14,318][INFO] - starting importing histo data for XXMRZEUR.
[historizer][2018-01-08 01:32:14,326][INFO] - starting importing histo data for XXBTZEUR.
[historizer][2018-01-08 01:32:14,328][INFO] - starting importing histo data for XETHZEUR.
[historizer][2018-01-08 01:32:14,335][INFO] - starting importing histo data for XXRPZEUR.
[historizer][2018-01-08 01:32:14,335][INFO] - starting importing histo data for DASHEUR.
[historizer][2018-01-08 01:32:14,341][INFO] - starting importing histo data for XREPZEUR.
[historizer][2018-01-08 01:32:14,350][INFO] - starting importing histo data for BCHEUR.
[historizer][2018-01-08 01:32:14,353][INFO] - starting importing histo data for XETCZEUR.
[historizer][2018-01-08 01:32:18,638][INFO] - ohlc histo file saved for XZECZEUR.
[historizer][2018-01-08 01:32:19,591][INFO] - ohlc histo file saved for XLTCZEUR.
[historizer][2018-01-08 01:32:20,887][INFO] - ohlc histo file saved for XXMRZEUR.
[historizer][2018-01-08 01:32:22,362][INFO] - ohlc histo file saved for XXBTZEUR.
[historizer][2018-01-08 01:32:23,608][INFO] - ohlc histo file saved for XETHZEUR.
[historizer][2018-01-08 01:32:25,338][INFO] - ohlc histo file saved for XXRPZEUR.
[historizer][2018-01-08 01:32:26,908][INFO] - ohlc histo file saved for DASHEUR.
[historizer][2018-01-08 01:32:28,149][INFO] - ohlc histo file saved for XREPZEUR.
[historizer][2018-01-08 01:32:29,839][INFO] - ohlc histo file saved for BCHEUR.
[historizer][2018-01-08 01:32:31,477][INFO] - ohlc histo file saved for XETCZEUR.
[historizer][2018-01-08 01:32:31,487][INFO] - End historization
[historizer][2018-01-08 03:32:35,404][INFO] - Starting historization
[historizer][2018-01-08 03:32:35,407][INFO] - settings : log_dir=/Users/Chafik/workspace/python/my_projects/crypto_currency/tradox/logs/histo/, histo_dir=/Users/Chafik/workspace/python/my_projects/crypto_currency/tradox/data/histo/, quote_ccy=ZEUR
[historizer][2018-01-08 03:33:09,724][INFO] - starting importing histo data for XZECZEUR.
[historizer][2018-01-08 03:33:09,727][INFO] - starting importing histo data for XXMRZEUR.
[historizer][2018-01-08 03:33:09,725][INFO] - starting importing histo data for XLTCZEUR.
[historizer][2018-01-08 03:33:09,729][INFO] - starting importing histo data for XXBTZEUR.
[historizer][2018-01-08 03:33:09,735][INFO] - starting importing histo data for XETHZEUR.
[historizer][2018-01-08 03:33:09,733][INFO] - starting importing histo data for XXRPZEUR.
[historizer][2018-01-08 03:33:09,743][INFO] - starting importing histo data for XREPZEUR.
[historizer][2018-01-08 03:33:09,746][INFO] - starting importing histo data for DASHEUR.
[historizer][2018-01-08 03:33:09,749][INFO] - starting importing histo data for BCHEUR.
[historizer][2018-01-08 03:33:09,751][INFO] - starting importing histo data for XETCZEUR.
[historizer][2018-01-08 03:33:13,087][INFO] - ohlc histo file saved for XXMRZEUR.
[historizer][2018-01-08 03:33:14,196][INFO] - ohlc histo file saved for XLTCZEUR.
[historizer][2018-01-08 03:33:15,092][INFO] - ohlc histo file saved for XZECZEUR.
[historizer][2018-01-08 03:33:16,525][INFO] - ohlc histo file saved for XXBTZEUR.
[historizer][2018-01-08 03:33:27,807][INFO] - ohlc histo file saved for XETHZEUR.
[historizer][2018-01-08 03:33:29,095][INFO] - ohlc histo file saved for XXRPZEUR.
[historizer][2018-01-08 03:33:44,567][ERROR] - ''
[historizer][2018-01-08 03:33:44,568][ERROR] - Problem while requesting data. Re-attempting (nb 1)
[historizer][2018-01-08 03:33:44,569][INFO] - starting importing histo data for XREPZEUR.
[historizer][2018-01-08 03:34:02,020][ERROR] - ''
[historizer][2018-01-08 03:34:02,021][ERROR] - Problem while requesting data. Re-attempting (nb 1)
[historizer][2018-01-08 03:34:02,022][INFO] - starting importing histo data for DASHEUR.
[historizer][2018-01-08 03:34:03,969][INFO] - ohlc histo file saved for BCHEUR.
[historizer][2018-01-08 03:34:06,127][INFO] - ohlc histo file saved for XETCZEUR.
[historizer][2018-01-08 03:34:07,375][INFO] - ohlc histo file saved for XREPZEUR.
[historizer][2018-01-08 03:34:22,851][ERROR] - ''
[historizer][2018-01-08 03:34:22,852][ERROR] - Problem while requesting data. Re-attempting (nb 2)
[historizer][2018-01-08 03:34:22,853][INFO] - starting importing histo data for DASHEUR.
[historizer][2018-01-08 03:34:24,393][INFO] - ohlc histo file saved for DASHEUR.
[historizer][2018-01-08 03:34:24,399][INFO] - End historization
[historizer][2018-01-08 05:34:28,066][INFO] - Starting historization
[historizer][2018-01-08 05:34:28,070][INFO] - settings : log_dir=/Users/Chafik/workspace/python/my_projects/crypto_currency/tradox/logs/histo/, histo_dir=/Users/Chafik/workspace/python/my_projects/crypto_currency/tradox/data/histo/, quote_ccy=ZEUR
[historizer][2018-01-08 05:34:31,742][INFO] - starting importing histo data for XZECZEUR.
[historizer][2018-01-08 05:34:31,744][INFO] - starting importing histo data for XLTCZEUR.
[historizer][2018-01-08 05:34:31,750][INFO] - starting importing histo data for XXBTZEUR.
[historizer][2018-01-08 05:34:31,752][INFO] - starting importing histo data for XETHZEUR.
[historizer][2018-01-08 05:34:31,744][INFO] - starting importing histo data for XXMRZEUR.
[historizer][2018-01-08 05:34:31,765][INFO] - starting importing histo data for XREPZEUR.
[historizer][2018-01-08 05:34:31,767][INFO] - starting importing histo data for XXRPZEUR.
[historizer][2018-01-08 05:34:31,770][INFO] - starting importing histo data for DASHEUR.
[historizer][2018-01-08 05:34:31,771][INFO] - starting importing histo data for BCHEUR.
[historizer][2018-01-08 05:34:31,777][INFO] - starting importing histo data for XETCZEUR.
[historizer][2018-01-08 05:34:36,036][INFO] - ohlc histo file saved for XZECZEUR.
[historizer][2018-01-08 05:34:37,233][INFO] - ohlc histo file saved for XLTCZEUR.
[historizer][2018-01-08 05:34:52,810][ERROR] - ''
[historizer][2018-01-08 05:34:52,811][ERROR] - Problem while requesting data. Re-attempting (nb 1)
[historizer][2018-01-08 05:34:52,812][INFO] - starting importing histo data for XXBTZEUR.
[historizer][2018-01-08 05:34:55,264][INFO] - ohlc histo file saved for XETHZEUR.
[historizer][2018-01-08 05:34:56,943][INFO] - ohlc histo file saved for XXMRZEUR.
[historizer][2018-01-08 05:34:58,696][INFO] - ohlc histo file saved for XXRPZEUR.
[historizer][2018-01-08 05:34:59,677][INFO] - ohlc histo file saved for XREPZEUR.
[historizer][2018-01-08 05:35:15,264][ERROR] - ''
[historizer][2018-01-08 05:35:15,265][ERROR] - Problem while requesting data. Re-attempting (nb 1)
[historizer][2018-01-08 05:35:15,266][INFO] - starting importing histo data for DASHEUR.
[historizer][2018-01-08 05:35:16,748][INFO] - ohlc histo file saved for BCHEUR.
[historizer][2018-01-08 05:35:17,862][INFO] - ohlc histo file saved for XETCZEUR.
[historizer][2018-01-08 05:35:18,271][INFO] - ohlc histo file saved for XXBTZEUR.
[historizer][2018-01-08 05:35:18,537][ERROR] - ''
[historizer][2018-01-08 05:35:18,537][ERROR] - Problem while requesting data. Re-attempting (nb 2)
[historizer][2018-01-08 05:35:18,538][INFO] - starting importing histo data for DASHEUR.
[historizer][2018-01-08 05:35:22,580][INFO] - ohlc histo file saved for DASHEUR.
[historizer][2018-01-08 05:35:22,586][INFO] - End historization
[historizer][2018-01-08 07:35:26,441][INFO] - Starting historization
[historizer][2018-01-08 07:35:26,444][INFO] - settings : log_dir=/Users/Chafik/workspace/python/my_projects/crypto_currency/tradox/logs/histo/, histo_dir=/Users/Chafik/workspace/python/my_projects/crypto_currency/tradox/data/histo/, quote_ccy=ZEUR
[historizer][2018-01-08 07:35:28,970][INFO] - starting importing histo data for XZECZEUR.
[historizer][2018-01-08 07:35:28,971][INFO] - starting importing histo data for XLTCZEUR.
[historizer][2018-01-08 07:35:28,982][INFO] - starting importing histo data for XXMRZEUR.
[historizer][2018-01-08 07:35:28,982][INFO] - starting importing histo data for XXBTZEUR.
[historizer][2018-01-08 07:35:28,986][INFO] - starting importing histo data for XETHZEUR.
[historizer][2018-01-08 07:35:28,994][INFO] - starting importing histo data for XXRPZEUR.
[historizer][2018-01-08 07:35:28,997][INFO] - starting importing histo data for DASHEUR.
[historizer][2018-01-08 07:35:29,002][INFO] - starting importing histo data for XREPZEUR.
[historizer][2018-01-08 07:35:29,003][INFO] - starting importing histo data for BCHEUR.
[historizer][2018-01-08 07:35:29,030][INFO] - starting importing histo data for XETCZEUR.
[historizer][2018-01-08 07:35:45,944][ERROR] - ''
[historizer][2018-01-08 07:35:45,947][ERROR] - Problem while requesting data. Re-attempting (nb 1)
[historizer][2018-01-08 07:35:45,948][INFO] - starting importing histo data for XZECZEUR.
[historizer][2018-01-08 07:36:01,981][ERROR] - ''
[historizer][2018-01-08 07:36:01,984][ERROR] - Problem while requesting data. Re-attempting (nb 1)
[historizer][2018-01-08 07:36:01,985][INFO] - starting importing histo data for XLTCZEUR.
[historizer][2018-01-08 07:36:03,945][INFO] - ohlc histo file saved for XXBTZEUR.
[historizer][2018-01-08 07:36:04,497][INFO] - ohlc histo file saved for XXMRZEUR.
[historizer][2018-01-08 07:36:07,720][INFO] - ohlc histo file saved for XETHZEUR.
[historizer][2018-01-08 07:36:09,338][INFO] - ohlc histo file saved for XXRPZEUR.
[historizer][2018-01-08 07:36:11,045][INFO] - ohlc histo file saved for DASHEUR.
[historizer][2018-01-08 07:36:12,485][INFO] - ohlc histo file saved for XREPZEUR.
[historizer][2018-01-08 07:36:13,074][INFO] - ohlc histo file saved for BCHEUR.
[historizer][2018-01-08 07:36:14,239][INFO] - ohlc histo file saved for XETCZEUR.
[historizer][2018-01-08 07:36:15,246][INFO] - ohlc histo file saved for XZECZEUR.
[historizer][2018-01-08 07:36:16,925][INFO] - ohlc histo file saved for XLTCZEUR.
[historizer][2018-01-08 07:36:16,931][INFO] - End historization
[historizer][2018-01-08 09:36:20,576][INFO] - Starting historization
[historizer][2018-01-08 09:36:20,576][INFO] - settings : log_dir=/Users/Chafik/workspace/python/my_projects/crypto_currency/tradox/logs/histo/, histo_dir=/Users/Chafik/workspace/python/my_projects/crypto_currency/tradox/data/histo/, quote_ccy=ZEUR
[historizer][2018-01-08 09:36:38,644][INFO] - starting importing histo data for XZECZEUR.
[historizer][2018-01-08 09:36:38,645][INFO] - starting importing histo data for XLTCZEUR.
[historizer][2018-01-08 09:36:38,648][INFO] - starting importing histo data for XXMRZEUR.
[historizer][2018-01-08 09:36:38,649][INFO] - starting importing histo data for XXBTZEUR.
[historizer][2018-01-08 09:36:38,660][INFO] - starting importing histo data for XETHZEUR.
[historizer][2018-01-08 09:36:38,671][INFO] - starting importing histo data for XXRPZEUR.
[historizer][2018-01-08 09:36:38,680][INFO] - starting importing histo data for XREPZEUR.
[historizer][2018-01-08 09:36:38,684][INFO] - starting importing histo data for BCHEUR.
[historizer][2018-01-08 09:36:38,684][INFO] - starting importing histo data for DASHEUR.
[historizer][2018-01-08 09:36:38,688][INFO] - starting importing histo data for XETCZEUR.
[historizer][2018-01-08 09:36:40,351][INFO] - ohlc histo file saved for XLTCZEUR.
[historizer][2018-01-08 09:36:56,016][ERROR] - ''
[historizer][2018-01-08 09:36:56,018][ERROR] - Problem while requesting data. Re-attempting (nb 1)
[historizer][2018-01-08 09:36:56,019][INFO] - starting importing histo data for XZECZEUR.
[historizer][2018-01-08 09:37:02,556][INFO] - ohlc histo file saved for XXMRZEUR.
[historizer][2018-01-08 09:37:08,701][INFO] - ohlc histo file saved for XXBTZEUR.
[historizer][2018-01-08 09:37:11,849][INFO] - ohlc histo file saved for XETHZEUR.
[historizer][2018-01-08 09:37:14,722][INFO] - ohlc histo file saved for XXRPZEUR.
[historizer][2018-01-08 09:37:16,922][INFO] - ohlc histo file saved for XREPZEUR.
[historizer][2018-01-08 09:37:20,894][INFO] - ohlc histo file saved for DASHEUR.
[historizer][2018-01-08 09:37:22,055][INFO] - ohlc histo file saved for BCHEUR.
[historizer][2018-01-08 09:37:37,688][ERROR] - ''
[historizer][2018-01-08 09:37:37,690][ERROR] - Problem while requesting data. Re-attempting (nb 1)
[historizer][2018-01-08 09:37:37,691][INFO] - starting importing histo data for XETCZEUR.
[historizer][2018-01-08 09:37:40,943][INFO] - ohlc histo file saved for XZECZEUR.
[historizer][2018-01-08 09:37:42,144][INFO] - ohlc histo file saved for XETCZEUR.
[historizer][2018-01-08 09:37:42,152][INFO] - End historization
[historizer][2018-01-08 11:37:45,829][INFO] - Starting historization
[historizer][2018-01-08 11:37:45,833][INFO] - settings : log_dir=/Users/Chafik/workspace/python/my_projects/crypto_currency/tradox/logs/histo/, histo_dir=/Users/Chafik/workspace/python/my_projects/crypto_currency/tradox/data/histo/, quote_ccy=ZEUR
[historizer][2018-01-08 11:37:47,053][INFO] - starting importing histo data for XZECZEUR.
[historizer][2018-01-08 11:37:47,054][INFO] - starting importing histo data for XXMRZEUR.
[historizer][2018-01-08 11:37:47,056][INFO] - starting importing histo data for XLTCZEUR.
[historizer][2018-01-08 11:37:47,059][INFO] - starting importing histo data for XXBTZEUR.
[historizer][2018-01-08 11:37:47,063][INFO] - starting importing histo data for XXRPZEUR.
[historizer][2018-01-08 11:37:47,065][INFO] - starting importing histo data for XETHZEUR.
[historizer][2018-01-08 11:37:47,069][INFO] - starting importing histo data for DASHEUR.
[historizer][2018-01-08 11:37:47,072][INFO] - starting importing histo data for XREPZEUR.
[historizer][2018-01-08 11:37:47,075][INFO] - starting importing histo data for BCHEUR.
[historizer][2018-01-08 11:37:47,076][INFO] - starting importing histo data for XETCZEUR.
[historizer][2018-01-08 11:37:51,158][INFO] - ohlc histo file saved for XZECZEUR.
[historizer][2018-01-08 11:37:52,541][INFO] - ohlc histo file saved for XXMRZEUR.
[historizer][2018-01-08 11:37:54,249][INFO] - ohlc histo file saved for XLTCZEUR.
[historizer][2018-01-08 11:38:10,588][ERROR] - ''
[historizer][2018-01-08 11:38:10,592][ERROR] - Problem while requesting data. Re-attempting (nb 1)
[historizer][2018-01-08 11:38:10,592][INFO] - starting importing histo data for XXBTZEUR.
[historizer][2018-01-08 11:38:12,583][INFO] - ohlc histo file saved for XXRPZEUR.
[historizer][2018-01-08 11:38:13,332][INFO] - ohlc histo file saved for XETHZEUR.
[historizer][2018-01-08 11:38:22,439][INFO] - ohlc histo file saved for DASHEUR.
[historizer][2018-01-08 11:38:24,654][INFO] - ohlc histo file saved for XREPZEUR.
[historizer][2018-01-08 11:38:40,312][ERROR] - ''
[historizer][2018-01-08 11:38:40,313][ERROR] - Problem while requesting data. Re-attempting (nb 1)
[historizer][2018-01-08 11:38:40,314][INFO] - starting importing histo data for BCHEUR.
[historizer][2018-01-08 11:38:42,128][INFO] - ohlc histo file saved for XETCZEUR.
[historizer][2018-01-08 11:38:43,730][INFO] - ohlc histo file saved for XXBTZEUR.
[historizer][2018-01-08 11:38:45,792][INFO] - ohlc histo file saved for BCHEUR.
[historizer][2018-01-08 11:38:45,798][INFO] - End historization
[historizer][2018-01-08 13:38:49,552][INFO] - Starting historization
[historizer][2018-01-08 13:38:49,555][INFO] - settings : log_dir=/Users/Chafik/workspace/python/my_projects/crypto_currency/tradox/logs/histo/, histo_dir=/Users/Chafik/workspace/python/my_projects/crypto_currency/tradox/data/histo/, quote_ccy=ZEUR
[historizer][2018-01-08 15:39:23,558][INFO] - Starting historization
[historizer][2018-01-08 15:39:23,561][INFO] - settings : log_dir=/Users/Chafik/workspace/python/my_projects/crypto_currency/tradox/logs/histo/, histo_dir=/Users/Chafik/workspace/python/my_projects/crypto_currency/tradox/data/histo/, quote_ccy=ZEUR
[historizer][2018-01-08 15:39:27,098][INFO] - starting importing histo data for XZECZEUR.
[historizer][2018-01-08 15:39:27,100][INFO] - starting importing histo data for XLTCZEUR.
[historizer][2018-01-08 15:39:27,101][INFO] - starting importing histo data for XXMRZEUR.
[historizer][2018-01-08 15:39:27,103][INFO] - starting importing histo data for XXBTZEUR.
[historizer][2018-01-08 15:39:27,114][INFO] - starting importing histo data for XETHZEUR.
[historizer][2018-01-08 15:39:27,114][INFO] - starting importing histo data for XXRPZEUR.
[historizer][2018-01-08 15:39:27,123][INFO] - starting importing histo data for DASHEUR.
[historizer][2018-01-08 15:39:27,129][INFO] - starting importing histo data for XREPZEUR.
[historizer][2018-01-08 15:39:27,131][INFO] - starting importing histo data for BCHEUR.
[historizer][2018-01-08 15:39:27,131][INFO] - starting importing histo data for XETCZEUR.
[historizer][2018-01-08 15:39:30,691][INFO] - ohlc histo file saved for XZECZEUR.
[historizer][2018-01-08 15:39:39,007][INFO] - ohlc histo file saved for XLTCZEUR.
[historizer][2018-01-08 15:39:55,685][INFO] - ohlc histo file saved for XXMRZEUR.
[historizer][2018-01-08 15:40:06,535][INFO] - ohlc histo file saved for XXBTZEUR.
[historizer][2018-01-08 15:40:15,208][INFO] - ohlc histo file saved for XETHZEUR.
[historizer][2018-01-08 15:40:49,414][INFO] - ohlc histo file saved for DASHEUR.
[historizer][2018-01-08 15:40:55,083][INFO] - ohlc histo file saved for XREPZEUR.
[historizer][2018-01-08 15:41:03,230][INFO] - ohlc histo file saved for XETCZEUR.
[historizer][2018-01-08 15:41:08,510][INFO] - ohlc histo file saved for BCHEUR.
[historizer][2018-01-08 15:41:08,517][INFO] - End historization
[historizer][2018-01-08 17:41:12,302][INFO] - Starting historization
[historizer][2018-01-08 17:41:12,305][INFO] - settings : log_dir=/Users/Chafik/workspace/python/my_projects/crypto_currency/tradox/logs/histo/, histo_dir=/Users/Chafik/workspace/python/my_projects/crypto_currency/tradox/data/histo/, quote_ccy=ZEUR
[historizer][2018-01-08 17:41:34,916][INFO] - starting importing histo data for XLTCZEUR.
[historizer][2018-01-08 17:41:34,918][INFO] - starting importing histo data for XXMRZEUR.
[historizer][2018-01-08 17:41:34,915][INFO] - starting importing histo data for XZECZEUR.
[historizer][2018-01-08 17:41:34,925][INFO] - starting importing histo data for XXBTZEUR.
[historizer][2018-01-08 17:41:34,926][INFO] - starting importing histo data for XXRPZEUR.
[historizer][2018-01-08 17:41:34,926][INFO] - starting importing histo data for XETHZEUR.
[historizer][2018-01-08 17:41:34,932][INFO] - starting importing histo data for DASHEUR.
[historizer][2018-01-08 17:41:34,936][INFO] - starting importing histo data for XREPZEUR.
[historizer][2018-01-08 17:41:34,939][INFO] - starting importing histo data for BCHEUR.
[historizer][2018-01-08 17:41:34,944][INFO] - starting importing histo data for XETCZEUR.
[historizer][2018-01-08 17:41:53,706][ERROR] - ''
[historizer][2018-01-08 17:41:53,709][ERROR] - Problem while requesting data. Re-attempting (nb 1)
[historizer][2018-01-08 17:41:53,710][INFO] - starting importing histo data for XLTCZEUR.
[historizer][2018-01-08 17:41:58,068][ERROR] - ''
[historizer][2018-01-08 17:41:58,069][ERROR] - Problem while requesting data. Re-attempting (nb 1)
[historizer][2018-01-08 17:41:58,070][INFO] - starting importing histo data for XXMRZEUR.
[historizer][2018-01-08 17:42:06,336][INFO] - ohlc histo file saved for XZECZEUR.
[historizer][2018-01-08 17:42:30,163][ERROR] - ''
[historizer][2018-01-08 17:42:30,166][ERROR] - Problem while requesting data. Re-attempting (nb 1)
[historizer][2018-01-08 17:42:30,168][INFO] - starting importing histo data for XXBTZEUR.
[historizer][2018-01-08 17:42:40,670][INFO] - ohlc histo file saved for XXRPZEUR.
[historizer][2018-01-08 17:42:46,966][INFO] - ohlc histo file saved for XETHZEUR.
[historizer][2018-01-08 17:42:49,058][ERROR] - ''
[historizer][2018-01-08 17:42:49,059][ERROR] - Problem while requesting data. Re-attempting (nb 1)
[historizer][2018-01-08 17:42:49,060][INFO] - starting importing histo data for DASHEUR.
[historizer][2018-01-08 17:42:53,605][INFO] - ohlc histo file saved for XREPZEUR.
[historizer][2018-01-08 17:42:57,410][INFO] - ohlc histo file saved for BCHEUR.
[historizer][2018-01-08 17:43:16,001][ERROR] - ''
[historizer][2018-01-08 17:43:16,002][ERROR] - Problem while requesting data. Re-attempting (nb 1)
[historizer][2018-01-08 17:43:16,003][INFO] - starting importing histo data for XETCZEUR.
[historizer][2018-01-08 17:43:20,031][INFO] - ohlc histo file saved for XLTCZEUR.
[historizer][2018-01-08 17:43:38,051][ERROR] - ''
[historizer][2018-01-08 17:43:38,052][ERROR] - Problem while requesting data. Re-attempting (nb 2)
[historizer][2018-01-08 17:43:38,053][INFO] - starting importing histo data for XXMRZEUR.
[historizer][2018-01-08 17:43:48,968][INFO] - ohlc histo file saved for XXBTZEUR.
[historizer][2018-01-08 17:43:52,544][INFO] - ohlc histo file saved for DASHEUR.
[historizer][2018-01-08 17:43:58,323][INFO] - ohlc histo file saved for XETCZEUR.
[historizer][2018-01-08 17:44:01,853][ERROR] - ''
[historizer][2018-01-08 17:44:01,854][ERROR] - Problem while requesting data. Re-attempting (nb 3)
[historizer][2018-01-08 17:44:01,855][INFO] - starting importing histo data for XXMRZEUR.
[historizer][2018-01-08 17:44:32,532][INFO] - End historization
[historizer][2018-01-08 19:44:36,302][INFO] - Starting historization
[historizer][2018-01-08 19:44:36,305][INFO] - settings : log_dir=/Users/Chafik/workspace/python/my_projects/crypto_currency/tradox/logs/histo/, histo_dir=/Users/Chafik/workspace/python/my_projects/crypto_currency/tradox/data/histo/, quote_ccy=ZEUR
[historizer][2018-01-08 19:44:43,182][INFO] - starting importing histo data for XZECZEUR.
[historizer][2018-01-08 19:44:43,183][INFO] - starting importing histo data for XXMRZEUR.
[historizer][2018-01-08 19:44:43,185][INFO] - starting importing histo data for XXBTZEUR.
[historizer][2018-01-08 19:44:43,183][INFO] - starting importing histo data for XLTCZEUR.
[historizer][2018-01-08 19:44:43,194][INFO] - starting importing histo data for XXRPZEUR.
[historizer][2018-01-08 19:44:43,193][INFO] - starting importing histo data for XETHZEUR.
[historizer][2018-01-08 19:44:43,196][INFO] - starting importing histo data for DASHEUR.
[historizer][2018-01-08 19:44:43,201][INFO] - starting importing histo data for XREPZEUR.
[historizer][2018-01-08 19:44:43,202][INFO] - starting importing histo data for BCHEUR.
[historizer][2018-01-08 19:44:43,203][INFO] - starting importing histo data for XETCZEUR.
[historizer][2018-01-08 19:44:47,937][INFO] - ohlc histo file saved for XZECZEUR.
[historizer][2018-01-08 19:45:05,470][ERROR] - ''
[historizer][2018-01-08 19:45:05,471][ERROR] - Problem while requesting data. Re-attempting (nb 1)
[historizer][2018-01-08 19:45:05,472][INFO] - starting importing histo data for XXMRZEUR.
[historizer][2018-01-08 19:45:09,702][INFO] - ohlc histo file saved for XLTCZEUR.
[historizer][2018-01-08 19:45:14,800][INFO] - ohlc histo file saved for XXBTZEUR.
[historizer][2018-01-08 19:45:20,217][INFO] - ohlc histo file saved for XXRPZEUR.
[historizer][2018-01-08 19:45:41,236][ERROR] - ''
[historizer][2018-01-08 19:45:41,238][ERROR] - Problem while requesting data. Re-attempting (nb 1)
[historizer][2018-01-08 19:45:41,239][INFO] - starting importing histo data for XETHZEUR.
[historizer][2018-01-08 19:46:32,390][ERROR] - ''
[historizer][2018-01-08 19:46:32,390][ERROR] - Problem while requesting data. Re-attempting (nb 1)
[historizer][2018-01-08 19:46:32,391][INFO] - starting importing histo data for XREPZEUR.
[historizer][2018-01-08 19:46:36,368][ERROR] - ''
[historizer][2018-01-08 19:46:36,370][ERROR] - Problem while requesting data. Re-attempting (nb 1)
[historizer][2018-01-08 19:46:36,370][INFO] - starting importing histo data for BCHEUR.
[historizer][2018-01-08 19:46:41,137][ERROR] - ''
[historizer][2018-01-08 19:46:41,138][ERROR] - Problem while requesting data. Re-attempting (nb 1)
[historizer][2018-01-08 19:46:41,139][INFO] - starting importing histo data for XETCZEUR.
[historizer][2018-01-08 19:46:56,602][ERROR] - ''
[historizer][2018-01-08 19:46:56,602][ERROR] - Problem while requesting data. Re-attempting (nb 2)
[historizer][2018-01-08 19:46:56,603][INFO] - starting importing histo data for XXMRZEUR.
[historizer][2018-01-08 19:47:14,393][ERROR] - ''
[historizer][2018-01-08 19:47:14,393][ERROR] - Problem while requesting data. Re-attempting (nb 2)
[historizer][2018-01-08 19:47:14,394][INFO] - starting importing histo data for XETHZEUR.
[historizer][2018-01-08 19:47:22,549][INFO] - ohlc histo file saved for XREPZEUR.
[historizer][2018-01-08 19:47:25,830][ERROR] - ''
[historizer][2018-01-08 19:47:25,831][ERROR] - Problem while requesting data. Re-attempting (nb 2)
[historizer][2018-01-08 19:47:25,832][INFO] - starting importing histo data for BCHEUR.
[historizer][2018-01-08 19:47:30,673][INFO] - ohlc histo file saved for XETCZEUR.
[historizer][2018-01-08 19:47:34,372][INFO] - ohlc histo file saved for XXMRZEUR.
[historizer][2018-01-08 19:47:38,835][INFO] - ohlc histo file saved for XETHZEUR.
[historizer][2018-01-08 19:47:53,955][ERROR] - ''
[historizer][2018-01-08 19:47:53,956][ERROR] - Problem while requesting data. Re-attempting (nb 3)
[historizer][2018-01-08 19:47:53,957][INFO] - starting importing histo data for BCHEUR.
[historizer][2018-01-08 19:48:00,652][INFO] - ohlc histo file saved for BCHEUR.
[historizer][2018-01-08 19:48:00,658][INFO] - End historization
[historizer][2018-01-08 21:48:04,467][INFO] - Starting historization
[historizer][2018-01-08 21:48:04,470][INFO] - settings : log_dir=/Users/Chafik/workspace/python/my_projects/crypto_currency/tradox/logs/histo/, histo_dir=/Users/Chafik/workspace/python/my_projects/crypto_currency/tradox/data/histo/, quote_ccy=ZEUR
[historizer][2018-01-08 21:48:07,227][INFO] - starting importing histo data for XXMRZEUR.
[historizer][2018-01-08 21:48:07,227][INFO] - starting importing histo data for XZECZEUR.
[historizer][2018-01-08 21:48:07,227][INFO] - starting importing histo data for XLTCZEUR.
[historizer][2018-01-08 21:48:07,245][INFO] - starting importing histo data for XETHZEUR.
[historizer][2018-01-08 21:48:07,249][INFO] - starting importing histo data for XXBTZEUR.
[historizer][2018-01-08 21:48:07,256][INFO] - starting importing histo data for XXRPZEUR.
[historizer][2018-01-08 21:48:07,261][INFO] - starting importing histo data for DASHEUR.
[historizer][2018-01-08 21:48:07,273][INFO] - starting importing histo data for BCHEUR.
[historizer][2018-01-08 21:48:07,278][INFO] - starting importing histo data for XREPZEUR.
[historizer][2018-01-08 21:48:07,279][INFO] - starting importing histo data for XETCZEUR.
[historizer][2018-01-08 21:48:12,369][INFO] - ohlc histo file saved for XXMRZEUR.
[historizer][2018-01-08 21:48:15,888][INFO] - ohlc histo file saved for XZECZEUR.
[historizer][2018-01-08 21:48:19,665][INFO] - ohlc histo file saved for XLTCZEUR.
[historizer][2018-01-08 21:48:22,361][INFO] - ohlc histo file saved for XETHZEUR.
[historizer][2018-01-08 21:48:24,680][ERROR] - ''
[historizer][2018-01-08 21:48:24,681][ERROR] - Problem while requesting data. Re-attempting (nb 1)
[historizer][2018-01-08 21:48:24,682][INFO] - starting importing histo data for XXBTZEUR.
[historizer][2018-01-08 21:48:29,010][INFO] - ohlc histo file saved for XXRPZEUR.
[historizer][2018-01-08 21:48:43,379][INFO] - ohlc histo file saved for DASHEUR.
[historizer][2018-01-08 21:48:51,499][INFO] - ohlc histo file saved for BCHEUR.
[historizer][2018-01-08 21:48:55,808][INFO] - ohlc histo file saved for XREPZEUR.
[historizer][2018-01-08 21:49:01,162][INFO] - ohlc histo file saved for XETCZEUR.
[historizer][2018-01-08 21:49:19,351][ERROR] - ''
[historizer][2018-01-08 21:49:19,352][ERROR] - Problem while requesting data. Re-attempting (nb 2)
[historizer][2018-01-08 21:49:19,352][INFO] - starting importing histo data for XXBTZEUR.
[historizer][2018-01-08 21:49:49,996][INFO] - End historization
[historizer][2018-01-08 22:00:23,349][INFO] - Starting historization
[historizer][2018-01-08 22:00:23,353][INFO] - settings : log_dir=/Users/Chafik/workspace/python/my_projects/crypto_currency/tradox/logs/histo/, histo_dir=/Users/Chafik/workspace/python/my_projects/crypto_currency/tradox/data/histo/, quote_ccy=ZEUR
[historizer][2018-01-08 22:00:26,562][INFO] - starting importing histo data for XZECZEUR.
[historizer][2018-01-08 22:00:26,564][INFO] - starting importing histo data for XLTCZEUR.
[historizer][2018-01-08 22:00:26,565][INFO] - starting importing histo data for XXBTZEUR.
[historizer][2018-01-08 22:00:26,566][INFO] - starting importing histo data for XXMRZEUR.
[historizer][2018-01-08 22:00:26,572][INFO] - starting importing histo data for XETHZEUR.
[historizer][2018-01-08 22:00:26,576][INFO] - starting importing histo data for DASHEUR.
[historizer][2018-01-08 22:00:26,578][INFO] - starting importing histo data for XXRPZEUR.
[historizer][2018-01-08 22:00:26,582][INFO] - starting importing histo data for XREPZEUR.
[historizer][2018-01-08 22:00:26,584][INFO] - starting importing histo data for BCHEUR.
[historizer][2018-01-08 22:00:26,586][INFO] - starting importing histo data for XETCZEUR.
[historizer][2018-01-08 22:00:30,318][ERROR] - ''
[historizer][2018-01-08 22:00:30,319][ERROR] - Problem while requesting data. Re-attempting (nb 1)
[historizer][2018-01-08 22:00:30,320][INFO] - starting importing histo data for XZECZEUR.
[historizer][2018-01-08 22:00:37,840][INFO] - ohlc histo file saved for XLTCZEUR.
[historizer][2018-01-08 22:00:41,698][INFO] - ohlc histo file saved for XXMRZEUR.
[historizer][2018-01-08 22:00:44,548][ERROR] - ''
[historizer][2018-01-08 22:00:44,549][ERROR] - Problem while requesting data. Re-attempting (nb 1)
[historizer][2018-01-08 22:00:44,550][INFO] - starting importing histo data for XXBTZEUR.
[historizer][2018-01-08 22:01:05,895][ERROR] - ''
[historizer][2018-01-08 22:01:05,896][ERROR] - Problem while requesting data. Re-attempting (nb 1)
[historizer][2018-01-08 22:01:05,897][INFO] - starting importing histo data for XETHZEUR.
[historizer][2018-01-08 22:01:13,876][INFO] - ohlc histo file saved for DASHEUR.
[historizer][2018-01-08 22:01:31,868][ERROR] - ''
[historizer][2018-01-08 22:01:31,871][ERROR] - Problem while requesting data. Re-attempting (nb 1)
[historizer][2018-01-08 22:01:31,873][INFO] - starting importing histo data for XXRPZEUR.
[historizer][2018-01-08 22:01:36,667][INFO] - ohlc histo file saved for XREPZEUR.
[historizer][2018-01-08 22:01:46,655][INFO] - ohlc histo file saved for BCHEUR.
[historizer][2018-01-08 22:01:48,938][ERROR] - ''
[historizer][2018-01-08 22:01:48,939][ERROR] - Problem while requesting data. Re-attempting (nb 1)
[historizer][2018-01-08 22:01:48,941][INFO] - starting importing histo data for XETCZEUR.
[historizer][2018-01-08 22:02:23,490][INFO] - ohlc histo file saved for XXBTZEUR.
[historizer][2018-01-08 22:02:28,120][INFO] - ohlc histo file saved for XETHZEUR.
[historizer][2018-01-08 22:02:31,174][INFO] - ohlc histo file saved for XXRPZEUR.
[historizer][2018-01-08 22:02:33,324][ERROR] - ''
[historizer][2018-01-08 22:02:33,325][ERROR] - Problem while requesting data. Re-attempting (nb 2)
[historizer][2018-01-08 22:02:33,325][INFO] - starting importing histo data for XETCZEUR.
[historizer][2018-01-08 22:03:04,473][INFO] - End historization
