[historizer][2018-01-18 00:36:04,113][INFO] - Starting historization
[historizer][2018-01-18 00:36:04,113][INFO] - settings : log_dir=/Users/Chafik/workspace/python/my_projects/crypto_currency/tradox/logs/histo/, histo_dir=/Users/Chafik/workspace/python/my_projects/crypto_currency/tradox/data/histo/, quote_ccy=ZEUR
[historizer][2018-01-18 00:36:05,084][INFO] - starting importing histo data for XZECZEUR.
[historizer][2018-01-18 00:36:05,086][INFO] - starting importing histo data for XLTCZEUR.
[historizer][2018-01-18 00:36:05,088][INFO] - starting importing histo data for XXMRZEUR.
[historizer][2018-01-18 00:36:05,097][INFO] - starting importing histo data for XETHZEUR.
[historizer][2018-01-18 00:36:05,097][INFO] - starting importing histo data for XXRPZEUR.
[historizer][2018-01-18 00:36:05,093][INFO] - starting importing histo data for XXBTZEUR.
[historizer][2018-01-18 00:36:05,104][INFO] - starting importing histo data for XREPZEUR.
[historizer][2018-01-18 00:36:05,104][INFO] - starting importing histo data for DASHEUR.
[historizer][2018-01-18 00:36:05,112][INFO] - starting importing histo data for BCHEUR.
[historizer][2018-01-18 00:36:05,114][INFO] - starting importing histo data for XETCZEUR.
[historizer][2018-01-18 00:36:10,366][INFO] - ohlc histo file saved for XZECZEUR.
[historizer][2018-01-18 00:36:12,541][INFO] - ohlc histo file saved for XLTCZEUR.
[historizer][2018-01-18 00:36:14,845][INFO] - ohlc histo file saved for XXMRZEUR.
[historizer][2018-01-18 00:36:16,989][INFO] - ohlc histo file saved for XETHZEUR.
[historizer][2018-01-18 00:36:20,207][INFO] - ohlc histo file saved for XXRPZEUR.
[historizer][2018-01-18 00:36:22,996][INFO] - ohlc histo file saved for XXBTZEUR.
[historizer][2018-01-18 00:36:25,009][INFO] - ohlc histo file saved for XREPZEUR.
[historizer][2018-01-18 00:36:26,663][INFO] - ohlc histo file saved for DASHEUR.
[historizer][2018-01-18 00:36:28,685][INFO] - ohlc histo file saved for BCHEUR.
[historizer][2018-01-18 00:36:30,972][INFO] - ohlc histo file saved for XETCZEUR.
[historizer][2018-01-18 00:36:30,978][INFO] - End historization
[historizer][2018-01-18 02:36:35,103][INFO] - Starting historization
[historizer][2018-01-18 02:36:35,106][INFO] - settings : log_dir=/Users/Chafik/workspace/python/my_projects/crypto_currency/tradox/logs/histo/, histo_dir=/Users/Chafik/workspace/python/my_projects/crypto_currency/tradox/data/histo/, quote_ccy=ZEUR
[historizer][2018-01-18 02:36:36,610][INFO] - starting importing histo data for XLTCZEUR.
[historizer][2018-01-18 02:36:36,615][INFO] - starting importing histo data for XXMRZEUR.
[historizer][2018-01-18 02:36:36,608][INFO] - starting importing histo data for XZECZEUR.
[historizer][2018-01-18 02:36:36,624][INFO] - starting importing histo data for XXRPZEUR.
[historizer][2018-01-18 02:36:36,623][INFO] - starting importing histo data for XXBTZEUR.
[historizer][2018-01-18 02:36:36,622][INFO] - starting importing histo data for XETHZEUR.
[historizer][2018-01-18 02:36:36,634][INFO] - starting importing histo data for DASHEUR.
[historizer][2018-01-18 02:36:36,635][INFO] - starting importing histo data for XREPZEUR.
[historizer][2018-01-18 02:36:36,642][INFO] - starting importing histo data for BCHEUR.
[historizer][2018-01-18 02:36:36,646][INFO] - starting importing histo data for XETCZEUR.
[historizer][2018-01-18 02:36:40,670][INFO] - ohlc histo file saved for XLTCZEUR.
[historizer][2018-01-18 02:36:42,478][INFO] - ohlc histo file saved for XXMRZEUR.
[historizer][2018-01-18 02:36:43,982][INFO] - ohlc histo file saved for XZECZEUR.
[historizer][2018-01-18 02:36:45,284][INFO] - ohlc histo file saved for XXRPZEUR.
[historizer][2018-01-18 02:36:46,502][INFO] - ohlc histo file saved for XXBTZEUR.
[historizer][2018-01-18 02:36:47,275][ERROR] - ''
[historizer][2018-01-18 02:36:47,276][ERROR] - Problem while requesting data. Re-attempting (nb 1)
[historizer][2018-01-18 02:36:47,277][INFO] - starting importing histo data for XETHZEUR.
[historizer][2018-01-18 02:36:49,391][INFO] - ohlc histo file saved for DASHEUR.
[historizer][2018-01-18 02:36:50,482][INFO] - ohlc histo file saved for XREPZEUR.
[historizer][2018-01-18 02:36:52,061][INFO] - ohlc histo file saved for BCHEUR.
[historizer][2018-01-18 02:36:53,642][INFO] - ohlc histo file saved for XETCZEUR.
[historizer][2018-01-18 02:36:55,352][INFO] - ohlc histo file saved for XETHZEUR.
[historizer][2018-01-18 02:36:55,358][INFO] - End historization
[historizer][2018-01-18 04:36:59,275][INFO] - Starting historization
[historizer][2018-01-18 04:36:59,278][INFO] - settings : log_dir=/Users/Chafik/workspace/python/my_projects/crypto_currency/tradox/logs/histo/, histo_dir=/Users/Chafik/workspace/python/my_projects/crypto_currency/tradox/data/histo/, quote_ccy=ZEUR
[historizer][2018-01-18 04:37:00,489][INFO] - starting importing histo data for XZECZEUR.
[historizer][2018-01-18 04:37:00,491][INFO] - starting importing histo data for XLTCZEUR.
[historizer][2018-01-18 04:37:00,496][INFO] - starting importing histo data for XXMRZEUR.
[historizer][2018-01-18 04:37:00,500][INFO] - starting importing histo data for XETHZEUR.
[historizer][2018-01-18 04:37:00,508][INFO] - starting importing histo data for XXBTZEUR.
[historizer][2018-01-18 04:37:00,511][INFO] - starting importing histo data for XXRPZEUR.
[historizer][2018-01-18 04:37:00,516][INFO] - starting importing histo data for XREPZEUR.
[historizer][2018-01-18 04:37:00,516][INFO] - starting importing histo data for DASHEUR.
[historizer][2018-01-18 04:37:00,523][INFO] - starting importing histo data for BCHEUR.
[historizer][2018-01-18 04:37:00,524][INFO] - starting importing histo data for XETCZEUR.
[historizer][2018-01-18 04:37:05,181][INFO] - ohlc histo file saved for XZECZEUR.
[historizer][2018-01-18 04:37:07,319][INFO] - ohlc histo file saved for XLTCZEUR.
[historizer][2018-01-18 04:37:08,911][INFO] - ohlc histo file saved for XXMRZEUR.
[historizer][2018-01-18 04:37:10,878][INFO] - ohlc histo file saved for XETHZEUR.
[historizer][2018-01-18 04:37:12,793][INFO] - ohlc histo file saved for XXBTZEUR.
[historizer][2018-01-18 04:37:15,156][INFO] - ohlc histo file saved for XXRPZEUR.
[historizer][2018-01-18 04:37:16,694][INFO] - ohlc histo file saved for XREPZEUR.
[historizer][2018-01-18 04:37:18,118][INFO] - ohlc histo file saved for DASHEUR.
[historizer][2018-01-18 04:37:19,526][INFO] - ohlc histo file saved for BCHEUR.
[historizer][2018-01-18 04:37:21,876][INFO] - ohlc histo file saved for XETCZEUR.
[historizer][2018-01-18 04:37:21,883][INFO] - End historization
[historizer][2018-01-18 06:37:25,764][INFO] - Starting historization
[historizer][2018-01-18 06:37:25,767][INFO] - settings : log_dir=/Users/Chafik/workspace/python/my_projects/crypto_currency/tradox/logs/histo/, histo_dir=/Users/Chafik/workspace/python/my_projects/crypto_currency/tradox/data/histo/, quote_ccy=ZEUR
[historizer][2018-01-18 06:37:45,358][INFO] - starting importing histo data for XZECZEUR.
[historizer][2018-01-18 06:37:45,360][INFO] - starting importing histo data for XXMRZEUR.
[historizer][2018-01-18 06:37:45,362][INFO] - starting importing histo data for XXBTZEUR.
[historizer][2018-01-18 06:37:45,362][INFO] - starting importing histo data for XLTCZEUR.
[historizer][2018-01-18 06:37:45,371][INFO] - starting importing histo data for XETHZEUR.
[historizer][2018-01-18 06:37:45,375][INFO] - starting importing histo data for XXRPZEUR.
[historizer][2018-01-18 06:37:45,379][INFO] - starting importing histo data for DASHEUR.
[historizer][2018-01-18 06:37:45,388][INFO] - starting importing histo data for XREPZEUR.
[historizer][2018-01-18 06:37:45,391][INFO] - starting importing histo data for BCHEUR.
[historizer][2018-01-18 06:37:45,392][INFO] - starting importing histo data for XETCZEUR.
[historizer][2018-01-18 06:37:49,522][ERROR] - ''
[historizer][2018-01-18 06:37:49,523][ERROR] - Problem while requesting data. Re-attempting (nb 1)
[historizer][2018-01-18 06:37:49,524][INFO] - starting importing histo data for XZECZEUR.
[historizer][2018-01-18 06:38:04,242][INFO] - ohlc histo file saved for XXMRZEUR.
[historizer][2018-01-18 06:38:14,037][ERROR] - ''
[historizer][2018-01-18 06:38:14,040][ERROR] - Problem while requesting data. Re-attempting (nb 1)
[historizer][2018-01-18 06:38:14,042][INFO] - starting importing histo data for XXBTZEUR.
[historizer][2018-01-18 06:38:15,304][ERROR] - ''
[historizer][2018-01-18 06:38:15,305][ERROR] - Problem while requesting data. Re-attempting (nb 1)
[historizer][2018-01-18 06:38:15,306][INFO] - starting importing histo data for XLTCZEUR.
[historizer][2018-01-18 06:38:17,347][ERROR] - ''
[historizer][2018-01-18 06:38:17,348][ERROR] - Problem while requesting data. Re-attempting (nb 1)
[historizer][2018-01-18 06:38:17,349][INFO] - starting importing histo data for XETHZEUR.
[historizer][2018-01-18 06:38:19,149][ERROR] - ''
[historizer][2018-01-18 06:38:19,150][ERROR] - Problem while requesting data. Re-attempting (nb 1)
[historizer][2018-01-18 06:38:19,151][INFO] - starting importing histo data for XXRPZEUR.
[historizer][2018-01-18 06:38:25,459][ERROR] - ''
[historizer][2018-01-18 06:38:25,462][ERROR] - Problem while requesting data. Re-attempting (nb 1)
[historizer][2018-01-18 06:38:25,463][INFO] - starting importing histo data for DASHEUR.
[historizer][2018-01-18 06:38:44,066][ERROR] - ''
[historizer][2018-01-18 06:38:44,067][ERROR] - Problem while requesting data. Re-attempting (nb 1)
[historizer][2018-01-18 06:38:44,068][INFO] - starting importing histo data for XREPZEUR.
[historizer][2018-01-18 06:38:45,214][ERROR] - ''
[historizer][2018-01-18 06:38:45,215][ERROR] - Problem while requesting data. Re-attempting (nb 1)
[historizer][2018-01-18 06:38:45,216][INFO] - starting importing histo data for BCHEUR.
[historizer][2018-01-18 06:38:55,745][INFO] - ohlc histo file saved for XETCZEUR.
[historizer][2018-01-18 06:39:12,705][ERROR] - ''
[historizer][2018-01-18 06:39:12,706][ERROR] - Problem while requesting data. Re-attempting (nb 2)
[historizer][2018-01-18 06:39:12,706][INFO] - starting importing histo data for XZECZEUR.
[historizer][2018-01-18 06:39:14,341][ERROR] - ''
[historizer][2018-01-18 06:39:14,342][ERROR] - Problem while requesting data. Re-attempting (nb 2)
[historizer][2018-01-18 06:39:14,343][INFO] - starting importing histo data for XXBTZEUR.
[historizer][2018-01-18 06:39:15,943][ERROR] - ''
[historizer][2018-01-18 06:39:15,945][ERROR] - Problem while requesting data. Re-attempting (nb 2)
[historizer][2018-01-18 06:39:15,946][INFO] - starting importing histo data for XLTCZEUR.
[historizer][2018-01-18 06:39:17,956][ERROR] - ''
[historizer][2018-01-18 06:39:17,957][ERROR] - Problem while requesting data. Re-attempting (nb 2)
[historizer][2018-01-18 06:39:17,959][INFO] - starting importing histo data for XETHZEUR.
[historizer][2018-01-18 06:39:23,755][INFO] - ohlc histo file saved for XXRPZEUR.
[historizer][2018-01-18 06:39:25,453][ERROR] - ''
[historizer][2018-01-18 06:39:25,454][ERROR] - Problem while requesting data. Re-attempting (nb 2)
[historizer][2018-01-18 06:39:25,455][INFO] - starting importing histo data for DASHEUR.
[historizer][2018-01-18 06:39:26,865][ERROR] - ''
[historizer][2018-01-18 06:39:26,866][ERROR] - Problem while requesting data. Re-attempting (nb 2)
[historizer][2018-01-18 06:39:26,867][INFO] - starting importing histo data for XREPZEUR.
[historizer][2018-01-18 06:39:28,477][ERROR] - ''
[historizer][2018-01-18 06:39:28,478][ERROR] - Problem while requesting data. Re-attempting (nb 2)
[historizer][2018-01-18 06:39:28,478][INFO] - starting importing histo data for BCHEUR.
[historizer][2018-01-18 06:39:29,851][ERROR] - ''
[historizer][2018-01-18 06:39:29,852][ERROR] - Problem while requesting data. Re-attempting (nb 3)
[historizer][2018-01-18 06:39:29,853][INFO] - starting importing histo data for XZECZEUR.
[historizer][2018-01-18 06:39:37,119][ERROR] - ''
[historizer][2018-01-18 06:39:37,122][ERROR] - Problem while requesting data. Re-attempting (nb 3)
[historizer][2018-01-18 06:39:37,123][INFO] - starting importing histo data for XXBTZEUR.
[historizer][2018-01-18 06:39:38,066][ERROR] - ''
[historizer][2018-01-18 06:39:38,067][ERROR] - Problem while requesting data. Re-attempting (nb 3)
[historizer][2018-01-18 06:39:38,068][INFO] - starting importing histo data for XLTCZEUR.
[historizer][2018-01-18 06:39:45,684][INFO] - ohlc histo file saved for XETHZEUR.
[historizer][2018-01-18 06:39:52,301][INFO] - ohlc histo file saved for DASHEUR.
[historizer][2018-01-18 06:39:52,684][ERROR] - ''
[historizer][2018-01-18 06:39:52,685][ERROR] - Problem while requesting data. Re-attempting (nb 3)
[historizer][2018-01-18 06:39:52,686][INFO] - starting importing histo data for XREPZEUR.
[historizer][2018-01-18 06:39:53,607][ERROR] - ''
[historizer][2018-01-18 06:39:53,608][ERROR] - Problem while requesting data. Re-attempting (nb 3)
[historizer][2018-01-18 06:39:53,608][INFO] - starting importing histo data for BCHEUR.
[historizer][2018-01-18 06:39:54,226][ERROR] - ''
[historizer][2018-01-18 06:39:54,227][ERROR] - Problem while requesting data. Re-attempting (nb 4)
[historizer][2018-01-18 06:39:54,228][INFO] - starting importing histo data for XZECZEUR.
[historizer][2018-01-18 06:39:55,574][ERROR] - ''
[historizer][2018-01-18 06:39:55,575][ERROR] - Problem while requesting data. Re-attempting (nb 4)
[historizer][2018-01-18 06:39:55,576][INFO] - starting importing histo data for XXBTZEUR.
[historizer][2018-01-18 06:39:59,156][ERROR] - ''
[historizer][2018-01-18 06:39:59,157][ERROR] - Problem while requesting data. Re-attempting (nb 4)
[historizer][2018-01-18 06:39:59,158][INFO] - starting importing histo data for XLTCZEUR.
[historizer][2018-01-18 06:40:30,506][ERROR] - ''
[historizer][2018-01-18 06:40:30,507][ERROR] - Problem while requesting data. Re-attempting (nb 4)
[historizer][2018-01-18 06:40:30,508][INFO] - starting importing histo data for BCHEUR.
[historizer][2018-01-18 06:40:33,135][ERROR] - ''
[historizer][2018-01-18 06:40:33,136][ERROR] - Problem while requesting data. Re-attempting (nb 5)
[historizer][2018-01-18 06:40:33,137][INFO] - starting importing histo data for XZECZEUR.
[historizer][2018-01-18 06:40:33,850][ERROR] - ''
[historizer][2018-01-18 06:40:33,851][ERROR] - Problem while requesting data. Re-attempting (nb 5)
[historizer][2018-01-18 06:40:33,851][INFO] - starting importing histo data for XXBTZEUR.
[historizer][2018-01-18 06:41:06,338][ERROR] - ''
[historizer][2018-01-18 06:41:06,341][ERROR] - Problem while requesting data. Re-attempting (nb 5)
[historizer][2018-01-18 06:41:06,342][INFO] - starting importing histo data for BCHEUR.
[historizer][2018-01-18 06:41:10,328][ERROR] - ''
[historizer][2018-01-18 06:41:10,330][ERROR] - Reached the max nb of attempts requesting import_then_save_ohlc_for_pair! Aborting!
[historizer][2018-01-18 06:41:11,333][ERROR] - ''
[historizer][2018-01-18 06:41:11,334][ERROR] - Reached the max nb of attempts requesting import_then_save_ohlc_for_pair! Aborting!
[historizer][2018-01-18 06:41:14,113][ERROR] - ''
[historizer][2018-01-18 06:41:14,113][ERROR] - Reached the max nb of attempts requesting import_then_save_ohlc_for_pair! Aborting!
[historizer][2018-01-18 06:41:14,118][INFO] - End historization
[historizer][2018-01-18 08:41:18,379][INFO] - Starting historization
[historizer][2018-01-18 08:41:18,382][INFO] - settings : log_dir=/Users/Chafik/workspace/python/my_projects/crypto_currency/tradox/logs/histo/, histo_dir=/Users/Chafik/workspace/python/my_projects/crypto_currency/tradox/data/histo/, quote_ccy=ZEUR
[historizer][2018-01-18 08:41:19,420][INFO] - starting importing histo data for XZECZEUR.
[historizer][2018-01-18 08:41:19,421][INFO] - starting importing histo data for XLTCZEUR.
[historizer][2018-01-18 08:41:19,422][INFO] - starting importing histo data for XXMRZEUR.
[historizer][2018-01-18 08:41:19,424][INFO] - starting importing histo data for XXBTZEUR.
[historizer][2018-01-18 08:41:19,430][INFO] - starting importing histo data for XETHZEUR.
[historizer][2018-01-18 08:41:19,431][INFO] - starting importing histo data for XXRPZEUR.
[historizer][2018-01-18 08:41:19,434][INFO] - starting importing histo data for DASHEUR.
[historizer][2018-01-18 08:41:19,435][INFO] - starting importing histo data for XREPZEUR.
[historizer][2018-01-18 08:41:19,440][INFO] - starting importing histo data for BCHEUR.
[historizer][2018-01-18 08:41:19,441][INFO] - starting importing histo data for XETCZEUR.
[historizer][2018-01-18 08:41:25,740][INFO] - ohlc histo file saved for XZECZEUR.
[historizer][2018-01-18 08:41:28,016][INFO] - ohlc histo file saved for XLTCZEUR.
[historizer][2018-01-18 08:41:29,156][INFO] - ohlc histo file saved for XXMRZEUR.
[historizer][2018-01-18 08:41:32,056][INFO] - ohlc histo file saved for XXBTZEUR.
[historizer][2018-01-18 08:41:34,493][INFO] - ohlc histo file saved for XETHZEUR.
[historizer][2018-01-18 08:41:35,801][INFO] - ohlc histo file saved for XXRPZEUR.
[historizer][2018-01-18 08:41:38,980][INFO] - ohlc histo file saved for DASHEUR.
[historizer][2018-01-18 08:41:41,434][INFO] - ohlc histo file saved for XREPZEUR.
[historizer][2018-01-18 08:41:43,140][INFO] - ohlc histo file saved for BCHEUR.
[historizer][2018-01-18 08:41:45,273][INFO] - ohlc histo file saved for XETCZEUR.
[historizer][2018-01-18 08:41:45,279][INFO] - End historization
[historizer][2018-01-18 10:41:49,235][INFO] - Starting historization
[historizer][2018-01-18 10:41:49,238][INFO] - settings : log_dir=/Users/Chafik/workspace/python/my_projects/crypto_currency/tradox/logs/histo/, histo_dir=/Users/Chafik/workspace/python/my_projects/crypto_currency/tradox/data/histo/, quote_ccy=ZEUR
[historizer][2018-01-18 10:41:53,968][INFO] - starting importing histo data for XLTCZEUR.
[historizer][2018-01-18 10:41:53,973][INFO] - starting importing histo data for XXMRZEUR.
[historizer][2018-01-18 10:41:53,976][INFO] - starting importing histo data for XXBTZEUR.
[historizer][2018-01-18 10:41:53,979][INFO] - starting importing histo data for XETHZEUR.
[historizer][2018-01-18 10:41:53,989][INFO] - starting importing histo data for DASHEUR.
[historizer][2018-01-18 10:41:53,998][INFO] - starting importing histo data for BCHEUR.
[historizer][2018-01-18 10:41:53,986][INFO] - starting importing histo data for XXRPZEUR.
[historizer][2018-01-18 10:41:53,999][INFO] - starting importing histo data for XETCZEUR.
[historizer][2018-01-18 10:41:54,006][INFO] - starting importing histo data for XREPZEUR.
[historizer][2018-01-18 10:41:53,983][INFO] - starting importing histo data for XZECZEUR.
[historizer][2018-01-18 10:41:55,663][INFO] - ohlc histo file saved for XLTCZEUR.
[historizer][2018-01-18 10:41:57,223][INFO] - ohlc histo file saved for XXMRZEUR.
[historizer][2018-01-18 10:41:58,133][INFO] - ohlc histo file saved for XXBTZEUR.
[historizer][2018-01-18 10:41:59,224][INFO] - ohlc histo file saved for XETHZEUR.
[historizer][2018-01-18 10:42:01,672][INFO] - ohlc histo file saved for DASHEUR.
[historizer][2018-01-18 10:42:03,626][INFO] - ohlc histo file saved for BCHEUR.
[historizer][2018-01-18 10:42:07,643][INFO] - ohlc histo file saved for XXRPZEUR.
[historizer][2018-01-18 10:42:09,089][INFO] - ohlc histo file saved for XETCZEUR.
[historizer][2018-01-18 10:42:13,752][INFO] - ohlc histo file saved for XREPZEUR.
[historizer][2018-01-18 10:42:15,000][INFO] - ohlc histo file saved for XZECZEUR.
[historizer][2018-01-18 10:42:15,005][INFO] - End historization
[historizer][2018-01-18 12:42:19,182][INFO] - Starting historization
[historizer][2018-01-18 12:42:19,186][INFO] - settings : log_dir=/Users/Chafik/workspace/python/my_projects/crypto_currency/tradox/logs/histo/, histo_dir=/Users/Chafik/workspace/python/my_projects/crypto_currency/tradox/data/histo/, quote_ccy=ZEUR
[historizer][2018-01-18 12:42:24,484][INFO] - starting importing histo data for XLTCZEUR.
[historizer][2018-01-18 12:42:24,484][INFO] - starting importing histo data for XZECZEUR.
[historizer][2018-01-18 12:42:24,486][INFO] - starting importing histo data for XXMRZEUR.
[historizer][2018-01-18 12:42:24,489][INFO] - starting importing histo data for XXBTZEUR.
[historizer][2018-01-18 12:42:24,491][INFO] - starting importing histo data for XETHZEUR.
[historizer][2018-01-18 12:42:24,498][INFO] - starting importing histo data for XXRPZEUR.
[historizer][2018-01-18 12:42:24,501][INFO] - starting importing histo data for DASHEUR.
[historizer][2018-01-18 12:42:24,509][INFO] - starting importing histo data for BCHEUR.
[historizer][2018-01-18 12:42:24,509][INFO] - starting importing histo data for XREPZEUR.
[historizer][2018-01-18 12:42:24,510][INFO] - starting importing histo data for XETCZEUR.
[historizer][2018-01-18 12:42:28,835][INFO] - ohlc histo file saved for XLTCZEUR.
[historizer][2018-01-18 12:42:34,001][INFO] - ohlc histo file saved for XZECZEUR.
[historizer][2018-01-18 12:42:34,688][ERROR] - ''
[historizer][2018-01-18 12:42:34,688][ERROR] - Problem while requesting data. Re-attempting (nb 1)
[historizer][2018-01-18 12:42:34,689][INFO] - starting importing histo data for XXMRZEUR.
[historizer][2018-01-18 12:42:42,019][INFO] - ohlc histo file saved for XXBTZEUR.
[historizer][2018-01-18 12:42:46,631][INFO] - ohlc histo file saved for XETHZEUR.
[historizer][2018-01-18 12:42:51,588][INFO] - ohlc histo file saved for DASHEUR.
[historizer][2018-01-18 12:42:52,662][INFO] - ohlc histo file saved for XXRPZEUR.
[historizer][2018-01-18 12:42:56,378][INFO] - ohlc histo file saved for BCHEUR.
[historizer][2018-01-18 12:42:58,157][INFO] - ohlc histo file saved for XREPZEUR.
[historizer][2018-01-18 12:43:01,337][INFO] - ohlc histo file saved for XETCZEUR.
[historizer][2018-01-18 12:43:04,687][INFO] - ohlc histo file saved for XXMRZEUR.
[historizer][2018-01-18 12:43:04,693][INFO] - End historization
[historizer][2018-01-18 14:43:08,800][INFO] - Starting historization
[historizer][2018-01-18 14:43:08,803][INFO] - settings : log_dir=/Users/Chafik/workspace/python/my_projects/crypto_currency/tradox/logs/histo/, histo_dir=/Users/Chafik/workspace/python/my_projects/crypto_currency/tradox/data/histo/, quote_ccy=ZEUR
[historizer][2018-01-18 14:43:12,868][INFO] - starting importing histo data for XLTCZEUR.
[historizer][2018-01-18 14:43:12,868][INFO] - starting importing histo data for XZECZEUR.
[historizer][2018-01-18 14:43:12,871][INFO] - starting importing histo data for XXMRZEUR.
[historizer][2018-01-18 14:43:12,871][INFO] - starting importing histo data for XXBTZEUR.
[historizer][2018-01-18 14:43:12,878][INFO] - starting importing histo data for XETHZEUR.
[historizer][2018-01-18 14:43:12,887][INFO] - starting importing histo data for DASHEUR.
[historizer][2018-01-18 14:43:12,884][INFO] - starting importing histo data for XXRPZEUR.
[historizer][2018-01-18 14:43:12,893][INFO] - starting importing histo data for XREPZEUR.
[historizer][2018-01-18 14:43:12,901][INFO] - starting importing histo data for BCHEUR.
[historizer][2018-01-18 14:43:12,904][INFO] - starting importing histo data for XETCZEUR.
[historizer][2018-01-18 14:43:17,178][INFO] - ohlc histo file saved for XLTCZEUR.
[historizer][2018-01-18 14:43:22,358][INFO] - ohlc histo file saved for XZECZEUR.
[historizer][2018-01-18 14:43:27,349][INFO] - ohlc histo file saved for XXMRZEUR.
[historizer][2018-01-18 14:43:32,016][INFO] - ohlc histo file saved for XXBTZEUR.
[historizer][2018-01-18 14:43:35,507][INFO] - ohlc histo file saved for XETHZEUR.
[historizer][2018-01-18 14:43:39,813][INFO] - ohlc histo file saved for DASHEUR.
[historizer][2018-01-18 14:43:44,229][INFO] - ohlc histo file saved for XXRPZEUR.
[historizer][2018-01-18 14:43:49,953][INFO] - ohlc histo file saved for XREPZEUR.
[historizer][2018-01-18 14:43:53,745][INFO] - ohlc histo file saved for BCHEUR.
[historizer][2018-01-18 14:44:06,463][INFO] - ohlc histo file saved for XETCZEUR.
[historizer][2018-01-18 14:44:06,468][INFO] - End historization
[historizer][2018-01-18 16:44:11,260][INFO] - Starting historization
[historizer][2018-01-18 16:44:11,263][INFO] - settings : log_dir=/Users/Chafik/workspace/python/my_projects/crypto_currency/tradox/logs/histo/, histo_dir=/Users/Chafik/workspace/python/my_projects/crypto_currency/tradox/data/histo/, quote_ccy=ZEUR
[historizer][2018-01-18 16:44:17,539][INFO] - starting importing histo data for XZECZEUR.
[historizer][2018-01-18 16:44:17,539][INFO] - starting importing histo data for XXMRZEUR.
[historizer][2018-01-18 16:44:17,540][INFO] - starting importing histo data for XLTCZEUR.
[historizer][2018-01-18 16:44:17,542][INFO] - starting importing histo data for XXBTZEUR.
[historizer][2018-01-18 16:44:17,546][INFO] - starting importing histo data for XETHZEUR.
[historizer][2018-01-18 16:44:17,549][INFO] - starting importing histo data for XXRPZEUR.
[historizer][2018-01-18 16:44:17,551][INFO] - starting importing histo data for DASHEUR.
[historizer][2018-01-18 16:44:17,554][INFO] - starting importing histo data for XREPZEUR.
[historizer][2018-01-18 16:44:17,557][INFO] - starting importing histo data for BCHEUR.
[historizer][2018-01-18 16:44:17,561][INFO] - starting importing histo data for XETCZEUR.
[historizer][2018-01-18 16:44:24,996][INFO] - ohlc histo file saved for XZECZEUR.
[historizer][2018-01-18 16:44:29,037][INFO] - ohlc histo file saved for XXMRZEUR.
[historizer][2018-01-18 16:44:35,703][INFO] - ohlc histo file saved for XLTCZEUR.
[historizer][2018-01-18 16:44:39,661][INFO] - ohlc histo file saved for XXBTZEUR.
[historizer][2018-01-18 16:44:41,757][ERROR] - ''
[historizer][2018-01-18 16:44:41,758][ERROR] - Problem while requesting data. Re-attempting (nb 1)
[historizer][2018-01-18 16:44:41,759][INFO] - starting importing histo data for XETHZEUR.
[historizer][2018-01-18 16:44:50,030][INFO] - ohlc histo file saved for XXRPZEUR.
[historizer][2018-01-18 16:44:52,026][INFO] - ohlc histo file saved for DASHEUR.
[historizer][2018-01-18 16:44:52,605][INFO] - ohlc histo file saved for XREPZEUR.
[historizer][2018-01-18 16:44:56,371][INFO] - ohlc histo file saved for BCHEUR.
[historizer][2018-01-18 16:44:58,671][INFO] - ohlc histo file saved for XETCZEUR.
[historizer][2018-01-18 16:45:02,247][INFO] - ohlc histo file saved for XETHZEUR.
[historizer][2018-01-18 16:45:02,254][INFO] - End historization
[historizer][2018-01-18 18:45:06,901][INFO] - Starting historization
[historizer][2018-01-18 18:45:06,904][INFO] - settings : log_dir=/Users/Chafik/workspace/python/my_projects/crypto_currency/tradox/logs/histo/, histo_dir=/Users/Chafik/workspace/python/my_projects/crypto_currency/tradox/data/histo/, quote_ccy=ZEUR
[historizer][2018-01-18 18:45:11,397][INFO] - starting importing histo data for XZECZEUR.
[historizer][2018-01-18 18:45:11,398][INFO] - starting importing histo data for XLTCZEUR.
[historizer][2018-01-18 18:45:11,407][INFO] - starting importing histo data for XETHZEUR.
[historizer][2018-01-18 18:45:11,402][INFO] - starting importing histo data for XXMRZEUR.
[historizer][2018-01-18 18:45:11,402][INFO] - starting importing histo data for XXBTZEUR.
[historizer][2018-01-18 18:45:11,413][INFO] - starting importing histo data for XXRPZEUR.
[historizer][2018-01-18 18:45:11,414][INFO] - starting importing histo data for DASHEUR.
[historizer][2018-01-18 18:45:11,421][INFO] - starting importing histo data for XREPZEUR.
[historizer][2018-01-18 18:45:11,425][INFO] - starting importing histo data for BCHEUR.
[historizer][2018-01-18 18:45:11,427][INFO] - starting importing histo data for XETCZEUR.
[historizer][2018-01-18 18:45:16,698][INFO] - ohlc histo file saved for XETHZEUR.
[historizer][2018-01-18 18:45:19,804][INFO] - ohlc histo file saved for XXBTZEUR.
[historizer][2018-01-18 18:45:23,879][INFO] - ohlc histo file saved for XZECZEUR.
[historizer][2018-01-18 18:45:28,256][INFO] - ohlc histo file saved for XLTCZEUR.
[historizer][2018-01-18 18:45:32,600][INFO] - ohlc histo file saved for XXMRZEUR.
[historizer][2018-01-18 18:45:34,398][INFO] - ohlc histo file saved for XXRPZEUR.
[historizer][2018-01-18 18:45:38,080][INFO] - ohlc histo file saved for DASHEUR.
[historizer][2018-01-18 18:45:43,965][INFO] - ohlc histo file saved for XREPZEUR.
[historizer][2018-01-18 18:45:48,204][INFO] - ohlc histo file saved for BCHEUR.
[historizer][2018-01-18 18:45:51,556][INFO] - ohlc histo file saved for XETCZEUR.
[historizer][2018-01-18 18:45:51,562][INFO] - End historization
[historizer][2018-01-18 20:45:55,113][INFO] - Starting historization
[historizer][2018-01-18 20:45:55,115][INFO] - settings : log_dir=/Users/Chafik/workspace/python/my_projects/crypto_currency/tradox/logs/histo/, histo_dir=/Users/Chafik/workspace/python/my_projects/crypto_currency/tradox/data/histo/, quote_ccy=ZEUR
[historizer][2018-01-18 20:46:01,351][INFO] - starting importing histo data for XZECZEUR.
[historizer][2018-01-18 20:46:01,353][INFO] - starting importing histo data for XLTCZEUR.
[historizer][2018-01-18 20:46:01,354][INFO] - starting importing histo data for XXBTZEUR.
[historizer][2018-01-18 20:46:01,356][INFO] - starting importing histo data for XXMRZEUR.
[historizer][2018-01-18 20:46:01,358][INFO] - starting importing histo data for XETHZEUR.
[historizer][2018-01-18 20:46:01,361][INFO] - starting importing histo data for XXRPZEUR.
[historizer][2018-01-18 20:46:01,365][INFO] - starting importing histo data for DASHEUR.
[historizer][2018-01-18 20:46:01,367][INFO] - starting importing histo data for XREPZEUR.
[historizer][2018-01-18 20:46:01,373][INFO] - starting importing histo data for BCHEUR.
[historizer][2018-01-18 20:46:01,373][INFO] - starting importing histo data for XETCZEUR.
[historizer][2018-01-18 20:46:05,123][INFO] - ohlc histo file saved for XZECZEUR.
[historizer][2018-01-18 20:46:07,563][INFO] - ohlc histo file saved for XLTCZEUR.
[historizer][2018-01-18 20:46:12,534][INFO] - ohlc histo file saved for XXBTZEUR.
[historizer][2018-01-18 20:46:23,132][ERROR] - ''
[historizer][2018-01-18 20:46:23,133][ERROR] - Problem while requesting data. Re-attempting (nb 1)
[historizer][2018-01-18 20:46:23,134][INFO] - starting importing histo data for XXMRZEUR.
[historizer][2018-01-18 20:46:29,026][INFO] - ohlc histo file saved for XETHZEUR.
[historizer][2018-01-18 20:46:32,581][INFO] - ohlc histo file saved for XXRPZEUR.
[historizer][2018-01-18 20:46:58,985][INFO] - ohlc histo file saved for DASHEUR.
[historizer][2018-01-18 20:47:02,843][INFO] - ohlc histo file saved for XREPZEUR.
[historizer][2018-01-18 20:47:09,510][INFO] - ohlc histo file saved for BCHEUR.
[historizer][2018-01-18 20:47:14,208][INFO] - ohlc histo file saved for XETCZEUR.
[historizer][2018-01-18 20:47:18,503][INFO] - ohlc histo file saved for XXMRZEUR.
[historizer][2018-01-18 20:47:18,512][INFO] - End historization
