[Historizer][2018-01-22 03:53:39,807][INFO] - Starting historization
[Historizer][2018-01-22 03:53:39,812][INFO] - settings : histo_dir=/Users/Chafik/workspace/python/my_projects/crypto_currency/tradox/data/histo/, quote_ccy=ZEUR
[Historizer][2018-01-22 03:53:40,247][INFO] - starting importing histo data for XZECZEUR.
[Historizer][2018-01-22 03:53:40,253][INFO] - starting importing histo data for XXBTZEUR.
[Historizer][2018-01-22 03:53:40,247][INFO] - starting importing histo data for XLTCZEUR.
[Historizer][2018-01-22 03:53:40,249][INFO] - starting importing histo data for XXMRZEUR.
[Historizer][2018-01-22 03:53:40,257][INFO] - starting importing histo data for XETHZEUR.
[Historizer][2018-01-22 03:53:40,260][INFO] - starting importing histo data for XXRPZEUR.
[Historizer][2018-01-22 03:53:40,262][INFO] - starting importing histo data for DASHEUR.
[Historizer][2018-01-22 03:53:40,266][INFO] - starting importing histo data for XREPZEUR.
[Historizer][2018-01-22 03:53:40,267][INFO] - starting importing histo data for BCHEUR.
[Historizer][2018-01-22 03:53:40,273][INFO] - starting importing histo data for XETCZEUR.
[Historizer][2018-01-22 03:53:45,260][INFO] - ohlc histo file saved for XXBTZEUR.
[Historizer][2018-01-22 03:53:46,123][INFO] - ohlc histo file saved for XZECZEUR.
[Historizer][2018-01-22 03:53:47,586][INFO] - ohlc histo file saved for XLTCZEUR.
[Historizer][2018-01-22 03:53:49,018][INFO] - ohlc histo file saved for XXMRZEUR.
[Historizer][2018-01-22 03:53:50,273][INFO] - ohlc histo file saved for XETHZEUR.
[Historizer][2018-01-22 03:53:51,161][INFO] - ohlc histo file saved for XXRPZEUR.
[Historizer][2018-01-22 03:53:52,354][INFO] - ohlc histo file saved for DASHEUR.
[Historizer][2018-01-22 03:53:53,701][INFO] - ohlc histo file saved for XREPZEUR.
[Historizer][2018-01-22 03:53:54,057][INFO] - ohlc histo file saved for BCHEUR.
[Historizer][2018-01-22 03:53:56,170][INFO] - ohlc histo file saved for XETCZEUR.
[Historizer][2018-01-22 03:53:56,176][INFO] - End historization
