[Historizer][2018-01-21 10:54:30,926][INFO] - Starting historization
[Historizer][2018-01-21 10:54:30,929][INFO] - settings : histo_dir=/Users/Chafik/workspace/python/my_projects/crypto_currency/tradox/data/histo/, quote_ccy=ZEUR
[Historizer][2018-01-21 10:54:32,054][INFO] - starting importing histo data for XZECZEUR.
[Historizer][2018-01-21 10:54:32,058][INFO] - starting importing histo data for XLTCZEUR.
[Historizer][2018-01-21 10:54:32,061][INFO] - starting importing histo data for XXMRZEUR.
[Historizer][2018-01-21 10:54:32,065][INFO] - starting importing histo data for XXBTZEUR.
[Historizer][2018-01-21 10:54:32,075][INFO] - starting importing histo data for XETHZEUR.
[Historizer][2018-01-21 10:54:32,081][INFO] - starting importing histo data for XXRPZEUR.
[Historizer][2018-01-21 10:54:32,096][INFO] - starting importing histo data for DASHEUR.
[Historizer][2018-01-21 10:54:32,107][INFO] - starting importing histo data for XREPZEUR.
[Historizer][2018-01-21 10:54:32,110][INFO] - starting importing histo data for BCHEUR.
[Historizer][2018-01-21 10:54:32,116][INFO] - starting importing histo data for XETCZEUR.
[Historizer][2018-01-21 10:54:38,436][INFO] - ohlc histo file saved for XZECZEUR.
[Historizer][2018-01-21 10:54:39,517][INFO] - ohlc histo file saved for XLTCZEUR.
[Historizer][2018-01-21 10:54:39,871][INFO] - ohlc histo file saved for XXMRZEUR.
[Historizer][2018-01-21 10:54:43,180][INFO] - ohlc histo file saved for XXBTZEUR.
[Historizer][2018-01-21 10:54:47,336][INFO] - ohlc histo file saved for XETHZEUR.
[Historizer][2018-01-21 10:54:49,798][INFO] - ohlc histo file saved for XXRPZEUR.
[Historizer][2018-01-21 10:54:50,063][INFO] - ohlc histo file saved for DASHEUR.
[Historizer][2018-01-21 10:54:51,740][INFO] - ohlc histo file saved for XREPZEUR.
[Historizer][2018-01-21 10:54:53,448][INFO] - ohlc histo file saved for BCHEUR.
[Historizer][2018-01-21 10:54:55,873][INFO] - ohlc histo file saved for XETCZEUR.
[Historizer][2018-01-21 10:54:55,881][INFO] - End historization
