[Historizer][2018-01-23 02:22:55,634][INFO] - Starting historization
[Historizer][2018-01-23 02:22:55,635][INFO] - settings : histo_dir=/Users/Chafik/workspace/python/my_projects/crypto_currency/tradox/data/histo/, quote_ccy=ZEUR
[Historizer][2018-01-23 02:22:56,808][INFO] - starting importing histo data for XLTCZEUR.
[Historizer][2018-01-23 02:22:56,810][INFO] - starting importing histo data for XXMRZEUR.
[Historizer][2018-01-23 02:22:56,810][INFO] - starting importing histo data for XZECZEUR.
[Historizer][2018-01-23 02:22:56,818][INFO] - starting importing histo data for XETHZEUR.
[Historizer][2018-01-23 02:22:56,819][INFO] - starting importing histo data for XXBTZEUR.
[Historizer][2018-01-23 02:22:56,821][INFO] - starting importing histo data for XXRPZEUR.
[Historizer][2018-01-23 02:22:56,825][INFO] - starting importing histo data for DASHEUR.
[Historizer][2018-01-23 02:22:56,827][INFO] - starting importing histo data for XREPZEUR.
[Historizer][2018-01-23 02:22:56,830][INFO] - starting importing histo data for BCHEUR.
[Historizer][2018-01-23 02:22:56,832][INFO] - starting importing histo data for XETCZEUR.
[Historizer][2018-01-23 02:23:00,634][INFO] - ohlc histo file saved for XLTCZEUR.
[Historizer][2018-01-23 02:23:02,086][INFO] - ohlc histo file saved for XXMRZEUR.
[Historizer][2018-01-23 02:23:03,383][INFO] - ohlc histo file saved for XZECZEUR.
[Historizer][2018-01-23 02:23:05,724][INFO] - ohlc histo file saved for XETHZEUR.
[Historizer][2018-01-23 02:23:06,980][INFO] - ohlc histo file saved for XXBTZEUR.
[Historizer][2018-01-23 02:23:08,438][INFO] - ohlc histo file saved for XXRPZEUR.
[Historizer][2018-01-23 02:23:10,609][INFO] - ohlc histo file saved for DASHEUR.
[Historizer][2018-01-23 02:23:11,451][INFO] - ohlc histo file saved for XREPZEUR.
[Historizer][2018-01-23 02:23:13,084][INFO] - ohlc histo file saved for BCHEUR.
[Historizer][2018-01-23 02:23:13,697][INFO] - ohlc histo file saved for XETCZEUR.
[Historizer][2018-01-23 02:23:13,704][INFO] - End historization
