[Historizer][2018-01-26 16:43:31,645][INFO] - Starting historization
[Historizer][2018-01-26 16:43:31,645][INFO] - settings : histo_dir=/Users/Chafik/workspace/python/my_projects/crypto_currency/tradox/data/histo/, quote_ccy=ZEUR
[Historizer][2018-01-26 16:43:35,199][INFO] - starting importing histo data for XZECZEUR.
[Historizer][2018-01-26 16:43:35,200][INFO] - starting importing histo data for XXMRZEUR.
[Historizer][2018-01-26 16:43:35,200][INFO] - starting importing histo data for XLTCZEUR.
[Historizer][2018-01-26 16:43:35,206][INFO] - starting importing histo data for XXBTZEUR.
[Historizer][2018-01-26 16:43:35,211][INFO] - starting importing histo data for XETHZEUR.
[Historizer][2018-01-26 16:43:35,213][INFO] - starting importing histo data for DASHEUR.
[Historizer][2018-01-26 16:43:35,211][INFO] - starting importing histo data for XXRPZEUR.
[Historizer][2018-01-26 16:43:35,220][INFO] - starting importing histo data for XREPZEUR.
[Historizer][2018-01-26 16:43:35,222][INFO] - starting importing histo data for BCHEUR.
[Historizer][2018-01-26 16:43:35,226][INFO] - starting importing histo data for XETCZEUR.
[Historizer][2018-01-26 16:43:38,515][INFO] - ohlc histo file saved for XZECZEUR.
[Historizer][2018-01-26 16:43:39,639][INFO] - ohlc histo file saved for XLTCZEUR.
[Historizer][2018-01-26 16:43:41,667][INFO] - ohlc histo file saved for XXMRZEUR.
[Historizer][2018-01-26 16:43:42,454][INFO] - ohlc histo file saved for XXBTZEUR.
[Historizer][2018-01-26 16:43:44,300][INFO] - ohlc histo file saved for XETHZEUR.
[Historizer][2018-01-26 16:43:47,611][INFO] - ohlc histo file saved for DASHEUR.
[Historizer][2018-01-26 16:43:49,197][INFO] - ohlc histo file saved for XXRPZEUR.
[Historizer][2018-01-26 16:43:50,778][INFO] - ohlc histo file saved for XREPZEUR.
[Historizer][2018-01-26 16:43:54,041][INFO] - ohlc histo file saved for BCHEUR.
[Historizer][2018-01-26 16:43:55,482][ERROR] - ''
[Historizer][2018-01-26 16:43:55,483][ERROR] - Problem while requesting data. Re-attempting (nb 1)
[Historizer][2018-01-26 16:43:55,483][INFO] - starting importing histo data for XETCZEUR.
[Historizer][2018-01-26 16:44:02,101][INFO] - ohlc histo file saved for XETCZEUR.
[Historizer][2018-01-26 16:44:02,110][INFO] - End historization
