[Historizer][2018-01-25 20:38:35,708][INFO] - Starting historization
[Historizer][2018-01-25 20:38:35,708][INFO] - settings : histo_dir=/Users/Chafik/workspace/python/my_projects/crypto_currency/tradox/data/histo/, quote_ccy=ZEUR
[Historizer][2018-01-25 20:38:38,450][INFO] - starting importing histo data for XZECZEUR.
[Historizer][2018-01-25 20:38:38,454][INFO] - starting importing histo data for XLTCZEUR.
[Historizer][2018-01-25 20:38:38,457][INFO] - starting importing histo data for XETHZEUR.
[Historizer][2018-01-25 20:38:38,457][INFO] - starting importing histo data for XXMRZEUR.
[Historizer][2018-01-25 20:38:38,460][INFO] - starting importing histo data for XXBTZEUR.
[Historizer][2018-01-25 20:38:38,475][INFO] - starting importing histo data for XXRPZEUR.
[Historizer][2018-01-25 20:38:38,477][INFO] - starting importing histo data for DASHEUR.
[Historizer][2018-01-25 20:38:38,483][INFO] - starting importing histo data for BCHEUR.
[Historizer][2018-01-25 20:38:38,484][INFO] - starting importing histo data for XREPZEUR.
[Historizer][2018-01-25 20:38:38,485][INFO] - starting importing histo data for XETCZEUR.
[Historizer][2018-01-25 20:38:42,678][INFO] - ohlc histo file saved for XZECZEUR.
[Historizer][2018-01-25 20:38:44,838][INFO] - ohlc histo file saved for XLTCZEUR.
[Historizer][2018-01-25 20:38:46,146][INFO] - ohlc histo file saved for XETHZEUR.
[Historizer][2018-01-25 20:38:46,999][INFO] - ohlc histo file saved for XXMRZEUR.
[Historizer][2018-01-25 20:38:47,896][INFO] - ohlc histo file saved for XXBTZEUR.
[Historizer][2018-01-25 20:38:49,476][INFO] - ohlc histo file saved for XXRPZEUR.
[Historizer][2018-01-25 20:38:52,449][INFO] - ohlc histo file saved for DASHEUR.
[Historizer][2018-01-25 20:38:56,636][INFO] - ohlc histo file saved for BCHEUR.
[Historizer][2018-01-25 20:38:58,456][INFO] - ohlc histo file saved for XREPZEUR.
[Historizer][2018-01-25 20:38:59,342][INFO] - ohlc histo file saved for XETCZEUR.
[Historizer][2018-01-25 20:38:59,348][INFO] - End historization
