[Historizer][2018-01-27 18:48:47,039][INFO] - Starting historization
[Historizer][2018-01-27 18:48:47,040][INFO] - settings : histo_dir=/Users/Chafik/workspace/python/my_projects/crypto_currency/tradox/data/histo/, quote_ccy=ZEUR
[Historizer][2018-01-27 18:48:48,615][INFO] - starting importing histo data for XZECZEUR.
[Historizer][2018-01-27 18:48:48,617][INFO] - starting importing histo data for XLTCZEUR.
[Historizer][2018-01-27 18:48:48,620][INFO] - starting importing histo data for XXMRZEUR.
[Historizer][2018-01-27 18:48:48,620][INFO] - starting importing histo data for XXBTZEUR.
[Historizer][2018-01-27 18:48:48,624][INFO] - starting importing histo data for XETHZEUR.
[Historizer][2018-01-27 18:48:48,628][INFO] - starting importing histo data for XXRPZEUR.
[Historizer][2018-01-27 18:48:48,631][INFO] - starting importing histo data for DASHEUR.
[Historizer][2018-01-27 18:48:48,635][INFO] - starting importing histo data for XREPZEUR.
[Historizer][2018-01-27 18:48:48,637][INFO] - starting importing histo data for BCHEUR.
[Historizer][2018-01-27 18:48:48,640][INFO] - starting importing histo data for XETCZEUR.
[Historizer][2018-01-27 18:48:53,317][INFO] - ohlc histo file saved for XZECZEUR.
[Historizer][2018-01-27 18:48:55,420][INFO] - ohlc histo file saved for XLTCZEUR.
[Historizer][2018-01-27 18:48:56,282][INFO] - ohlc histo file saved for XXMRZEUR.
[Historizer][2018-01-27 18:48:57,508][INFO] - ohlc histo file saved for XXBTZEUR.
[Historizer][2018-01-27 18:48:59,352][INFO] - ohlc histo file saved for XETHZEUR.
[Historizer][2018-01-27 18:49:00,591][INFO] - ohlc histo file saved for XXRPZEUR.
[Historizer][2018-01-27 18:49:02,616][INFO] - ohlc histo file saved for DASHEUR.
[Historizer][2018-01-27 18:49:04,317][INFO] - ohlc histo file saved for XREPZEUR.
[Historizer][2018-01-27 18:49:06,738][INFO] - ohlc histo file saved for BCHEUR.
[Historizer][2018-01-27 18:49:08,531][INFO] - ohlc histo file saved for XETCZEUR.
[Historizer][2018-01-27 18:49:08,538][INFO] - End historization
