[Historizer][2018-01-22 22:22:08,355][INFO] - Starting historization
[Historizer][2018-01-22 22:22:08,357][INFO] - settings : histo_dir=/Users/Chafik/workspace/python/my_projects/crypto_currency/tradox/data/histo/, quote_ccy=ZEUR
[Historizer][2018-01-22 22:22:11,330][INFO] - starting importing histo data for XZECZEUR.
[Historizer][2018-01-22 22:22:11,332][INFO] - starting importing histo data for XLTCZEUR.
[Historizer][2018-01-22 22:22:11,332][INFO] - starting importing histo data for XXMRZEUR.
[Historizer][2018-01-22 22:22:11,336][INFO] - starting importing histo data for XXBTZEUR.
[Historizer][2018-01-22 22:22:11,340][INFO] - starting importing histo data for XETHZEUR.
[Historizer][2018-01-22 22:22:11,344][INFO] - starting importing histo data for XXRPZEUR.
[Historizer][2018-01-22 22:22:11,348][INFO] - starting importing histo data for DASHEUR.
[Historizer][2018-01-22 22:22:11,350][INFO] - starting importing histo data for XREPZEUR.
[Historizer][2018-01-22 22:22:11,359][INFO] - starting importing histo data for BCHEUR.
[Historizer][2018-01-22 22:22:11,363][INFO] - starting importing histo data for XETCZEUR.
[Historizer][2018-01-22 22:22:14,001][INFO] - ohlc histo file saved for XZECZEUR.
[Historizer][2018-01-22 22:22:17,032][INFO] - ohlc histo file saved for XLTCZEUR.
[Historizer][2018-01-22 22:22:18,063][INFO] - ohlc histo file saved for XXMRZEUR.
[Historizer][2018-01-22 22:22:20,187][INFO] - ohlc histo file saved for XXBTZEUR.
[Historizer][2018-01-22 22:22:20,822][INFO] - ohlc histo file saved for XETHZEUR.
[Historizer][2018-01-22 22:22:21,882][INFO] - ohlc histo file saved for XXRPZEUR.
[Historizer][2018-01-22 22:22:24,796][INFO] - ohlc histo file saved for DASHEUR.
[Historizer][2018-01-22 22:22:26,512][INFO] - ohlc histo file saved for XREPZEUR.
[Historizer][2018-01-22 22:22:28,289][INFO] - ohlc histo file saved for BCHEUR.
[Historizer][2018-01-22 22:22:30,124][INFO] - ohlc histo file saved for XETCZEUR.
[Historizer][2018-01-22 22:22:30,130][INFO] - End historization
