[Historizer][2018-01-22 07:54:21,823][INFO] - Starting historization
[Historizer][2018-01-22 07:54:21,824][INFO] - settings : histo_dir=/Users/Chafik/workspace/python/my_projects/crypto_currency/tradox/data/histo/, quote_ccy=ZEUR
[Historizer][2018-01-22 07:54:23,174][INFO] - starting importing histo data for XZECZEUR.
[Historizer][2018-01-22 07:54:23,177][INFO] - starting importing histo data for XLTCZEUR.
[Historizer][2018-01-22 07:54:23,179][INFO] - starting importing histo data for XXMRZEUR.
[Historizer][2018-01-22 07:54:23,187][INFO] - starting importing histo data for XXBTZEUR.
[Historizer][2018-01-22 07:54:23,188][INFO] - starting importing histo data for XETHZEUR.
[Historizer][2018-01-22 07:54:23,195][INFO] - starting importing histo data for XXRPZEUR.
[Historizer][2018-01-22 07:54:23,196][INFO] - starting importing histo data for DASHEUR.
[Historizer][2018-01-22 07:54:23,198][INFO] - starting importing histo data for XREPZEUR.
[Historizer][2018-01-22 07:54:23,200][INFO] - starting importing histo data for BCHEUR.
[Historizer][2018-01-22 07:54:23,203][INFO] - starting importing histo data for XETCZEUR.
[Historizer][2018-01-22 07:54:27,606][INFO] - ohlc histo file saved for XLTCZEUR.
[Historizer][2018-01-22 07:54:28,741][INFO] - ohlc histo file saved for XZECZEUR.
[Historizer][2018-01-22 07:54:29,964][INFO] - ohlc histo file saved for XXMRZEUR.
[Historizer][2018-01-22 07:54:30,687][INFO] - ohlc histo file saved for XXBTZEUR.
[Historizer][2018-01-22 07:54:31,544][INFO] - ohlc histo file saved for XETHZEUR.
[Historizer][2018-01-22 07:54:33,047][INFO] - ohlc histo file saved for XXRPZEUR.
[Historizer][2018-01-22 07:54:33,583][INFO] - ohlc histo file saved for DASHEUR.
[Historizer][2018-01-22 07:54:34,016][INFO] - ohlc histo file saved for XREPZEUR.
[Historizer][2018-01-22 07:54:35,519][INFO] - ohlc histo file saved for BCHEUR.
[Historizer][2018-01-22 07:54:36,339][INFO] - ohlc histo file saved for XETCZEUR.
[Historizer][2018-01-22 07:54:36,345][INFO] - End historization
