[Historizer][2018-01-20 14:48:54,838][INFO] - Starting historization
[Historizer][2018-01-20 14:48:54,838][INFO] - settings : histo_dir=/Users/Chafik/workspace/python/my_projects/crypto_currency/tradox/data/histo/, quote_ccy=ZEUR
[Historizer][2018-01-20 14:48:58,047][INFO] - starting importing histo data for XZECZEUR.
[Historizer][2018-01-20 14:48:58,048][INFO] - starting importing histo data for XLTCZEUR.
[Historizer][2018-01-20 14:48:58,050][INFO] - starting importing histo data for XXMRZEUR.
[Historizer][2018-01-20 14:48:58,052][INFO] - starting importing histo data for XXBTZEUR.
[Historizer][2018-01-20 14:48:58,057][INFO] - starting importing histo data for XETHZEUR.
[Historizer][2018-01-20 14:48:58,060][INFO] - starting importing histo data for XXRPZEUR.
[Historizer][2018-01-20 14:48:58,061][INFO] - starting importing histo data for DASHEUR.
[Historizer][2018-01-20 14:48:58,067][INFO] - starting importing histo data for XREPZEUR.
[Historizer][2018-01-20 14:48:58,069][INFO] - starting importing histo data for BCHEUR.
[Historizer][2018-01-20 14:48:58,073][INFO] - starting importing histo data for XETCZEUR.
[Historizer][2018-01-20 14:49:00,324][INFO] - ohlc histo file saved for XZECZEUR.
[Historizer][2018-01-20 14:49:04,885][INFO] - ohlc histo file saved for XLTCZEUR.
[Historizer][2018-01-20 14:49:06,161][INFO] - ohlc histo file saved for XXMRZEUR.
[Historizer][2018-01-20 14:49:12,673][INFO] - ohlc histo file saved for XXBTZEUR.
[Historizer][2018-01-20 14:49:14,922][INFO] - ohlc histo file saved for XETHZEUR.
[Historizer][2018-01-20 14:49:17,450][INFO] - ohlc histo file saved for XXRPZEUR.
[Historizer][2018-01-20 14:49:19,340][INFO] - ohlc histo file saved for DASHEUR.
[Historizer][2018-01-20 14:49:21,177][INFO] - ohlc histo file saved for XREPZEUR.
[Historizer][2018-01-20 14:49:25,191][INFO] - ohlc histo file saved for BCHEUR.
[Historizer][2018-01-20 14:49:27,309][INFO] - ohlc histo file saved for XETCZEUR.
[Historizer][2018-01-20 14:49:27,316][INFO] - End historization
