[Historizer][2018-01-21 06:53:43,247][INFO] - Starting historization
[Historizer][2018-01-21 06:53:43,248][INFO] - settings : histo_dir=/Users/Chafik/workspace/python/my_projects/crypto_currency/tradox/data/histo/, quote_ccy=ZEUR
[Historizer][2018-01-21 06:53:44,659][INFO] - starting importing histo data for XZECZEUR.
[Historizer][2018-01-21 06:53:44,661][INFO] - starting importing histo data for XLTCZEUR.
[Historizer][2018-01-21 06:53:44,662][INFO] - starting importing histo data for XXMRZEUR.
[Historizer][2018-01-21 06:53:44,666][INFO] - starting importing histo data for XXBTZEUR.
[Historizer][2018-01-21 06:53:44,670][INFO] - starting importing histo data for XETHZEUR.
[Historizer][2018-01-21 06:53:44,673][INFO] - starting importing histo data for DASHEUR.
[Historizer][2018-01-21 06:53:44,675][INFO] - starting importing histo data for XXRPZEUR.
[Historizer][2018-01-21 06:53:44,677][INFO] - starting importing histo data for XREPZEUR.
[Historizer][2018-01-21 06:53:44,680][INFO] - starting importing histo data for BCHEUR.
[Historizer][2018-01-21 06:53:44,681][INFO] - starting importing histo data for XETCZEUR.
[Historizer][2018-01-21 06:53:48,616][INFO] - ohlc histo file saved for XZECZEUR.
[Historizer][2018-01-21 06:53:50,055][INFO] - ohlc histo file saved for XLTCZEUR.
[Historizer][2018-01-21 06:53:50,489][INFO] - ohlc histo file saved for XXMRZEUR.
[Historizer][2018-01-21 06:53:51,733][INFO] - ohlc histo file saved for XXBTZEUR.
[Historizer][2018-01-21 06:53:52,938][INFO] - ohlc histo file saved for XETHZEUR.
[Historizer][2018-01-21 06:53:54,803][INFO] - ohlc histo file saved for DASHEUR.
[Historizer][2018-01-21 06:53:56,650][INFO] - ohlc histo file saved for XXRPZEUR.
[Historizer][2018-01-21 06:53:58,202][INFO] - ohlc histo file saved for XREPZEUR.
[Historizer][2018-01-21 06:53:59,483][INFO] - ohlc histo file saved for BCHEUR.
[Historizer][2018-01-21 06:53:59,957][INFO] - ohlc histo file saved for XETCZEUR.
[Historizer][2018-01-21 06:53:59,962][INFO] - End historization
