[Historizer][2018-01-28 20:47:52,400][INFO] - Starting historization
[Historizer][2018-01-28 20:47:52,401][INFO] - settings : histo_dir=/Users/Chafik/workspace/python/my_projects/crypto_currency/tradox/data/histo/, quote_ccy=ZEUR
[Historizer][2018-01-28 20:47:56,002][INFO] - starting importing histo data for XZECZEUR.
[Historizer][2018-01-28 20:47:56,005][INFO] - starting importing histo data for XLTCZEUR.
[Historizer][2018-01-28 20:47:56,022][INFO] - starting importing histo data for XXBTZEUR.
[Historizer][2018-01-28 20:47:56,029][INFO] - starting importing histo data for XETHZEUR.
[Historizer][2018-01-28 20:47:56,035][INFO] - starting importing histo data for XXRPZEUR.
[Historizer][2018-01-28 20:47:56,041][INFO] - starting importing histo data for BCHEUR.
[Historizer][2018-01-28 20:47:56,043][INFO] - starting importing histo data for DASHEUR.
[Historizer][2018-01-28 20:47:56,045][INFO] - starting importing histo data for XREPZEUR.
[Historizer][2018-01-28 20:47:56,017][INFO] - starting importing histo data for XXMRZEUR.
[Historizer][2018-01-28 20:47:56,071][INFO] - starting importing histo data for XETCZEUR.
[Historizer][2018-01-28 20:47:59,801][INFO] - ohlc histo file saved for XZECZEUR.
[Historizer][2018-01-28 20:48:03,585][INFO] - ohlc histo file saved for XLTCZEUR.
[Historizer][2018-01-28 20:48:06,431][INFO] - ohlc histo file saved for XXBTZEUR.
[Historizer][2018-01-28 20:48:09,988][INFO] - ohlc histo file saved for XETHZEUR.
[Historizer][2018-01-28 20:48:12,757][INFO] - ohlc histo file saved for XXRPZEUR.
[Historizer][2018-01-28 20:48:14,315][INFO] - ohlc histo file saved for BCHEUR.
[Historizer][2018-01-28 20:48:16,666][INFO] - ohlc histo file saved for DASHEUR.
[Historizer][2018-01-28 20:48:19,293][INFO] - ohlc histo file saved for XREPZEUR.
[Historizer][2018-01-28 20:48:21,013][INFO] - ohlc histo file saved for XXMRZEUR.
[Historizer][2018-01-28 20:48:26,540][INFO] - ohlc histo file saved for XETCZEUR.
[Historizer][2018-01-28 20:48:26,546][INFO] - End historization
