[Historizer][2018-01-21 04:53:23,909][INFO] - Starting historization
[Historizer][2018-01-21 04:53:23,909][INFO] - settings : histo_dir=/Users/Chafik/workspace/python/my_projects/crypto_currency/tradox/data/histo/, quote_ccy=ZEUR
[Historizer][2018-01-21 04:53:24,871][INFO] - starting importing histo data for XZECZEUR.
[Historizer][2018-01-21 04:53:24,876][INFO] - starting importing histo data for XLTCZEUR.
[Historizer][2018-01-21 04:53:24,879][INFO] - starting importing histo data for XXMRZEUR.
[Historizer][2018-01-21 04:53:24,882][INFO] - starting importing histo data for XXBTZEUR.
[Historizer][2018-01-21 04:53:24,896][INFO] - starting importing histo data for XETHZEUR.
[Historizer][2018-01-21 04:53:24,906][INFO] - starting importing histo data for XETCZEUR.
[Historizer][2018-01-21 04:53:24,910][INFO] - starting importing histo data for XREPZEUR.
[Historizer][2018-01-21 04:53:24,899][INFO] - starting importing histo data for XXRPZEUR.
[Historizer][2018-01-21 04:53:24,911][INFO] - starting importing histo data for DASHEUR.
[Historizer][2018-01-21 04:53:24,913][INFO] - starting importing histo data for BCHEUR.
[Historizer][2018-01-21 04:53:29,236][INFO] - ohlc histo file saved for XZECZEUR.
[Historizer][2018-01-21 04:53:29,706][INFO] - ohlc histo file saved for XLTCZEUR.
[Historizer][2018-01-21 04:53:31,024][INFO] - ohlc histo file saved for XXMRZEUR.
[Historizer][2018-01-21 04:53:32,636][INFO] - ohlc histo file saved for XXBTZEUR.
[Historizer][2018-01-21 04:53:34,281][INFO] - ohlc histo file saved for XETHZEUR.
[Historizer][2018-01-21 04:53:35,665][INFO] - ohlc histo file saved for XREPZEUR.
[Historizer][2018-01-21 04:53:36,303][INFO] - ohlc histo file saved for XXRPZEUR.
[Historizer][2018-01-21 04:53:37,441][INFO] - ohlc histo file saved for DASHEUR.
[Historizer][2018-01-21 04:53:38,436][INFO] - ohlc histo file saved for XETCZEUR.
[Historizer][2018-01-21 04:53:39,428][INFO] - ohlc histo file saved for BCHEUR.
[Historizer][2018-01-21 04:53:39,433][INFO] - End historization
