[Historizer][2018-01-25 12:36:45,379][INFO] - Starting historization
[Historizer][2018-01-25 12:36:45,379][INFO] - settings : histo_dir=/Users/Chafik/workspace/python/my_projects/crypto_currency/tradox/data/histo/, quote_ccy=ZEUR
[Historizer][2018-01-25 12:36:47,450][INFO] - starting importing histo data for XZECZEUR.
[Historizer][2018-01-25 12:36:47,452][INFO] - starting importing histo data for XLTCZEUR.
[Historizer][2018-01-25 12:36:47,452][INFO] - starting importing histo data for XXMRZEUR.
[Historizer][2018-01-25 12:36:47,453][INFO] - starting importing histo data for XXBTZEUR.
[Historizer][2018-01-25 12:36:47,459][INFO] - starting importing histo data for XXRPZEUR.
[Historizer][2018-01-25 12:36:47,459][INFO] - starting importing histo data for XETHZEUR.
[Historizer][2018-01-25 12:36:47,461][INFO] - starting importing histo data for DASHEUR.
[Historizer][2018-01-25 12:36:47,462][INFO] - starting importing histo data for XREPZEUR.
[Historizer][2018-01-25 12:36:47,467][INFO] - starting importing histo data for BCHEUR.
[Historizer][2018-01-25 12:36:47,469][INFO] - starting importing histo data for XETCZEUR.
[Historizer][2018-01-25 12:36:51,498][INFO] - ohlc histo file saved for XZECZEUR.
[Historizer][2018-01-25 12:36:53,700][INFO] - ohlc histo file saved for XLTCZEUR.
[Historizer][2018-01-25 12:36:54,927][INFO] - ohlc histo file saved for XXMRZEUR.
[Historizer][2018-01-25 12:36:57,545][INFO] - ohlc histo file saved for XXBTZEUR.
[Historizer][2018-01-25 12:36:58,355][INFO] - ohlc histo file saved for XXRPZEUR.
[Historizer][2018-01-25 12:36:59,220][INFO] - ohlc histo file saved for XETHZEUR.
[Historizer][2018-01-25 12:37:00,813][INFO] - ohlc histo file saved for DASHEUR.
[Historizer][2018-01-25 12:37:02,563][INFO] - ohlc histo file saved for XREPZEUR.
[Historizer][2018-01-25 12:37:04,110][INFO] - ohlc histo file saved for BCHEUR.
[Historizer][2018-01-25 12:37:05,914][INFO] - ohlc histo file saved for XETCZEUR.
[Historizer][2018-01-25 12:37:05,923][INFO] - End historization
