[Historizer][2018-01-27 14:47:56,429][INFO] - Starting historization
[Historizer][2018-01-27 14:47:56,430][INFO] - settings : histo_dir=/Users/Chafik/workspace/python/my_projects/crypto_currency/tradox/data/histo/, quote_ccy=ZEUR
[Historizer][2018-01-27 14:47:57,515][INFO] - starting importing histo data for XZECZEUR.
[Historizer][2018-01-27 14:47:57,517][INFO] - starting importing histo data for XLTCZEUR.
[Historizer][2018-01-27 14:47:57,519][INFO] - starting importing histo data for XXMRZEUR.
[Historizer][2018-01-27 14:47:57,522][INFO] - starting importing histo data for XXBTZEUR.
[Historizer][2018-01-27 14:47:57,527][INFO] - starting importing histo data for XETHZEUR.
[Historizer][2018-01-27 14:47:57,528][INFO] - starting importing histo data for XXRPZEUR.
[Historizer][2018-01-27 14:47:57,531][INFO] - starting importing histo data for DASHEUR.
[Historizer][2018-01-27 14:47:57,534][INFO] - starting importing histo data for XREPZEUR.
[Historizer][2018-01-27 14:47:57,534][INFO] - starting importing histo data for BCHEUR.
[Historizer][2018-01-27 14:47:57,537][INFO] - starting importing histo data for XETCZEUR.
[Historizer][2018-01-27 14:48:02,752][INFO] - ohlc histo file saved for XZECZEUR.
[Historizer][2018-01-27 14:48:03,843][INFO] - ohlc histo file saved for XLTCZEUR.
[Historizer][2018-01-27 14:48:05,361][INFO] - ohlc histo file saved for XXMRZEUR.
[Historizer][2018-01-27 14:48:06,905][INFO] - ohlc histo file saved for XXBTZEUR.
[Historizer][2018-01-27 14:48:08,700][INFO] - ohlc histo file saved for XETHZEUR.
[Historizer][2018-01-27 14:48:09,740][INFO] - ohlc histo file saved for XXRPZEUR.
[Historizer][2018-01-27 14:48:10,986][INFO] - ohlc histo file saved for DASHEUR.
[Historizer][2018-01-27 14:48:12,112][INFO] - ohlc histo file saved for XREPZEUR.
[Historizer][2018-01-27 14:48:13,417][INFO] - ohlc histo file saved for BCHEUR.
[Historizer][2018-01-27 14:48:15,070][INFO] - ohlc histo file saved for XETCZEUR.
[Historizer][2018-01-27 14:48:15,077][INFO] - End historization
