[Historizer][2018-01-27 02:45:44,872][INFO] - Starting historization
[Historizer][2018-01-27 02:45:44,872][INFO] - settings : histo_dir=/Users/Chafik/workspace/python/my_projects/crypto_currency/tradox/data/histo/, quote_ccy=ZEUR
[Historizer][2018-01-27 02:45:45,980][INFO] - starting importing histo data for XZECZEUR.
[Historizer][2018-01-27 02:45:45,983][INFO] - starting importing histo data for XLTCZEUR.
[Historizer][2018-01-27 02:45:45,983][INFO] - starting importing histo data for XXBTZEUR.
[Historizer][2018-01-27 02:45:45,984][INFO] - starting importing histo data for XXMRZEUR.
[Historizer][2018-01-27 02:45:45,987][INFO] - starting importing histo data for XETHZEUR.
[Historizer][2018-01-27 02:45:45,991][INFO] - starting importing histo data for XXRPZEUR.
[Historizer][2018-01-27 02:45:45,995][INFO] - starting importing histo data for DASHEUR.
[Historizer][2018-01-27 02:45:45,997][INFO] - starting importing histo data for XREPZEUR.
[Historizer][2018-01-27 02:45:46,000][INFO] - starting importing histo data for BCHEUR.
[Historizer][2018-01-27 02:45:46,003][INFO] - starting importing histo data for XETCZEUR.
[Historizer][2018-01-27 02:45:50,404][INFO] - ohlc histo file saved for XZECZEUR.
[Historizer][2018-01-27 02:45:50,762][INFO] - ohlc histo file saved for XLTCZEUR.
[Historizer][2018-01-27 02:45:53,404][INFO] - ohlc histo file saved for XXBTZEUR.
[Historizer][2018-01-27 02:45:53,786][INFO] - ohlc histo file saved for XXMRZEUR.
[Historizer][2018-01-27 02:45:55,087][INFO] - ohlc histo file saved for XETHZEUR.
[Historizer][2018-01-27 02:45:56,610][INFO] - ohlc histo file saved for XXRPZEUR.
[Historizer][2018-01-27 02:45:58,474][INFO] - ohlc histo file saved for DASHEUR.
[Historizer][2018-01-27 02:45:59,286][INFO] - ohlc histo file saved for XREPZEUR.
[Historizer][2018-01-27 02:46:00,668][INFO] - ohlc histo file saved for BCHEUR.
[Historizer][2018-01-27 02:46:01,986][INFO] - ohlc histo file saved for XETCZEUR.
[Historizer][2018-01-27 02:46:01,995][INFO] - End historization
