[Historizer][2018-01-25 00:34:31,300][INFO] - Starting historization
[Historizer][2018-01-25 00:34:31,301][INFO] - settings : histo_dir=/Users/Chafik/workspace/python/my_projects/crypto_currency/tradox/data/histo/, quote_ccy=ZEUR
[Historizer][2018-01-25 00:34:32,720][INFO] - starting importing histo data for XZECZEUR.
[Historizer][2018-01-25 00:34:32,720][INFO] - starting importing histo data for XLTCZEUR.
[Historizer][2018-01-25 00:34:32,720][INFO] - starting importing histo data for XXMRZEUR.
[Historizer][2018-01-25 00:34:32,723][INFO] - starting importing histo data for XXBTZEUR.
[Historizer][2018-01-25 00:34:32,742][INFO] - starting importing histo data for XREPZEUR.
[Historizer][2018-01-25 00:34:32,748][INFO] - starting importing histo data for DASHEUR.
[Historizer][2018-01-25 00:34:32,750][INFO] - starting importing histo data for XXRPZEUR.
[Historizer][2018-01-25 00:34:32,745][INFO] - starting importing histo data for XETHZEUR.
[Historizer][2018-01-25 00:34:32,746][INFO] - starting importing histo data for BCHEUR.
[Historizer][2018-01-25 00:34:32,758][INFO] - starting importing histo data for XETCZEUR.
[Historizer][2018-01-25 00:34:37,290][INFO] - ohlc histo file saved for XZECZEUR.
[Historizer][2018-01-25 00:34:38,672][INFO] - ohlc histo file saved for XLTCZEUR.
[Historizer][2018-01-25 00:34:40,460][INFO] - ohlc histo file saved for XXMRZEUR.
[Historizer][2018-01-25 00:34:41,720][INFO] - ohlc histo file saved for XXBTZEUR.
[Historizer][2018-01-25 00:34:42,885][INFO] - ohlc histo file saved for XREPZEUR.
[Historizer][2018-01-25 00:34:44,557][INFO] - ohlc histo file saved for DASHEUR.
[Historizer][2018-01-25 00:34:46,737][INFO] - ohlc histo file saved for XXRPZEUR.
[Historizer][2018-01-25 00:34:47,606][INFO] - ohlc histo file saved for XETHZEUR.
[Historizer][2018-01-25 00:34:49,220][INFO] - ohlc histo file saved for BCHEUR.
[Historizer][2018-01-25 00:34:50,284][INFO] - ohlc histo file saved for XETCZEUR.
[Historizer][2018-01-25 00:34:50,290][INFO] - End historization
