[Historizer][2018-01-22 20:21:41,471][INFO] - Starting historization
[Historizer][2018-01-22 20:21:41,471][INFO] - settings : histo_dir=/Users/Chafik/workspace/python/my_projects/crypto_currency/tradox/data/histo/, quote_ccy=ZEUR
[Historizer][2018-01-22 20:21:42,795][INFO] - starting importing histo data for XZECZEUR.
[Historizer][2018-01-22 20:21:42,800][INFO] - starting importing histo data for XLTCZEUR.
[Historizer][2018-01-22 20:21:42,807][INFO] - starting importing histo data for XXBTZEUR.
[Historizer][2018-01-22 20:21:42,808][INFO] - starting importing histo data for XXMRZEUR.
[Historizer][2018-01-22 20:21:42,812][INFO] - starting importing histo data for XXRPZEUR.
[Historizer][2018-01-22 20:21:42,813][INFO] - starting importing histo data for XETHZEUR.
[Historizer][2018-01-22 20:21:42,821][INFO] - starting importing histo data for XREPZEUR.
[Historizer][2018-01-22 20:21:42,820][INFO] - starting importing histo data for DASHEUR.
[Historizer][2018-01-22 20:21:42,824][INFO] - starting importing histo data for BCHEUR.
[Historizer][2018-01-22 20:21:42,829][INFO] - starting importing histo data for XETCZEUR.
[Historizer][2018-01-22 20:21:47,307][INFO] - ohlc histo file saved for XZECZEUR.
[Historizer][2018-01-22 20:21:49,708][INFO] - ohlc histo file saved for XLTCZEUR.
[Historizer][2018-01-22 20:21:51,169][INFO] - ohlc histo file saved for XXBTZEUR.
[Historizer][2018-01-22 20:21:52,523][INFO] - ohlc histo file saved for XXMRZEUR.
[Historizer][2018-01-22 20:21:54,182][ERROR] - ''
[Historizer][2018-01-22 20:21:54,185][ERROR] - Problem while requesting data. Re-attempting (nb 1)
[Historizer][2018-01-22 20:21:54,186][INFO] - starting importing histo data for XETHZEUR.
[Historizer][2018-01-22 20:21:54,630][INFO] - ohlc histo file saved for XXRPZEUR.
[Historizer][2018-01-22 20:21:57,534][INFO] - ohlc histo file saved for XREPZEUR.
[Historizer][2018-01-22 20:21:58,853][INFO] - ohlc histo file saved for DASHEUR.
[Historizer][2018-01-22 20:22:00,265][INFO] - ohlc histo file saved for BCHEUR.
[Historizer][2018-01-22 20:22:02,514][INFO] - ohlc histo file saved for XETCZEUR.
[Historizer][2018-01-22 20:22:04,722][INFO] - ohlc histo file saved for XETHZEUR.
[Historizer][2018-01-22 20:22:04,733][INFO] - End historization
