[Historizer][2018-01-21 12:54:59,761][INFO] - Starting historization
[Historizer][2018-01-21 12:54:59,762][INFO] - settings : histo_dir=/Users/Chafik/workspace/python/my_projects/crypto_currency/tradox/data/histo/, quote_ccy=ZEUR
[Historizer][2018-01-21 12:55:00,910][INFO] - starting importing histo data for XZECZEUR.
[Historizer][2018-01-21 12:55:00,912][INFO] - starting importing histo data for XXMRZEUR.
[Historizer][2018-01-21 12:55:00,915][INFO] - starting importing histo data for XLTCZEUR.
[Historizer][2018-01-21 12:55:00,915][INFO] - starting importing histo data for XXBTZEUR.
[Historizer][2018-01-21 12:55:00,922][INFO] - starting importing histo data for XETHZEUR.
[Historizer][2018-01-21 12:55:00,931][INFO] - starting importing histo data for DASHEUR.
[Historizer][2018-01-21 12:55:00,938][INFO] - starting importing histo data for XXRPZEUR.
[Historizer][2018-01-21 12:55:00,945][INFO] - starting importing histo data for XREPZEUR.
[Historizer][2018-01-21 12:55:00,945][INFO] - starting importing histo data for BCHEUR.
[Historizer][2018-01-21 12:55:00,948][INFO] - starting importing histo data for XETCZEUR.
[Historizer][2018-01-21 12:55:05,332][INFO] - ohlc histo file saved for XZECZEUR.
[Historizer][2018-01-21 12:55:06,949][INFO] - ohlc histo file saved for XXMRZEUR.
[Historizer][2018-01-21 12:55:08,809][INFO] - ohlc histo file saved for XLTCZEUR.
[Historizer][2018-01-21 12:55:10,294][INFO] - ohlc histo file saved for XXBTZEUR.
[Historizer][2018-01-21 12:55:12,363][INFO] - ohlc histo file saved for XETHZEUR.
[Historizer][2018-01-21 12:55:14,557][INFO] - ohlc histo file saved for DASHEUR.
[Historizer][2018-01-21 12:55:16,836][INFO] - ohlc histo file saved for XXRPZEUR.
[Historizer][2018-01-21 12:55:17,963][INFO] - ohlc histo file saved for XREPZEUR.
[Historizer][2018-01-21 12:55:19,869][INFO] - ohlc histo file saved for BCHEUR.
[Historizer][2018-01-21 12:55:21,432][INFO] - ohlc histo file saved for XETCZEUR.
[Historizer][2018-01-21 12:55:21,439][INFO] - End historization
