[Historizer][2018-01-26 00:39:35,322][INFO] - Starting historization
[Historizer][2018-01-26 00:39:35,323][INFO] - settings : histo_dir=/Users/Chafik/workspace/python/my_projects/crypto_currency/tradox/data/histo/, quote_ccy=ZEUR
[Historizer][2018-01-26 00:39:36,483][INFO] - starting importing histo data for XXMRZEUR.
[Historizer][2018-01-26 00:39:36,491][INFO] - starting importing histo data for XLTCZEUR.
[Historizer][2018-01-26 00:39:36,496][INFO] - starting importing histo data for XETHZEUR.
[Historizer][2018-01-26 00:39:36,495][INFO] - starting importing histo data for XXBTZEUR.
[Historizer][2018-01-26 00:39:36,481][INFO] - starting importing histo data for XZECZEUR.
[Historizer][2018-01-26 00:39:36,500][INFO] - starting importing histo data for XXRPZEUR.
[Historizer][2018-01-26 00:39:36,506][INFO] - starting importing histo data for DASHEUR.
[Historizer][2018-01-26 00:39:36,509][INFO] - starting importing histo data for XREPZEUR.
[Historizer][2018-01-26 00:39:36,512][INFO] - starting importing histo data for BCHEUR.
[Historizer][2018-01-26 00:39:36,515][INFO] - starting importing histo data for XETCZEUR.
[Historizer][2018-01-26 00:39:40,728][INFO] - ohlc histo file saved for XXMRZEUR.
[Historizer][2018-01-26 00:39:42,166][INFO] - ohlc histo file saved for XLTCZEUR.
[Historizer][2018-01-26 00:39:44,780][INFO] - ohlc histo file saved for XETHZEUR.
[Historizer][2018-01-26 00:39:46,318][INFO] - ohlc histo file saved for XXBTZEUR.
[Historizer][2018-01-26 00:39:48,421][INFO] - ohlc histo file saved for XZECZEUR.
[Historizer][2018-01-26 00:39:49,288][INFO] - ohlc histo file saved for XXRPZEUR.
[Historizer][2018-01-26 00:39:50,619][INFO] - ohlc histo file saved for DASHEUR.
[Historizer][2018-01-26 00:39:51,774][INFO] - ohlc histo file saved for XREPZEUR.
[Historizer][2018-01-26 00:39:53,102][INFO] - ohlc histo file saved for BCHEUR.
[Historizer][2018-01-26 00:39:54,427][INFO] - ohlc histo file saved for XETCZEUR.
[Historizer][2018-01-26 00:39:54,434][INFO] - End historization
