[Historizer][2018-01-25 04:35:15,726][INFO] - Starting historization
[Historizer][2018-01-25 04:35:15,727][INFO] - settings : histo_dir=/Users/Chafik/workspace/python/my_projects/crypto_currency/tradox/data/histo/, quote_ccy=ZEUR
[Historizer][2018-01-25 04:35:17,428][INFO] - starting importing histo data for XLTCZEUR.
[Historizer][2018-01-25 04:35:17,427][INFO] - starting importing histo data for XZECZEUR.
[Historizer][2018-01-25 04:35:17,429][INFO] - starting importing histo data for XXMRZEUR.
[Historizer][2018-01-25 04:35:17,431][INFO] - starting importing histo data for XXBTZEUR.
[Historizer][2018-01-25 04:35:17,436][INFO] - starting importing histo data for XETHZEUR.
[Historizer][2018-01-25 04:35:17,436][INFO] - starting importing histo data for XXRPZEUR.
[Historizer][2018-01-25 04:35:17,437][INFO] - starting importing histo data for DASHEUR.
[Historizer][2018-01-25 04:35:17,440][INFO] - starting importing histo data for XREPZEUR.
[Historizer][2018-01-25 04:35:17,443][INFO] - starting importing histo data for BCHEUR.
[Historizer][2018-01-25 04:35:17,444][INFO] - starting importing histo data for XETCZEUR.
[Historizer][2018-01-25 04:35:21,411][INFO] - ohlc histo file saved for XLTCZEUR.
[Historizer][2018-01-25 04:35:22,944][INFO] - ohlc histo file saved for XZECZEUR.
[Historizer][2018-01-25 04:35:24,438][INFO] - ohlc histo file saved for XXMRZEUR.
[Historizer][2018-01-25 04:35:25,469][INFO] - ohlc histo file saved for XXBTZEUR.
[Historizer][2018-01-25 04:35:26,963][INFO] - ohlc histo file saved for XXRPZEUR.
[Historizer][2018-01-25 04:35:27,668][INFO] - ohlc histo file saved for XETHZEUR.
[Historizer][2018-01-25 04:35:28,715][INFO] - ohlc histo file saved for DASHEUR.
[Historizer][2018-01-25 04:35:29,819][INFO] - ohlc histo file saved for XREPZEUR.
[Historizer][2018-01-25 04:35:30,358][INFO] - ohlc histo file saved for BCHEUR.
[Historizer][2018-01-25 04:35:31,504][INFO] - ohlc histo file saved for XETCZEUR.
[Historizer][2018-01-25 04:35:31,509][INFO] - End historization
