[Historizer][2018-01-25 16:37:40,002][INFO] - Starting historization
[Historizer][2018-01-25 16:37:40,003][INFO] - settings : histo_dir=/Users/Chafik/workspace/python/my_projects/crypto_currency/tradox/data/histo/, quote_ccy=ZEUR
[Historizer][2018-01-25 16:37:41,842][INFO] - starting importing histo data for XZECZEUR.
[Historizer][2018-01-25 16:37:41,844][INFO] - starting importing histo data for XLTCZEUR.
[Historizer][2018-01-25 16:37:41,848][INFO] - starting importing histo data for XXMRZEUR.
[Historizer][2018-01-25 16:37:41,855][INFO] - starting importing histo data for XXBTZEUR.
[Historizer][2018-01-25 16:37:41,864][INFO] - starting importing histo data for XETHZEUR.
[Historizer][2018-01-25 16:37:41,866][INFO] - starting importing histo data for XXRPZEUR.
[Historizer][2018-01-25 16:37:41,875][INFO] - starting importing histo data for DASHEUR.
[Historizer][2018-01-25 16:37:41,883][INFO] - starting importing histo data for XREPZEUR.
[Historizer][2018-01-25 16:37:41,883][INFO] - starting importing histo data for BCHEUR.
[Historizer][2018-01-25 16:37:41,889][INFO] - starting importing histo data for XETCZEUR.
[Historizer][2018-01-25 16:37:46,365][INFO] - ohlc histo file saved for XZECZEUR.
[Historizer][2018-01-25 16:37:47,356][INFO] - ohlc histo file saved for XLTCZEUR.
[Historizer][2018-01-25 16:37:48,315][INFO] - ohlc histo file saved for XXMRZEUR.
[Historizer][2018-01-25 16:37:49,003][INFO] - ohlc histo file saved for XXBTZEUR.
[Historizer][2018-01-25 16:37:51,805][INFO] - ohlc histo file saved for XETHZEUR.
[Historizer][2018-01-25 16:37:55,285][INFO] - ohlc histo file saved for XXRPZEUR.
[Historizer][2018-01-25 16:37:55,964][INFO] - ohlc histo file saved for DASHEUR.
[Historizer][2018-01-25 16:37:59,538][INFO] - ohlc histo file saved for XREPZEUR.
[Historizer][2018-01-25 16:38:00,696][INFO] - ohlc histo file saved for BCHEUR.
[Historizer][2018-01-25 16:38:02,167][INFO] - ohlc histo file saved for XETCZEUR.
[Historizer][2018-01-25 16:38:02,174][INFO] - End historization
