[Historizer][2018-01-26 12:42:07,058][INFO] - Starting historization
[Historizer][2018-01-26 12:42:07,059][INFO] - settings : histo_dir=/Users/Chafik/workspace/python/my_projects/crypto_currency/tradox/data/histo/, quote_ccy=ZEUR
[Historizer][2018-01-26 12:42:08,334][INFO] - starting importing histo data for XZECZEUR.
[Historizer][2018-01-26 12:42:08,336][INFO] - starting importing histo data for XLTCZEUR.
[Historizer][2018-01-26 12:42:08,339][INFO] - starting importing histo data for XXBTZEUR.
[Historizer][2018-01-26 12:42:08,341][INFO] - starting importing histo data for XXMRZEUR.
[Historizer][2018-01-26 12:42:08,351][INFO] - starting importing histo data for XETHZEUR.
[Historizer][2018-01-26 12:42:08,351][INFO] - starting importing histo data for XXRPZEUR.
[Historizer][2018-01-26 12:42:08,359][INFO] - starting importing histo data for BCHEUR.
[Historizer][2018-01-26 12:42:08,360][INFO] - starting importing histo data for DASHEUR.
[Historizer][2018-01-26 12:42:08,361][INFO] - starting importing histo data for XREPZEUR.
[Historizer][2018-01-26 12:42:08,365][INFO] - starting importing histo data for XETCZEUR.
[Historizer][2018-01-26 12:42:16,506][INFO] - ohlc histo file saved for XZECZEUR.
[Historizer][2018-01-26 12:42:18,824][INFO] - ohlc histo file saved for XLTCZEUR.
[Historizer][2018-01-26 12:42:24,009][INFO] - ohlc histo file saved for XXBTZEUR.
[Historizer][2018-01-26 12:42:27,367][INFO] - ohlc histo file saved for XXMRZEUR.
[Historizer][2018-01-26 12:42:28,191][ERROR] - ''
[Historizer][2018-01-26 12:42:28,191][ERROR] - Problem while requesting data. Re-attempting (nb 1)
[Historizer][2018-01-26 12:42:28,192][INFO] - starting importing histo data for XETHZEUR.
[Historizer][2018-01-26 12:42:30,801][INFO] - ohlc histo file saved for XXRPZEUR.
[Historizer][2018-01-26 12:42:33,817][INFO] - ohlc histo file saved for BCHEUR.
[Historizer][2018-01-26 12:42:46,194][INFO] - ohlc histo file saved for DASHEUR.
[Historizer][2018-01-26 12:42:47,771][INFO] - ohlc histo file saved for XREPZEUR.
[Historizer][2018-01-26 12:42:49,946][INFO] - ohlc histo file saved for XETCZEUR.
[Historizer][2018-01-26 12:42:53,590][INFO] - ohlc histo file saved for XETHZEUR.
[Historizer][2018-01-26 12:42:53,598][INFO] - End historization
