[Historizer][2018-01-24 10:30:15,125][INFO] - Starting historization
[Historizer][2018-01-24 10:30:15,125][INFO] - settings : histo_dir=/Users/Chafik/workspace/python/my_projects/crypto_currency/tradox/data/histo/, quote_ccy=ZEUR
[Historizer][2018-01-24 10:30:20,124][INFO] - starting importing histo data for XLTCZEUR.
[Historizer][2018-01-24 10:30:20,126][INFO] - starting importing histo data for XXMRZEUR.
[Historizer][2018-01-24 10:30:20,129][INFO] - starting importing histo data for XXBTZEUR.
[Historizer][2018-01-24 10:30:20,132][INFO] - starting importing histo data for XZECZEUR.
[Historizer][2018-01-24 10:30:20,138][INFO] - starting importing histo data for XETHZEUR.
[Historizer][2018-01-24 10:30:20,145][INFO] - starting importing histo data for XXRPZEUR.
[Historizer][2018-01-24 10:30:20,147][INFO] - starting importing histo data for DASHEUR.
[Historizer][2018-01-24 10:30:20,150][INFO] - starting importing histo data for XREPZEUR.
[Historizer][2018-01-24 10:30:20,154][INFO] - starting importing histo data for BCHEUR.
[Historizer][2018-01-24 10:30:20,157][INFO] - starting importing histo data for XETCZEUR.
[Historizer][2018-01-24 10:30:22,691][INFO] - ohlc histo file saved for XLTCZEUR.
[Historizer][2018-01-24 10:30:25,008][INFO] - ohlc histo file saved for XXMRZEUR.
[Historizer][2018-01-24 10:30:27,501][INFO] - ohlc histo file saved for XXBTZEUR.
[Historizer][2018-01-24 10:30:32,229][INFO] - ohlc histo file saved for XZECZEUR.
[Historizer][2018-01-24 10:30:34,928][INFO] - ohlc histo file saved for XETHZEUR.
[Historizer][2018-01-24 10:30:37,510][INFO] - ohlc histo file saved for XXRPZEUR.
[Historizer][2018-01-24 10:30:38,354][INFO] - ohlc histo file saved for DASHEUR.
[Historizer][2018-01-24 10:30:40,293][INFO] - ohlc histo file saved for XREPZEUR.
[Historizer][2018-01-24 10:30:45,401][INFO] - ohlc histo file saved for BCHEUR.
[Historizer][2018-01-24 10:30:47,819][INFO] - ohlc histo file saved for XETCZEUR.
[Historizer][2018-01-24 10:30:47,825][INFO] - End historization
