[Historizer][2018-01-27 00:45:27,093][INFO] - Starting historization
[Historizer][2018-01-27 00:45:27,094][INFO] - settings : histo_dir=/Users/Chafik/workspace/python/my_projects/crypto_currency/tradox/data/histo/, quote_ccy=ZEUR
[Historizer][2018-01-27 00:45:28,790][INFO] - starting importing histo data for XZECZEUR.
[Historizer][2018-01-27 00:45:28,790][INFO] - starting importing histo data for XLTCZEUR.
[Historizer][2018-01-27 00:45:28,800][INFO] - starting importing histo data for XXBTZEUR.
[Historizer][2018-01-27 00:45:28,802][INFO] - starting importing histo data for XETHZEUR.
[Historizer][2018-01-27 00:45:28,802][INFO] - starting importing histo data for XXMRZEUR.
[Historizer][2018-01-27 00:45:28,813][INFO] - starting importing histo data for DASHEUR.
[Historizer][2018-01-27 00:45:28,818][INFO] - starting importing histo data for XREPZEUR.
[Historizer][2018-01-27 00:45:28,825][INFO] - starting importing histo data for XXRPZEUR.
[Historizer][2018-01-27 00:45:28,828][INFO] - starting importing histo data for BCHEUR.
[Historizer][2018-01-27 00:45:28,837][INFO] - starting importing histo data for XETCZEUR.
[Historizer][2018-01-27 00:45:32,548][INFO] - ohlc histo file saved for XZECZEUR.
[Historizer][2018-01-27 00:45:33,059][INFO] - ohlc histo file saved for XLTCZEUR.
[Historizer][2018-01-27 00:45:33,762][INFO] - ohlc histo file saved for XXBTZEUR.
[Historizer][2018-01-27 00:45:35,247][INFO] - ohlc histo file saved for XETHZEUR.
[Historizer][2018-01-27 00:45:36,103][INFO] - ohlc histo file saved for XXMRZEUR.
[Historizer][2018-01-27 00:45:36,478][INFO] - ohlc histo file saved for DASHEUR.
[Historizer][2018-01-27 00:45:37,394][INFO] - ohlc histo file saved for XREPZEUR.
[Historizer][2018-01-27 00:45:38,703][INFO] - ohlc histo file saved for XXRPZEUR.
[Historizer][2018-01-27 00:45:39,695][INFO] - ohlc histo file saved for BCHEUR.
[Historizer][2018-01-27 00:45:41,198][INFO] - ohlc histo file saved for XETCZEUR.
[Historizer][2018-01-27 00:45:41,205][INFO] - End historization
