[Historizer][2018-01-23 14:25:15,978][INFO] - Starting historization
[Historizer][2018-01-23 14:25:15,979][INFO] - settings : histo_dir=/Users/Chafik/workspace/python/my_projects/crypto_currency/tradox/data/histo/, quote_ccy=ZEUR
[Historizer][2018-01-23 14:25:17,814][INFO] - starting importing histo data for XZECZEUR.
[Historizer][2018-01-23 14:25:17,816][INFO] - starting importing histo data for XLTCZEUR.
[Historizer][2018-01-23 14:25:17,818][INFO] - starting importing histo data for XXMRZEUR.
[Historizer][2018-01-23 14:25:17,820][INFO] - starting importing histo data for XXBTZEUR.
[Historizer][2018-01-23 14:25:17,823][INFO] - starting importing histo data for XETHZEUR.
[Historizer][2018-01-23 14:25:17,827][INFO] - starting importing histo data for XXRPZEUR.
[Historizer][2018-01-23 14:25:17,838][INFO] - starting importing histo data for DASHEUR.
[Historizer][2018-01-23 14:25:17,843][INFO] - starting importing histo data for BCHEUR.
[Historizer][2018-01-23 14:25:17,836][INFO] - starting importing histo data for XREPZEUR.
[Historizer][2018-01-23 14:25:17,850][INFO] - starting importing histo data for XETCZEUR.
[Historizer][2018-01-23 14:25:22,129][INFO] - ohlc histo file saved for XZECZEUR.
[Historizer][2018-01-23 14:25:22,791][INFO] - ohlc histo file saved for XLTCZEUR.
[Historizer][2018-01-23 14:25:23,894][INFO] - ohlc histo file saved for XXMRZEUR.
[Historizer][2018-01-23 14:25:25,424][INFO] - ohlc histo file saved for XXBTZEUR.
[Historizer][2018-01-23 14:25:28,172][INFO] - ohlc histo file saved for XETHZEUR.
[Historizer][2018-01-23 14:25:29,232][INFO] - ohlc histo file saved for XXRPZEUR.
[Historizer][2018-01-23 14:25:31,534][INFO] - ohlc histo file saved for DASHEUR.
[Historizer][2018-01-23 14:25:33,954][INFO] - ohlc histo file saved for BCHEUR.
[Historizer][2018-01-23 14:25:35,234][INFO] - ohlc histo file saved for XREPZEUR.
[Historizer][2018-01-23 14:25:38,354][INFO] - ohlc histo file saved for XETCZEUR.
[Historizer][2018-01-23 14:25:38,361][INFO] - End historization
