[Historizer][2018-01-25 14:37:09,966][INFO] - Starting historization
[Historizer][2018-01-25 14:37:09,967][INFO] - settings : histo_dir=/Users/Chafik/workspace/python/my_projects/crypto_currency/tradox/data/histo/, quote_ccy=ZEUR
[Historizer][2018-01-25 14:37:11,369][INFO] - starting importing histo data for XLTCZEUR.
[Historizer][2018-01-25 14:37:11,370][INFO] - starting importing histo data for XZECZEUR.
[Historizer][2018-01-25 14:37:11,370][INFO] - starting importing histo data for XXMRZEUR.
[Historizer][2018-01-25 14:37:11,375][INFO] - starting importing histo data for XXBTZEUR.
[Historizer][2018-01-25 14:37:11,378][INFO] - starting importing histo data for XETHZEUR.
[Historizer][2018-01-25 14:37:11,381][INFO] - starting importing histo data for XXRPZEUR.
[Historizer][2018-01-25 14:37:11,385][INFO] - starting importing histo data for DASHEUR.
[Historizer][2018-01-25 14:37:11,393][INFO] - starting importing histo data for XREPZEUR.
[Historizer][2018-01-25 14:37:11,395][INFO] - starting importing histo data for BCHEUR.
[Historizer][2018-01-25 14:37:11,404][INFO] - starting importing histo data for XETCZEUR.
[Historizer][2018-01-25 14:37:17,200][INFO] - ohlc histo file saved for XLTCZEUR.
[Historizer][2018-01-25 14:37:18,978][INFO] - ohlc histo file saved for XZECZEUR.
[Historizer][2018-01-25 14:37:22,362][INFO] - ohlc histo file saved for XXMRZEUR.
[Historizer][2018-01-25 14:37:25,503][INFO] - ohlc histo file saved for XXBTZEUR.
[Historizer][2018-01-25 14:37:27,543][INFO] - ohlc histo file saved for XETHZEUR.
[Historizer][2018-01-25 14:37:29,217][INFO] - ohlc histo file saved for XXRPZEUR.
[Historizer][2018-01-25 14:37:31,025][INFO] - ohlc histo file saved for DASHEUR.
[Historizer][2018-01-25 14:37:32,241][INFO] - ohlc histo file saved for XREPZEUR.
[Historizer][2018-01-25 14:37:34,271][INFO] - ohlc histo file saved for BCHEUR.
[Historizer][2018-01-25 14:37:35,701][INFO] - ohlc histo file saved for XETCZEUR.
[Historizer][2018-01-25 14:37:35,708][INFO] - End historization
