[Historizer][2018-01-24 04:28:47,009][INFO] - Starting historization
[Historizer][2018-01-24 04:28:47,010][INFO] - settings : histo_dir=/Users/Chafik/workspace/python/my_projects/crypto_currency/tradox/data/histo/, quote_ccy=ZEUR
[Historizer][2018-01-24 04:28:48,546][INFO] - starting importing histo data for XZECZEUR.
[Historizer][2018-01-24 04:28:48,547][INFO] - starting importing histo data for XLTCZEUR.
[Historizer][2018-01-24 04:28:48,548][INFO] - starting importing histo data for XXMRZEUR.
[Historizer][2018-01-24 04:28:48,553][INFO] - starting importing histo data for XXBTZEUR.
[Historizer][2018-01-24 04:28:48,555][INFO] - starting importing histo data for XETHZEUR.
[Historizer][2018-01-24 04:28:48,559][INFO] - starting importing histo data for XXRPZEUR.
[Historizer][2018-01-24 04:28:48,560][INFO] - starting importing histo data for DASHEUR.
[Historizer][2018-01-24 04:28:48,565][INFO] - starting importing histo data for XREPZEUR.
[Historizer][2018-01-24 04:28:48,566][INFO] - starting importing histo data for BCHEUR.
[Historizer][2018-01-24 04:28:48,570][INFO] - starting importing histo data for XETCZEUR.
[Historizer][2018-01-24 04:28:52,399][INFO] - ohlc histo file saved for XZECZEUR.
[Historizer][2018-01-24 04:28:52,782][INFO] - ohlc histo file saved for XLTCZEUR.
[Historizer][2018-01-24 04:28:54,888][INFO] - ohlc histo file saved for XXMRZEUR.
[Historizer][2018-01-24 04:28:57,085][INFO] - ohlc histo file saved for XXBTZEUR.
[Historizer][2018-01-24 04:28:58,429][INFO] - ohlc histo file saved for XETHZEUR.
[Historizer][2018-01-24 04:28:58,995][INFO] - ohlc histo file saved for XXRPZEUR.
[Historizer][2018-01-24 04:28:59,645][INFO] - ohlc histo file saved for DASHEUR.
[Historizer][2018-01-24 04:29:00,961][INFO] - ohlc histo file saved for XREPZEUR.
[Historizer][2018-01-24 04:29:02,025][INFO] - ohlc histo file saved for BCHEUR.
[Historizer][2018-01-24 04:29:03,518][INFO] - ohlc histo file saved for XETCZEUR.
[Historizer][2018-01-24 04:29:03,527][INFO] - End historization
