[Historizer][2018-01-24 12:30:51,898][INFO] - Starting historization
[Historizer][2018-01-24 12:30:51,899][INFO] - settings : histo_dir=/Users/Chafik/workspace/python/my_projects/crypto_currency/tradox/data/histo/, quote_ccy=ZEUR
[Historizer][2018-01-24 12:30:52,981][INFO] - starting importing histo data for XZECZEUR.
[Historizer][2018-01-24 12:30:52,988][INFO] - starting importing histo data for XXBTZEUR.
[Historizer][2018-01-24 12:30:52,988][INFO] - starting importing histo data for XETHZEUR.
[Historizer][2018-01-24 12:30:52,982][INFO] - starting importing histo data for XXMRZEUR.
[Historizer][2018-01-24 12:30:52,983][INFO] - starting importing histo data for XLTCZEUR.
[Historizer][2018-01-24 12:30:52,991][INFO] - starting importing histo data for XXRPZEUR.
[Historizer][2018-01-24 12:30:52,994][INFO] - starting importing histo data for XREPZEUR.
[Historizer][2018-01-24 12:30:52,996][INFO] - starting importing histo data for DASHEUR.
[Historizer][2018-01-24 12:30:53,000][INFO] - starting importing histo data for BCHEUR.
[Historizer][2018-01-24 12:30:53,000][INFO] - starting importing histo data for XETCZEUR.
[Historizer][2018-01-24 12:30:58,900][INFO] - ohlc histo file saved for XXBTZEUR.
[Historizer][2018-01-24 12:31:00,515][INFO] - ohlc histo file saved for XETHZEUR.
[Historizer][2018-01-24 12:31:03,141][INFO] - ohlc histo file saved for XXMRZEUR.
[Historizer][2018-01-24 12:31:05,356][INFO] - ohlc histo file saved for XLTCZEUR.
[Historizer][2018-01-24 12:31:07,567][INFO] - ohlc histo file saved for XZECZEUR.
[Historizer][2018-01-24 12:31:09,402][INFO] - ohlc histo file saved for XXRPZEUR.
[Historizer][2018-01-24 12:31:11,593][INFO] - ohlc histo file saved for XREPZEUR.
[Historizer][2018-01-24 12:31:14,591][INFO] - ohlc histo file saved for DASHEUR.
[Historizer][2018-01-24 12:31:15,796][INFO] - ohlc histo file saved for BCHEUR.
[Historizer][2018-01-24 12:31:18,821][INFO] - ohlc histo file saved for XETCZEUR.
[Historizer][2018-01-24 12:31:18,826][INFO] - End historization
