[Historizer][2018-01-22 11:55:04,309][INFO] - Starting historization
[Historizer][2018-01-22 11:55:04,310][INFO] - settings : histo_dir=/Users/Chafik/workspace/python/my_projects/crypto_currency/tradox/data/histo/, quote_ccy=ZEUR
[Historizer][2018-01-22 11:55:05,895][INFO] - starting importing histo data for XLTCZEUR.
[Historizer][2018-01-22 11:55:05,895][INFO] - starting importing histo data for XZECZEUR.
[Historizer][2018-01-22 11:55:05,903][INFO] - starting importing histo data for XXBTZEUR.
[Historizer][2018-01-22 11:55:05,905][INFO] - starting importing histo data for XETHZEUR.
[Historizer][2018-01-22 11:55:05,907][INFO] - starting importing histo data for XXRPZEUR.
[Historizer][2018-01-22 11:55:05,907][INFO] - starting importing histo data for DASHEUR.
[Historizer][2018-01-22 11:55:05,901][INFO] - starting importing histo data for XXMRZEUR.
[Historizer][2018-01-22 11:55:05,913][INFO] - starting importing histo data for XREPZEUR.
[Historizer][2018-01-22 11:55:05,915][INFO] - starting importing histo data for BCHEUR.
[Historizer][2018-01-22 11:55:05,921][INFO] - starting importing histo data for XETCZEUR.
[Historizer][2018-01-22 11:55:10,691][INFO] - ohlc histo file saved for XLTCZEUR.
[Historizer][2018-01-22 11:55:12,362][INFO] - ohlc histo file saved for XZECZEUR.
[Historizer][2018-01-22 11:55:14,635][INFO] - ohlc histo file saved for XXBTZEUR.
[Historizer][2018-01-22 11:55:16,813][INFO] - ohlc histo file saved for XETHZEUR.
[Historizer][2018-01-22 11:55:19,252][INFO] - ohlc histo file saved for XXRPZEUR.
[Historizer][2018-01-22 11:55:20,198][INFO] - ohlc histo file saved for DASHEUR.
[Historizer][2018-01-22 11:55:21,775][INFO] - ohlc histo file saved for XXMRZEUR.
[Historizer][2018-01-22 11:55:22,868][INFO] - ohlc histo file saved for XREPZEUR.
[Historizer][2018-01-22 11:55:24,601][INFO] - ohlc histo file saved for BCHEUR.
[Historizer][2018-01-22 11:55:25,161][INFO] - ohlc histo file saved for XETCZEUR.
[Historizer][2018-01-22 11:55:25,166][INFO] - End historization
