[Historizer][2018-01-21 02:53:03,362][INFO] - Starting historization
[Historizer][2018-01-21 02:53:03,362][INFO] - settings : histo_dir=/Users/Chafik/workspace/python/my_projects/crypto_currency/tradox/data/histo/, quote_ccy=ZEUR
[Historizer][2018-01-21 02:53:03,779][INFO] - starting importing histo data for XZECZEUR.
[Historizer][2018-01-21 02:53:03,780][INFO] - starting importing histo data for XXMRZEUR.
[Historizer][2018-01-21 02:53:03,783][INFO] - starting importing histo data for XXBTZEUR.
[Historizer][2018-01-21 02:53:03,782][INFO] - starting importing histo data for XLTCZEUR.
[Historizer][2018-01-21 02:53:03,788][INFO] - starting importing histo data for XETHZEUR.
[Historizer][2018-01-21 02:53:03,791][INFO] - starting importing histo data for XXRPZEUR.
[Historizer][2018-01-21 02:53:03,793][INFO] - starting importing histo data for DASHEUR.
[Historizer][2018-01-21 02:53:03,795][INFO] - starting importing histo data for XREPZEUR.
[Historizer][2018-01-21 02:53:03,798][INFO] - starting importing histo data for BCHEUR.
[Historizer][2018-01-21 02:53:03,801][INFO] - starting importing histo data for XETCZEUR.
[Historizer][2018-01-21 02:53:09,274][INFO] - ohlc histo file saved for XZECZEUR.
[Historizer][2018-01-21 02:53:10,408][INFO] - ohlc histo file saved for XXMRZEUR.
[Historizer][2018-01-21 02:53:12,365][INFO] - ohlc histo file saved for XXBTZEUR.
[Historizer][2018-01-21 02:53:13,400][INFO] - ohlc histo file saved for XLTCZEUR.
[Historizer][2018-01-21 02:53:14,593][INFO] - ohlc histo file saved for XETHZEUR.
[Historizer][2018-01-21 02:53:16,020][INFO] - ohlc histo file saved for XXRPZEUR.
[Historizer][2018-01-21 02:53:17,118][INFO] - ohlc histo file saved for DASHEUR.
[Historizer][2018-01-21 02:53:17,498][INFO] - ohlc histo file saved for XREPZEUR.
[Historizer][2018-01-21 02:53:18,940][INFO] - ohlc histo file saved for BCHEUR.
[Historizer][2018-01-21 02:53:20,275][INFO] - ohlc histo file saved for XETCZEUR.
[Historizer][2018-01-21 02:53:20,280][INFO] - End historization
