[Historizer][2018-01-21 23:51:22,947][INFO] - Starting historization
[Historizer][2018-01-21 23:51:22,948][INFO] - settings : histo_dir=/Users/Chafik/workspace/python/my_projects/crypto_currency/tradox/data/histo/, quote_ccy=ZEUR
[Historizer][2018-01-21 23:51:24,541][INFO] - starting importing histo data for XXMRZEUR.
[Historizer][2018-01-21 23:51:24,546][INFO] - starting importing histo data for XETHZEUR.
[Historizer][2018-01-21 23:51:24,546][INFO] - starting importing histo data for XXBTZEUR.
[Historizer][2018-01-21 23:51:24,545][INFO] - starting importing histo data for XLTCZEUR.
[Historizer][2018-01-21 23:51:24,540][INFO] - starting importing histo data for XZECZEUR.
[Historizer][2018-01-21 23:51:24,552][INFO] - starting importing histo data for XXRPZEUR.
[Historizer][2018-01-21 23:51:24,561][INFO] - starting importing histo data for DASHEUR.
[Historizer][2018-01-21 23:51:24,565][INFO] - starting importing histo data for XREPZEUR.
[Historizer][2018-01-21 23:51:24,567][INFO] - starting importing histo data for BCHEUR.
[Historizer][2018-01-21 23:51:24,568][INFO] - starting importing histo data for XETCZEUR.
[Historizer][2018-01-21 23:51:31,090][INFO] - ohlc histo file saved for XXMRZEUR.
[Historizer][2018-01-21 23:51:33,933][INFO] - ohlc histo file saved for XETHZEUR.
[Historizer][2018-01-21 23:51:35,776][INFO] - ohlc histo file saved for XXBTZEUR.
[Historizer][2018-01-21 23:51:37,320][INFO] - ohlc histo file saved for XZECZEUR.
[Historizer][2018-01-21 23:51:39,352][INFO] - ohlc histo file saved for XLTCZEUR.
[Historizer][2018-01-21 23:51:41,591][INFO] - ohlc histo file saved for XXRPZEUR.
[Historizer][2018-01-21 23:51:43,158][INFO] - ohlc histo file saved for DASHEUR.
[Historizer][2018-01-21 23:51:44,885][INFO] - ohlc histo file saved for XREPZEUR.
[Historizer][2018-01-21 23:51:46,497][INFO] - ohlc histo file saved for BCHEUR.
[Historizer][2018-01-21 23:51:48,597][INFO] - ohlc histo file saved for XETCZEUR.
[Historizer][2018-01-21 23:51:48,604][INFO] - End historization
