[Historizer][2018-01-22 15:56:02,781][INFO] - Starting historization
[Historizer][2018-01-22 15:56:02,782][INFO] - settings : histo_dir=/Users/Chafik/workspace/python/my_projects/crypto_currency/tradox/data/histo/, quote_ccy=ZEUR
[Historizer][2018-01-22 15:56:09,570][INFO] - starting importing histo data for XZECZEUR.
[Historizer][2018-01-22 15:56:09,571][INFO] - starting importing histo data for XLTCZEUR.
[Historizer][2018-01-22 15:56:09,574][INFO] - starting importing histo data for XXMRZEUR.
[Historizer][2018-01-22 15:56:09,576][INFO] - starting importing histo data for XXBTZEUR.
[Historizer][2018-01-22 15:56:09,575][INFO] - starting importing histo data for XETHZEUR.
[Historizer][2018-01-22 15:56:09,583][INFO] - starting importing histo data for XXRPZEUR.
[Historizer][2018-01-22 15:56:09,588][INFO] - starting importing histo data for DASHEUR.
[Historizer][2018-01-22 15:56:09,590][INFO] - starting importing histo data for XREPZEUR.
[Historizer][2018-01-22 15:56:09,592][INFO] - starting importing histo data for BCHEUR.
[Historizer][2018-01-22 15:56:09,596][INFO] - starting importing histo data for XETCZEUR.
[Historizer][2018-01-22 15:56:12,041][INFO] - ohlc histo file saved for XZECZEUR.
[Historizer][2018-01-22 15:56:13,072][INFO] - ohlc histo file saved for XLTCZEUR.
[Historizer][2018-01-22 15:56:14,365][INFO] - ohlc histo file saved for XXMRZEUR.
[Historizer][2018-01-22 15:56:15,618][INFO] - ohlc histo file saved for XXBTZEUR.
[Historizer][2018-01-22 15:56:27,060][INFO] - ohlc histo file saved for XETHZEUR.
[Historizer][2018-01-22 15:56:29,048][INFO] - ohlc histo file saved for XXRPZEUR.
[Historizer][2018-01-22 15:56:30,147][INFO] - ohlc histo file saved for DASHEUR.
[Historizer][2018-01-22 15:56:32,045][INFO] - ohlc histo file saved for XREPZEUR.
[Historizer][2018-01-22 15:56:33,904][INFO] - ohlc histo file saved for BCHEUR.
[Historizer][2018-01-22 15:56:34,751][INFO] - ohlc histo file saved for XETCZEUR.
[Historizer][2018-01-22 15:56:34,758][INFO] - End historization
