[Historizer][2018-01-25 22:39:02,940][INFO] - Starting historization
[Historizer][2018-01-25 22:39:02,940][INFO] - settings : histo_dir=/Users/Chafik/workspace/python/my_projects/crypto_currency/tradox/data/histo/, quote_ccy=ZEUR
[Historizer][2018-01-25 22:39:05,112][INFO] - starting importing histo data for XZECZEUR.
[Historizer][2018-01-25 22:39:05,114][INFO] - starting importing histo data for XXMRZEUR.
[Historizer][2018-01-25 22:39:05,114][INFO] - starting importing histo data for XLTCZEUR.
[Historizer][2018-01-25 22:39:05,122][INFO] - starting importing histo data for XXBTZEUR.
[Historizer][2018-01-25 22:39:05,127][INFO] - starting importing histo data for XETHZEUR.
[Historizer][2018-01-25 22:39:05,128][INFO] - starting importing histo data for XXRPZEUR.
[Historizer][2018-01-25 22:39:05,129][INFO] - starting importing histo data for DASHEUR.
[Historizer][2018-01-25 22:39:05,133][INFO] - starting importing histo data for XREPZEUR.
[Historizer][2018-01-25 22:39:05,136][INFO] - starting importing histo data for BCHEUR.
[Historizer][2018-01-25 22:39:05,139][INFO] - starting importing histo data for XETCZEUR.
[Historizer][2018-01-25 22:39:09,726][INFO] - ohlc histo file saved for XZECZEUR.
[Historizer][2018-01-25 22:39:15,687][INFO] - ohlc histo file saved for XXMRZEUR.
[Historizer][2018-01-25 22:39:18,275][INFO] - ohlc histo file saved for XLTCZEUR.
[Historizer][2018-01-25 22:39:19,319][INFO] - ohlc histo file saved for XXBTZEUR.
[Historizer][2018-01-25 22:39:21,706][INFO] - ohlc histo file saved for XETHZEUR.
[Historizer][2018-01-25 22:39:24,230][INFO] - ohlc histo file saved for XXRPZEUR.
[Historizer][2018-01-25 22:39:26,513][INFO] - ohlc histo file saved for DASHEUR.
[Historizer][2018-01-25 22:39:27,072][INFO] - ohlc histo file saved for XREPZEUR.
[Historizer][2018-01-25 22:39:29,511][INFO] - ohlc histo file saved for BCHEUR.
[Historizer][2018-01-25 22:39:31,382][INFO] - ohlc histo file saved for XETCZEUR.
[Historizer][2018-01-25 22:39:31,391][INFO] - End historization
