[Historizer][2018-01-29 19:41:46,152][INFO] - Starting historization
[Historizer][2018-01-29 19:41:46,153][INFO] - settings : histo_dir=/Users/Chafik/workspace/python/my_projects/crypto_currency/tradox/data/histo/, quote_ccy=ZEUR
[Historizer][2018-01-29 19:41:47,480][INFO] - starting importing histo data for XZECZEUR.
[Historizer][2018-01-29 19:41:47,481][INFO] - starting importing histo data for XLTCZEUR.
[Historizer][2018-01-29 19:41:47,483][INFO] - starting importing histo data for XXMRZEUR.
[Historizer][2018-01-29 19:41:47,484][INFO] - starting importing histo data for XXBTZEUR.
[Historizer][2018-01-29 19:41:47,489][INFO] - starting importing histo data for XETHZEUR.
[Historizer][2018-01-29 19:41:47,492][INFO] - starting importing histo data for XXRPZEUR.
[Historizer][2018-01-29 19:41:47,494][INFO] - starting importing histo data for DASHEUR.
[Historizer][2018-01-29 19:41:47,496][INFO] - starting importing histo data for XREPZEUR.
[Historizer][2018-01-29 19:41:47,498][INFO] - starting importing histo data for BCHEUR.
[Historizer][2018-01-29 19:41:47,499][INFO] - starting importing histo data for XETCZEUR.
[Historizer][2018-01-29 19:41:53,368][INFO] - ohlc histo file saved for XZECZEUR.
[Historizer][2018-01-29 19:41:54,561][INFO] - ohlc histo file saved for XLTCZEUR.
[Historizer][2018-01-29 19:41:56,793][INFO] - ohlc histo file saved for XXMRZEUR.
[Historizer][2018-01-29 19:41:58,614][INFO] - ohlc histo file saved for XXBTZEUR.
[Historizer][2018-01-29 19:42:00,334][INFO] - ohlc histo file saved for XETHZEUR.
[Historizer][2018-01-29 19:42:01,877][INFO] - ohlc histo file saved for XXRPZEUR.
[Historizer][2018-01-29 19:42:03,269][INFO] - ohlc histo file saved for DASHEUR.
[Historizer][2018-01-29 19:42:06,865][INFO] - ohlc histo file saved for XREPZEUR.
[Historizer][2018-01-29 19:42:09,230][INFO] - ohlc histo file saved for BCHEUR.
[Historizer][2018-01-29 19:42:10,421][INFO] - ohlc histo file saved for XETCZEUR.
[Historizer][2018-01-29 19:42:10,428][INFO] - End historization
