[Historizer][2018-01-23 00:22:33,923][INFO] - Starting historization
[Historizer][2018-01-23 00:22:33,923][INFO] - settings : histo_dir=/Users/Chafik/workspace/python/my_projects/crypto_currency/tradox/data/histo/, quote_ccy=ZEUR
[Historizer][2018-01-23 00:22:35,352][INFO] - starting importing histo data for XZECZEUR.
[Historizer][2018-01-23 00:22:35,353][INFO] - starting importing histo data for XXMRZEUR.
[Historizer][2018-01-23 00:22:35,353][INFO] - starting importing histo data for XLTCZEUR.
[Historizer][2018-01-23 00:22:35,357][INFO] - starting importing histo data for XXBTZEUR.
[Historizer][2018-01-23 00:22:35,360][INFO] - starting importing histo data for XETHZEUR.
[Historizer][2018-01-23 00:22:35,361][INFO] - starting importing histo data for XXRPZEUR.
[Historizer][2018-01-23 00:22:35,363][INFO] - starting importing histo data for DASHEUR.
[Historizer][2018-01-23 00:22:35,366][INFO] - starting importing histo data for XREPZEUR.
[Historizer][2018-01-23 00:22:35,367][INFO] - starting importing histo data for BCHEUR.
[Historizer][2018-01-23 00:22:35,370][INFO] - starting importing histo data for XETCZEUR.
[Historizer][2018-01-23 00:22:40,058][INFO] - ohlc histo file saved for XZECZEUR.
[Historizer][2018-01-23 00:22:41,181][INFO] - ohlc histo file saved for XXMRZEUR.
[Historizer][2018-01-23 00:22:42,917][INFO] - ohlc histo file saved for XLTCZEUR.
[Historizer][2018-01-23 00:22:44,736][INFO] - ohlc histo file saved for XXBTZEUR.
[Historizer][2018-01-23 00:22:45,805][INFO] - ohlc histo file saved for XETHZEUR.
[Historizer][2018-01-23 00:22:47,182][INFO] - ohlc histo file saved for XXRPZEUR.
[Historizer][2018-01-23 00:22:48,325][INFO] - ohlc histo file saved for DASHEUR.
[Historizer][2018-01-23 00:22:48,996][INFO] - ohlc histo file saved for XREPZEUR.
[Historizer][2018-01-23 00:22:50,459][INFO] - ohlc histo file saved for BCHEUR.
[Historizer][2018-01-23 00:22:51,768][INFO] - ohlc histo file saved for XETCZEUR.
[Historizer][2018-01-23 00:22:51,775][INFO] - End historization
