[Historizer][2018-01-23 20:27:01,920][INFO] - Starting historization
[Historizer][2018-01-23 20:27:01,920][INFO] - settings : histo_dir=/Users/Chafik/workspace/python/my_projects/crypto_currency/tradox/data/histo/, quote_ccy=ZEUR
[Historizer][2018-01-23 20:27:03,526][INFO] - starting importing histo data for XZECZEUR.
[Historizer][2018-01-23 20:27:03,527][INFO] - starting importing histo data for XLTCZEUR.
[Historizer][2018-01-23 20:27:03,528][INFO] - starting importing histo data for XXMRZEUR.
[Historizer][2018-01-23 20:27:03,528][INFO] - starting importing histo data for XXBTZEUR.
[Historizer][2018-01-23 20:27:03,535][INFO] - starting importing histo data for XETHZEUR.
[Historizer][2018-01-23 20:27:03,536][INFO] - starting importing histo data for XXRPZEUR.
[Historizer][2018-01-23 20:27:03,539][INFO] - starting importing histo data for DASHEUR.
[Historizer][2018-01-23 20:27:03,544][INFO] - starting importing histo data for XREPZEUR.
[Historizer][2018-01-23 20:27:03,544][INFO] - starting importing histo data for BCHEUR.
[Historizer][2018-01-23 20:27:03,547][INFO] - starting importing histo data for XETCZEUR.
[Historizer][2018-01-23 20:27:09,544][INFO] - ohlc histo file saved for XZECZEUR.
[Historizer][2018-01-23 20:27:10,496][INFO] - ohlc histo file saved for XLTCZEUR.
[Historizer][2018-01-23 20:27:13,837][INFO] - ohlc histo file saved for XXMRZEUR.
[Historizer][2018-01-23 20:27:20,503][INFO] - ohlc histo file saved for XXBTZEUR.
[Historizer][2018-01-23 20:27:22,584][INFO] - ohlc histo file saved for XETHZEUR.
[Historizer][2018-01-23 20:27:25,893][INFO] - ohlc histo file saved for XXRPZEUR.
[Historizer][2018-01-23 20:27:27,493][INFO] - ohlc histo file saved for DASHEUR.
[Historizer][2018-01-23 20:27:28,620][INFO] - ohlc histo file saved for BCHEUR.
[Historizer][2018-01-23 20:27:32,290][INFO] - ohlc histo file saved for XREPZEUR.
[Historizer][2018-01-23 20:27:33,907][INFO] - ohlc histo file saved for XETCZEUR.
[Historizer][2018-01-23 20:27:33,914][INFO] - End historization
