[Historizer][2018-01-21 21:50:49,162][INFO] - Starting historization
[Historizer][2018-01-21 21:50:49,163][INFO] - settings : histo_dir=/Users/Chafik/workspace/python/my_projects/crypto_currency/tradox/data/histo/, quote_ccy=ZEUR
[Historizer][2018-01-21 21:50:51,484][INFO] - starting importing histo data for XZECZEUR.
[Historizer][2018-01-21 21:50:51,492][INFO] - starting importing histo data for XLTCZEUR.
[Historizer][2018-01-21 21:50:51,506][INFO] - starting importing histo data for XXBTZEUR.
[Historizer][2018-01-21 21:50:51,512][INFO] - starting importing histo data for XXRPZEUR.
[Historizer][2018-01-21 21:50:51,495][INFO] - starting importing histo data for XXMRZEUR.
[Historizer][2018-01-21 21:50:51,516][INFO] - starting importing histo data for XREPZEUR.
[Historizer][2018-01-21 21:50:51,519][INFO] - starting importing histo data for DASHEUR.
[Historizer][2018-01-21 21:50:51,528][INFO] - starting importing histo data for XETHZEUR.
[Historizer][2018-01-21 21:50:51,530][INFO] - starting importing histo data for XETCZEUR.
[Historizer][2018-01-21 21:50:51,530][INFO] - starting importing histo data for BCHEUR.
[Historizer][2018-01-21 21:50:57,639][INFO] - ohlc histo file saved for XZECZEUR.
[Historizer][2018-01-21 21:51:00,492][INFO] - ohlc histo file saved for XLTCZEUR.
[Historizer][2018-01-21 21:51:03,116][INFO] - ohlc histo file saved for XXBTZEUR.
[Historizer][2018-01-21 21:51:08,064][INFO] - ohlc histo file saved for XXRPZEUR.
[Historizer][2018-01-21 21:51:09,968][INFO] - ohlc histo file saved for XXMRZEUR.
[Historizer][2018-01-21 21:51:11,152][INFO] - ohlc histo file saved for XREPZEUR.
[Historizer][2018-01-21 21:51:12,676][INFO] - ohlc histo file saved for DASHEUR.
[Historizer][2018-01-21 21:51:14,997][INFO] - ohlc histo file saved for XETHZEUR.
[Historizer][2018-01-21 21:51:17,118][INFO] - ohlc histo file saved for BCHEUR.
[Historizer][2018-01-21 21:51:18,841][INFO] - ohlc histo file saved for XETCZEUR.
[Historizer][2018-01-21 21:51:18,851][INFO] - End historization
