[Historizer][2018-01-20 18:51:05,110][INFO] - Starting historization
[Historizer][2018-01-20 18:51:05,111][INFO] - settings : histo_dir=/Users/Chafik/workspace/python/my_projects/crypto_currency/tradox/data/histo/, quote_ccy=ZEUR
[Historizer][2018-01-20 18:51:06,829][INFO] - starting importing histo data for XZECZEUR.
[Historizer][2018-01-20 18:51:06,829][INFO] - starting importing histo data for XLTCZEUR.
[Historizer][2018-01-20 18:51:06,831][INFO] - starting importing histo data for XXMRZEUR.
[Historizer][2018-01-20 18:51:06,833][INFO] - starting importing histo data for XXBTZEUR.
[Historizer][2018-01-20 18:51:06,840][INFO] - starting importing histo data for XETHZEUR.
[Historizer][2018-01-20 18:51:06,841][INFO] - starting importing histo data for XXRPZEUR.
[Historizer][2018-01-20 18:51:06,843][INFO] - starting importing histo data for DASHEUR.
[Historizer][2018-01-20 18:51:06,844][INFO] - starting importing histo data for XREPZEUR.
[Historizer][2018-01-20 18:51:06,850][INFO] - starting importing histo data for BCHEUR.
[Historizer][2018-01-20 18:51:06,852][INFO] - starting importing histo data for XETCZEUR.
[Historizer][2018-01-20 18:51:10,662][INFO] - ohlc histo file saved for XZECZEUR.
[Historizer][2018-01-20 18:51:12,766][INFO] - ohlc histo file saved for XLTCZEUR.
[Historizer][2018-01-20 18:51:14,691][INFO] - ohlc histo file saved for XXMRZEUR.
[Historizer][2018-01-20 18:51:18,114][INFO] - ohlc histo file saved for XXBTZEUR.
[Historizer][2018-01-20 18:51:20,250][ERROR] - ''
[Historizer][2018-01-20 18:51:20,252][ERROR] - Problem while requesting data. Re-attempting (nb 1)
[Historizer][2018-01-20 18:51:20,252][INFO] - starting importing histo data for XETHZEUR.
[Historizer][2018-01-20 18:51:23,092][INFO] - ohlc histo file saved for XXRPZEUR.
[Historizer][2018-01-20 18:51:25,496][INFO] - ohlc histo file saved for DASHEUR.
[Historizer][2018-01-20 18:51:27,382][INFO] - ohlc histo file saved for XREPZEUR.
[Historizer][2018-01-20 18:51:28,730][INFO] - ohlc histo file saved for BCHEUR.
[Historizer][2018-01-20 18:51:30,352][INFO] - ohlc histo file saved for XETCZEUR.
[Historizer][2018-01-20 18:51:31,959][INFO] - ohlc histo file saved for XETHZEUR.
[Historizer][2018-01-20 18:51:31,965][INFO] - End historization
