[Historizer][2018-01-24 08:29:37,391][INFO] - Starting historization
[Historizer][2018-01-24 08:29:37,392][INFO] - settings : histo_dir=/Users/Chafik/workspace/python/my_projects/crypto_currency/tradox/data/histo/, quote_ccy=ZEUR
[Historizer][2018-01-24 08:29:39,073][INFO] - starting importing histo data for XZECZEUR.
[Historizer][2018-01-24 08:29:39,076][INFO] - starting importing histo data for XXMRZEUR.
[Historizer][2018-01-24 08:29:39,080][INFO] - starting importing histo data for XLTCZEUR.
[Historizer][2018-01-24 08:29:39,093][INFO] - starting importing histo data for XXBTZEUR.
[Historizer][2018-01-24 08:29:39,099][INFO] - starting importing histo data for XETHZEUR.
[Historizer][2018-01-24 08:29:39,102][INFO] - starting importing histo data for XXRPZEUR.
[Historizer][2018-01-24 08:29:39,108][INFO] - starting importing histo data for DASHEUR.
[Historizer][2018-01-24 08:29:39,118][INFO] - starting importing histo data for XETCZEUR.
[Historizer][2018-01-24 08:29:39,118][INFO] - starting importing histo data for BCHEUR.
[Historizer][2018-01-24 08:29:39,119][INFO] - starting importing histo data for XREPZEUR.
[Historizer][2018-01-24 08:29:43,682][INFO] - ohlc histo file saved for XZECZEUR.
[Historizer][2018-01-24 08:29:45,548][INFO] - ohlc histo file saved for XXMRZEUR.
[Historizer][2018-01-24 08:29:52,500][INFO] - ohlc histo file saved for XLTCZEUR.
[Historizer][2018-01-24 08:29:55,102][INFO] - ohlc histo file saved for XXBTZEUR.
[Historizer][2018-01-24 08:29:57,496][INFO] - ohlc histo file saved for XETHZEUR.
[Historizer][2018-01-24 08:30:04,823][INFO] - ohlc histo file saved for XXRPZEUR.
[Historizer][2018-01-24 08:30:07,102][INFO] - ohlc histo file saved for DASHEUR.
[Historizer][2018-01-24 08:30:08,776][INFO] - ohlc histo file saved for XETCZEUR.
[Historizer][2018-01-24 08:30:09,690][INFO] - ohlc histo file saved for BCHEUR.
[Historizer][2018-01-24 08:30:11,360][INFO] - ohlc histo file saved for XREPZEUR.
[Historizer][2018-01-24 08:30:11,366][INFO] - End historization
