[Historizer][2018-01-22 05:54:00,312][INFO] - Starting historization
[Historizer][2018-01-22 05:54:00,312][INFO] - settings : histo_dir=/Users/Chafik/workspace/python/my_projects/crypto_currency/tradox/data/histo/, quote_ccy=ZEUR
[Historizer][2018-01-22 05:54:01,600][INFO] - starting importing histo data for XZECZEUR.
[Historizer][2018-01-22 05:54:01,601][INFO] - starting importing histo data for XLTCZEUR.
[Historizer][2018-01-22 05:54:01,602][INFO] - starting importing histo data for XXMRZEUR.
[Historizer][2018-01-22 05:54:01,605][INFO] - starting importing histo data for XXBTZEUR.
[Historizer][2018-01-22 05:54:01,607][INFO] - starting importing histo data for XETHZEUR.
[Historizer][2018-01-22 05:54:01,609][INFO] - starting importing histo data for XXRPZEUR.
[Historizer][2018-01-22 05:54:01,612][INFO] - starting importing histo data for DASHEUR.
[Historizer][2018-01-22 05:54:01,614][INFO] - starting importing histo data for XREPZEUR.
[Historizer][2018-01-22 05:54:01,616][INFO] - starting importing histo data for BCHEUR.
[Historizer][2018-01-22 05:54:01,618][INFO] - starting importing histo data for XETCZEUR.
[Historizer][2018-01-22 05:54:05,646][INFO] - ohlc histo file saved for XZECZEUR.
[Historizer][2018-01-22 05:54:07,264][INFO] - ohlc histo file saved for XLTCZEUR.
[Historizer][2018-01-22 05:54:08,384][INFO] - ohlc histo file saved for XXMRZEUR.
[Historizer][2018-01-22 05:54:09,686][INFO] - ohlc histo file saved for XXBTZEUR.
[Historizer][2018-01-22 05:54:11,252][INFO] - ohlc histo file saved for XETHZEUR.
[Historizer][2018-01-22 05:54:12,945][INFO] - ohlc histo file saved for XXRPZEUR.
[Historizer][2018-01-22 05:54:14,227][INFO] - ohlc histo file saved for DASHEUR.
[Historizer][2018-01-22 05:54:16,103][INFO] - ohlc histo file saved for XREPZEUR.
[Historizer][2018-01-22 05:54:17,281][INFO] - ohlc histo file saved for BCHEUR.
[Historizer][2018-01-22 05:54:17,722][INFO] - ohlc histo file saved for XETCZEUR.
[Historizer][2018-01-22 05:54:17,728][INFO] - End historization
