[Historizer][2018-01-24 18:32:32,387][INFO] - Starting historization
[Historizer][2018-01-24 18:32:32,388][INFO] - settings : histo_dir=/Users/Chafik/workspace/python/my_projects/crypto_currency/tradox/data/histo/, quote_ccy=ZEUR
[Historizer][2018-01-24 18:32:36,763][INFO] - starting importing histo data for XZECZEUR.
[Historizer][2018-01-24 18:32:36,768][INFO] - starting importing histo data for XXMRZEUR.
[Historizer][2018-01-24 18:32:36,768][INFO] - starting importing histo data for XLTCZEUR.
[Historizer][2018-01-24 18:32:36,772][INFO] - starting importing histo data for XXBTZEUR.
[Historizer][2018-01-24 18:32:36,776][INFO] - starting importing histo data for XETHZEUR.
[Historizer][2018-01-24 18:32:36,778][INFO] - starting importing histo data for XXRPZEUR.
[Historizer][2018-01-24 18:32:36,786][INFO] - starting importing histo data for DASHEUR.
[Historizer][2018-01-24 18:32:36,791][INFO] - starting importing histo data for XREPZEUR.
[Historizer][2018-01-24 18:32:36,791][INFO] - starting importing histo data for BCHEUR.
[Historizer][2018-01-24 18:32:36,797][INFO] - starting importing histo data for XETCZEUR.
[Historizer][2018-01-24 18:32:39,537][INFO] - ohlc histo file saved for XZECZEUR.
[Historizer][2018-01-24 18:32:41,114][INFO] - ohlc histo file saved for XXMRZEUR.
[Historizer][2018-01-24 18:32:43,206][INFO] - ohlc histo file saved for XLTCZEUR.
[Historizer][2018-01-24 18:32:44,508][INFO] - ohlc histo file saved for XXBTZEUR.
[Historizer][2018-01-24 18:32:45,971][INFO] - ohlc histo file saved for XETHZEUR.
[Historizer][2018-01-24 18:32:47,375][INFO] - ohlc histo file saved for XXRPZEUR.
[Historizer][2018-01-24 18:32:49,790][INFO] - ohlc histo file saved for DASHEUR.
[Historizer][2018-01-24 18:32:52,133][INFO] - ohlc histo file saved for XREPZEUR.
[Historizer][2018-01-24 18:32:53,117][INFO] - ohlc histo file saved for BCHEUR.
[Historizer][2018-01-24 18:32:54,565][INFO] - ohlc histo file saved for XETCZEUR.
[Historizer][2018-01-24 18:32:54,574][INFO] - End historization
