[Historizer][2018-01-27 16:48:19,063][INFO] - Starting historization
[Historizer][2018-01-27 16:48:19,064][INFO] - settings : histo_dir=/Users/Chafik/workspace/python/my_projects/crypto_currency/tradox/data/histo/, quote_ccy=ZEUR
[Historizer][2018-01-27 16:48:20,257][INFO] - starting importing histo data for XZECZEUR.
[Historizer][2018-01-27 16:48:20,259][INFO] - starting importing histo data for XLTCZEUR.
[Historizer][2018-01-27 16:48:20,261][INFO] - starting importing histo data for XXMRZEUR.
[Historizer][2018-01-27 16:48:20,262][INFO] - starting importing histo data for XXBTZEUR.
[Historizer][2018-01-27 16:48:20,265][INFO] - starting importing histo data for XETHZEUR.
[Historizer][2018-01-27 16:48:20,269][INFO] - starting importing histo data for XXRPZEUR.
[Historizer][2018-01-27 16:48:20,270][INFO] - starting importing histo data for XREPZEUR.
[Historizer][2018-01-27 16:48:20,270][INFO] - starting importing histo data for DASHEUR.
[Historizer][2018-01-27 16:48:20,274][INFO] - starting importing histo data for BCHEUR.
[Historizer][2018-01-27 16:48:20,276][INFO] - starting importing histo data for XETCZEUR.
[Historizer][2018-01-27 16:48:26,111][INFO] - ohlc histo file saved for XZECZEUR.
[Historizer][2018-01-27 16:48:28,987][INFO] - ohlc histo file saved for XLTCZEUR.
[Historizer][2018-01-27 16:48:29,912][INFO] - ohlc histo file saved for XXMRZEUR.
[Historizer][2018-01-27 16:48:31,412][INFO] - ohlc histo file saved for XXBTZEUR.
[Historizer][2018-01-27 16:48:32,402][INFO] - ohlc histo file saved for XETHZEUR.
[Historizer][2018-01-27 16:48:34,841][INFO] - ohlc histo file saved for XXRPZEUR.
[Historizer][2018-01-27 16:48:36,353][INFO] - ohlc histo file saved for XREPZEUR.
[Historizer][2018-01-27 16:48:39,001][INFO] - ohlc histo file saved for DASHEUR.
[Historizer][2018-01-27 16:48:41,890][INFO] - ohlc histo file saved for BCHEUR.
[Historizer][2018-01-27 16:48:43,101][INFO] - ohlc histo file saved for XETCZEUR.
[Historizer][2018-01-27 16:48:43,108][INFO] - End historization
