[Historizer][2018-01-23 08:24:08,186][INFO] - Starting historization
[Historizer][2018-01-23 08:24:08,187][INFO] - settings : histo_dir=/Users/Chafik/workspace/python/my_projects/crypto_currency/tradox/data/histo/, quote_ccy=ZEUR
[Historizer][2018-01-23 08:24:08,926][INFO] - starting importing histo data for XZECZEUR.
[Historizer][2018-01-23 08:24:08,928][INFO] - starting importing histo data for XXMRZEUR.
[Historizer][2018-01-23 08:24:08,928][INFO] - starting importing histo data for XLTCZEUR.
[Historizer][2018-01-23 08:24:08,934][INFO] - starting importing histo data for XXBTZEUR.
[Historizer][2018-01-23 08:24:08,946][INFO] - starting importing histo data for DASHEUR.
[Historizer][2018-01-23 08:24:08,950][INFO] - starting importing histo data for XETHZEUR.
[Historizer][2018-01-23 08:24:08,951][INFO] - starting importing histo data for XXRPZEUR.
[Historizer][2018-01-23 08:24:08,957][INFO] - starting importing histo data for XREPZEUR.
[Historizer][2018-01-23 08:24:08,962][INFO] - starting importing histo data for BCHEUR.
[Historizer][2018-01-23 08:24:08,971][INFO] - starting importing histo data for XETCZEUR.
[Historizer][2018-01-23 08:24:13,629][INFO] - ohlc histo file saved for XZECZEUR.
[Historizer][2018-01-23 08:24:15,343][INFO] - ohlc histo file saved for XXMRZEUR.
[Historizer][2018-01-23 08:24:16,497][INFO] - ohlc histo file saved for XLTCZEUR.
[Historizer][2018-01-23 08:24:17,759][INFO] - ohlc histo file saved for XXBTZEUR.
[Historizer][2018-01-23 08:24:18,401][INFO] - ohlc histo file saved for DASHEUR.
[Historizer][2018-01-23 08:24:19,945][INFO] - ohlc histo file saved for XETHZEUR.
[Historizer][2018-01-23 08:24:21,161][INFO] - ohlc histo file saved for XXRPZEUR.
[Historizer][2018-01-23 08:24:22,414][INFO] - ohlc histo file saved for XREPZEUR.
[Historizer][2018-01-23 08:24:23,781][INFO] - ohlc histo file saved for BCHEUR.
[Historizer][2018-01-23 08:24:24,921][INFO] - ohlc histo file saved for XETCZEUR.
[Historizer][2018-01-23 08:24:24,927][INFO] - End historization
