[Historizer][2018-01-25 02:34:54,257][INFO] - Starting historization
[Historizer][2018-01-25 02:34:54,258][INFO] - settings : histo_dir=/Users/Chafik/workspace/python/my_projects/crypto_currency/tradox/data/histo/, quote_ccy=ZEUR
[Historizer][2018-01-25 02:34:55,427][INFO] - starting importing histo data for XLTCZEUR.
[Historizer][2018-01-25 02:34:55,427][INFO] - starting importing histo data for XZECZEUR.
[Historizer][2018-01-25 02:34:55,428][INFO] - starting importing histo data for XXMRZEUR.
[Historizer][2018-01-25 02:34:55,434][INFO] - starting importing histo data for XETHZEUR.
[Historizer][2018-01-25 02:34:55,434][INFO] - starting importing histo data for XXBTZEUR.
[Historizer][2018-01-25 02:34:55,440][INFO] - starting importing histo data for DASHEUR.
[Historizer][2018-01-25 02:34:55,441][INFO] - starting importing histo data for XXRPZEUR.
[Historizer][2018-01-25 02:34:55,443][INFO] - starting importing histo data for XREPZEUR.
[Historizer][2018-01-25 02:34:55,445][INFO] - starting importing histo data for BCHEUR.
[Historizer][2018-01-25 02:34:55,447][INFO] - starting importing histo data for XETCZEUR.
[Historizer][2018-01-25 02:35:00,631][INFO] - ohlc histo file saved for XZECZEUR.
[Historizer][2018-01-25 02:35:02,000][INFO] - ohlc histo file saved for XXMRZEUR.
[Historizer][2018-01-25 02:35:03,680][INFO] - ohlc histo file saved for XXBTZEUR.
[Historizer][2018-01-25 02:35:05,125][INFO] - ohlc histo file saved for XETHZEUR.
[Historizer][2018-01-25 02:35:06,938][INFO] - ohlc histo file saved for XLTCZEUR.
[Historizer][2018-01-25 02:35:08,017][INFO] - ohlc histo file saved for DASHEUR.
[Historizer][2018-01-25 02:35:09,951][INFO] - ohlc histo file saved for XXRPZEUR.
[Historizer][2018-01-25 02:35:10,279][INFO] - ohlc histo file saved for XREPZEUR.
[Historizer][2018-01-25 02:35:11,295][INFO] - ohlc histo file saved for BCHEUR.
[Historizer][2018-01-25 02:35:11,823][INFO] - ohlc histo file saved for XETCZEUR.
[Historizer][2018-01-25 02:35:11,829][INFO] - End historization
