[Historizer][2018-01-26 10:41:36,599][INFO] - Starting historization
[Historizer][2018-01-26 10:41:36,599][INFO] - settings : histo_dir=/Users/Chafik/workspace/python/my_projects/crypto_currency/tradox/data/histo/, quote_ccy=ZEUR
[Historizer][2018-01-26 10:41:38,330][INFO] - starting importing histo data for XZECZEUR.
[Historizer][2018-01-26 10:41:38,333][INFO] - starting importing histo data for XLTCZEUR.
[Historizer][2018-01-26 10:41:38,335][INFO] - starting importing histo data for XXMRZEUR.
[Historizer][2018-01-26 10:41:38,339][INFO] - starting importing histo data for XXBTZEUR.
[Historizer][2018-01-26 10:41:38,347][INFO] - starting importing histo data for XETHZEUR.
[Historizer][2018-01-26 10:41:38,347][INFO] - starting importing histo data for XXRPZEUR.
[Historizer][2018-01-26 10:41:38,350][INFO] - starting importing histo data for DASHEUR.
[Historizer][2018-01-26 10:41:38,359][INFO] - starting importing histo data for XREPZEUR.
[Historizer][2018-01-26 10:41:38,361][INFO] - starting importing histo data for BCHEUR.
[Historizer][2018-01-26 10:41:38,363][INFO] - starting importing histo data for XETCZEUR.
[Historizer][2018-01-26 10:41:43,151][INFO] - ohlc histo file saved for XZECZEUR.
[Historizer][2018-01-26 10:41:45,356][INFO] - ohlc histo file saved for XLTCZEUR.
[Historizer][2018-01-26 10:41:47,669][INFO] - ohlc histo file saved for XXMRZEUR.
[Historizer][2018-01-26 10:41:50,596][INFO] - ohlc histo file saved for XXBTZEUR.
[Historizer][2018-01-26 10:41:52,099][INFO] - ohlc histo file saved for XETHZEUR.
[Historizer][2018-01-26 10:41:53,271][INFO] - ohlc histo file saved for XXRPZEUR.
[Historizer][2018-01-26 10:41:56,422][INFO] - ohlc histo file saved for DASHEUR.
[Historizer][2018-01-26 10:41:58,027][INFO] - ohlc histo file saved for XREPZEUR.
[Historizer][2018-01-26 10:42:00,390][INFO] - ohlc histo file saved for BCHEUR.
[Historizer][2018-01-26 10:42:03,480][INFO] - ohlc histo file saved for XETCZEUR.
[Historizer][2018-01-26 10:42:03,487][INFO] - End historization
