[Historizer][2018-01-26 22:45:01,987][INFO] - Starting historization
[Historizer][2018-01-26 22:45:01,987][INFO] - settings : histo_dir=/Users/Chafik/workspace/python/my_projects/crypto_currency/tradox/data/histo/, quote_ccy=ZEUR
[Historizer][2018-01-26 22:45:04,238][INFO] - starting importing histo data for XLTCZEUR.
[Historizer][2018-01-26 22:45:04,240][INFO] - starting importing histo data for XZECZEUR.
[Historizer][2018-01-26 22:45:04,241][INFO] - starting importing histo data for XXMRZEUR.
[Historizer][2018-01-26 22:45:04,244][INFO] - starting importing histo data for XXBTZEUR.
[Historizer][2018-01-26 22:45:04,253][INFO] - starting importing histo data for XETHZEUR.
[Historizer][2018-01-26 22:45:04,267][INFO] - starting importing histo data for DASHEUR.
[Historizer][2018-01-26 22:45:04,260][INFO] - starting importing histo data for XXRPZEUR.
[Historizer][2018-01-26 22:45:04,282][INFO] - starting importing histo data for XETCZEUR.
[Historizer][2018-01-26 22:45:04,285][INFO] - starting importing histo data for BCHEUR.
[Historizer][2018-01-26 22:45:04,277][INFO] - starting importing histo data for XREPZEUR.
[Historizer][2018-01-26 22:45:07,303][INFO] - ohlc histo file saved for XZECZEUR.
[Historizer][2018-01-26 22:45:10,436][INFO] - ohlc histo file saved for XLTCZEUR.
[Historizer][2018-01-26 22:45:13,129][INFO] - ohlc histo file saved for XXMRZEUR.
[Historizer][2018-01-26 22:45:15,003][INFO] - ohlc histo file saved for XXBTZEUR.
[Historizer][2018-01-26 22:45:16,904][INFO] - ohlc histo file saved for XETHZEUR.
[Historizer][2018-01-26 22:45:18,978][INFO] - ohlc histo file saved for DASHEUR.
[Historizer][2018-01-26 22:45:20,150][INFO] - ohlc histo file saved for XXRPZEUR.
[Historizer][2018-01-26 22:45:21,476][INFO] - ohlc histo file saved for XETCZEUR.
[Historizer][2018-01-26 22:45:22,758][INFO] - ohlc histo file saved for XREPZEUR.
[Historizer][2018-01-26 22:45:23,347][INFO] - ohlc histo file saved for BCHEUR.
[Historizer][2018-01-26 22:45:23,357][INFO] - End historization
