[Historizer][2018-01-24 20:32:58,572][INFO] - Starting historization
[Historizer][2018-01-24 20:32:58,573][INFO] - settings : histo_dir=/Users/Chafik/workspace/python/my_projects/crypto_currency/tradox/data/histo/, quote_ccy=ZEUR
[Historizer][2018-01-24 20:32:59,847][INFO] - starting importing histo data for XZECZEUR.
[Historizer][2018-01-24 20:32:59,850][INFO] - starting importing histo data for XXMRZEUR.
[Historizer][2018-01-24 20:32:59,851][INFO] - starting importing histo data for XLTCZEUR.
[Historizer][2018-01-24 20:32:59,853][INFO] - starting importing histo data for XXBTZEUR.
[Historizer][2018-01-24 20:32:59,857][INFO] - starting importing histo data for XETHZEUR.
[Historizer][2018-01-24 20:32:59,859][INFO] - starting importing histo data for XXRPZEUR.
[Historizer][2018-01-24 20:32:59,860][INFO] - starting importing histo data for DASHEUR.
[Historizer][2018-01-24 20:32:59,867][INFO] - starting importing histo data for XREPZEUR.
[Historizer][2018-01-24 20:32:59,867][INFO] - starting importing histo data for BCHEUR.
[Historizer][2018-01-24 20:32:59,871][INFO] - starting importing histo data for XETCZEUR.
[Historizer][2018-01-24 20:33:05,899][INFO] - ohlc histo file saved for XZECZEUR.
[Historizer][2018-01-24 20:33:07,415][INFO] - ohlc histo file saved for XXMRZEUR.
[Historizer][2018-01-24 20:33:20,697][INFO] - ohlc histo file saved for XLTCZEUR.
[Historizer][2018-01-24 20:33:22,150][INFO] - ohlc histo file saved for XXBTZEUR.
[Historizer][2018-01-24 20:33:23,491][INFO] - ohlc histo file saved for XETHZEUR.
[Historizer][2018-01-24 20:33:29,503][INFO] - ohlc histo file saved for XXRPZEUR.
[Historizer][2018-01-24 20:33:31,451][INFO] - ohlc histo file saved for DASHEUR.
[Historizer][2018-01-24 20:33:32,640][INFO] - ohlc histo file saved for XREPZEUR.
[Historizer][2018-01-24 20:33:40,931][ERROR] - ''
[Historizer][2018-01-24 20:33:40,932][ERROR] - Problem while requesting data. Re-attempting (nb 1)
[Historizer][2018-01-24 20:33:40,933][INFO] - starting importing histo data for BCHEUR.
[Historizer][2018-01-24 20:33:43,012][INFO] - ohlc histo file saved for XETCZEUR.
[Historizer][2018-01-24 20:33:44,893][INFO] - ohlc histo file saved for BCHEUR.
[Historizer][2018-01-24 20:33:44,900][INFO] - End historization
