[Historizer][2018-01-21 19:33:14,031][INFO] - Starting historization
[Historizer][2018-01-21 19:33:14,031][INFO] - settings : histo_dir=/Users/Chafik/workspace/python/my_projects/crypto_currency/tradox/data/histo/, quote_ccy=ZEUR
[Historizer][2018-01-21 19:33:16,708][INFO] - starting importing histo data for XZECZEUR.
[Historizer][2018-01-21 19:33:16,710][INFO] - starting importing histo data for XLTCZEUR.
[Historizer][2018-01-21 19:33:16,713][INFO] - starting importing histo data for XXMRZEUR.
[Historizer][2018-01-21 19:33:16,716][INFO] - starting importing histo data for XXBTZEUR.
[Historizer][2018-01-21 19:33:16,718][INFO] - starting importing histo data for XETHZEUR.
[Historizer][2018-01-21 19:33:16,721][INFO] - starting importing histo data for XXRPZEUR.
[Historizer][2018-01-21 19:33:16,724][INFO] - starting importing histo data for DASHEUR.
[Historizer][2018-01-21 19:33:16,727][INFO] - starting importing histo data for XREPZEUR.
[Historizer][2018-01-21 19:33:16,728][INFO] - starting importing histo data for BCHEUR.
[Historizer][2018-01-21 19:33:16,730][INFO] - starting importing histo data for XETCZEUR.
[Historizer][2018-01-21 19:33:19,728][INFO] - ohlc histo file saved for XZECZEUR.
[Historizer][2018-01-21 19:33:22,615][INFO] - ohlc histo file saved for XLTCZEUR.
[Historizer][2018-01-21 19:33:25,444][INFO] - ohlc histo file saved for XXMRZEUR.
[Historizer][2018-01-21 19:33:26,584][INFO] - ohlc histo file saved for XXBTZEUR.
[Historizer][2018-01-21 19:33:28,437][INFO] - ohlc histo file saved for XETHZEUR.
[Historizer][2018-01-21 19:33:29,788][INFO] - ohlc histo file saved for XXRPZEUR.
[Historizer][2018-01-21 19:33:34,740][INFO] - ohlc histo file saved for DASHEUR.
[Historizer][2018-01-21 19:33:39,031][INFO] - ohlc histo file saved for XREPZEUR.
[Historizer][2018-01-21 19:33:41,648][INFO] - ohlc histo file saved for BCHEUR.
[Historizer][2018-01-21 19:33:43,950][INFO] - ohlc histo file saved for XETCZEUR.
[Historizer][2018-01-21 19:33:43,956][INFO] - End historization
