[Historizer][2018-01-21 16:57:10,279][INFO] - Starting historization
[Historizer][2018-01-21 16:57:10,280][INFO] - settings : histo_dir=/Users/Chafik/workspace/python/my_projects/crypto_currency/tradox/data/histo/, quote_ccy=ZEUR
[Historizer][2018-01-21 16:57:12,373][INFO] - starting importing histo data for XZECZEUR.
[Historizer][2018-01-21 16:57:12,375][INFO] - starting importing histo data for XLTCZEUR.
[Historizer][2018-01-21 16:57:12,375][INFO] - starting importing histo data for XXMRZEUR.
[Historizer][2018-01-21 16:57:12,379][INFO] - starting importing histo data for XXBTZEUR.
[Historizer][2018-01-21 16:57:12,382][INFO] - starting importing histo data for XETHZEUR.
[Historizer][2018-01-21 16:57:12,384][INFO] - starting importing histo data for XXRPZEUR.
[Historizer][2018-01-21 16:57:12,386][INFO] - starting importing histo data for DASHEUR.
[Historizer][2018-01-21 16:57:12,389][INFO] - starting importing histo data for XREPZEUR.
[Historizer][2018-01-21 16:57:12,393][INFO] - starting importing histo data for BCHEUR.
[Historizer][2018-01-21 16:57:12,394][INFO] - starting importing histo data for XETCZEUR.
[Historizer][2018-01-21 16:57:16,612][INFO] - ohlc histo file saved for XZECZEUR.
[Historizer][2018-01-21 16:57:17,830][INFO] - ohlc histo file saved for XLTCZEUR.
[Historizer][2018-01-21 16:57:19,287][INFO] - ohlc histo file saved for XXMRZEUR.
[Historizer][2018-01-21 16:57:20,693][INFO] - ohlc histo file saved for XXBTZEUR.
[Historizer][2018-01-21 16:57:21,578][INFO] - ohlc histo file saved for XETHZEUR.
[Historizer][2018-01-21 16:57:24,259][INFO] - ohlc histo file saved for XXRPZEUR.
[Historizer][2018-01-21 16:57:27,457][INFO] - ohlc histo file saved for DASHEUR.
[Historizer][2018-01-21 16:57:28,934][INFO] - ohlc histo file saved for XREPZEUR.
[Historizer][2018-01-21 16:57:31,425][INFO] - ohlc histo file saved for BCHEUR.
[Historizer][2018-01-21 16:57:32,800][INFO] - ohlc histo file saved for XETCZEUR.
[Historizer][2018-01-21 16:57:32,806][INFO] - End historization
