[Historizer][2018-01-22 17:56:38,644][INFO] - Starting historization
[Historizer][2018-01-22 17:56:38,645][INFO] - settings : histo_dir=/Users/Chafik/workspace/python/my_projects/crypto_currency/tradox/data/histo/, quote_ccy=ZEUR
[Historizer][2018-01-22 17:56:42,048][INFO] - starting importing histo data for XZECZEUR.
[Historizer][2018-01-22 17:56:42,051][INFO] - starting importing histo data for XLTCZEUR.
[Historizer][2018-01-22 17:56:42,052][INFO] - starting importing histo data for XXMRZEUR.
[Historizer][2018-01-22 17:56:42,058][INFO] - starting importing histo data for XXBTZEUR.
[Historizer][2018-01-22 17:56:42,058][INFO] - starting importing histo data for XETHZEUR.
[Historizer][2018-01-22 17:56:42,062][INFO] - starting importing histo data for XXRPZEUR.
[Historizer][2018-01-22 17:56:42,066][INFO] - starting importing histo data for DASHEUR.
[Historizer][2018-01-22 17:56:42,068][INFO] - starting importing histo data for XREPZEUR.
[Historizer][2018-01-22 17:56:42,075][INFO] - starting importing histo data for BCHEUR.
[Historizer][2018-01-22 17:56:42,076][INFO] - starting importing histo data for XETCZEUR.
[Historizer][2018-01-22 17:56:44,906][INFO] - ohlc histo file saved for XZECZEUR.
[Historizer][2018-01-22 17:56:46,031][INFO] - ohlc histo file saved for XLTCZEUR.
[Historizer][2018-01-22 17:56:47,178][INFO] - ohlc histo file saved for XXMRZEUR.
[Historizer][2018-01-22 17:56:49,360][INFO] - ohlc histo file saved for XXBTZEUR.
[Historizer][2018-01-22 17:56:53,512][INFO] - ohlc histo file saved for XETHZEUR.
[Historizer][2018-01-22 17:56:55,293][INFO] - ohlc histo file saved for XXRPZEUR.
[Historizer][2018-01-22 17:56:57,170][INFO] - ohlc histo file saved for DASHEUR.
[Historizer][2018-01-22 17:56:58,863][INFO] - ohlc histo file saved for XREPZEUR.
[Historizer][2018-01-22 17:57:00,162][INFO] - ohlc histo file saved for BCHEUR.
[Historizer][2018-01-22 17:57:03,174][INFO] - ohlc histo file saved for XETCZEUR.
[Historizer][2018-01-22 17:57:03,181][INFO] - End historization
