[Historizer][2018-01-26 14:42:57,440][INFO] - Starting historization
[Historizer][2018-01-26 14:42:57,440][INFO] - settings : histo_dir=/Users/Chafik/workspace/python/my_projects/crypto_currency/tradox/data/histo/, quote_ccy=ZEUR
[Historizer][2018-01-26 14:43:00,604][INFO] - starting importing histo data for XZECZEUR.
[Historizer][2018-01-26 14:43:00,606][INFO] - starting importing histo data for XXMRZEUR.
[Historizer][2018-01-26 14:43:00,607][INFO] - starting importing histo data for XLTCZEUR.
[Historizer][2018-01-26 14:43:00,612][INFO] - starting importing histo data for XXBTZEUR.
[Historizer][2018-01-26 14:43:00,623][INFO] - starting importing histo data for DASHEUR.
[Historizer][2018-01-26 14:43:00,617][INFO] - starting importing histo data for XETHZEUR.
[Historizer][2018-01-26 14:43:00,627][INFO] - starting importing histo data for XXRPZEUR.
[Historizer][2018-01-26 14:43:00,628][INFO] - starting importing histo data for XREPZEUR.
[Historizer][2018-01-26 14:43:00,629][INFO] - starting importing histo data for BCHEUR.
[Historizer][2018-01-26 14:43:00,635][INFO] - starting importing histo data for XETCZEUR.
[Historizer][2018-01-26 14:43:03,209][INFO] - ohlc histo file saved for XZECZEUR.
[Historizer][2018-01-26 14:43:05,010][INFO] - ohlc histo file saved for XLTCZEUR.
[Historizer][2018-01-26 14:43:07,090][INFO] - ohlc histo file saved for XXMRZEUR.
[Historizer][2018-01-26 14:43:08,769][INFO] - ohlc histo file saved for XXBTZEUR.
[Historizer][2018-01-26 14:43:13,176][INFO] - ohlc histo file saved for DASHEUR.
[Historizer][2018-01-26 14:43:18,418][INFO] - ohlc histo file saved for XETHZEUR.
[Historizer][2018-01-26 14:43:21,023][INFO] - ohlc histo file saved for XXRPZEUR.
[Historizer][2018-01-26 14:43:24,520][INFO] - ohlc histo file saved for XREPZEUR.
[Historizer][2018-01-26 14:43:25,944][INFO] - ohlc histo file saved for BCHEUR.
[Historizer][2018-01-26 14:43:27,898][INFO] - ohlc histo file saved for XETCZEUR.
[Historizer][2018-01-26 14:43:27,905][INFO] - End historization
