[Historizer][2018-01-25 08:35:54,968][INFO] - Starting historization
[Historizer][2018-01-25 08:35:54,968][INFO] - settings : histo_dir=/Users/Chafik/workspace/python/my_projects/crypto_currency/tradox/data/histo/, quote_ccy=ZEUR
[Historizer][2018-01-25 08:35:56,498][INFO] - starting importing histo data for XLTCZEUR.
[Historizer][2018-01-25 08:35:56,498][INFO] - starting importing histo data for XZECZEUR.
[Historizer][2018-01-25 08:35:56,500][INFO] - starting importing histo data for XXBTZEUR.
[Historizer][2018-01-25 08:35:56,505][INFO] - starting importing histo data for XXMRZEUR.
[Historizer][2018-01-25 08:35:56,518][INFO] - starting importing histo data for XETHZEUR.
[Historizer][2018-01-25 08:35:56,523][INFO] - starting importing histo data for XREPZEUR.
[Historizer][2018-01-25 08:35:56,523][INFO] - starting importing histo data for XXRPZEUR.
[Historizer][2018-01-25 08:35:56,534][INFO] - starting importing histo data for DASHEUR.
[Historizer][2018-01-25 08:35:56,535][INFO] - starting importing histo data for BCHEUR.
[Historizer][2018-01-25 08:35:56,537][INFO] - starting importing histo data for XETCZEUR.
[Historizer][2018-01-25 08:36:00,540][INFO] - ohlc histo file saved for XZECZEUR.
[Historizer][2018-01-25 08:36:01,677][INFO] - ohlc histo file saved for XLTCZEUR.
[Historizer][2018-01-25 08:36:03,100][INFO] - ohlc histo file saved for XXBTZEUR.
[Historizer][2018-01-25 08:36:05,130][INFO] - ohlc histo file saved for XETHZEUR.
[Historizer][2018-01-25 08:36:06,444][INFO] - ohlc histo file saved for XXMRZEUR.
[Historizer][2018-01-25 08:36:07,085][INFO] - ohlc histo file saved for XREPZEUR.
[Historizer][2018-01-25 08:36:08,209][INFO] - ohlc histo file saved for XXRPZEUR.
[Historizer][2018-01-25 08:36:10,694][INFO] - ohlc histo file saved for DASHEUR.
[Historizer][2018-01-25 08:36:12,503][INFO] - ohlc histo file saved for BCHEUR.
[Historizer][2018-01-25 08:36:14,989][INFO] - ohlc histo file saved for XETCZEUR.
[Historizer][2018-01-25 08:36:14,995][INFO] - End historization
