[Historizer][2018-01-20 20:51:36,178][INFO] - Starting historization
[Historizer][2018-01-20 20:51:36,179][INFO] - settings : histo_dir=/Users/Chafik/workspace/python/my_projects/crypto_currency/tradox/data/histo/, quote_ccy=ZEUR
[Historizer][2018-01-20 20:51:37,678][INFO] - starting importing histo data for XZECZEUR.
[Historizer][2018-01-20 20:51:37,679][INFO] - starting importing histo data for XLTCZEUR.
[Historizer][2018-01-20 20:51:37,681][INFO] - starting importing histo data for XXMRZEUR.
[Historizer][2018-01-20 20:51:37,684][INFO] - starting importing histo data for XXBTZEUR.
[Historizer][2018-01-20 20:51:37,689][INFO] - starting importing histo data for XETHZEUR.
[Historizer][2018-01-20 20:51:37,690][INFO] - starting importing histo data for XXRPZEUR.
[Historizer][2018-01-20 20:51:37,693][INFO] - starting importing histo data for DASHEUR.
[Historizer][2018-01-20 20:51:37,696][INFO] - starting importing histo data for XREPZEUR.
[Historizer][2018-01-20 20:51:37,700][INFO] - starting importing histo data for BCHEUR.
[Historizer][2018-01-20 20:51:37,703][INFO] - starting importing histo data for XETCZEUR.
[Historizer][2018-01-20 20:51:41,652][INFO] - ohlc histo file saved for XZECZEUR.
[Historizer][2018-01-20 20:51:43,759][INFO] - ohlc histo file saved for XLTCZEUR.
[Historizer][2018-01-20 20:51:45,246][INFO] - ohlc histo file saved for XXMRZEUR.
[Historizer][2018-01-20 20:51:46,989][INFO] - ohlc histo file saved for XXBTZEUR.
[Historizer][2018-01-20 20:51:49,102][INFO] - ohlc histo file saved for XETHZEUR.
[Historizer][2018-01-20 20:51:50,355][INFO] - ohlc histo file saved for XXRPZEUR.
[Historizer][2018-01-20 20:51:51,543][INFO] - ohlc histo file saved for DASHEUR.
[Historizer][2018-01-20 20:51:52,103][INFO] - ohlc histo file saved for XREPZEUR.
[Historizer][2018-01-20 20:51:53,515][INFO] - ohlc histo file saved for BCHEUR.
[Historizer][2018-01-20 20:51:54,888][INFO] - ohlc histo file saved for XETCZEUR.
[Historizer][2018-01-20 20:51:54,894][INFO] - End historization
