[Historizer][2018-01-23 10:24:28,690][INFO] - Starting historization
[Historizer][2018-01-23 10:24:28,691][INFO] - settings : histo_dir=/Users/Chafik/workspace/python/my_projects/crypto_currency/tradox/data/histo/, quote_ccy=ZEUR
[Historizer][2018-01-23 10:24:29,914][INFO] - starting importing histo data for XLTCZEUR.
[Historizer][2018-01-23 10:24:29,916][INFO] - starting importing histo data for XXMRZEUR.
[Historizer][2018-01-23 10:24:29,918][INFO] - starting importing histo data for XXBTZEUR.
[Historizer][2018-01-23 10:24:29,918][INFO] - starting importing histo data for XZECZEUR.
[Historizer][2018-01-23 10:24:29,926][INFO] - starting importing histo data for XETHZEUR.
[Historizer][2018-01-23 10:24:29,926][INFO] - starting importing histo data for XXRPZEUR.
[Historizer][2018-01-23 10:24:29,928][INFO] - starting importing histo data for DASHEUR.
[Historizer][2018-01-23 10:24:29,933][INFO] - starting importing histo data for XREPZEUR.
[Historizer][2018-01-23 10:24:29,934][INFO] - starting importing histo data for BCHEUR.
[Historizer][2018-01-23 10:24:29,936][INFO] - starting importing histo data for XETCZEUR.
[Historizer][2018-01-23 10:24:34,918][INFO] - ohlc histo file saved for XLTCZEUR.
[Historizer][2018-01-23 10:24:36,254][INFO] - ohlc histo file saved for XXMRZEUR.
[Historizer][2018-01-23 10:24:38,679][INFO] - ohlc histo file saved for XXBTZEUR.
[Historizer][2018-01-23 10:24:40,479][INFO] - ohlc histo file saved for XZECZEUR.
[Historizer][2018-01-23 10:24:41,944][INFO] - ohlc histo file saved for XETHZEUR.
[Historizer][2018-01-23 10:24:43,675][INFO] - ohlc histo file saved for XXRPZEUR.
[Historizer][2018-01-23 10:24:44,715][INFO] - ohlc histo file saved for DASHEUR.
[Historizer][2018-01-23 10:24:45,650][INFO] - ohlc histo file saved for XREPZEUR.
[Historizer][2018-01-23 10:24:47,646][INFO] - ohlc histo file saved for BCHEUR.
[Historizer][2018-01-23 10:24:48,220][INFO] - ohlc histo file saved for XETCZEUR.
[Historizer][2018-01-23 10:24:48,225][INFO] - End historization
