[Historizer][2018-01-26 02:39:58,161][INFO] - Starting historization
[Historizer][2018-01-26 02:39:58,161][INFO] - settings : histo_dir=/Users/Chafik/workspace/python/my_projects/crypto_currency/tradox/data/histo/, quote_ccy=ZEUR
[Historizer][2018-01-26 02:39:59,586][INFO] - starting importing histo data for XZECZEUR.
[Historizer][2018-01-26 02:39:59,589][INFO] - starting importing histo data for XXMRZEUR.
[Historizer][2018-01-26 02:39:59,588][INFO] - starting importing histo data for XLTCZEUR.
[Historizer][2018-01-26 02:39:59,594][INFO] - starting importing histo data for XXBTZEUR.
[Historizer][2018-01-26 02:39:59,598][INFO] - starting importing histo data for XXRPZEUR.
[Historizer][2018-01-26 02:39:59,598][INFO] - starting importing histo data for XETHZEUR.
[Historizer][2018-01-26 02:39:59,603][INFO] - starting importing histo data for DASHEUR.
[Historizer][2018-01-26 02:39:59,607][INFO] - starting importing histo data for XREPZEUR.
[Historizer][2018-01-26 02:39:59,608][INFO] - starting importing histo data for BCHEUR.
[Historizer][2018-01-26 02:39:59,611][INFO] - starting importing histo data for XETCZEUR.
[Historizer][2018-01-26 02:40:05,154][INFO] - ohlc histo file saved for XZECZEUR.
[Historizer][2018-01-26 02:40:06,259][INFO] - ohlc histo file saved for XXMRZEUR.
[Historizer][2018-01-26 02:40:06,877][INFO] - ohlc histo file saved for XLTCZEUR.
[Historizer][2018-01-26 02:40:08,240][ERROR] - ''
[Historizer][2018-01-26 02:40:08,241][ERROR] - Problem while requesting data. Re-attempting (nb 1)
[Historizer][2018-01-26 02:40:08,241][INFO] - starting importing histo data for XETHZEUR.
[Historizer][2018-01-26 02:40:08,320][INFO] - ohlc histo file saved for XXBTZEUR.
[Historizer][2018-01-26 02:40:11,370][INFO] - ohlc histo file saved for XXRPZEUR.
[Historizer][2018-01-26 02:40:13,524][INFO] - ohlc histo file saved for DASHEUR.
[Historizer][2018-01-26 02:40:14,105][INFO] - ohlc histo file saved for XREPZEUR.
[Historizer][2018-01-26 02:40:15,709][INFO] - ohlc histo file saved for BCHEUR.
[Historizer][2018-01-26 02:40:16,347][INFO] - ohlc histo file saved for XETCZEUR.
[Historizer][2018-01-26 02:40:17,019][INFO] - ohlc histo file saved for XETHZEUR.
[Historizer][2018-01-26 02:40:17,025][INFO] - End historization
