[Historizer][2018-01-21 08:54:04,060][INFO] - Starting historization
[Historizer][2018-01-21 08:54:04,061][INFO] - settings : histo_dir=/Users/Chafik/workspace/python/my_projects/crypto_currency/tradox/data/histo/, quote_ccy=ZEUR
[Historizer][2018-01-21 08:54:05,659][INFO] - starting importing histo data for XZECZEUR.
[Historizer][2018-01-21 08:54:05,662][INFO] - starting importing histo data for XXMRZEUR.
[Historizer][2018-01-21 08:54:05,664][INFO] - starting importing histo data for XXBTZEUR.
[Historizer][2018-01-21 08:54:05,664][INFO] - starting importing histo data for XLTCZEUR.
[Historizer][2018-01-21 08:54:05,670][INFO] - starting importing histo data for XETHZEUR.
[Historizer][2018-01-21 08:54:05,671][INFO] - starting importing histo data for XXRPZEUR.
[Historizer][2018-01-21 08:54:05,673][INFO] - starting importing histo data for DASHEUR.
[Historizer][2018-01-21 08:54:05,675][INFO] - starting importing histo data for XREPZEUR.
[Historizer][2018-01-21 08:54:05,678][INFO] - starting importing histo data for BCHEUR.
[Historizer][2018-01-21 08:54:05,679][INFO] - starting importing histo data for XETCZEUR.
[Historizer][2018-01-21 08:54:12,667][INFO] - ohlc histo file saved for XZECZEUR.
[Historizer][2018-01-21 08:54:14,568][INFO] - ohlc histo file saved for XXMRZEUR.
[Historizer][2018-01-21 08:54:15,637][INFO] - ohlc histo file saved for XXBTZEUR.
[Historizer][2018-01-21 08:54:16,902][INFO] - ohlc histo file saved for XLTCZEUR.
[Historizer][2018-01-21 08:54:17,511][ERROR] - ''
[Historizer][2018-01-21 08:54:17,512][ERROR] - Problem while requesting data. Re-attempting (nb 1)
[Historizer][2018-01-21 08:54:17,512][INFO] - starting importing histo data for XETHZEUR.
[Historizer][2018-01-21 08:54:20,180][INFO] - ohlc histo file saved for XXRPZEUR.
[Historizer][2018-01-21 08:54:21,373][INFO] - ohlc histo file saved for DASHEUR.
[Historizer][2018-01-21 08:54:23,195][INFO] - ohlc histo file saved for XREPZEUR.
[Historizer][2018-01-21 08:54:24,435][INFO] - ohlc histo file saved for BCHEUR.
[Historizer][2018-01-21 08:54:25,589][INFO] - ohlc histo file saved for XETCZEUR.
[Historizer][2018-01-21 08:54:26,961][INFO] - ohlc histo file saved for XETHZEUR.
[Historizer][2018-01-21 08:54:26,966][INFO] - End historization
