[Historizer][2018-01-26 06:40:42,817][INFO] - Starting historization
[Historizer][2018-01-26 06:40:42,818][INFO] - settings : histo_dir=/Users/Chafik/workspace/python/my_projects/crypto_currency/tradox/data/histo/, quote_ccy=ZEUR
[Historizer][2018-01-26 06:40:43,878][INFO] - starting importing histo data for XZECZEUR.
[Historizer][2018-01-26 06:40:43,879][INFO] - starting importing histo data for XLTCZEUR.
[Historizer][2018-01-26 06:40:43,881][INFO] - starting importing histo data for XXMRZEUR.
[Historizer][2018-01-26 06:40:43,885][INFO] - starting importing histo data for XXBTZEUR.
[Historizer][2018-01-26 06:40:43,889][INFO] - starting importing histo data for XETHZEUR.
[Historizer][2018-01-26 06:40:43,894][INFO] - starting importing histo data for DASHEUR.
[Historizer][2018-01-26 06:40:43,895][INFO] - starting importing histo data for XXRPZEUR.
[Historizer][2018-01-26 06:40:43,897][INFO] - starting importing histo data for XREPZEUR.
[Historizer][2018-01-26 06:40:43,901][INFO] - starting importing histo data for BCHEUR.
[Historizer][2018-01-26 06:40:43,903][INFO] - starting importing histo data for XETCZEUR.
[Historizer][2018-01-26 06:40:48,618][INFO] - ohlc histo file saved for XZECZEUR.
[Historizer][2018-01-26 06:40:51,365][INFO] - ohlc histo file saved for XLTCZEUR.
[Historizer][2018-01-26 06:40:52,305][INFO] - ohlc histo file saved for XXMRZEUR.
[Historizer][2018-01-26 06:40:53,851][INFO] - ohlc histo file saved for XXBTZEUR.
[Historizer][2018-01-26 06:40:55,082][INFO] - ohlc histo file saved for XETHZEUR.
[Historizer][2018-01-26 06:40:55,406][INFO] - ohlc histo file saved for DASHEUR.
[Historizer][2018-01-26 06:40:56,665][INFO] - ohlc histo file saved for XXRPZEUR.
[Historizer][2018-01-26 06:40:58,003][INFO] - ohlc histo file saved for XREPZEUR.
[Historizer][2018-01-26 06:40:58,929][INFO] - ohlc histo file saved for BCHEUR.
[Historizer][2018-01-26 06:41:01,463][INFO] - ohlc histo file saved for XETCZEUR.
[Historizer][2018-01-26 06:41:01,469][INFO] - End historization
