[Historizer][2018-01-23 04:23:17,549][INFO] - Starting historization
[Historizer][2018-01-23 04:23:17,551][INFO] - settings : histo_dir=/Users/Chafik/workspace/python/my_projects/crypto_currency/tradox/data/histo/, quote_ccy=ZEUR
[Historizer][2018-01-23 04:23:19,682][INFO] - starting importing histo data for XZECZEUR.
[Historizer][2018-01-23 04:23:19,682][INFO] - starting importing histo data for XXMRZEUR.
[Historizer][2018-01-23 04:23:19,683][INFO] - starting importing histo data for XLTCZEUR.
[Historizer][2018-01-23 04:23:19,687][INFO] - starting importing histo data for XXBTZEUR.
[Historizer][2018-01-23 04:23:19,692][INFO] - starting importing histo data for XETHZEUR.
[Historizer][2018-01-23 04:23:19,695][INFO] - starting importing histo data for XXRPZEUR.
[Historizer][2018-01-23 04:23:19,700][INFO] - starting importing histo data for DASHEUR.
[Historizer][2018-01-23 04:23:19,700][INFO] - starting importing histo data for XREPZEUR.
[Historizer][2018-01-23 04:23:19,705][INFO] - starting importing histo data for BCHEUR.
[Historizer][2018-01-23 04:23:19,707][INFO] - starting importing histo data for XETCZEUR.
[Historizer][2018-01-23 04:23:24,242][INFO] - ohlc histo file saved for XZECZEUR.
[Historizer][2018-01-23 04:23:25,744][INFO] - ohlc histo file saved for XXMRZEUR.
[Historizer][2018-01-23 04:23:27,289][INFO] - ohlc histo file saved for XLTCZEUR.
[Historizer][2018-01-23 04:23:28,953][INFO] - ohlc histo file saved for XXBTZEUR.
[Historizer][2018-01-23 04:23:30,150][INFO] - ohlc histo file saved for XETHZEUR.
[Historizer][2018-01-23 04:23:31,483][INFO] - ohlc histo file saved for XXRPZEUR.
[Historizer][2018-01-23 04:23:32,836][INFO] - ohlc histo file saved for DASHEUR.
[Historizer][2018-01-23 04:23:34,597][INFO] - ohlc histo file saved for XREPZEUR.
[Historizer][2018-01-23 04:23:35,539][INFO] - ohlc histo file saved for BCHEUR.
[Historizer][2018-01-23 04:23:36,590][INFO] - ohlc histo file saved for XETCZEUR.
[Historizer][2018-01-23 04:23:36,595][INFO] - End historization
