[Historizer][2018-01-22 01:51:52,797][INFO] - Starting historization
[Historizer][2018-01-22 01:51:52,798][INFO] - settings : histo_dir=/Users/Chafik/workspace/python/my_projects/crypto_currency/tradox/data/histo/, quote_ccy=ZEUR
[Historizer][2018-01-22 01:51:55,541][INFO] - starting importing histo data for XZECZEUR.
[Historizer][2018-01-22 01:51:55,542][INFO] - starting importing histo data for XLTCZEUR.
[Historizer][2018-01-22 01:51:55,543][INFO] - starting importing histo data for XXMRZEUR.
[Historizer][2018-01-22 01:51:55,545][INFO] - starting importing histo data for XXBTZEUR.
[Historizer][2018-01-22 01:51:55,554][INFO] - starting importing histo data for DASHEUR.
[Historizer][2018-01-22 01:51:55,556][INFO] - starting importing histo data for XXRPZEUR.
[Historizer][2018-01-22 01:51:55,553][INFO] - starting importing histo data for XETHZEUR.
[Historizer][2018-01-22 01:51:55,562][INFO] - starting importing histo data for XREPZEUR.
[Historizer][2018-01-22 01:51:55,565][INFO] - starting importing histo data for BCHEUR.
[Historizer][2018-01-22 01:51:55,566][INFO] - starting importing histo data for XETCZEUR.
[Historizer][2018-01-22 01:52:08,648][INFO] - ohlc histo file saved for XZECZEUR.
[Historizer][2018-01-22 01:52:10,946][INFO] - ohlc histo file saved for XLTCZEUR.
[Historizer][2018-01-22 01:52:20,551][INFO] - ohlc histo file saved for XXMRZEUR.
[Historizer][2018-01-22 01:52:26,391][INFO] - ohlc histo file saved for XXBTZEUR.
[Historizer][2018-01-22 01:52:58,527][INFO] - ohlc histo file saved for DASHEUR.
[Historizer][2018-01-22 01:53:05,319][INFO] - ohlc histo file saved for XXRPZEUR.
[Historizer][2018-01-22 01:53:17,871][INFO] - ohlc histo file saved for XETHZEUR.
[Historizer][2018-01-22 01:53:21,676][INFO] - ohlc histo file saved for XREPZEUR.
[Historizer][2018-01-22 01:53:31,033][INFO] - ohlc histo file saved for BCHEUR.
[Historizer][2018-01-22 01:53:35,591][INFO] - ohlc histo file saved for XETCZEUR.
[Historizer][2018-01-22 01:53:35,597][INFO] - End historization
