[Historizer][2018-01-24 16:32:06,581][INFO] - Starting historization
[Historizer][2018-01-24 16:32:06,581][INFO] - settings : histo_dir=/Users/Chafik/workspace/python/my_projects/crypto_currency/tradox/data/histo/, quote_ccy=ZEUR
[Historizer][2018-01-24 16:32:09,487][INFO] - starting importing histo data for XZECZEUR.
[Historizer][2018-01-24 16:32:09,490][INFO] - starting importing histo data for XXMRZEUR.
[Historizer][2018-01-24 16:32:09,490][INFO] - starting importing histo data for XLTCZEUR.
[Historizer][2018-01-24 16:32:09,493][INFO] - starting importing histo data for XXBTZEUR.
[Historizer][2018-01-24 16:32:09,506][INFO] - starting importing histo data for XXRPZEUR.
[Historizer][2018-01-24 16:32:09,499][INFO] - starting importing histo data for XETHZEUR.
[Historizer][2018-01-24 16:32:09,509][INFO] - starting importing histo data for DASHEUR.
[Historizer][2018-01-24 16:32:09,512][INFO] - starting importing histo data for XREPZEUR.
[Historizer][2018-01-24 16:32:09,517][INFO] - starting importing histo data for BCHEUR.
[Historizer][2018-01-24 16:32:09,521][INFO] - starting importing histo data for XETCZEUR.
[Historizer][2018-01-24 16:32:14,015][INFO] - ohlc histo file saved for XZECZEUR.
[Historizer][2018-01-24 16:32:15,596][INFO] - ohlc histo file saved for XXMRZEUR.
[Historizer][2018-01-24 16:32:17,152][INFO] - ohlc histo file saved for XLTCZEUR.
[Historizer][2018-01-24 16:32:20,115][INFO] - ohlc histo file saved for XXBTZEUR.
[Historizer][2018-01-24 16:32:22,078][INFO] - ohlc histo file saved for XXRPZEUR.
[Historizer][2018-01-24 16:32:24,242][INFO] - ohlc histo file saved for XETHZEUR.
[Historizer][2018-01-24 16:32:25,465][INFO] - ohlc histo file saved for DASHEUR.
[Historizer][2018-01-24 16:32:26,922][INFO] - ohlc histo file saved for XREPZEUR.
[Historizer][2018-01-24 16:32:27,939][INFO] - ohlc histo file saved for BCHEUR.
[Historizer][2018-01-24 16:32:28,536][INFO] - ohlc histo file saved for XETCZEUR.
[Historizer][2018-01-24 16:32:28,543][INFO] - End historization
