[Historizer][2018-01-22 09:54:40,143][INFO] - Starting historization
[Historizer][2018-01-22 09:54:40,144][INFO] - settings : histo_dir=/Users/Chafik/workspace/python/my_projects/crypto_currency/tradox/data/histo/, quote_ccy=ZEUR
[Historizer][2018-01-22 09:54:41,580][INFO] - starting importing histo data for XLTCZEUR.
[Historizer][2018-01-22 09:54:41,580][INFO] - starting importing histo data for XZECZEUR.
[Historizer][2018-01-22 09:54:41,581][INFO] - starting importing histo data for XXMRZEUR.
[Historizer][2018-01-22 09:54:41,583][INFO] - starting importing histo data for XXBTZEUR.
[Historizer][2018-01-22 09:54:41,587][INFO] - starting importing histo data for XETHZEUR.
[Historizer][2018-01-22 09:54:41,589][INFO] - starting importing histo data for XXRPZEUR.
[Historizer][2018-01-22 09:54:41,592][INFO] - starting importing histo data for DASHEUR.
[Historizer][2018-01-22 09:54:41,593][INFO] - starting importing histo data for XREPZEUR.
[Historizer][2018-01-22 09:54:41,596][INFO] - starting importing histo data for BCHEUR.
[Historizer][2018-01-22 09:54:41,597][INFO] - starting importing histo data for XETCZEUR.
[Historizer][2018-01-22 09:54:45,641][INFO] - ohlc histo file saved for XLTCZEUR.
[Historizer][2018-01-22 09:54:48,538][INFO] - ohlc histo file saved for XZECZEUR.
[Historizer][2018-01-22 09:54:50,651][INFO] - ohlc histo file saved for XXMRZEUR.
[Historizer][2018-01-22 09:54:52,038][INFO] - ohlc histo file saved for XXBTZEUR.
[Historizer][2018-01-22 09:54:53,703][INFO] - ohlc histo file saved for XETHZEUR.
[Historizer][2018-01-22 09:54:55,178][INFO] - ohlc histo file saved for XXRPZEUR.
[Historizer][2018-01-22 09:54:56,223][INFO] - ohlc histo file saved for DASHEUR.
[Historizer][2018-01-22 09:54:57,544][INFO] - ohlc histo file saved for XREPZEUR.
[Historizer][2018-01-22 09:54:59,048][INFO] - ohlc histo file saved for BCHEUR.
[Historizer][2018-01-22 09:55:00,291][INFO] - ohlc histo file saved for XETCZEUR.
[Historizer][2018-01-22 09:55:00,297][INFO] - End historization
