[Historizer][2018-01-24 06:29:08,344][INFO] - Starting historization
[Historizer][2018-01-24 06:29:08,344][INFO] - settings : histo_dir=/Users/Chafik/workspace/python/my_projects/crypto_currency/tradox/data/histo/, quote_ccy=ZEUR
[Historizer][2018-01-24 06:29:09,886][INFO] - starting importing histo data for XZECZEUR.
[Historizer][2018-01-24 06:29:09,890][INFO] - starting importing histo data for XXBTZEUR.
[Historizer][2018-01-24 06:29:09,889][INFO] - starting importing histo data for XLTCZEUR.
[Historizer][2018-01-24 06:29:09,891][INFO] - starting importing histo data for XXMRZEUR.
[Historizer][2018-01-24 06:29:09,895][INFO] - starting importing histo data for XETHZEUR.
[Historizer][2018-01-24 06:29:09,898][INFO] - starting importing histo data for XXRPZEUR.
[Historizer][2018-01-24 06:29:09,899][INFO] - starting importing histo data for DASHEUR.
[Historizer][2018-01-24 06:29:09,900][INFO] - starting importing histo data for XREPZEUR.
[Historizer][2018-01-24 06:29:09,904][INFO] - starting importing histo data for BCHEUR.
[Historizer][2018-01-24 06:29:09,905][INFO] - starting importing histo data for XETCZEUR.
[Historizer][2018-01-24 06:29:15,170][INFO] - ohlc histo file saved for XZECZEUR.
[Historizer][2018-01-24 06:29:17,378][INFO] - ohlc histo file saved for XXBTZEUR.
[Historizer][2018-01-24 06:29:18,495][INFO] - ohlc histo file saved for XLTCZEUR.
[Historizer][2018-01-24 06:29:19,813][INFO] - ohlc histo file saved for XXMRZEUR.
[Historizer][2018-01-24 06:29:22,825][INFO] - ohlc histo file saved for XETHZEUR.
[Historizer][2018-01-24 06:29:25,243][INFO] - ohlc histo file saved for XXRPZEUR.
[Historizer][2018-01-24 06:29:29,524][INFO] - ohlc histo file saved for DASHEUR.
[Historizer][2018-01-24 06:29:30,793][INFO] - ohlc histo file saved for XREPZEUR.
[Historizer][2018-01-24 06:29:32,070][INFO] - ohlc histo file saved for BCHEUR.
[Historizer][2018-01-24 06:29:33,649][INFO] - ohlc histo file saved for XETCZEUR.
[Historizer][2018-01-24 06:29:33,655][INFO] - End historization
