[Historizer][2018-01-23 22:27:37,992][INFO] - Starting historization
[Historizer][2018-01-23 22:27:37,992][INFO] - settings : histo_dir=/Users/Chafik/workspace/python/my_projects/crypto_currency/tradox/data/histo/, quote_ccy=ZEUR
[Historizer][2018-01-23 22:27:38,838][INFO] - starting importing histo data for XZECZEUR.
[Historizer][2018-01-23 22:27:38,839][INFO] - starting importing histo data for XLTCZEUR.
[Historizer][2018-01-23 22:27:38,842][INFO] - starting importing histo data for XXBTZEUR.
[Historizer][2018-01-23 22:27:38,843][INFO] - starting importing histo data for XXMRZEUR.
[Historizer][2018-01-23 22:27:38,848][INFO] - starting importing histo data for XETHZEUR.
[Historizer][2018-01-23 22:27:38,851][INFO] - starting importing histo data for XXRPZEUR.
[Historizer][2018-01-23 22:27:38,861][INFO] - starting importing histo data for BCHEUR.
[Historizer][2018-01-23 22:27:38,858][INFO] - starting importing histo data for XREPZEUR.
[Historizer][2018-01-23 22:27:38,860][INFO] - starting importing histo data for DASHEUR.
[Historizer][2018-01-23 22:27:38,868][INFO] - starting importing histo data for XETCZEUR.
[Historizer][2018-01-23 22:27:44,570][INFO] - ohlc histo file saved for XZECZEUR.
[Historizer][2018-01-23 22:27:46,897][INFO] - ohlc histo file saved for XLTCZEUR.
[Historizer][2018-01-23 22:27:49,276][INFO] - ohlc histo file saved for XXBTZEUR.
[Historizer][2018-01-23 22:27:51,118][INFO] - ohlc histo file saved for XXMRZEUR.
[Historizer][2018-01-23 22:27:52,406][INFO] - ohlc histo file saved for XETHZEUR.
[Historizer][2018-01-23 22:27:53,810][INFO] - ohlc histo file saved for XXRPZEUR.
[Historizer][2018-01-23 22:27:55,321][INFO] - ohlc histo file saved for XREPZEUR.
[Historizer][2018-01-23 22:27:56,965][INFO] - ohlc histo file saved for BCHEUR.
[Historizer][2018-01-23 22:27:57,586][INFO] - ohlc histo file saved for DASHEUR.
[Historizer][2018-01-23 22:27:58,722][INFO] - ohlc histo file saved for XETCZEUR.
[Historizer][2018-01-23 22:27:58,732][INFO] - End historization
