[Historizer][2018-01-24 00:28:02,609][INFO] - Starting historization
[Historizer][2018-01-24 00:28:02,610][INFO] - settings : histo_dir=/Users/Chafik/workspace/python/my_projects/crypto_currency/tradox/data/histo/, quote_ccy=ZEUR
[Historizer][2018-01-24 00:28:04,058][INFO] - starting importing histo data for XZECZEUR.
[Historizer][2018-01-24 00:28:04,059][INFO] - starting importing histo data for XLTCZEUR.
[Historizer][2018-01-24 00:28:04,061][INFO] - starting importing histo data for XXMRZEUR.
[Historizer][2018-01-24 00:28:04,063][INFO] - starting importing histo data for XXBTZEUR.
[Historizer][2018-01-24 00:28:04,067][INFO] - starting importing histo data for XETHZEUR.
[Historizer][2018-01-24 00:28:04,071][INFO] - starting importing histo data for DASHEUR.
[Historizer][2018-01-24 00:28:04,071][INFO] - starting importing histo data for XXRPZEUR.
[Historizer][2018-01-24 00:28:04,075][INFO] - starting importing histo data for XREPZEUR.
[Historizer][2018-01-24 00:28:04,078][INFO] - starting importing histo data for BCHEUR.
[Historizer][2018-01-24 00:28:04,079][INFO] - starting importing histo data for XETCZEUR.
[Historizer][2018-01-24 00:28:08,329][INFO] - ohlc histo file saved for XZECZEUR.
[Historizer][2018-01-24 00:28:09,351][INFO] - ohlc histo file saved for XLTCZEUR.
[Historizer][2018-01-24 00:28:10,579][INFO] - ohlc histo file saved for XXMRZEUR.
[Historizer][2018-01-24 00:28:11,272][INFO] - ohlc histo file saved for XXBTZEUR.
[Historizer][2018-01-24 00:28:12,495][INFO] - ohlc histo file saved for XETHZEUR.
[Historizer][2018-01-24 00:28:13,651][INFO] - ohlc histo file saved for DASHEUR.
[Historizer][2018-01-24 00:28:14,970][INFO] - ohlc histo file saved for XXRPZEUR.
[Historizer][2018-01-24 00:28:15,749][INFO] - ohlc histo file saved for XREPZEUR.
[Historizer][2018-01-24 00:28:17,196][INFO] - ohlc histo file saved for BCHEUR.
[Historizer][2018-01-24 00:28:18,916][INFO] - ohlc histo file saved for XETCZEUR.
[Historizer][2018-01-24 00:28:18,923][INFO] - End historization
