[Historizer][2018-01-24 14:31:22,863][INFO] - Starting historization
[Historizer][2018-01-24 14:31:22,863][INFO] - settings : histo_dir=/Users/Chafik/workspace/python/my_projects/crypto_currency/tradox/data/histo/, quote_ccy=ZEUR
[Historizer][2018-01-24 14:31:28,300][INFO] - starting importing histo data for XZECZEUR.
[Historizer][2018-01-24 14:31:28,301][INFO] - starting importing histo data for XLTCZEUR.
[Historizer][2018-01-24 14:31:28,305][INFO] - starting importing histo data for XXMRZEUR.
[Historizer][2018-01-24 14:31:28,312][INFO] - starting importing histo data for XXBTZEUR.
[Historizer][2018-01-24 14:31:28,314][INFO] - starting importing histo data for XETHZEUR.
[Historizer][2018-01-24 14:31:28,323][INFO] - starting importing histo data for XXRPZEUR.
[Historizer][2018-01-24 14:31:28,326][INFO] - starting importing histo data for DASHEUR.
[Historizer][2018-01-24 14:31:28,328][INFO] - starting importing histo data for BCHEUR.
[Historizer][2018-01-24 14:31:28,331][INFO] - starting importing histo data for XREPZEUR.
[Historizer][2018-01-24 14:31:28,334][INFO] - starting importing histo data for XETCZEUR.
[Historizer][2018-01-24 14:31:31,361][INFO] - ohlc histo file saved for XZECZEUR.
[Historizer][2018-01-24 14:31:32,602][INFO] - ohlc histo file saved for XLTCZEUR.
[Historizer][2018-01-24 14:31:33,887][INFO] - ohlc histo file saved for XXMRZEUR.
[Historizer][2018-01-24 14:31:40,623][INFO] - ohlc histo file saved for XXBTZEUR.
[Historizer][2018-01-24 14:31:45,937][INFO] - ohlc histo file saved for XETHZEUR.
[Historizer][2018-01-24 14:31:47,264][INFO] - ohlc histo file saved for XXRPZEUR.
[Historizer][2018-01-24 14:31:50,473][INFO] - ohlc histo file saved for DASHEUR.
[Historizer][2018-01-24 14:31:53,369][INFO] - ohlc histo file saved for BCHEUR.
[Historizer][2018-01-24 14:31:57,809][INFO] - ohlc histo file saved for XREPZEUR.
[Historizer][2018-01-24 14:32:03,065][INFO] - ohlc histo file saved for XETCZEUR.
[Historizer][2018-01-24 14:32:03,071][INFO] - End historization
