[Historizer][2018-01-26 20:44:35,422][INFO] - Starting historization
[Historizer][2018-01-26 20:44:35,422][INFO] - settings : histo_dir=/Users/Chafik/workspace/python/my_projects/crypto_currency/tradox/data/histo/, quote_ccy=ZEUR
[Historizer][2018-01-26 20:44:38,612][INFO] - starting importing histo data for XZECZEUR.
[Historizer][2018-01-26 20:44:38,615][INFO] - starting importing histo data for XXMRZEUR.
[Historizer][2018-01-26 20:44:38,613][INFO] - starting importing histo data for XLTCZEUR.
[Historizer][2018-01-26 20:44:38,621][INFO] - starting importing histo data for XXBTZEUR.
[Historizer][2018-01-26 20:44:38,626][INFO] - starting importing histo data for XETHZEUR.
[Historizer][2018-01-26 20:44:38,629][INFO] - starting importing histo data for XXRPZEUR.
[Historizer][2018-01-26 20:44:38,632][INFO] - starting importing histo data for DASHEUR.
[Historizer][2018-01-26 20:44:38,639][INFO] - starting importing histo data for XREPZEUR.
[Historizer][2018-01-26 20:44:38,640][INFO] - starting importing histo data for BCHEUR.
[Historizer][2018-01-26 20:44:38,643][INFO] - starting importing histo data for XETCZEUR.
[Historizer][2018-01-26 20:44:41,676][INFO] - ohlc histo file saved for XZECZEUR.
[Historizer][2018-01-26 20:44:42,651][INFO] - ohlc histo file saved for XXMRZEUR.
[Historizer][2018-01-26 20:44:45,784][INFO] - ohlc histo file saved for XLTCZEUR.
[Historizer][2018-01-26 20:44:47,647][INFO] - ohlc histo file saved for XXBTZEUR.
[Historizer][2018-01-26 20:44:48,427][INFO] - ohlc histo file saved for XETHZEUR.
[Historizer][2018-01-26 20:44:50,887][INFO] - ohlc histo file saved for XXRPZEUR.
[Historizer][2018-01-26 20:44:51,304][INFO] - ohlc histo file saved for DASHEUR.
[Historizer][2018-01-26 20:44:53,617][INFO] - ohlc histo file saved for BCHEUR.
[Historizer][2018-01-26 20:44:56,629][INFO] - ohlc histo file saved for XREPZEUR.
[Historizer][2018-01-26 20:44:58,277][INFO] - ohlc histo file saved for XETCZEUR.
[Historizer][2018-01-26 20:44:58,284][INFO] - End historization
