[Historizer][2018-01-22 13:55:29,144][INFO] - Starting historization
[Historizer][2018-01-22 13:55:29,145][INFO] - settings : histo_dir=/Users/Chafik/workspace/python/my_projects/crypto_currency/tradox/data/histo/, quote_ccy=ZEUR
[Historizer][2018-01-22 13:55:32,650][INFO] - starting importing histo data for XZECZEUR.
[Historizer][2018-01-22 13:55:32,650][INFO] - starting importing histo data for XLTCZEUR.
[Historizer][2018-01-22 13:55:32,656][INFO] - starting importing histo data for XXBTZEUR.
[Historizer][2018-01-22 13:55:32,653][INFO] - starting importing histo data for XXMRZEUR.
[Historizer][2018-01-22 13:55:32,664][INFO] - starting importing histo data for XETHZEUR.
[Historizer][2018-01-22 13:55:32,670][INFO] - starting importing histo data for XXRPZEUR.
[Historizer][2018-01-22 13:55:32,673][INFO] - starting importing histo data for DASHEUR.
[Historizer][2018-01-22 13:55:32,676][INFO] - starting importing histo data for XREPZEUR.
[Historizer][2018-01-22 13:55:32,678][INFO] - starting importing histo data for BCHEUR.
[Historizer][2018-01-22 13:55:32,683][INFO] - starting importing histo data for XETCZEUR.
[Historizer][2018-01-22 13:55:35,841][INFO] - ohlc histo file saved for XZECZEUR.
[Historizer][2018-01-22 13:55:37,260][INFO] - ohlc histo file saved for XLTCZEUR.
[Historizer][2018-01-22 13:55:39,817][INFO] - ohlc histo file saved for XXBTZEUR.
[Historizer][2018-01-22 13:55:42,757][INFO] - ohlc histo file saved for XXMRZEUR.
[Historizer][2018-01-22 13:55:45,311][INFO] - ohlc histo file saved for XETHZEUR.
[Historizer][2018-01-22 13:55:47,573][INFO] - ohlc histo file saved for XXRPZEUR.
[Historizer][2018-01-22 13:55:51,911][INFO] - ohlc histo file saved for DASHEUR.
[Historizer][2018-01-22 13:55:53,606][INFO] - ohlc histo file saved for XREPZEUR.
[Historizer][2018-01-22 13:55:55,283][INFO] - ohlc histo file saved for BCHEUR.
[Historizer][2018-01-22 13:55:58,715][INFO] - ohlc histo file saved for XETCZEUR.
[Historizer][2018-01-22 13:55:58,720][INFO] - End historization
