[Historizer][2018-01-26 08:41:05,067][INFO] - Starting historization
[Historizer][2018-01-26 08:41:05,067][INFO] - settings : histo_dir=/Users/Chafik/workspace/python/my_projects/crypto_currency/tradox/data/histo/, quote_ccy=ZEUR
[Historizer][2018-01-26 08:41:07,689][INFO] - starting importing histo data for XZECZEUR.
[Historizer][2018-01-26 08:41:07,689][INFO] - starting importing histo data for XLTCZEUR.
[Historizer][2018-01-26 08:41:07,693][INFO] - starting importing histo data for XXMRZEUR.
[Historizer][2018-01-26 08:41:07,693][INFO] - starting importing histo data for XXBTZEUR.
[Historizer][2018-01-26 08:41:07,698][INFO] - starting importing histo data for XETHZEUR.
[Historizer][2018-01-26 08:41:07,700][INFO] - starting importing histo data for XXRPZEUR.
[Historizer][2018-01-26 08:41:07,701][INFO] - starting importing histo data for DASHEUR.
[Historizer][2018-01-26 08:41:07,701][INFO] - starting importing histo data for XREPZEUR.
[Historizer][2018-01-26 08:41:07,706][INFO] - starting importing histo data for BCHEUR.
[Historizer][2018-01-26 08:41:07,708][INFO] - starting importing histo data for XETCZEUR.
[Historizer][2018-01-26 08:41:11,954][INFO] - ohlc histo file saved for XZECZEUR.
[Historizer][2018-01-26 08:41:14,126][INFO] - ohlc histo file saved for XLTCZEUR.
[Historizer][2018-01-26 08:41:16,608][INFO] - ohlc histo file saved for XXMRZEUR.
[Historizer][2018-01-26 08:41:19,741][INFO] - ohlc histo file saved for XXBTZEUR.
[Historizer][2018-01-26 08:41:22,143][INFO] - ohlc histo file saved for XETHZEUR.
[Historizer][2018-01-26 08:41:24,146][INFO] - ohlc histo file saved for XXRPZEUR.
[Historizer][2018-01-26 08:41:26,257][INFO] - ohlc histo file saved for DASHEUR.
[Historizer][2018-01-26 08:41:28,673][INFO] - ohlc histo file saved for XREPZEUR.
[Historizer][2018-01-26 08:41:30,937][INFO] - ohlc histo file saved for BCHEUR.
[Historizer][2018-01-26 08:41:32,834][INFO] - ohlc histo file saved for XETCZEUR.
[Historizer][2018-01-26 08:41:32,841][INFO] - End historization
