[Historizer][2018-01-26 18:44:05,827][INFO] - Starting historization
[Historizer][2018-01-26 18:44:05,828][INFO] - settings : histo_dir=/Users/Chafik/workspace/python/my_projects/crypto_currency/tradox/data/histo/, quote_ccy=ZEUR
[Historizer][2018-01-26 18:44:07,647][INFO] - starting importing histo data for XZECZEUR.
[Historizer][2018-01-26 18:44:07,648][INFO] - starting importing histo data for XLTCZEUR.
[Historizer][2018-01-26 18:44:07,653][INFO] - starting importing histo data for XXMRZEUR.
[Historizer][2018-01-26 18:44:07,654][INFO] - starting importing histo data for XXBTZEUR.
[Historizer][2018-01-26 18:44:07,664][INFO] - starting importing histo data for XXRPZEUR.
[Historizer][2018-01-26 18:44:07,665][INFO] - starting importing histo data for XETHZEUR.
[Historizer][2018-01-26 18:44:07,667][INFO] - starting importing histo data for DASHEUR.
[Historizer][2018-01-26 18:44:07,674][INFO] - starting importing histo data for XREPZEUR.
[Historizer][2018-01-26 18:44:07,681][INFO] - starting importing histo data for BCHEUR.
[Historizer][2018-01-26 18:44:07,684][INFO] - starting importing histo data for XETCZEUR.
[Historizer][2018-01-26 18:44:12,776][INFO] - ohlc histo file saved for XLTCZEUR.
[Historizer][2018-01-26 18:44:14,399][INFO] - ohlc histo file saved for XZECZEUR.
[Historizer][2018-01-26 18:44:14,867][ERROR] - ''
[Historizer][2018-01-26 18:44:14,868][ERROR] - Problem while requesting data. Re-attempting (nb 1)
[Historizer][2018-01-26 18:44:14,869][INFO] - starting importing histo data for XXMRZEUR.
[Historizer][2018-01-26 18:44:17,126][INFO] - ohlc histo file saved for XXBTZEUR.
[Historizer][2018-01-26 18:44:19,628][INFO] - ohlc histo file saved for XXRPZEUR.
[Historizer][2018-01-26 18:44:22,936][INFO] - ohlc histo file saved for XETHZEUR.
[Historizer][2018-01-26 18:44:25,124][INFO] - ohlc histo file saved for DASHEUR.
[Historizer][2018-01-26 18:44:25,845][INFO] - ohlc histo file saved for XREPZEUR.
[Historizer][2018-01-26 18:44:27,619][INFO] - ohlc histo file saved for BCHEUR.
[Historizer][2018-01-26 18:44:29,784][INFO] - ohlc histo file saved for XETCZEUR.
[Historizer][2018-01-26 18:44:31,498][INFO] - ohlc histo file saved for XXMRZEUR.
[Historizer][2018-01-26 18:44:31,506][INFO] - End historization
