[Trader][2018-01-20 23:16:17,284][INFO] - =========== START =============
[Trader][2018-01-20 23:16:18,614][INFO] - [XLTCZEUR][H_180_3_2] ====Trading System TradingSystem1 started===== pair=XLTCZEUR, simul=True, step=180, stop_loss=0%, wick=True, candles=3, bodies=2
[Trader][2018-01-20 23:16:18,625][INFO] - [XLTCZEUR][H_180_3_2] PNL(Perf=0, HoldPerf=0, Gain=0, Estimated=False)
[Trader][2018-01-20 23:16:18,626][INFO] - [XLTCZEUR][H_180_3_2] Pulling prices since 2018-01-20 23:10:17.317183
[Trader][2018-01-20 23:16:18,859][INFO] - [XXRPZEUR][H_180_3_2] ====Trading System TradingSystem1 started===== pair=XXRPZEUR, simul=True, step=180, stop_loss=0%, wick=True, candles=3, bodies=2
[Trader][2018-01-20 23:16:18,869][INFO] - [XXRPZEUR][H_180_3_2] PNL(Perf=0, HoldPerf=0, Gain=0, Estimated=False)
[Trader][2018-01-20 23:16:18,872][INFO] - [XXRPZEUR][H_180_3_2] Pulling prices since 2018-01-20 23:10:17.311382
[Trader][2018-01-20 23:16:19,329][INFO] - [XXBTZEUR][H_180_3_2] ====Trading System TradingSystem1 started===== pair=XXBTZEUR, simul=True, step=180, stop_loss=0%, wick=True, candles=3, bodies=2
[Trader][2018-01-20 23:16:19,336][INFO] - [XXBTZEUR][H_180_3_2] PNL(Perf=0, HoldPerf=0, Gain=0, Estimated=False)
[Trader][2018-01-20 23:16:19,337][INFO] - [XXBTZEUR][H_180_3_2] Pulling prices since 2018-01-20 23:10:17.329471
[Trader][2018-01-20 23:16:19,635][INFO] - [XETHZEUR][H_180_3_2] ====Trading System TradingSystem1 started===== pair=XETHZEUR, simul=True, step=180, stop_loss=0%, wick=True, candles=3, bodies=2
[Trader][2018-01-20 23:16:19,644][INFO] - [XETHZEUR][H_180_3_2] PNL(Perf=0, HoldPerf=0, Gain=0, Estimated=False)
[Trader][2018-01-20 23:16:19,646][INFO] - [XETHZEUR][H_180_3_2] Pulling prices since 2018-01-20 23:10:17.322996
[Trader][2018-01-20 23:16:19,794][INFO] - [XLTCZEUR][H_180_3_2] Next signal at 2018-01-20 23:17:19.793917
[Trader][2018-01-20 23:16:20,005][INFO] - [XXRPZEUR][H_180_3_2] Next signal at 2018-01-20 23:17:20.005711
[Trader][2018-01-20 23:16:20,322][INFO] - [XXBTZEUR][H_180_3_2] Next signal at 2018-01-20 23:17:20.322528
[Trader][2018-01-20 23:16:20,790][INFO] - [XETHZEUR][H_180_3_2] Next signal at 2018-01-20 23:17:20.790386
[Trader][2018-01-20 23:16:23,869][INFO] - =========== START =============
[Trader][2018-01-20 23:16:25,501][INFO] - [XLTCZEUR][H_1800_3_2] ====Trading System TradingSystem1 started===== pair=XLTCZEUR, simul=True, step=1800, stop_loss=0%, wick=True, candles=3, bodies=2
[Trader][2018-01-20 23:16:25,501][INFO] - [XETHZEUR][H_1800_3_2] ====Trading System TradingSystem1 started===== pair=XETHZEUR, simul=True, step=1800, stop_loss=0%, wick=True, candles=3, bodies=2
[Trader][2018-01-20 23:16:25,511][INFO] - [XLTCZEUR][H_1800_3_2] PNL(Perf=0, HoldPerf=0, Gain=0, Estimated=False)
[Trader][2018-01-20 23:16:25,511][INFO] - [XETHZEUR][H_1800_3_2] PNL(Perf=0, HoldPerf=0, Gain=0, Estimated=False)
[Trader][2018-01-20 23:16:25,512][INFO] - [XLTCZEUR][H_1800_3_2] Pulling prices since 2018-01-20 22:16:23.904294
[Trader][2018-01-20 23:16:25,512][INFO] - [XETHZEUR][H_1800_3_2] Pulling prices since 2018-01-20 22:16:23.908917
[Trader][2018-01-20 23:16:25,846][INFO] - [XXRPZEUR][H_1800_3_2] ====Trading System TradingSystem1 started===== pair=XXRPZEUR, simul=True, step=1800, stop_loss=0%, wick=True, candles=3, bodies=2
[Trader][2018-01-20 23:16:25,858][INFO] - [XXRPZEUR][H_1800_3_2] PNL(Perf=0, HoldPerf=0, Gain=0, Estimated=False)
[Trader][2018-01-20 23:16:25,860][INFO] - [XXRPZEUR][H_1800_3_2] Pulling prices since 2018-01-20 22:16:23.894795
[Trader][2018-01-20 23:16:26,704][INFO] - [XXBTZEUR][H_1800_3_2] ====Trading System TradingSystem1 started===== pair=XXBTZEUR, simul=True, step=1800, stop_loss=0%, wick=True, candles=3, bodies=2
[Trader][2018-01-20 23:16:26,714][INFO] - [XXBTZEUR][H_1800_3_2] PNL(Perf=0, HoldPerf=0, Gain=0, Estimated=False)
[Trader][2018-01-20 23:16:26,715][INFO] - [XXBTZEUR][H_1800_3_2] Pulling prices since 2018-01-20 22:16:23.909378
[Trader][2018-01-20 23:16:26,748][INFO] - [XETHZEUR][H_1800_3_2] Next signal at 2018-01-20 23:26:26.748608
[Trader][2018-01-20 23:16:26,750][INFO] - [XLTCZEUR][H_1800_3_2] Next signal at 2018-01-20 23:26:26.750345
[Trader][2018-01-20 23:16:26,921][INFO] - [XXRPZEUR][H_1800_3_2] Next signal at 2018-01-20 23:26:26.921419
[Trader][2018-01-20 23:16:27,099][INFO] - [XXBTZEUR][H_1800_3_2] Next signal at 2018-01-20 23:26:27.099363
[Trader][2018-01-20 23:17:19,800][INFO] - [XLTCZEUR][H_180_3_2] PNL(Perf=0, HoldPerf=-0.52910052910052197, Gain=0.52910052910052197, Estimated=False)
[Trader][2018-01-20 23:17:19,806][INFO] - [XLTCZEUR][H_180_3_2] Pulling prices since 2018-01-20 23:16:00
[Trader][2018-01-20 23:17:20,011][INFO] - [XXRPZEUR][H_180_3_2] PNL(Perf=0, HoldPerf=-0.062937062937061181, Gain=0.062937062937061181, Estimated=False)
[Trader][2018-01-20 23:17:20,012][INFO] - [XXRPZEUR][H_180_3_2] Pulling prices since 2018-01-20 23:16:00
[Trader][2018-01-20 23:17:20,334][INFO] - [XXBTZEUR][H_180_3_2] PNL(Perf=0, HoldPerf=-0.34630966725808132, Gain=0.34630966725808132, Estimated=False)
[Trader][2018-01-20 23:17:20,335][INFO] - [XXBTZEUR][H_180_3_2] Pulling prices since 2018-01-20 23:16:00
[Trader][2018-01-20 23:17:20,798][INFO] - [XETHZEUR][H_180_3_2] PNL(Perf=0, HoldPerf=-0.31194671612849217, Gain=0.31194671612849217, Estimated=False)
[Trader][2018-01-20 23:17:20,799][INFO] - [XETHZEUR][H_180_3_2] Pulling prices since 2018-01-20 23:16:00
[Trader][2018-01-20 23:17:21,058][INFO] - [XLTCZEUR][H_180_3_2] Next signal at 2018-01-20 23:18:21.058633
[Trader][2018-01-20 23:17:21,224][INFO] - [XXRPZEUR][H_180_3_2] Next signal at 2018-01-20 23:18:21.224197
[Trader][2018-01-20 23:17:21,426][INFO] - [XXBTZEUR][H_180_3_2] Next signal at 2018-01-20 23:18:21.426436
[Trader][2018-01-20 23:17:23,238][INFO] - [XETHZEUR][H_180_3_2] Next signal at 2018-01-20 23:18:23.238701
[Trader][2018-01-20 23:18:21,062][INFO] - [XLTCZEUR][H_180_3_2] PNL(Perf=0, HoldPerf=-0.34005763688761004, Gain=0.34005763688761004, Estimated=False)
[Trader][2018-01-20 23:18:21,066][INFO] - [XLTCZEUR][H_180_3_2] Pulling prices since 2018-01-20 23:17:00
[Trader][2018-01-20 23:18:21,229][INFO] - [XXRPZEUR][H_180_3_2] PNL(Perf=0, HoldPerf=0.062140748796016144, Gain=-0.062140748796016144, Estimated=False)
[Trader][2018-01-20 23:18:21,230][INFO] - [XXRPZEUR][H_180_3_2] Pulling prices since 2018-01-20 23:17:00
[Trader][2018-01-20 23:18:21,430][INFO] - [XXBTZEUR][H_180_3_2] PNL(Perf=0, HoldPerf=0.034178296781547171, Gain=-0.034178296781547171, Estimated=False)
[Trader][2018-01-20 23:18:21,432][INFO] - [XXBTZEUR][H_180_3_2] Pulling prices since 2018-01-20 23:17:00
[Trader][2018-01-20 23:18:22,493][INFO] - [XLTCZEUR][H_180_3_2] Calculating signal
[Trader][2018-01-20 23:18:22,494][INFO] - [XLTCZEUR][H_180_3_2] Signal received : 0
[Trader][2018-01-20 23:18:22,495][INFO] - [XLTCZEUR][H_180_3_2] Next signal at 2018-01-20 23:19:22.495393
[Trader][2018-01-20 23:18:22,499][INFO] - [XXRPZEUR][H_180_3_2] Calculating signal
[Trader][2018-01-20 23:18:22,500][INFO] - [XXRPZEUR][H_180_3_2] Signal received : 0
[Trader][2018-01-20 23:18:22,501][INFO] - [XXRPZEUR][H_180_3_2] Next signal at 2018-01-20 23:19:22.501599
[Trader][2018-01-20 23:18:22,880][INFO] - [XXBTZEUR][H_180_3_2] Calculating signal
[Trader][2018-01-20 23:18:22,881][INFO] - [XXBTZEUR][H_180_3_2] Signal received : 0
[Trader][2018-01-20 23:18:22,882][INFO] - [XXBTZEUR][H_180_3_2] Next signal at 2018-01-20 23:19:22.882300
[Trader][2018-01-20 23:18:23,243][INFO] - [XETHZEUR][H_180_3_2] PNL(Perf=0, HoldPerf=0.12145535195648489, Gain=-0.12145535195648489, Estimated=False)
[Trader][2018-01-20 23:18:23,244][INFO] - [XETHZEUR][H_180_3_2] Pulling prices since 2018-01-20 23:17:00
[Trader][2018-01-20 23:18:24,369][INFO] - [XETHZEUR][H_180_3_2] Calculating signal
[Trader][2018-01-20 23:18:24,370][INFO] - [XETHZEUR][H_180_3_2] Signal received : 0
[Trader][2018-01-20 23:18:24,371][INFO] - [XETHZEUR][H_180_3_2] Next signal at 2018-01-20 23:19:24.371402
[Trader][2018-01-20 23:19:22,500][INFO] - [XLTCZEUR][H_180_3_2] PNL(Perf=0, HoldPerf=-0.50609615827006871, Gain=0.50609615827006871, Estimated=False)
[Trader][2018-01-20 23:19:22,504][INFO] - [XLTCZEUR][H_180_3_2] Pulling prices since 2018-01-20 23:17:00
[Trader][2018-01-20 23:19:22,505][INFO] - [XXRPZEUR][H_180_3_2] PNL(Perf=0, HoldPerf=0.27729662971967978, Gain=-0.27729662971967978, Estimated=False)
[Trader][2018-01-20 23:19:22,507][INFO] - [XXRPZEUR][H_180_3_2] Pulling prices since 2018-01-20 23:17:00
[Trader][2018-01-20 23:19:22,887][INFO] - [XXBTZEUR][H_180_3_2] PNL(Perf=0, HoldPerf=-0.047460844803037493, Gain=0.047460844803037493, Estimated=False)
[Trader][2018-01-20 23:19:22,888][INFO] - [XXBTZEUR][H_180_3_2] Pulling prices since 2018-01-20 23:17:00
[Trader][2018-01-20 23:19:23,362][INFO] - [XXRPZEUR][H_180_3_2] Next signal at 2018-01-20 23:20:23.362423
[Trader][2018-01-20 23:19:23,555][INFO] - [XLTCZEUR][H_180_3_2] Next signal at 2018-01-20 23:20:23.555607
[Trader][2018-01-20 23:19:24,311][INFO] - [XXBTZEUR][H_180_3_2] Next signal at 2018-01-20 23:20:24.311591
[Trader][2018-01-20 23:19:24,376][INFO] - [XETHZEUR][H_180_3_2] PNL(Perf=0, HoldPerf=-0.12327208361429104, Gain=0.12327208361429104, Estimated=False)
[Trader][2018-01-20 23:19:24,377][INFO] - [XETHZEUR][H_180_3_2] Pulling prices since 2018-01-20 23:17:00
[Trader][2018-01-20 23:19:24,777][INFO] - [XETHZEUR][H_180_3_2] Next signal at 2018-01-20 23:20:24.777117
[Trader][2018-01-20 23:20:23,367][INFO] - [XXRPZEUR][H_180_3_2] PNL(Perf=0, HoldPerf=0.39238539238539233, Gain=-0.39238539238539233, Estimated=False)
[Trader][2018-01-20 23:20:23,371][INFO] - [XXRPZEUR][H_180_3_2] Pulling prices since 2018-01-20 23:19:00
[Trader][2018-01-20 23:20:23,560][INFO] - [XLTCZEUR][H_180_3_2] PNL(Perf=0, HoldPerf=-0.47734069473198992, Gain=0.47734069473198992, Estimated=False)
[Trader][2018-01-20 23:20:23,562][INFO] - [XLTCZEUR][H_180_3_2] Pulling prices since 2018-01-20 23:19:00
[Trader][2018-01-20 23:20:24,315][INFO] - [XXBTZEUR][H_180_3_2] PNL(Perf=0, HoldPerf=0.0028463808267718471, Gain=-0.0028463808267718471, Estimated=False)
[Trader][2018-01-20 23:20:24,317][INFO] - [XXBTZEUR][H_180_3_2] Pulling prices since 2018-01-20 23:19:00
[Trader][2018-01-20 23:20:24,469][INFO] - [XXRPZEUR][H_180_3_2] Next signal at 2018-01-20 23:21:24.469235
[Trader][2018-01-20 23:20:24,622][INFO] - [XLTCZEUR][H_180_3_2] Next signal at 2018-01-20 23:21:24.622438
[Trader][2018-01-20 23:20:24,782][INFO] - [XETHZEUR][H_180_3_2] PNL(Perf=0, HoldPerf=-0.26873788044852398, Gain=0.26873788044852398, Estimated=False)
[Trader][2018-01-20 23:20:24,783][INFO] - [XETHZEUR][H_180_3_2] Pulling prices since 2018-01-20 23:19:00
[Trader][2018-01-20 23:20:25,512][INFO] - [XXBTZEUR][H_180_3_2] Next signal at 2018-01-20 23:21:25.511919
[Trader][2018-01-20 23:20:25,513][INFO] - [XETHZEUR][H_180_3_2] Next signal at 2018-01-20 23:21:25.513355
[Trader][2018-01-20 23:21:24,474][INFO] - [XXRPZEUR][H_180_3_2] PNL(Perf=0, HoldPerf=0.20195743358706972, Gain=-0.20195743358706972, Estimated=False)
[Trader][2018-01-20 23:21:24,478][INFO] - [XXRPZEUR][H_180_3_2] Pulling prices since 2018-01-20 23:20:00
[Trader][2018-01-20 23:21:24,628][INFO] - [XLTCZEUR][H_180_3_2] PNL(Perf=0, HoldPerf=-0.34582132564841173, Gain=0.34582132564841173, Estimated=False)
[Trader][2018-01-20 23:21:24,629][INFO] - [XLTCZEUR][H_180_3_2] Pulling prices since 2018-01-20 23:20:00
[Trader][2018-01-20 23:21:25,094][INFO] - [XLTCZEUR][H_180_3_2] Calculating signal
[Trader][2018-01-20 23:21:25,096][INFO] - [XLTCZEUR][H_180_3_2] Signal received : 0
[Trader][2018-01-20 23:21:25,097][INFO] - [XLTCZEUR][H_180_3_2] Next signal at 2018-01-20 23:22:25.096953
[Trader][2018-01-20 23:21:25,516][INFO] - [XXBTZEUR][H_180_3_2] PNL(Perf=0, HoldPerf=-0.075951770625652712, Gain=0.075951770625652712, Estimated=False)
[Trader][2018-01-20 23:21:25,518][INFO] - [XXBTZEUR][H_180_3_2] Pulling prices since 2018-01-20 23:20:00
[Trader][2018-01-20 23:21:25,518][INFO] - [XETHZEUR][H_180_3_2] PNL(Perf=0, HoldPerf=0.11934308496593921, Gain=-0.11934308496593921, Estimated=False)
[Trader][2018-01-20 23:21:25,519][INFO] - [XETHZEUR][H_180_3_2] Pulling prices since 2018-01-20 23:20:00
[Trader][2018-01-20 23:21:25,810][INFO] - [XXRPZEUR][H_180_3_2] Calculating signal
[Trader][2018-01-20 23:21:25,811][INFO] - [XXRPZEUR][H_180_3_2] Signal received : 0
[Trader][2018-01-20 23:21:25,812][INFO] - [XXRPZEUR][H_180_3_2] Next signal at 2018-01-20 23:22:25.812442
[Trader][2018-01-20 23:21:26,837][INFO] - [XETHZEUR][H_180_3_2] Calculating signal
[Trader][2018-01-20 23:21:26,837][INFO] - [XXBTZEUR][H_180_3_2] Calculating signal
[Trader][2018-01-20 23:21:26,838][INFO] - [XXBTZEUR][H_180_3_2] Signal received : 0
[Trader][2018-01-20 23:21:26,838][INFO] - [XETHZEUR][H_180_3_2] Signal received : 0
[Trader][2018-01-20 23:21:26,839][INFO] - [XXBTZEUR][H_180_3_2] Next signal at 2018-01-20 23:22:26.839288
[Trader][2018-01-20 23:21:26,839][INFO] - [XETHZEUR][H_180_3_2] Next signal at 2018-01-20 23:22:26.839568
[Trader][2018-01-20 23:22:25,100][INFO] - [XLTCZEUR][H_180_3_2] PNL(Perf=0, HoldPerf=-0.50609615827006871, Gain=0.50609615827006871, Estimated=False)
[Trader][2018-01-20 23:22:25,103][INFO] - [XLTCZEUR][H_180_3_2] Pulling prices since 2018-01-20 23:20:00
[Trader][2018-01-20 23:22:25,816][INFO] - [XXRPZEUR][H_180_3_2] PNL(Perf=0, HoldPerf=0.19962250374779084, Gain=-0.19962250374779084, Estimated=False)
[Trader][2018-01-20 23:22:25,818][INFO] - [XXRPZEUR][H_180_3_2] Pulling prices since 2018-01-20 23:20:00
[Trader][2018-01-20 23:22:26,009][INFO] - [XLTCZEUR][H_180_3_2] Next signal at 2018-01-20 23:23:26.009657
[Trader][2018-01-20 23:22:26,844][INFO] - [XXBTZEUR][H_180_3_2] PNL(Perf=0, HoldPerf=-0.094921689606074985, Gain=0.094921689606074985, Estimated=False)
[Trader][2018-01-20 23:22:26,844][INFO] - [XETHZEUR][H_180_3_2] PNL(Perf=0, HoldPerf=0.09271746459878577, Gain=-0.09271746459878577, Estimated=False)
[Trader][2018-01-20 23:22:26,846][INFO] - [XETHZEUR][H_180_3_2] Pulling prices since 2018-01-20 23:20:00
[Trader][2018-01-20 23:22:26,846][INFO] - [XXBTZEUR][H_180_3_2] Pulling prices since 2018-01-20 23:20:00
[Trader][2018-01-20 23:22:26,905][INFO] - [XXRPZEUR][H_180_3_2] Next signal at 2018-01-20 23:23:26.905377
[Trader][2018-01-20 23:22:27,974][INFO] - [XETHZEUR][H_180_3_2] Next signal at 2018-01-20 23:23:27.973981
[Trader][2018-01-20 23:22:27,974][INFO] - [XXBTZEUR][H_180_3_2] Next signal at 2018-01-20 23:23:27.973981
[Trader][2018-01-20 23:23:26,015][INFO] - [XLTCZEUR][H_180_3_2] PNL(Perf=0, HoldPerf=-0.59236254888428863, Gain=0.59236254888428863, Estimated=False)
[Trader][2018-01-20 23:23:26,018][INFO] - [XLTCZEUR][H_180_3_2] Pulling prices since 2018-01-20 23:22:00
[Trader][2018-01-20 23:23:26,910][INFO] - [XXRPZEUR][H_180_3_2] PNL(Perf=0, HoldPerf=0.23310023310024194, Gain=-0.23310023310024194, Estimated=False)
[Trader][2018-01-20 23:23:26,912][INFO] - [XXRPZEUR][H_180_3_2] Pulling prices since 2018-01-20 23:22:00
[Trader][2018-01-20 23:23:27,023][INFO] - [XLTCZEUR][H_180_3_2] Next signal at 2018-01-20 23:24:27.023311
[Trader][2018-01-20 23:23:27,979][INFO] - [XXBTZEUR][H_180_3_2] PNL(Perf=0, HoldPerf=-0.1394726605121657, Gain=0.1394726605121657, Estimated=False)
[Trader][2018-01-20 23:23:27,979][INFO] - [XETHZEUR][H_180_3_2] PNL(Perf=0, HoldPerf=-0.091687041564792654, Gain=0.091687041564792654, Estimated=False)
[Trader][2018-01-20 23:23:27,980][INFO] - [XETHZEUR][H_180_3_2] Pulling prices since 2018-01-20 23:22:00
[Trader][2018-01-20 23:23:27,980][INFO] - [XXBTZEUR][H_180_3_2] Pulling prices since 2018-01-20 23:22:00
[Trader][2018-01-20 23:23:28,916][INFO] - [XETHZEUR][H_180_3_2] Next signal at 2018-01-20 23:24:28.916391
[Trader][2018-01-20 23:23:29,390][INFO] - [XXRPZEUR][H_180_3_2] Next signal at 2018-01-20 23:24:29.389969
[Trader][2018-01-20 23:23:29,402][INFO] - [XXBTZEUR][H_180_3_2] Next signal at 2018-01-20 23:24:29.402302
[Trader][2018-01-20 23:24:27,028][INFO] - [XLTCZEUR][H_180_3_2] PNL(Perf=0, HoldPerf=-0.34005763688761004, Gain=0.34005763688761004, Estimated=False)
[Trader][2018-01-20 23:24:27,032][INFO] - [XLTCZEUR][H_180_3_2] Pulling prices since 2018-01-20 23:23:00
[Trader][2018-01-20 23:24:28,397][INFO] - [XLTCZEUR][H_180_3_2] Calculating signal
[Trader][2018-01-20 23:24:28,399][INFO] - [XLTCZEUR][H_180_3_2] Signal received : 1
[Trader][2018-01-20 23:24:28,922][INFO] - [XETHZEUR][H_180_3_2] PNL(Perf=0, HoldPerf=0.12779215292812196, Gain=-0.12779215292812196, Estimated=False)
[Trader][2018-01-20 23:24:28,924][INFO] - [XETHZEUR][H_180_3_2] Pulling prices since 2018-01-20 23:23:00
[Trader][2018-01-20 23:24:29,394][INFO] - [XXRPZEUR][H_180_3_2] PNL(Perf=0, HoldPerf=0.36430013981667397, Gain=-0.36430013981667397, Estimated=False)
[Trader][2018-01-20 23:24:29,396][INFO] - [XXRPZEUR][H_180_3_2] Pulling prices since 2018-01-20 23:23:00
[Trader][2018-01-20 23:24:29,408][INFO] - [XXBTZEUR][H_180_3_2] PNL(Perf=0, HoldPerf=-0.094939713282065893, Gain=0.094939713282065893, Estimated=False)
[Trader][2018-01-20 23:24:29,409][INFO] - [XXBTZEUR][H_180_3_2] Pulling prices since 2018-01-20 23:23:00
[Trader][2018-01-20 23:24:29,736][INFO] - [XLTCZEUR][H_180_3_2] Buy signal received. Trying to execute the trade ... - BUY
[Trader][2018-01-20 23:24:29,809][INFO] - [XETHZEUR][H_180_3_2] Calculating signal
[Trader][2018-01-20 23:24:29,810][INFO] - [XETHZEUR][H_180_3_2] Signal received : 0
[Trader][2018-01-20 23:24:29,810][INFO] - [XETHZEUR][H_180_3_2] Next signal at 2018-01-20 23:25:29.810721
[Trader][2018-01-20 23:24:30,311][INFO] - [XXRPZEUR][H_180_3_2] Calculating signal
[Trader][2018-01-20 23:24:30,313][INFO] - [XXRPZEUR][H_180_3_2] Signal received : 0
[Trader][2018-01-20 23:24:30,314][INFO] - [XXRPZEUR][H_180_3_2] Next signal at 2018-01-20 23:25:30.314460
[Trader][2018-01-20 23:24:30,470][INFO] - [XXBTZEUR][H_180_3_2] Calculating signal
[Trader][2018-01-20 23:24:30,471][INFO] - [XXBTZEUR][H_180_3_2] Signal received : 0
[Trader][2018-01-20 23:24:30,472][INFO] - [XXBTZEUR][H_180_3_2] Next signal at 2018-01-20 23:25:30.472288
[Trader][2018-01-20 23:24:30,914][INFO] - [XLTCZEUR][H_180_3_2] Trade executed @173.100000 at 2018-01-20 23:24:29 - BUY
[Trader][2018-01-20 23:24:30,916][INFO] - [XLTCZEUR][H_180_3_2] Next signal at 2018-01-20 23:25:30.916335
[Trader][2018-01-20 23:25:29,816][INFO] - [XETHZEUR][H_180_3_2] PNL(Perf=0, HoldPerf=-0.10957518543492537, Gain=0.10957518543492537, Estimated=False)
[Trader][2018-01-20 23:25:29,819][INFO] - [XETHZEUR][H_180_3_2] Pulling prices since 2018-01-20 23:23:00
[Trader][2018-01-20 23:25:30,320][INFO] - [XXRPZEUR][H_180_3_2] PNL(Perf=0, HoldPerf=0.36196142702905082, Gain=-0.36196142702905082, Estimated=False)
[Trader][2018-01-20 23:25:30,322][INFO] - [XXRPZEUR][H_180_3_2] Pulling prices since 2018-01-20 23:23:00
[Trader][2018-01-20 23:25:30,477][INFO] - [XXBTZEUR][H_180_3_2] PNL(Perf=0, HoldPerf=-0.11200759373516157, Gain=0.11200759373516157, Estimated=False)
[Trader][2018-01-20 23:25:30,479][INFO] - [XXBTZEUR][H_180_3_2] Pulling prices since 2018-01-20 23:23:00
[Trader][2018-01-20 23:25:31,008][INFO] - [XETHZEUR][H_180_3_2] Next signal at 2018-01-20 23:26:31.008134
[Trader][2018-01-20 23:25:31,346][INFO] - [XXRPZEUR][H_180_3_2] Next signal at 2018-01-20 23:26:31.346082
[Trader][2018-01-20 23:25:31,489][INFO] - [XXBTZEUR][H_180_3_2] Next signal at 2018-01-20 23:26:31.489708
[Trader][2018-01-20 23:26:26,775][INFO] - [XETHZEUR][H_1800_3_2] PNL(Perf=0, HoldPerf=-0.57707468334472156, Gain=0.57707468334472156, Estimated=False)
[Trader][2018-01-20 23:26:26,775][INFO] - [XLTCZEUR][H_1800_3_2] PNL(Perf=0, HoldPerf=-0.94069060456579945, Gain=0.94069060456579945, Estimated=False)
[Trader][2018-01-20 23:26:26,780][INFO] - [XETHZEUR][H_1800_3_2] Pulling prices since 2018-01-20 23:16:00
[Trader][2018-01-20 23:26:26,781][INFO] - [XLTCZEUR][H_1800_3_2] Pulling prices since 2018-01-20 23:16:00
[Trader][2018-01-20 23:26:26,948][INFO] - [XXRPZEUR][H_1800_3_2] PNL(Perf=0, HoldPerf=-0.60355486862442764, Gain=0.60355486862442764, Estimated=False)
[Trader][2018-01-20 23:26:26,950][INFO] - [XXRPZEUR][H_1800_3_2] Pulling prices since 2018-01-20 23:16:00
[Trader][2018-01-20 23:26:27,124][INFO] - [XXBTZEUR][H_1800_3_2] PNL(Perf=0, HoldPerf=-0.53585098239345741, Gain=0.53585098239345741, Estimated=False)
[Trader][2018-01-20 23:26:27,126][INFO] - [XXBTZEUR][H_1800_3_2] Pulling prices since 2018-01-20 23:16:00
[Trader][2018-01-20 23:26:27,897][INFO] - [XETHZEUR][H_1800_3_2] Next signal at 2018-01-20 23:36:27.897501
[Trader][2018-01-20 23:26:27,917][INFO] - [XLTCZEUR][H_1800_3_2] Next signal at 2018-01-20 23:36:27.917684
[Trader][2018-01-20 23:26:28,170][INFO] - [XXRPZEUR][H_1800_3_2] Next signal at 2018-01-20 23:36:28.170790
[Trader][2018-01-20 23:26:28,232][INFO] - [XXBTZEUR][H_1800_3_2] Next signal at 2018-01-20 23:36:28.232532
[Trader][2018-01-20 23:26:31,012][INFO] - [XETHZEUR][H_180_3_2] PNL(Perf=0, HoldPerf=0.11592614450721089, Gain=-0.11592614450721089, Estimated=False)
[Trader][2018-01-20 23:26:31,014][INFO] - [XETHZEUR][H_180_3_2] Pulling prices since 2018-01-20 23:25:00
[Trader][2018-01-20 23:26:31,353][INFO] - [XXRPZEUR][H_180_3_2] PNL(Perf=0, HoldPerf=0.39549339549339857, Gain=-0.39549339549339857, Estimated=False)
[Trader][2018-01-20 23:26:31,355][INFO] - [XXRPZEUR][H_180_3_2] Pulling prices since 2018-01-20 23:25:00
[Trader][2018-01-20 23:26:31,494][INFO] - [XXBTZEUR][H_180_3_2] PNL(Perf=0, HoldPerf=-0.12524075637827192, Gain=0.12524075637827192, Estimated=False)
[Trader][2018-01-20 23:26:31,495][INFO] - [XXBTZEUR][H_180_3_2] Pulling prices since 2018-01-20 23:25:00
[Trader][2018-01-20 23:26:32,408][INFO] - [XETHZEUR][H_180_3_2] Next signal at 2018-01-20 23:27:32.408782
[Trader][2018-01-20 23:26:33,004][INFO] - [XXBTZEUR][H_180_3_2] Next signal at 2018-01-20 23:27:33.004782
[Trader][2018-01-20 23:26:33,018][INFO] - [XXRPZEUR][H_180_3_2] Next signal at 2018-01-20 23:27:33.018258
[Trader][2018-01-20 23:27:32,413][INFO] - [XETHZEUR][H_180_3_2] PNL(Perf=0, HoldPerf=0.33162591751597259, Gain=-0.33162591751597259, Estimated=False)
[Trader][2018-01-20 23:27:32,416][INFO] - [XETHZEUR][H_180_3_2] Pulling prices since 2018-01-20 23:26:00
[Trader][2018-01-20 23:27:33,009][INFO] - [XXBTZEUR][H_180_3_2] PNL(Perf=0, HoldPerf=-0.10918067027437577, Gain=0.10918067027437577, Estimated=False)
[Trader][2018-01-20 23:27:33,011][INFO] - [XXBTZEUR][H_180_3_2] Pulling prices since 2018-01-20 23:26:00
[Trader][2018-01-20 23:27:33,023][INFO] - [XXRPZEUR][H_180_3_2] PNL(Perf=0, HoldPerf=0.35730930557712731, Gain=-0.35730930557712731, Estimated=False)
[Trader][2018-01-20 23:27:33,025][INFO] - [XXRPZEUR][H_180_3_2] Pulling prices since 2018-01-20 23:26:00
[Trader][2018-01-20 23:27:33,531][INFO] - [XETHZEUR][H_180_3_2] Calculating signal
[Trader][2018-01-20 23:27:33,533][INFO] - [XETHZEUR][H_180_3_2] Signal received : 0
[Trader][2018-01-20 23:27:33,534][INFO] - [XETHZEUR][H_180_3_2] Next signal at 2018-01-20 23:28:33.534462
[Trader][2018-01-20 23:27:34,001][INFO] - [XXRPZEUR][H_180_3_2] Calculating signal
[Trader][2018-01-20 23:27:34,003][INFO] - [XXRPZEUR][H_180_3_2] Signal received : 0
[Trader][2018-01-20 23:27:34,004][INFO] - [XXRPZEUR][H_180_3_2] Next signal at 2018-01-20 23:28:34.003878
[Trader][2018-01-20 23:27:34,080][INFO] - [XXBTZEUR][H_180_3_2] Calculating signal
[Trader][2018-01-20 23:27:34,081][INFO] - [XXBTZEUR][H_180_3_2] Signal received : 0
[Trader][2018-01-20 23:27:34,082][INFO] - [XXBTZEUR][H_180_3_2] Next signal at 2018-01-20 23:28:34.081891
[Trader][2018-01-20 23:28:33,539][INFO] - [XETHZEUR][H_180_3_2] PNL(Perf=0, HoldPerf=-0.012643290627107694, Gain=0.012643290627107694, Estimated=False)
[Trader][2018-01-20 23:28:33,543][INFO] - [XETHZEUR][H_180_3_2] Pulling prices since 2018-01-20 23:26:00
[Trader][2018-01-20 23:28:34,009][INFO] - [XXRPZEUR][H_180_3_2] PNL(Perf=0, HoldPerf=0.36196142702905082, Gain=-0.36196142702905082, Estimated=False)
[Trader][2018-01-20 23:28:34,011][INFO] - [XXRPZEUR][H_180_3_2] Pulling prices since 2018-01-20 23:26:00
[Trader][2018-01-20 23:28:34,086][INFO] - [XXBTZEUR][H_180_3_2] PNL(Perf=0, HoldPerf=-0.019933554817279202, Gain=0.019933554817279202, Estimated=False)
[Trader][2018-01-20 23:28:34,087][INFO] - [XXBTZEUR][H_180_3_2] Pulling prices since 2018-01-20 23:26:00
[Trader][2018-01-20 23:28:34,609][INFO] - [XETHZEUR][H_180_3_2] Next signal at 2018-01-20 23:29:34.609066
[Trader][2018-01-20 23:28:35,286][INFO] - [XXRPZEUR][H_180_3_2] Next signal at 2018-01-20 23:29:35.285751
[Trader][2018-01-20 23:28:35,286][INFO] - [XXBTZEUR][H_180_3_2] Next signal at 2018-01-20 23:29:35.286674
[Trader][2018-01-20 23:29:34,614][INFO] - [XETHZEUR][H_180_3_2] PNL(Perf=0, HoldPerf=-0.033723969311193196, Gain=0.033723969311193196, Estimated=False)
[Trader][2018-01-20 23:29:34,618][INFO] - [XETHZEUR][H_180_3_2] Pulling prices since 2018-01-20 23:28:00
[Trader][2018-01-20 23:29:35,291][INFO] - [XXRPZEUR][H_180_3_2] PNL(Perf=0, HoldPerf=0.46620046620046662, Gain=-0.46620046620046662, Estimated=False)
[Trader][2018-01-20 23:29:35,292][INFO] - [XXBTZEUR][H_180_3_2] PNL(Perf=0, HoldPerf=-0.073057107887328165, Gain=0.073057107887328165, Estimated=False)
[Trader][2018-01-20 23:29:35,293][INFO] - [XXRPZEUR][H_180_3_2] Pulling prices since 2018-01-20 23:28:00
[Trader][2018-01-20 23:29:35,293][INFO] - [XXBTZEUR][H_180_3_2] Pulling prices since 2018-01-20 23:28:00
[Trader][2018-01-20 23:29:35,564][INFO] - [XETHZEUR][H_180_3_2] Next signal at 2018-01-20 23:30:35.564469
[Trader][2018-01-20 23:29:37,548][INFO] - [XXRPZEUR][H_180_3_2] Next signal at 2018-01-20 23:30:37.547935
[Trader][2018-01-20 23:29:37,548][INFO] - [XXBTZEUR][H_180_3_2] Next signal at 2018-01-20 23:30:37.547987
[Trader][2018-01-20 23:30:35,568][INFO] - [XETHZEUR][H_180_3_2] PNL(Perf=0, HoldPerf=0.33268205101124543, Gain=-0.33268205101124543, Estimated=False)
[Trader][2018-01-20 23:30:35,572][INFO] - [XETHZEUR][H_180_3_2] Pulling prices since 2018-01-20 23:29:00
[Trader][2018-01-20 23:30:36,760][INFO] - [XETHZEUR][H_180_3_2] Calculating signal
[Trader][2018-01-20 23:30:36,762][INFO] - [XETHZEUR][H_180_3_2] Signal received : 0
[Trader][2018-01-20 23:30:36,763][INFO] - [XETHZEUR][H_180_3_2] Next signal at 2018-01-20 23:31:36.763025
[Trader][2018-01-20 23:30:37,552][INFO] - [XXRPZEUR][H_180_3_2] PNL(Perf=0, HoldPerf=0.59033711356220508, Gain=-0.59033711356220508, Estimated=False)
[Trader][2018-01-20 23:30:37,552][INFO] - [XXBTZEUR][H_180_3_2] PNL(Perf=0, HoldPerf=0.0085445741953824768, Gain=-0.0085445741953824768, Estimated=False)
[Trader][2018-01-20 23:30:37,554][INFO] - [XXRPZEUR][H_180_3_2] Pulling prices since 2018-01-20 23:29:00
[Trader][2018-01-20 23:30:37,554][INFO] - [XXBTZEUR][H_180_3_2] Pulling prices since 2018-01-20 23:29:00
[Trader][2018-01-20 23:30:38,434][INFO] - [XXRPZEUR][H_180_3_2] Calculating signal
[Trader][2018-01-20 23:30:38,436][INFO] - [XXRPZEUR][H_180_3_2] Signal received : 0
[Trader][2018-01-20 23:30:38,436][INFO] - [XXRPZEUR][H_180_3_2] Next signal at 2018-01-20 23:31:38.436835
[Trader][2018-01-20 23:30:38,594][INFO] - [XXBTZEUR][H_180_3_2] Calculating signal
[Trader][2018-01-20 23:30:38,595][INFO] - [XXBTZEUR][H_180_3_2] Signal received : 0
[Trader][2018-01-20 23:30:38,596][INFO] - [XXBTZEUR][H_180_3_2] Next signal at 2018-01-20 23:31:38.596131
[Trader][2018-01-20 23:31:36,768][INFO] - [XETHZEUR][H_180_3_2] PNL(Perf=0, HoldPerf=0.044251517194870943, Gain=-0.044251517194870943, Estimated=False)
[Trader][2018-01-20 23:31:36,771][INFO] - [XETHZEUR][H_180_3_2] Pulling prices since 2018-01-20 23:29:00
[Trader][2018-01-20 23:31:38,441][INFO] - [XXRPZEUR][H_180_3_2] PNL(Perf=0, HoldPerf=0.66566725957917627, Gain=-0.66566725957917627, Estimated=False)
[Trader][2018-01-20 23:31:38,442][INFO] - [XXRPZEUR][H_180_3_2] Pulling prices since 2018-01-20 23:29:00
[Trader][2018-01-20 23:31:38,602][INFO] - [XXBTZEUR][H_180_3_2] PNL(Perf=0, HoldPerf=-0.066445182724252497, Gain=0.066445182724252497, Estimated=False)
[Trader][2018-01-20 23:31:38,605][INFO] - [XXBTZEUR][H_180_3_2] Pulling prices since 2018-01-20 23:29:00
[Trader][2018-01-20 23:31:42,477][ERROR] - ''
[Trader][2018-01-20 23:31:42,478][ERROR] - Problem while requesting data for XXRPZEUR. Re-attempting (nb 1)
[Trader][2018-01-20 23:31:43,840][INFO] - [XXBTZEUR][H_180_3_2] Next signal at 2018-01-20 23:32:43.840044
[Trader][2018-01-20 23:31:43,840][INFO] - [XETHZEUR][H_180_3_2] Next signal at 2018-01-20 23:32:43.840179
[Trader][2018-01-20 23:31:44,963][INFO] - [XXRPZEUR][H_180_3_2] Next signal at 2018-01-20 23:32:44.963065
[Trader][2018-01-20 23:32:43,846][INFO] - [XETHZEUR][H_180_3_2] PNL(Perf=0, HoldPerf=-0.18126633504763798, Gain=0.18126633504763798, Estimated=False)
[Trader][2018-01-20 23:32:43,846][INFO] - [XXBTZEUR][H_180_3_2] PNL(Perf=0, HoldPerf=-0.19165630900310945, Gain=0.19165630900310945, Estimated=False)
[Trader][2018-01-20 23:32:43,850][INFO] - [XETHZEUR][H_180_3_2] Pulling prices since 2018-01-20 23:31:00
[Trader][2018-01-20 23:32:43,850][INFO] - [XXBTZEUR][H_180_3_2] Pulling prices since 2018-01-20 23:31:00
[Trader][2018-01-20 23:32:44,969][INFO] - [XXRPZEUR][H_180_3_2] PNL(Perf=0, HoldPerf=0.62160062160062224, Gain=-0.62160062160062224, Estimated=False)
[Trader][2018-01-20 23:32:44,971][INFO] - [XXRPZEUR][H_180_3_2] Pulling prices since 2018-01-20 23:31:00
[Trader][2018-01-20 23:32:45,451][INFO] - [XXBTZEUR][H_180_3_2] Next signal at 2018-01-20 23:33:45.451643
[Trader][2018-01-20 23:32:45,692][INFO] - [XETHZEUR][H_180_3_2] Next signal at 2018-01-20 23:33:45.691803
[Trader][2018-01-20 23:32:47,348][INFO] - [XXRPZEUR][H_180_3_2] Next signal at 2018-01-20 23:33:47.348275
[Trader][2018-01-20 23:33:45,456][INFO] - [XXBTZEUR][H_180_3_2] PNL(Perf=0, HoldPerf=-0.21741194341592743, Gain=0.21741194341592743, Estimated=False)
[Trader][2018-01-20 23:33:45,458][INFO] - [XXBTZEUR][H_180_3_2] Pulling prices since 2018-01-20 23:32:00
[Trader][2018-01-20 23:33:45,696][INFO] - [XETHZEUR][H_180_3_2] PNL(Perf=0, HoldPerf=-0.17003749273908367, Gain=0.17003749273908367, Estimated=False)
[Trader][2018-01-20 23:33:45,698][INFO] - [XETHZEUR][H_180_3_2] Pulling prices since 2018-01-20 23:32:00
[Trader][2018-01-20 23:33:47,355][INFO] - [XXRPZEUR][H_180_3_2] PNL(Perf=0, HoldPerf=0.65791517787789167, Gain=-0.65791517787789167, Estimated=False)
[Trader][2018-01-20 23:33:47,357][INFO] - [XXRPZEUR][H_180_3_2] Pulling prices since 2018-01-20 23:32:00
[Trader][2018-01-20 23:33:50,103][INFO] - [XXBTZEUR][H_180_3_2] Calculating signal
[Trader][2018-01-20 23:33:50,105][INFO] - [XXBTZEUR][H_180_3_2] Signal received : 0
[Trader][2018-01-20 23:33:50,106][INFO] - [XXBTZEUR][H_180_3_2] Next signal at 2018-01-20 23:34:50.105728
[Trader][2018-01-20 23:33:50,277][INFO] - [XETHZEUR][H_180_3_2] Calculating signal
[Trader][2018-01-20 23:33:50,278][INFO] - [XETHZEUR][H_180_3_2] Signal received : 0
[Trader][2018-01-20 23:33:50,278][INFO] - [XETHZEUR][H_180_3_2] Next signal at 2018-01-20 23:34:50.278833
[Trader][2018-01-20 23:33:50,345][INFO] - [XXRPZEUR][H_180_3_2] Calculating signal
[Trader][2018-01-20 23:33:50,347][INFO] - [XXRPZEUR][H_180_3_2] Signal received : 0
[Trader][2018-01-20 23:33:50,348][INFO] - [XXRPZEUR][H_180_3_2] Next signal at 2018-01-20 23:34:50.347897
[Trader][2018-01-20 23:34:50,112][INFO] - [XXBTZEUR][H_180_3_2] PNL(Perf=0, HoldPerf=-0.22781205505457996, Gain=0.22781205505457996, Estimated=False)
[Trader][2018-01-20 23:34:50,115][INFO] - [XXBTZEUR][H_180_3_2] Pulling prices since 2018-01-20 23:32:00
[Trader][2018-01-20 23:34:50,284][INFO] - [XETHZEUR][H_180_3_2] PNL(Perf=0, HoldPerf=-0.12327208361429104, Gain=0.12327208361429104, Estimated=False)
[Trader][2018-01-20 23:34:50,286][INFO] - [XETHZEUR][H_180_3_2] Pulling prices since 2018-01-20 23:32:00
[Trader][2018-01-20 23:34:50,353][INFO] - [XXRPZEUR][H_180_3_2] PNL(Perf=0, HoldPerf=0.35497075569158598, Gain=-0.35497075569158598, Estimated=False)
[Trader][2018-01-20 23:34:50,354][INFO] - [XXRPZEUR][H_180_3_2] Pulling prices since 2018-01-20 23:32:00
[Trader][2018-01-20 23:34:55,329][INFO] - [XXRPZEUR][H_180_3_2] Next signal at 2018-01-20 23:35:55.329019
[Trader][2018-01-20 23:34:55,329][INFO] - [XXBTZEUR][H_180_3_2] Next signal at 2018-01-20 23:35:55.329130
[Trader][2018-01-20 23:35:01,290][INFO] - [XETHZEUR][H_180_3_2] Next signal at 2018-01-20 23:36:01.290364
[Trader][2018-01-20 23:35:55,356][INFO] - [XXRPZEUR][H_180_3_2] PNL(Perf=0, HoldPerf=0.62160062160062224, Gain=-0.62160062160062224, Estimated=False)
[Trader][2018-01-20 23:35:55,356][INFO] - [XXBTZEUR][H_180_3_2] PNL(Perf=0, HoldPerf=-0.26186703606364853, Gain=0.26186703606364853, Estimated=False)
[Trader][2018-01-20 23:35:55,360][INFO] - [XXBTZEUR][H_180_3_2] Pulling prices since 2018-01-20 23:34:00
[Trader][2018-01-20 23:35:55,360][INFO] - [XXRPZEUR][H_180_3_2] Pulling prices since 2018-01-20 23:34:00
[Trader][2018-01-20 23:35:56,426][INFO] - [XXRPZEUR][H_180_3_2] Next signal at 2018-01-20 23:36:56.426129
[Trader][2018-01-20 23:35:56,950][INFO] - [XXBTZEUR][H_180_3_2] Next signal at 2018-01-20 23:36:56.949984
[Trader][2018-01-20 23:36:01,319][INFO] - [XETHZEUR][H_180_3_2] PNL(Perf=0, HoldPerf=-0.30246184975971718, Gain=0.30246184975971718, Estimated=False)
[Trader][2018-01-20 23:36:01,320][INFO] - [XETHZEUR][H_180_3_2] Pulling prices since 2018-01-20 23:34:00
[Trader][2018-01-20 23:36:03,023][INFO] - [XETHZEUR][H_180_3_2] Next signal at 2018-01-20 23:37:03.022731
[Trader][2018-01-20 23:36:27,957][INFO] - [XETHZEUR][H_1800_3_2] PNL(Perf=0, HoldPerf=-0.43757017387380343, Gain=0.43757017387380343, Estimated=False)
[Trader][2018-01-20 23:36:27,960][INFO] - [XETHZEUR][H_1800_3_2] Pulling prices since 2018-01-20 23:26:00
[Trader][2018-01-20 23:36:27,974][INFO] - [XLTCZEUR][H_1800_3_2] PNL(Perf=0, HoldPerf=-0.97031963470318994, Gain=0.97031963470318994, Estimated=False)
[Trader][2018-01-20 23:36:27,976][INFO] - [XLTCZEUR][H_1800_3_2] Pulling prices since 2018-01-20 23:26:00
[Trader][2018-01-20 23:36:28,228][INFO] - [XXRPZEUR][H_1800_3_2] PNL(Perf=0, HoldPerf=-0.46224961479198806, Gain=0.46224961479198806, Estimated=False)
[Trader][2018-01-20 23:36:28,231][INFO] - [XXRPZEUR][H_1800_3_2] Pulling prices since 2018-01-20 23:26:00
[Trader][2018-01-20 23:36:28,284][INFO] - [XXBTZEUR][H_1800_3_2] PNL(Perf=0, HoldPerf=-1.2065727699530517, Gain=1.2065727699530517, Estimated=False)
[Trader][2018-01-20 23:36:28,286][INFO] - [XXBTZEUR][H_1800_3_2] Pulling prices since 2018-01-20 23:26:00
[Trader][2018-01-20 23:36:30,055][INFO] - [XETHZEUR][H_1800_3_2] Calculating signal
[Trader][2018-01-20 23:36:30,057][INFO] - [XETHZEUR][H_1800_3_2] Signal received : 0
[Trader][2018-01-20 23:36:30,058][INFO] - [XETHZEUR][H_1800_3_2] Next signal at 2018-01-20 23:46:30.058487
[Trader][2018-01-20 23:36:30,062][INFO] - [XXBTZEUR][H_1800_3_2] Calculating signal
[Trader][2018-01-20 23:36:30,063][INFO] - [XXRPZEUR][H_1800_3_2] Calculating signal
[Trader][2018-01-20 23:36:30,063][INFO] - [XXBTZEUR][H_1800_3_2] Signal received : 0
[Trader][2018-01-20 23:36:30,064][INFO] - [XXBTZEUR][H_1800_3_2] Next signal at 2018-01-20 23:46:30.064218
[Trader][2018-01-20 23:36:30,064][INFO] - [XXRPZEUR][H_1800_3_2] Signal received : 0
[Trader][2018-01-20 23:36:30,065][INFO] - [XXRPZEUR][H_1800_3_2] Next signal at 2018-01-20 23:46:30.064958
[Trader][2018-01-20 23:36:32,621][INFO] - [XLTCZEUR][H_1800_3_2] Calculating signal
[Trader][2018-01-20 23:36:32,623][INFO] - [XLTCZEUR][H_1800_3_2] Signal received : 0
[Trader][2018-01-20 23:36:32,624][INFO] - [XLTCZEUR][H_1800_3_2] Next signal at 2018-01-20 23:46:32.623976
[Trader][2018-01-20 23:36:56,441][INFO] - [XXRPZEUR][H_180_3_2] PNL(Perf=0, HoldPerf=0.59033711356220508, Gain=-0.59033711356220508, Estimated=False)
[Trader][2018-01-20 23:36:56,442][INFO] - [XXRPZEUR][H_180_3_2] Pulling prices since 2018-01-20 23:35:00
[Trader][2018-01-20 23:36:56,964][INFO] - [XXBTZEUR][H_180_3_2] PNL(Perf=0, HoldPerf=-0.23730422401518747, Gain=0.23730422401518747, Estimated=False)
[Trader][2018-01-20 23:36:56,966][INFO] - [XXBTZEUR][H_180_3_2] Pulling prices since 2018-01-20 23:36:00
[Trader][2018-01-20 23:36:57,618][INFO] - [XXRPZEUR][H_180_3_2] Calculating signal
[Trader][2018-01-20 23:36:57,620][INFO] - [XXRPZEUR][H_180_3_2] Signal received : 0
[Trader][2018-01-20 23:36:57,620][INFO] - [XXRPZEUR][H_180_3_2] Next signal at 2018-01-20 23:37:57.620760
[Trader][2018-01-20 23:36:59,143][INFO] - [XXBTZEUR][H_180_3_2] Calculating signal
[Trader][2018-01-20 23:36:59,144][INFO] - [XXBTZEUR][H_180_3_2] Signal received : 0
[Trader][2018-01-20 23:36:59,144][INFO] - [XXBTZEUR][H_180_3_2] Next signal at 2018-01-20 23:37:59.144809
[Trader][2018-01-20 23:37:03,035][INFO] - [XETHZEUR][H_180_3_2] PNL(Perf=0, HoldPerf=-0.17489885367497979, Gain=0.17489885367497979, Estimated=False)
[Trader][2018-01-20 23:37:03,036][INFO] - [XETHZEUR][H_180_3_2] Pulling prices since 2018-01-20 23:36:00
[Trader][2018-01-20 23:37:06,294][INFO] - [XETHZEUR][H_180_3_2] Calculating signal
[Trader][2018-01-20 23:37:06,295][INFO] - [XETHZEUR][H_180_3_2] Signal received : 0
[Trader][2018-01-20 23:37:06,296][INFO] - [XETHZEUR][H_180_3_2] Next signal at 2018-01-20 23:38:06.296379
[Trader][2018-01-20 23:37:57,626][INFO] - [XXRPZEUR][H_180_3_2] PNL(Perf=0, HoldPerf=0.58022572101008119, Gain=-0.58022572101008119, Estimated=False)
[Trader][2018-01-20 23:37:57,631][INFO] - [XXRPZEUR][H_180_3_2] Pulling prices since 2018-01-20 23:35:00
[Trader][2018-01-20 23:37:59,098][INFO] - [XXRPZEUR][H_180_3_2] Next signal at 2018-01-20 23:38:59.098531
[Trader][2018-01-20 23:37:59,148][INFO] - [XXBTZEUR][H_180_3_2] PNL(Perf=0, HoldPerf=-0.24679639297579498, Gain=0.24679639297579498, Estimated=False)
[Trader][2018-01-20 23:37:59,149][INFO] - [XXBTZEUR][H_180_3_2] Pulling prices since 2018-01-20 23:36:00
[Trader][2018-01-20 23:38:00,630][INFO] - [XXBTZEUR][H_180_3_2] Next signal at 2018-01-20 23:39:00.630252
[Trader][2018-01-20 23:38:06,300][INFO] - [XETHZEUR][H_180_3_2] PNL(Perf=0, HoldPerf=-0.23290616305539547, Gain=0.23290616305539547, Estimated=False)
[Trader][2018-01-20 23:38:06,301][INFO] - [XETHZEUR][H_180_3_2] Pulling prices since 2018-01-20 23:36:00
[Trader][2018-01-20 23:38:08,256][INFO] - [XETHZEUR][H_180_3_2] Next signal at 2018-01-20 23:39:08.255984
[Trader][2018-01-20 23:38:59,103][INFO] - [XXRPZEUR][H_180_3_2] PNL(Perf=0, HoldPerf=0.62160062160062224, Gain=-0.62160062160062224, Estimated=False)
[Trader][2018-01-20 23:38:59,107][INFO] - [XXRPZEUR][H_180_3_2] Pulling prices since 2018-01-20 23:37:00
[Trader][2018-01-20 23:39:00,179][INFO] - [XXRPZEUR][H_180_3_2] Next signal at 2018-01-20 23:40:00.178915
[Trader][2018-01-20 23:39:00,635][INFO] - [XXBTZEUR][H_180_3_2] PNL(Perf=0, HoldPerf=-0.30380708250261085, Gain=0.30380708250261085, Estimated=False)
[Trader][2018-01-20 23:39:00,637][INFO] - [XXBTZEUR][H_180_3_2] Pulling prices since 2018-01-20 23:38:00
[Trader][2018-01-20 23:39:02,120][INFO] - [XXBTZEUR][H_180_3_2] Next signal at 2018-01-20 23:40:02.120585
[Trader][2018-01-20 23:39:08,261][INFO] - [XETHZEUR][H_180_3_2] PNL(Perf=0, HoldPerf=-0.019010402914935172, Gain=0.019010402914935172, Estimated=False)
[Trader][2018-01-20 23:39:08,262][INFO] - [XETHZEUR][H_180_3_2] Pulling prices since 2018-01-20 23:38:00
[Trader][2018-01-20 23:39:09,339][INFO] - [XETHZEUR][H_180_3_2] Next signal at 2018-01-20 23:40:09.339589
[Trader][2018-01-20 23:40:00,183][INFO] - [XXRPZEUR][H_180_3_2] PNL(Perf=0, HoldPerf=0.58799313360727012, Gain=-0.58799313360727012, Estimated=False)
[Trader][2018-01-20 23:40:00,187][INFO] - [XXRPZEUR][H_180_3_2] Pulling prices since 2018-01-20 23:39:00
[Trader][2018-01-20 23:40:01,401][INFO] - [XXRPZEUR][H_180_3_2] Calculating signal
[Trader][2018-01-20 23:40:01,404][INFO] - [XXRPZEUR][H_180_3_2] Signal received : 0
[Trader][2018-01-20 23:40:01,405][INFO] - [XXRPZEUR][H_180_3_2] Next signal at 2018-01-20 23:41:01.404937
[Trader][2018-01-20 23:40:02,124][INFO] - [XXBTZEUR][H_180_3_2] PNL(Perf=0, HoldPerf=-0.33222591362126247, Gain=0.33222591362126247, Estimated=False)
[Trader][2018-01-20 23:40:02,126][INFO] - [XXBTZEUR][H_180_3_2] Pulling prices since 2018-01-20 23:39:00
[Trader][2018-01-20 23:40:03,873][INFO] - [XXBTZEUR][H_180_3_2] Calculating signal
[Trader][2018-01-20 23:40:03,875][INFO] - [XXBTZEUR][H_180_3_2] Signal received : 0
[Trader][2018-01-20 23:40:03,875][INFO] - [XXBTZEUR][H_180_3_2] Next signal at 2018-01-20 23:41:03.875454
[Trader][2018-01-20 23:40:09,345][INFO] - [XETHZEUR][H_180_3_2] PNL(Perf=0, HoldPerf=-0.43303270397842353, Gain=0.43303270397842353, Estimated=False)
[Trader][2018-01-20 23:40:09,349][INFO] - [XETHZEUR][H_180_3_2] Pulling prices since 2018-01-20 23:39:00
[Trader][2018-01-20 23:40:10,314][INFO] - [XETHZEUR][H_180_3_2] Calculating signal
[Trader][2018-01-20 23:40:10,315][INFO] - [XETHZEUR][H_180_3_2] Signal received : 0
[Trader][2018-01-20 23:40:10,316][INFO] - [XETHZEUR][H_180_3_2] Next signal at 2018-01-20 23:41:10.316420
[Trader][2018-01-20 23:41:01,409][INFO] - [XXRPZEUR][H_180_3_2] PNL(Perf=0, HoldPerf=0.72027972027972897, Gain=-0.72027972027972897, Estimated=False)
[Trader][2018-01-20 23:41:01,412][INFO] - [XXRPZEUR][H_180_3_2] Pulling prices since 2018-01-20 23:39:00
[Trader][2018-01-20 23:41:03,099][INFO] - [XXRPZEUR][H_180_3_2] Next signal at 2018-01-20 23:42:03.099386
[Trader][2018-01-20 23:41:03,881][INFO] - [XXBTZEUR][H_180_3_2] PNL(Perf=0, HoldPerf=-0.59963756084139708, Gain=0.59963756084139708, Estimated=False)
[Trader][2018-01-20 23:41:03,883][INFO] - [XXBTZEUR][H_180_3_2] Pulling prices since 2018-01-20 23:39:00
[Trader][2018-01-20 23:41:06,229][INFO] - [XXBTZEUR][H_180_3_2] Next signal at 2018-01-20 23:42:06.228842
[Trader][2018-01-20 23:41:10,322][INFO] - [XETHZEUR][H_180_3_2] PNL(Perf=0, HoldPerf=-0.25819914003878736, Gain=0.25819914003878736, Estimated=False)
[Trader][2018-01-20 23:41:10,324][INFO] - [XETHZEUR][H_180_3_2] Pulling prices since 2018-01-20 23:39:00
[Trader][2018-01-20 23:41:11,354][INFO] - [XETHZEUR][H_180_3_2] Next signal at 2018-01-20 23:42:11.353901
[Trader][2018-01-20 23:42:03,105][INFO] - [XXRPZEUR][H_180_3_2] PNL(Perf=0, HoldPerf=0.75967065403137324, Gain=-0.75967065403137324, Estimated=False)
[Trader][2018-01-20 23:42:03,107][INFO] - [XXRPZEUR][H_180_3_2] Pulling prices since 2018-01-20 23:41:00
[Trader][2018-01-20 23:42:04,609][INFO] - [XXRPZEUR][H_180_3_2] Next signal at 2018-01-20 23:43:04.609441
[Trader][2018-01-20 23:42:06,234][INFO] - [XXBTZEUR][H_180_3_2] PNL(Perf=0, HoldPerf=-0.53451058577802402, Gain=0.53451058577802402, Estimated=False)
[Trader][2018-01-20 23:42:06,236][INFO] - [XXBTZEUR][H_180_3_2] Pulling prices since 2018-01-20 23:41:00
[Trader][2018-01-20 23:42:07,159][INFO] - [XXBTZEUR][H_180_3_2] Next signal at 2018-01-20 23:43:07.159607
[Trader][2018-01-20 23:42:11,357][INFO] - [XETHZEUR][H_180_3_2] PNL(Perf=0, HoldPerf=-0.044357606801507396, Gain=0.044357606801507396, Estimated=False)
[Trader][2018-01-20 23:42:11,359][INFO] - [XETHZEUR][H_180_3_2] Pulling prices since 2018-01-20 23:41:00
[Trader][2018-01-20 23:42:13,103][INFO] - [XETHZEUR][H_180_3_2] Next signal at 2018-01-20 23:43:13.102964
[Trader][2018-01-20 23:43:04,614][INFO] - [XXRPZEUR][H_180_3_2] PNL(Perf=0, HoldPerf=0.51497945519369104, Gain=-0.51497945519369104, Estimated=False)
[Trader][2018-01-20 23:43:04,617][INFO] - [XXRPZEUR][H_180_3_2] Pulling prices since 2018-01-20 23:42:00
[Trader][2018-01-20 23:43:06,134][INFO] - [XXRPZEUR][H_180_3_2] Calculating signal
[Trader][2018-01-20 23:43:06,135][INFO] - [XXRPZEUR][H_180_3_2] Signal received : 0
[Trader][2018-01-20 23:43:06,136][INFO] - [XXRPZEUR][H_180_3_2] Next signal at 2018-01-20 23:44:06.136284
[Trader][2018-01-20 23:43:07,170][INFO] - [XXBTZEUR][H_180_3_2] PNL(Perf=0, HoldPerf=-0.39487422876127543, Gain=0.39487422876127543, Estimated=False)
[Trader][2018-01-20 23:43:07,172][INFO] - [XXBTZEUR][H_180_3_2] Pulling prices since 2018-01-20 23:42:00
[Trader][2018-01-20 23:43:08,818][INFO] - [XXBTZEUR][H_180_3_2] Calculating signal
[Trader][2018-01-20 23:43:08,820][INFO] - [XXBTZEUR][H_180_3_2] Signal received : 1
[Trader][2018-01-20 23:43:11,393][INFO] - [XXBTZEUR][H_180_3_2] Buy signal received. Trying to execute the trade ... - BUY
[Trader][2018-01-20 23:43:12,597][INFO] - [XXBTZEUR][H_180_3_2] Trade executed @10493.500000 at 2018-01-20 23:43:11 - BUY
[Trader][2018-01-20 23:43:12,599][INFO] - [XXBTZEUR][H_180_3_2] Next signal at 2018-01-20 23:44:12.599422
[Trader][2018-01-20 23:43:13,109][INFO] - [XETHZEUR][H_180_3_2] PNL(Perf=0, HoldPerf=-0.26445549561699161, Gain=0.26445549561699161, Estimated=False)
[Trader][2018-01-20 23:43:13,110][INFO] - [XETHZEUR][H_180_3_2] Pulling prices since 2018-01-20 23:42:00
[Trader][2018-01-20 23:43:13,591][INFO] - [XETHZEUR][H_180_3_2] Calculating signal
[Trader][2018-01-20 23:43:13,593][INFO] - [XETHZEUR][H_180_3_2] Signal received : 1
[Trader][2018-01-20 23:43:15,235][INFO] - [XETHZEUR][H_180_3_2] Buy signal received. Trying to execute the trade ... - BUY
[Trader][2018-01-20 23:43:16,684][INFO] - [XETHZEUR][H_180_3_2] Trade executed @946.460000 at 2018-01-20 23:43:15 - BUY
[Trader][2018-01-20 23:43:16,685][INFO] - [XETHZEUR][H_180_3_2] Next signal at 2018-01-20 23:44:16.685334
[Trader][2018-01-20 23:44:06,143][INFO] - [XXRPZEUR][H_180_3_2] PNL(Perf=0, HoldPerf=0.55944055944056692, Gain=-0.55944055944056692, Estimated=False)
[Trader][2018-01-20 23:44:06,146][INFO] - [XXRPZEUR][H_180_3_2] Pulling prices since 2018-01-20 23:42:00
[Trader][2018-01-20 23:44:07,330][INFO] - [XXRPZEUR][H_180_3_2] Next signal at 2018-01-20 23:45:07.330242
[Trader][2018-01-20 23:45:07,341][INFO] - [XXRPZEUR][H_180_3_2] PNL(Perf=0, HoldPerf=0.67112008699702952, Gain=-0.67112008699702952, Estimated=False)
[Trader][2018-01-20 23:45:07,351][INFO] - [XXRPZEUR][H_180_3_2] Pulling prices since 2018-01-20 23:44:00
[Trader][2018-01-20 23:45:09,181][INFO] - [XXRPZEUR][H_180_3_2] Next signal at 2018-01-20 23:46:09.181199
[Trader][2018-01-20 23:46:09,185][INFO] - [XXRPZEUR][H_180_3_2] PNL(Perf=0, HoldPerf=0.54371888180329164, Gain=-0.54371888180329164, Estimated=False)
[Trader][2018-01-20 23:46:09,189][INFO] - [XXRPZEUR][H_180_3_2] Pulling prices since 2018-01-20 23:45:00
[Trader][2018-01-20 23:46:11,155][INFO] - [XXRPZEUR][H_180_3_2] Calculating signal
[Trader][2018-01-20 23:46:11,156][INFO] - [XXRPZEUR][H_180_3_2] Signal received : 0
[Trader][2018-01-20 23:46:11,157][INFO] - [XXRPZEUR][H_180_3_2] Next signal at 2018-01-20 23:47:11.156885
[Trader][2018-01-20 23:46:30,082][INFO] - [XETHZEUR][H_1800_3_2] PNL(Perf=0, HoldPerf=-0.49879763517415915, Gain=0.49879763517415915, Estimated=False)
[Trader][2018-01-20 23:46:30,085][INFO] - [XETHZEUR][H_1800_3_2] Pulling prices since 2018-01-20 23:26:00
[Trader][2018-01-20 23:46:30,087][INFO] - [XXBTZEUR][H_1800_3_2] PNL(Perf=0, HoldPerf=-0.79975072704610528, Gain=0.79975072704610528, Estimated=False)
[Trader][2018-01-20 23:46:30,088][INFO] - [XXRPZEUR][H_1800_3_2] PNL(Perf=0, HoldPerf=-0.23112480739600258, Gain=0.23112480739600258, Estimated=False)
[Trader][2018-01-20 23:46:30,089][INFO] - [XXBTZEUR][H_1800_3_2] Pulling prices since 2018-01-20 23:26:00
[Trader][2018-01-20 23:46:30,090][INFO] - [XXRPZEUR][H_1800_3_2] Pulling prices since 2018-01-20 23:26:00
[Trader][2018-01-20 23:46:31,453][INFO] - [XXBTZEUR][H_1800_3_2] Next signal at 2018-01-20 23:56:31.453617
[Trader][2018-01-20 23:46:31,455][INFO] - [XXRPZEUR][H_1800_3_2] Next signal at 2018-01-20 23:56:31.455588
[Trader][2018-01-20 23:46:32,150][INFO] - [XETHZEUR][H_1800_3_2] Next signal at 2018-01-20 23:56:32.150211
[Trader][2018-01-20 23:46:32,646][INFO] - [XLTCZEUR][H_1800_3_2] PNL(Perf=0, HoldPerf=-1.0967668228036194, Gain=1.0967668228036194, Estimated=False)
[Trader][2018-01-20 23:46:32,648][INFO] - [XLTCZEUR][H_1800_3_2] Pulling prices since 2018-01-20 23:26:00
[Trader][2018-01-20 23:46:33,055][INFO] - [XLTCZEUR][H_1800_3_2] Next signal at 2018-01-20 23:56:33.055521
[Trader][2018-01-20 23:47:11,161][INFO] - [XXRPZEUR][H_180_3_2] PNL(Perf=0, HoldPerf=0.38850038850039748, Gain=-0.38850038850039748, Estimated=False)
[Trader][2018-01-20 23:47:11,165][INFO] - [XXRPZEUR][H_180_3_2] Pulling prices since 2018-01-20 23:45:00
[Trader][2018-01-20 23:47:12,253][INFO] - [XXRPZEUR][H_180_3_2] Next signal at 2018-01-20 23:48:12.253402
[Trader][2018-01-20 23:48:12,259][INFO] - [XXRPZEUR][H_180_3_2] PNL(Perf=0, HoldPerf=0.82336492154730012, Gain=-0.82336492154730012, Estimated=False)
[Trader][2018-01-20 23:48:12,263][INFO] - [XXRPZEUR][H_180_3_2] Pulling prices since 2018-01-20 23:47:00
[Trader][2018-01-20 23:48:13,260][INFO] - [XXRPZEUR][H_180_3_2] Next signal at 2018-01-20 23:49:13.260202
[Trader][2018-01-20 23:49:13,266][INFO] - [XXRPZEUR][H_180_3_2] PNL(Perf=0, HoldPerf=0.66411377705972818, Gain=-0.66411377705972818, Estimated=False)
[Trader][2018-01-20 23:49:13,270][INFO] - [XXRPZEUR][H_180_3_2] Pulling prices since 2018-01-20 23:48:00
[Trader][2018-01-20 23:49:14,787][INFO] - [XXRPZEUR][H_180_3_2] Calculating signal
[Trader][2018-01-20 23:49:14,788][INFO] - [XXRPZEUR][H_180_3_2] Signal received : 0
[Trader][2018-01-20 23:49:14,788][INFO] - [XXRPZEUR][H_180_3_2] Next signal at 2018-01-20 23:50:14.788834
[Trader][2018-01-20 23:50:14,793][INFO] - [XXRPZEUR][H_180_3_2] PNL(Perf=0, HoldPerf=0.446775446775458, Gain=-0.446775446775458, Estimated=False)
[Trader][2018-01-20 23:50:14,797][INFO] - [XXRPZEUR][H_180_3_2] Pulling prices since 2018-01-20 23:48:00
[Trader][2018-01-20 23:50:15,808][INFO] - [XXRPZEUR][H_180_3_2] Next signal at 2018-01-20 23:51:15.808683
[Trader][2018-01-20 23:51:15,815][INFO] - [XXRPZEUR][H_180_3_2] PNL(Perf=0, HoldPerf=0.48081404380922149, Gain=-0.48081404380922149, Estimated=False)
[Trader][2018-01-20 23:51:15,819][INFO] - [XXRPZEUR][H_180_3_2] Pulling prices since 2018-01-20 23:50:00
[Trader][2018-01-20 23:51:17,147][INFO] - [XXRPZEUR][H_180_3_2] Next signal at 2018-01-20 23:52:17.146771
[Trader][2018-01-20 23:52:17,150][INFO] - [XXRPZEUR][H_180_3_2] PNL(Perf=0, HoldPerf=0.51031900763538118, Gain=-0.51031900763538118, Estimated=False)
[Trader][2018-01-20 23:52:17,154][INFO] - [XXRPZEUR][H_180_3_2] Pulling prices since 2018-01-20 23:51:00
[Trader][2018-01-20 23:52:18,436][INFO] - [XXRPZEUR][H_180_3_2] Calculating signal
[Trader][2018-01-20 23:52:18,437][INFO] - [XXRPZEUR][H_180_3_2] Signal received : 0
[Trader][2018-01-20 23:52:18,438][INFO] - [XXRPZEUR][H_180_3_2] Next signal at 2018-01-20 23:53:18.437783
[Trader][2018-01-20 23:53:18,444][INFO] - [XXRPZEUR][H_180_3_2] PNL(Perf=0, HoldPerf=0.38850038850039748, Gain=-0.38850038850039748, Estimated=False)
[Trader][2018-01-20 23:53:18,448][INFO] - [XXRPZEUR][H_180_3_2] Pulling prices since 2018-01-20 23:51:00
[Trader][2018-01-20 23:53:19,496][INFO] - [XXRPZEUR][H_180_3_2] Next signal at 2018-01-20 23:54:19.496696
[Trader][2018-01-20 23:54:19,501][INFO] - [XXRPZEUR][H_180_3_2] PNL(Perf=0, HoldPerf=0.51266117756718488, Gain=-0.51266117756718488, Estimated=False)
[Trader][2018-01-20 23:54:19,505][INFO] - [XXRPZEUR][H_180_3_2] Pulling prices since 2018-01-20 23:53:00
[Trader][2018-01-20 23:54:21,009][INFO] - [XXRPZEUR][H_180_3_2] Next signal at 2018-01-20 23:55:21.009174
[Trader][2018-01-20 23:55:21,015][INFO] - [XXRPZEUR][H_180_3_2] PNL(Perf=0, HoldPerf=0.51031900763538118, Gain=-0.51031900763538118, Estimated=False)
[Trader][2018-01-20 23:55:21,019][INFO] - [XXRPZEUR][H_180_3_2] Pulling prices since 2018-01-20 23:54:00
[Trader][2018-01-20 23:55:22,183][INFO] - [XXRPZEUR][H_180_3_2] Calculating signal
[Trader][2018-01-20 23:55:22,185][INFO] - [XXRPZEUR][H_180_3_2] Signal received : 0
[Trader][2018-01-20 23:55:22,185][INFO] - [XXRPZEUR][H_180_3_2] Next signal at 2018-01-20 23:56:22.185676
[Trader][2018-01-20 23:56:22,189][INFO] - [XXRPZEUR][H_180_3_2] PNL(Perf=0, HoldPerf=0.38850038850039748, Gain=-0.38850038850039748, Estimated=False)
[Trader][2018-01-20 23:56:22,193][INFO] - [XXRPZEUR][H_180_3_2] Pulling prices since 2018-01-20 23:54:00
[Trader][2018-01-20 23:56:23,537][INFO] - [XXRPZEUR][H_180_3_2] Next signal at 2018-01-20 23:57:23.536671
[Trader][2018-01-20 23:56:31,476][INFO] - [XXBTZEUR][H_1800_3_2] PNL(Perf=0, HoldPerf=-1.1463619782068297, Gain=1.1463619782068297, Estimated=False)
[Trader][2018-01-20 23:56:31,479][INFO] - [XXRPZEUR][H_1800_3_2] PNL(Perf=0, HoldPerf=-0.15455950540958283, Gain=0.15455950540958283, Estimated=False)
[Trader][2018-01-20 23:56:31,480][INFO] - [XXBTZEUR][H_1800_3_2] Pulling prices since 2018-01-20 23:46:00
[Trader][2018-01-20 23:56:31,480][INFO] - [XXRPZEUR][H_1800_3_2] Pulling prices since 2018-01-20 23:46:00
[Trader][2018-01-20 23:56:32,180][INFO] - [XETHZEUR][H_1800_3_2] PNL(Perf=0, HoldPerf=-0.66747253902349535, Gain=0.66747253902349535, Estimated=False)
[Trader][2018-01-20 23:56:32,183][INFO] - [XETHZEUR][H_1800_3_2] Pulling prices since 2018-01-20 23:46:00
[Trader][2018-01-20 23:56:32,614][INFO] - [XXBTZEUR][H_1800_3_2] Next signal at 2018-01-21 00:06:32.614205
[Trader][2018-01-20 23:56:32,686][INFO] - [XXRPZEUR][H_1800_3_2] Next signal at 2018-01-21 00:06:32.686290
[Trader][2018-01-20 23:56:33,083][INFO] - [XLTCZEUR][H_1800_3_2] PNL(Perf=0, HoldPerf=-0.8317081564758616, Gain=0.8317081564758616, Estimated=False)
[Trader][2018-01-20 23:56:33,086][INFO] - [XLTCZEUR][H_1800_3_2] Pulling prices since 2018-01-20 23:46:00
[Trader][2018-01-20 23:56:33,199][INFO] - [XETHZEUR][H_1800_3_2] Next signal at 2018-01-21 00:06:33.199504
[Trader][2018-01-20 23:56:34,825][INFO] - [XLTCZEUR][H_1800_3_2] Next signal at 2018-01-21 00:06:34.825660
[Trader][2018-01-20 23:57:23,542][INFO] - [XXRPZEUR][H_180_3_2] PNL(Perf=0, HoldPerf=0.23302780798507777, Gain=-0.23302780798507777, Estimated=False)
[Trader][2018-01-20 23:57:23,543][INFO] - [XXRPZEUR][H_180_3_2] Pulling prices since 2018-01-20 23:56:00
[Trader][2018-01-20 23:57:24,828][INFO] - [XXRPZEUR][H_180_3_2] Next signal at 2018-01-20 23:58:24.828378
[Trader][2018-01-20 23:58:24,834][INFO] - [XXRPZEUR][H_180_3_2] PNL(Perf=0, HoldPerf=0.50643530133677805, Gain=-0.50643530133677805, Estimated=False)
[Trader][2018-01-20 23:58:24,838][INFO] - [XXRPZEUR][H_180_3_2] Pulling prices since 2018-01-20 23:57:00
[Trader][2018-01-20 23:58:26,625][INFO] - [XXRPZEUR][H_180_3_2] Calculating signal
[Trader][2018-01-20 23:58:26,626][INFO] - [XXRPZEUR][H_180_3_2] Signal received : 1
[Trader][2018-01-20 23:58:29,670][INFO] - [XXRPZEUR][H_180_3_2] Buy signal received. Trying to execute the trade ... - BUY
[Trader][2018-01-20 23:58:31,404][INFO] - [XXRPZEUR][H_180_3_2] Trade executed @1.293950 at 2018-01-20 23:58:29 - BUY
[Trader][2018-01-20 23:58:31,405][INFO] - [XXRPZEUR][H_180_3_2] Next signal at 2018-01-20 23:59:31.405490
[Trader][2018-01-21 00:06:32,647][INFO] - [XXBTZEUR][H_1800_3_2] PNL(Perf=0, HoldPerf=-1.3201877934272335, Gain=1.3201877934272335, Estimated=False)
[Trader][2018-01-21 00:06:32,651][INFO] - [XXBTZEUR][H_1800_3_2] Pulling prices since 2018-01-20 23:56:00
[Trader][2018-01-21 00:06:32,717][INFO] - [XXRPZEUR][H_1800_3_2] PNL(Perf=0, HoldPerf=-0.31201848998460008, Gain=0.31201848998460008, Estimated=False)
[Trader][2018-01-21 00:06:32,719][INFO] - [XXRPZEUR][H_1800_3_2] Pulling prices since 2018-01-20 23:56:00
[Trader][2018-01-21 00:06:33,231][INFO] - [XETHZEUR][H_1800_3_2] PNL(Perf=0, HoldPerf=-0.628548043526166, Gain=0.628548043526166, Estimated=False)
[Trader][2018-01-21 00:06:33,233][INFO] - [XETHZEUR][H_1800_3_2] Pulling prices since 2018-01-20 23:56:00
[Trader][2018-01-21 00:06:33,563][INFO] - [XXRPZEUR][H_1800_3_2] Calculating signal
[Trader][2018-01-21 00:06:33,564][INFO] - [XXRPZEUR][H_1800_3_2] Signal received : 0
[Trader][2018-01-21 00:06:33,565][INFO] - [XXRPZEUR][H_1800_3_2] Next signal at 2018-01-21 00:16:33.565024
[Trader][2018-01-21 00:06:33,770][INFO] - [XXBTZEUR][H_1800_3_2] Calculating signal
[Trader][2018-01-21 00:06:33,772][INFO] - [XXBTZEUR][H_1800_3_2] Signal received : 0
[Trader][2018-01-21 00:06:33,772][INFO] - [XXBTZEUR][H_1800_3_2] Next signal at 2018-01-21 00:16:33.772663
[Trader][2018-01-21 00:06:34,265][INFO] - [XETHZEUR][H_1800_3_2] Calculating signal
[Trader][2018-01-21 00:06:34,267][INFO] - [XETHZEUR][H_1800_3_2] Signal received : 0
[Trader][2018-01-21 00:06:34,267][INFO] - [XETHZEUR][H_1800_3_2] Next signal at 2018-01-21 00:16:34.267701
[Trader][2018-01-21 00:06:34,857][INFO] - [XLTCZEUR][H_1800_3_2] PNL(Perf=0, HoldPerf=-1.1757990867579922, Gain=1.1757990867579922, Estimated=False)
[Trader][2018-01-21 00:06:34,858][INFO] - [XLTCZEUR][H_1800_3_2] Pulling prices since 2018-01-20 23:56:00
[Trader][2018-01-21 00:06:35,921][INFO] - [XLTCZEUR][H_1800_3_2] Calculating signal
[Trader][2018-01-21 00:06:35,922][INFO] - [XLTCZEUR][H_1800_3_2] Signal received : 0
[Trader][2018-01-21 00:06:35,923][INFO] - [XLTCZEUR][H_1800_3_2] Next signal at 2018-01-21 00:16:35.922972
[Trader][2018-01-21 00:16:33,585][INFO] - [XXRPZEUR][H_1800_3_2] PNL(Perf=0, HoldPerf=-0.77041602465331349, Gain=0.77041602465331349, Estimated=False)
[Trader][2018-01-21 00:16:33,589][INFO] - [XXRPZEUR][H_1800_3_2] Pulling prices since 2018-01-20 23:56:00
[Trader][2018-01-21 00:16:33,795][INFO] - [XXBTZEUR][H_1800_3_2] PNL(Perf=0, HoldPerf=-0.91400083090983952, Gain=0.91400083090983952, Estimated=False)
[Trader][2018-01-21 00:16:33,796][INFO] - [XXBTZEUR][H_1800_3_2] Pulling prices since 2018-01-20 23:56:00
[Trader][2018-01-21 00:16:34,288][INFO] - [XETHZEUR][H_1800_3_2] PNL(Perf=0, HoldPerf=-0.57020445452540192, Gain=0.57020445452540192, Estimated=False)
[Trader][2018-01-21 00:16:34,289][INFO] - [XETHZEUR][H_1800_3_2] Pulling prices since 2018-01-20 23:56:00
[Trader][2018-01-21 00:16:34,674][INFO] - [XXBTZEUR][H_1800_3_2] Next signal at 2018-01-21 00:26:34.674614
[Trader][2018-01-21 00:16:34,674][INFO] - [XXRPZEUR][H_1800_3_2] Next signal at 2018-01-21 00:26:34.674430
[Trader][2018-01-21 00:16:34,695][INFO] - [XETHZEUR][H_1800_3_2] Next signal at 2018-01-21 00:26:34.695347
[Trader][2018-01-21 00:16:35,943][INFO] - [XLTCZEUR][H_1800_3_2] PNL(Perf=0, HoldPerf=-1.0682051867931022, Gain=1.0682051867931022, Estimated=False)
[Trader][2018-01-21 00:16:35,944][INFO] - [XLTCZEUR][H_1800_3_2] Pulling prices since 2018-01-20 23:56:00
[Trader][2018-01-21 00:16:36,981][INFO] - [XLTCZEUR][H_1800_3_2] Next signal at 2018-01-21 00:26:36.981547
[Trader][2018-01-21 00:26:34,707][INFO] - [XXRPZEUR][H_1800_3_2] PNL(Perf=0, HoldPerf=-0.65224111282843922, Gain=0.65224111282843922, Estimated=False)
[Trader][2018-01-21 00:26:34,707][INFO] - [XXBTZEUR][H_1800_3_2] PNL(Perf=0, HoldPerf=-0.90064547834386399, Gain=0.90064547834386399, Estimated=False)
[Trader][2018-01-21 00:26:34,711][INFO] - [XXBTZEUR][H_1800_3_2] Pulling prices since 2018-01-21 00:16:00
[Trader][2018-01-21 00:26:34,711][INFO] - [XXRPZEUR][H_1800_3_2] Pulling prices since 2018-01-21 00:16:00
[Trader][2018-01-21 00:26:34,728][INFO] - [XETHZEUR][H_1800_3_2] PNL(Perf=0, HoldPerf=-0.62542702475430134, Gain=0.62542702475430134, Estimated=False)
[Trader][2018-01-21 00:26:34,729][INFO] - [XETHZEUR][H_1800_3_2] Pulling prices since 2018-01-21 00:16:00
[Trader][2018-01-21 00:26:35,715][INFO] - [XETHZEUR][H_1800_3_2] Next signal at 2018-01-21 00:36:35.715258
[Trader][2018-01-21 00:26:35,824][INFO] - [XXRPZEUR][H_1800_3_2] Next signal at 2018-01-21 00:36:35.824555
[Trader][2018-01-21 00:26:35,827][INFO] - [XXBTZEUR][H_1800_3_2] Next signal at 2018-01-21 00:36:35.827774
[Trader][2018-01-21 00:26:37,018][INFO] - [XLTCZEUR][H_1800_3_2] PNL(Perf=0, HoldPerf=-0.60227142365493369, Gain=0.60227142365493369, Estimated=False)
[Trader][2018-01-21 00:26:37,026][INFO] - [XLTCZEUR][H_1800_3_2] Pulling prices since 2018-01-21 00:16:00
[Trader][2018-01-21 00:26:38,180][INFO] - [XLTCZEUR][H_1800_3_2] Next signal at 2018-01-21 00:36:38.179933
[Trader][2018-01-21 00:36:35,735][INFO] - [XETHZEUR][H_1800_3_2] PNL(Perf=0, HoldPerf=-1.8877427884867637, Gain=1.8877427884867637, Estimated=False)
[Trader][2018-01-21 00:36:35,739][INFO] - [XETHZEUR][H_1800_3_2] Pulling prices since 2018-01-21 00:26:00
[Trader][2018-01-21 00:36:35,845][INFO] - [XXRPZEUR][H_1800_3_2] PNL(Perf=0, HoldPerf=-2.3143297380585568, Gain=2.3143297380585568, Estimated=False)
[Trader][2018-01-21 00:36:35,846][INFO] - [XXRPZEUR][H_1800_3_2] Pulling prices since 2018-01-21 00:26:00
[Trader][2018-01-21 00:36:35,848][INFO] - [XXBTZEUR][H_1800_3_2] PNL(Perf=0, HoldPerf=-2.967136150234742, Gain=2.967136150234742, Estimated=False)
[Trader][2018-01-21 00:36:35,851][INFO] - [XXBTZEUR][H_1800_3_2] Pulling prices since 2018-01-21 00:26:00
[Trader][2018-01-21 00:36:37,204][INFO] - [XETHZEUR][H_1800_3_2] Calculating signal
[Trader][2018-01-21 00:36:37,208][INFO] - [XETHZEUR][H_1800_3_2] Signal received : 0
[Trader][2018-01-21 00:36:37,210][INFO] - [XETHZEUR][H_1800_3_2] Next signal at 2018-01-21 00:46:37.209834
[Trader][2018-01-21 00:36:37,241][INFO] - [XXRPZEUR][H_1800_3_2] Calculating signal
[Trader][2018-01-21 00:36:37,242][INFO] - [XXRPZEUR][H_1800_3_2] Signal received : 0
[Trader][2018-01-21 00:36:37,244][INFO] - [XXRPZEUR][H_1800_3_2] Next signal at 2018-01-21 00:46:37.244337
[Trader][2018-01-21 00:36:38,200][INFO] - [XLTCZEUR][H_1800_3_2] PNL(Perf=0, HoldPerf=-2.1061643835616426, Gain=2.1061643835616426, Estimated=False)
[Trader][2018-01-21 00:36:38,201][INFO] - [XLTCZEUR][H_1800_3_2] Pulling prices since 2018-01-21 00:26:00
[Trader][2018-01-21 00:36:38,265][INFO] - [XXBTZEUR][H_1800_3_2] Calculating signal
[Trader][2018-01-21 00:36:38,266][INFO] - [XXBTZEUR][H_1800_3_2] Signal received : 0
[Trader][2018-01-21 00:36:38,266][INFO] - [XXBTZEUR][H_1800_3_2] Next signal at 2018-01-21 00:46:38.266745
[Trader][2018-01-21 00:36:39,484][INFO] - [XLTCZEUR][H_1800_3_2] Calculating signal
[Trader][2018-01-21 00:36:39,485][INFO] - [XLTCZEUR][H_1800_3_2] Signal received : 0
[Trader][2018-01-21 00:36:39,486][INFO] - [XLTCZEUR][H_1800_3_2] Next signal at 2018-01-21 00:46:39.486197
[Trader][2018-01-21 00:46:37,245][INFO] - [XETHZEUR][H_1800_3_2] PNL(Perf=0, HoldPerf=-2.1348538785453934, Gain=2.1348538785453934, Estimated=False)
[Trader][2018-01-21 00:46:37,249][INFO] - [XETHZEUR][H_1800_3_2] Pulling prices since 2018-01-21 00:26:00
[Trader][2018-01-21 00:46:37,278][INFO] - [XXRPZEUR][H_1800_3_2] PNL(Perf=0, HoldPerf=-2.9275808936825909, Gain=2.9275808936825909, Estimated=False)
[Trader][2018-01-21 00:46:37,279][INFO] - [XXRPZEUR][H_1800_3_2] Pulling prices since 2018-01-21 00:26:00
[Trader][2018-01-21 00:46:38,301][INFO] - [XXBTZEUR][H_1800_3_2] PNL(Perf=0, HoldPerf=-2.6400271934131374, Gain=2.6400271934131374, Estimated=False)
[Trader][2018-01-21 00:46:38,303][INFO] - [XXBTZEUR][H_1800_3_2] Pulling prices since 2018-01-21 00:26:00
[Trader][2018-01-21 00:46:38,598][INFO] - [XETHZEUR][H_1800_3_2] Next signal at 2018-01-21 00:56:38.598121
[Trader][2018-01-21 00:46:38,603][INFO] - [XXRPZEUR][H_1800_3_2] Next signal at 2018-01-21 00:56:38.603022
[Trader][2018-01-21 00:46:39,520][INFO] - [XLTCZEUR][H_1800_3_2] PNL(Perf=0, HoldPerf=-2.6619444761795936, Gain=2.6619444761795936, Estimated=False)
[Trader][2018-01-21 00:46:39,521][INFO] - [XLTCZEUR][H_1800_3_2] Pulling prices since 2018-01-21 00:26:00
[Trader][2018-01-21 00:46:39,904][INFO] - [XXBTZEUR][H_1800_3_2] Next signal at 2018-01-21 00:56:39.904526
[Trader][2018-01-21 00:46:40,883][INFO] - [XLTCZEUR][H_1800_3_2] Next signal at 2018-01-21 00:56:40.883002
[Trader][2018-01-21 00:56:38,627][INFO] - [XETHZEUR][H_1800_3_2] PNL(Perf=0, HoldPerf=-2.4932989961633498, Gain=2.4932989961633498, Estimated=False)
[Trader][2018-01-21 00:56:38,631][INFO] - [XXRPZEUR][H_1800_3_2] PNL(Perf=0, HoldPerf=-2.0865533230293765, Gain=2.0865533230293765, Estimated=False)
[Trader][2018-01-21 00:56:38,632][INFO] - [XETHZEUR][H_1800_3_2] Pulling prices since 2018-01-21 00:46:00
[Trader][2018-01-21 00:56:38,633][INFO] - [XXRPZEUR][H_1800_3_2] Pulling prices since 2018-01-21 00:46:00
[Trader][2018-01-21 00:56:39,317][INFO] - [XXRPZEUR][H_1800_3_2] Next signal at 2018-01-21 01:06:39.317390
[Trader][2018-01-21 00:56:39,933][INFO] - [XXBTZEUR][H_1800_3_2] PNL(Perf=0, HoldPerf=-2.8947293810779327, Gain=2.8947293810779327, Estimated=False)
[Trader][2018-01-21 00:56:39,935][INFO] - [XXBTZEUR][H_1800_3_2] Pulling prices since 2018-01-21 00:46:00
[Trader][2018-01-21 00:56:40,148][INFO] - [XETHZEUR][H_1800_3_2] Next signal at 2018-01-21 01:06:40.148055
[Trader][2018-01-21 00:56:40,912][INFO] - [XLTCZEUR][H_1800_3_2] PNL(Perf=0, HoldPerf=-2.7532407938511021, Gain=2.7532407938511021, Estimated=False)
[Trader][2018-01-21 00:56:40,914][INFO] - [XLTCZEUR][H_1800_3_2] Pulling prices since 2018-01-21 00:46:00
[Trader][2018-01-21 00:56:41,285][INFO] - [XXBTZEUR][H_1800_3_2] Next signal at 2018-01-21 01:06:41.285631
[Trader][2018-01-21 00:56:42,455][INFO] - [XLTCZEUR][H_1800_3_2] Next signal at 2018-01-21 01:06:42.455449
[Trader][2018-01-21 01:06:39,351][INFO] - [XXRPZEUR][H_1800_3_2] PNL(Perf=0, HoldPerf=-3.3127889060092564, Gain=3.3127889060092564, Estimated=False)
[Trader][2018-01-21 01:06:39,352][INFO] - [XXRPZEUR][H_1800_3_2] Pulling prices since 2018-01-21 00:56:00
[Trader][2018-01-21 01:06:40,182][INFO] - [XETHZEUR][H_1800_3_2] PNL(Perf=0, HoldPerf=-3.3253234556501177, Gain=3.3253234556501177, Estimated=False)
[Trader][2018-01-21 01:06:40,183][INFO] - [XETHZEUR][H_1800_3_2] Pulling prices since 2018-01-21 00:56:00
[Trader][2018-01-21 01:06:40,515][INFO] - [XXRPZEUR][H_1800_3_2] Calculating signal
[Trader][2018-01-21 01:06:40,517][INFO] - [XXRPZEUR][H_1800_3_2] Signal received : 0
[Trader][2018-01-21 01:06:40,518][INFO] - [XXRPZEUR][H_1800_3_2] Next signal at 2018-01-21 01:16:40.518105
[Trader][2018-01-21 01:06:41,320][INFO] - [XXBTZEUR][H_1800_3_2] PNL(Perf=0, HoldPerf=-3.8234741784037629, Gain=3.8234741784037629, Estimated=False)
[Trader][2018-01-21 01:06:41,322][INFO] - [XXBTZEUR][H_1800_3_2] Pulling prices since 2018-01-21 00:56:00
[Trader][2018-01-21 01:06:41,488][INFO] - [XETHZEUR][H_1800_3_2] Calculating signal
[Trader][2018-01-21 01:06:41,489][INFO] - [XETHZEUR][H_1800_3_2] Signal received : 1
[Trader][2018-01-21 01:06:42,488][INFO] - [XLTCZEUR][H_1800_3_2] PNL(Perf=0, HoldPerf=-3.7956621004566085, Gain=3.7956621004566085, Estimated=False)
[Trader][2018-01-21 01:06:42,490][INFO] - [XLTCZEUR][H_1800_3_2] Pulling prices since 2018-01-21 00:56:00
[Trader][2018-01-21 01:06:42,675][INFO] - [XXBTZEUR][H_1800_3_2] Calculating signal
[Trader][2018-01-21 01:06:42,676][INFO] - [XXBTZEUR][H_1800_3_2] Signal received : 1
[Trader][2018-01-21 01:06:43,299][INFO] - [XLTCZEUR][H_1800_3_2] Calculating signal
[Trader][2018-01-21 01:06:43,300][INFO] - [XLTCZEUR][H_1800_3_2] Signal received : 1
[Trader][2018-01-21 01:06:44,626][INFO] - [XETHZEUR][H_1800_3_2] Buy signal received. Trying to execute the trade ... - BUY
[Trader][2018-01-21 01:06:45,010][INFO] - [XXBTZEUR][H_1800_3_2] Buy signal received. Trying to execute the trade ... - BUY
[Trader][2018-01-21 01:06:45,368][INFO] - [XLTCZEUR][H_1800_3_2] Buy signal received. Trying to execute the trade ... - BUY
[Trader][2018-01-21 01:06:45,930][INFO] - [XETHZEUR][H_1800_3_2] Trade executed @925.000000 at 2018-01-21 01:06:44 - BUY
[Trader][2018-01-21 01:06:45,933][INFO] - [XETHZEUR][H_1800_3_2] Next signal at 2018-01-21 01:16:45.932483
[Trader][2018-01-21 01:06:47,780][INFO] - [XXBTZEUR][H_1800_3_2] Trade executed @10292.900000 at 2018-01-21 01:06:45 - BUY
[Trader][2018-01-21 01:06:47,782][INFO] - [XXBTZEUR][H_1800_3_2] Next signal at 2018-01-21 01:16:47.782300
[Trader][2018-01-21 01:06:48,190][INFO] - [XLTCZEUR][H_1800_3_2] Trade executed @168.990000 at 2018-01-21 01:06:45 - BUY
[Trader][2018-01-21 01:06:48,192][INFO] - [XLTCZEUR][H_1800_3_2] Next signal at 2018-01-21 01:16:48.192050
[Trader][2018-01-21 01:16:40,539][INFO] - [XXRPZEUR][H_1800_3_2] PNL(Perf=0, HoldPerf=-2.4568567026194126, Gain=2.4568567026194126, Estimated=False)
[Trader][2018-01-21 01:16:40,543][INFO] - [XXRPZEUR][H_1800_3_2] Pulling prices since 2018-01-21 00:56:00
[Trader][2018-01-21 01:16:41,489][INFO] - [XXRPZEUR][H_1800_3_2] Next signal at 2018-01-21 01:26:41.488928
[Trader][2018-01-21 01:26:41,521][INFO] - [XXRPZEUR][H_1800_3_2] PNL(Perf=0, HoldPerf=-2.7187017001545586, Gain=2.7187017001545586, Estimated=False)
[Trader][2018-01-21 01:26:41,526][INFO] - [XXRPZEUR][H_1800_3_2] Pulling prices since 2018-01-21 01:16:00
[Trader][2018-01-21 01:26:42,724][INFO] - [XXRPZEUR][H_1800_3_2] Next signal at 2018-01-21 01:36:42.724694
[Trader][2018-01-21 01:36:42,752][INFO] - [XXRPZEUR][H_1800_3_2] PNL(Perf=0, HoldPerf=-2.9838212634822749, Gain=2.9838212634822749, Estimated=False)
[Trader][2018-01-21 01:36:42,757][INFO] - [XXRPZEUR][H_1800_3_2] Pulling prices since 2018-01-21 01:26:00
[Trader][2018-01-21 01:36:43,723][INFO] - [XXRPZEUR][H_1800_3_2] Calculating signal
[Trader][2018-01-21 01:36:43,724][INFO] - [XXRPZEUR][H_1800_3_2] Signal received : 0
[Trader][2018-01-21 01:36:43,725][INFO] - [XXRPZEUR][H_1800_3_2] Next signal at 2018-01-21 01:46:43.725012
[Trader][2018-01-21 01:46:43,745][INFO] - [XXRPZEUR][H_1800_3_2] PNL(Perf=0, HoldPerf=-2.1571648690292777, Gain=2.1571648690292777, Estimated=False)
[Trader][2018-01-21 01:46:43,748][INFO] - [XXRPZEUR][H_1800_3_2] Pulling prices since 2018-01-21 01:26:00
[Trader][2018-01-21 01:46:44,398][INFO] - [XXRPZEUR][H_1800_3_2] Next signal at 2018-01-21 01:56:44.397849
[Trader][2018-01-21 01:56:44,420][INFO] - [XXRPZEUR][H_1800_3_2] PNL(Perf=0, HoldPerf=-2.0479134466769682, Gain=2.0479134466769682, Estimated=False)
[Trader][2018-01-21 01:56:44,424][INFO] - [XXRPZEUR][H_1800_3_2] Pulling prices since 2018-01-21 01:46:00
[Trader][2018-01-21 01:56:45,515][INFO] - [XXRPZEUR][H_1800_3_2] Next signal at 2018-01-21 02:06:45.515581
[Trader][2018-01-21 02:06:45,537][INFO] - [XXRPZEUR][H_1800_3_2] PNL(Perf=0, HoldPerf=-2.6540832049306697, Gain=2.6540832049306697, Estimated=False)
[Trader][2018-01-21 02:06:45,541][INFO] - [XXRPZEUR][H_1800_3_2] Pulling prices since 2018-01-21 01:56:00
[Trader][2018-01-21 02:06:46,750][INFO] - [XXRPZEUR][H_1800_3_2] Calculating signal
[Trader][2018-01-21 02:06:46,751][INFO] - [XXRPZEUR][H_1800_3_2] Signal received : 0
[Trader][2018-01-21 02:06:46,752][INFO] - [XXRPZEUR][H_1800_3_2] Next signal at 2018-01-21 02:16:46.751950
[Trader][2018-01-21 02:16:46,799][INFO] - [XXRPZEUR][H_1800_3_2] PNL(Perf=0, HoldPerf=-2.1571648690292777, Gain=2.1571648690292777, Estimated=False)
[Trader][2018-01-21 02:16:46,803][INFO] - [XXRPZEUR][H_1800_3_2] Pulling prices since 2018-01-21 01:56:00
[Trader][2018-01-21 02:16:47,837][INFO] - [XXRPZEUR][H_1800_3_2] Next signal at 2018-01-21 02:26:47.836948
[Trader][2018-01-21 02:26:47,857][INFO] - [XXRPZEUR][H_1800_3_2] PNL(Perf=0, HoldPerf=-2.4729520865533252, Gain=2.4729520865533252, Estimated=False)
[Trader][2018-01-21 02:26:47,861][INFO] - [XXRPZEUR][H_1800_3_2] Pulling prices since 2018-01-21 02:16:00
[Trader][2018-01-21 02:26:48,814][INFO] - [XXRPZEUR][H_1800_3_2] Next signal at 2018-01-21 02:36:48.814430
[Trader][2018-01-21 02:36:48,835][INFO] - [XXRPZEUR][H_1800_3_2] PNL(Perf=0, HoldPerf=-3.0462249614791914, Gain=3.0462249614791914, Estimated=False)
[Trader][2018-01-21 02:36:48,839][INFO] - [XXRPZEUR][H_1800_3_2] Pulling prices since 2018-01-21 02:26:00
[Trader][2018-01-21 02:36:49,878][INFO] - [XXRPZEUR][H_1800_3_2] Calculating signal
[Trader][2018-01-21 02:36:49,880][INFO] - [XXRPZEUR][H_1800_3_2] Signal received : 0
[Trader][2018-01-21 02:36:49,880][INFO] - [XXRPZEUR][H_1800_3_2] Next signal at 2018-01-21 02:46:49.880659
[Trader][2018-01-21 02:46:49,902][INFO] - [XXRPZEUR][H_1800_3_2] PNL(Perf=0, HoldPerf=-3.466872110939919, Gain=3.466872110939919, Estimated=False)
[Trader][2018-01-21 02:46:49,907][INFO] - [XXRPZEUR][H_1800_3_2] Pulling prices since 2018-01-21 02:26:00
[Trader][2018-01-21 02:46:51,227][INFO] - [XXRPZEUR][H_1800_3_2] Next signal at 2018-01-21 02:56:51.227487
[Trader][2018-01-21 02:56:51,249][INFO] - [XXRPZEUR][H_1800_3_2] PNL(Perf=0, HoldPerf=-3.2820710973724889, Gain=3.2820710973724889, Estimated=False)
[Trader][2018-01-21 02:56:51,253][INFO] - [XXRPZEUR][H_1800_3_2] Pulling prices since 2018-01-21 02:46:00
[Trader][2018-01-21 02:56:53,873][INFO] - [XXRPZEUR][H_1800_3_2] Next signal at 2018-01-21 03:06:53.873528
[Trader][2018-01-21 03:06:53,896][INFO] - [XXRPZEUR][H_1800_3_2] PNL(Perf=0, HoldPerf=-2.9838212634822749, Gain=2.9838212634822749, Estimated=False)
[Trader][2018-01-21 03:06:53,900][INFO] - [XXRPZEUR][H_1800_3_2] Pulling prices since 2018-01-21 02:56:00
[Trader][2018-01-21 03:06:55,454][INFO] - [XXRPZEUR][H_1800_3_2] Calculating signal
[Trader][2018-01-21 03:06:55,455][INFO] - [XXRPZEUR][H_1800_3_2] Signal received : 0
[Trader][2018-01-21 03:06:55,456][INFO] - [XXRPZEUR][H_1800_3_2] Next signal at 2018-01-21 03:16:55.456349
[Trader][2018-01-21 03:16:55,518][INFO] - [XXRPZEUR][H_1800_3_2] PNL(Perf=0, HoldPerf=-2.5477657935285172, Gain=2.5477657935285172, Estimated=False)
[Trader][2018-01-21 03:16:55,522][INFO] - [XXRPZEUR][H_1800_3_2] Pulling prices since 2018-01-21 02:56:00
[Trader][2018-01-21 03:16:56,996][INFO] - [XXRPZEUR][H_1800_3_2] Next signal at 2018-01-21 03:26:56.996292
[Trader][2018-01-21 03:26:57,016][INFO] - [XXRPZEUR][H_1800_3_2] PNL(Perf=0, HoldPerf=-2.238021638330765, Gain=2.238021638330765, Estimated=False)
[Trader][2018-01-21 03:26:57,020][INFO] - [XXRPZEUR][H_1800_3_2] Pulling prices since 2018-01-21 03:16:00
[Trader][2018-01-21 03:26:58,182][INFO] - [XXRPZEUR][H_1800_3_2] Next signal at 2018-01-21 03:36:58.181891
[Trader][2018-01-21 03:36:58,215][INFO] - [XXRPZEUR][H_1800_3_2] PNL(Perf=0, HoldPerf=-2.2619414483821303, Gain=2.2619414483821303, Estimated=False)
[Trader][2018-01-21 03:36:58,219][INFO] - [XXRPZEUR][H_1800_3_2] Pulling prices since 2018-01-21 03:26:00
[Trader][2018-01-21 03:36:59,704][INFO] - [XXRPZEUR][H_1800_3_2] Calculating signal
[Trader][2018-01-21 03:36:59,705][INFO] - [XXRPZEUR][H_1800_3_2] Signal received : 0
[Trader][2018-01-21 03:36:59,705][INFO] - [XXRPZEUR][H_1800_3_2] Next signal at 2018-01-21 03:46:59.705779
[Trader][2018-01-21 03:46:59,726][INFO] - [XXRPZEUR][H_1800_3_2] PNL(Perf=0, HoldPerf=-2.6579557623710488, Gain=2.6579557623710488, Estimated=False)
[Trader][2018-01-21 03:46:59,730][INFO] - [XXRPZEUR][H_1800_3_2] Pulling prices since 2018-01-21 03:26:00
[Trader][2018-01-21 03:47:01,220][INFO] - [XXRPZEUR][H_1800_3_2] Next signal at 2018-01-21 03:57:01.220038
[Trader][2018-01-21 03:57:01,255][INFO] - [XXRPZEUR][H_1800_3_2] PNL(Perf=0, HoldPerf=-2.8491036009717465, Gain=2.8491036009717465, Estimated=False)
[Trader][2018-01-21 03:57:01,260][INFO] - [XXRPZEUR][H_1800_3_2] Pulling prices since 2018-01-21 03:47:00
[Trader][2018-01-21 03:57:02,490][INFO] - [XXRPZEUR][H_1800_3_2] Next signal at 2018-01-21 04:07:02.490052
[Trader][2018-01-21 04:07:02,510][INFO] - [XXRPZEUR][H_1800_3_2] PNL(Perf=0, HoldPerf=-3.2342064714945997, Gain=3.2342064714945997, Estimated=False)
[Trader][2018-01-21 04:07:02,514][INFO] - [XXRPZEUR][H_1800_3_2] Pulling prices since 2018-01-21 03:57:00
[Trader][2018-01-21 04:07:03,625][INFO] - [XXRPZEUR][H_1800_3_2] Calculating signal
[Trader][2018-01-21 04:07:03,627][INFO] - [XXRPZEUR][H_1800_3_2] Signal received : 0
[Trader][2018-01-21 04:07:03,628][INFO] - [XXRPZEUR][H_1800_3_2] Next signal at 2018-01-21 04:17:03.628139
[Trader][2018-01-21 04:17:03,648][INFO] - [XXRPZEUR][H_1800_3_2] PNL(Perf=0, HoldPerf=-4.4669065247035737, Gain=4.4669065247035737, Estimated=False)
[Trader][2018-01-21 04:17:03,652][INFO] - [XXRPZEUR][H_1800_3_2] Pulling prices since 2018-01-21 03:57:00
[Trader][2018-01-21 04:17:04,787][INFO] - [XXRPZEUR][H_1800_3_2] Next signal at 2018-01-21 04:27:04.787229
[Trader][2018-01-21 04:27:04,831][INFO] - [XXRPZEUR][H_1800_3_2] PNL(Perf=0, HoldPerf=-4.6926412251299219, Gain=4.6926412251299219, Estimated=False)
[Trader][2018-01-21 04:27:04,835][INFO] - [XXRPZEUR][H_1800_3_2] Pulling prices since 2018-01-21 04:17:00
[Trader][2018-01-21 04:27:05,637][INFO] - [XXRPZEUR][H_1800_3_2] Next signal at 2018-01-21 04:37:05.637145
[Trader][2018-01-21 04:37:05,659][INFO] - [XXRPZEUR][H_1800_3_2] PNL(Perf=0, HoldPerf=-3.919876733436058, Gain=3.919876733436058, Estimated=False)
[Trader][2018-01-21 04:37:05,663][INFO] - [XXRPZEUR][H_1800_3_2] Pulling prices since 2018-01-21 04:27:00
[Trader][2018-01-21 04:37:06,000][INFO] - [XXRPZEUR][H_1800_3_2] Calculating signal
[Trader][2018-01-21 04:37:06,001][INFO] - [XXRPZEUR][H_1800_3_2] Signal received : 0
[Trader][2018-01-21 04:37:06,002][INFO] - [XXRPZEUR][H_1800_3_2] Next signal at 2018-01-21 04:47:06.002365
[Trader][2018-01-21 04:47:06,036][INFO] - [XXRPZEUR][H_1800_3_2] PNL(Perf=0, HoldPerf=-4.8528879267174538, Gain=4.8528879267174538, Estimated=False)
[Trader][2018-01-21 04:47:06,040][INFO] - [XXRPZEUR][H_1800_3_2] Pulling prices since 2018-01-21 04:27:00
[Trader][2018-01-21 04:47:07,147][INFO] - [XXRPZEUR][H_1800_3_2] Next signal at 2018-01-21 04:57:07.146705
[Trader][2018-01-21 04:57:07,168][INFO] - [XXRPZEUR][H_1800_3_2] PNL(Perf=0, HoldPerf=-5.2092622774378086, Gain=5.2092622774378086, Estimated=False)
[Trader][2018-01-21 04:57:07,172][INFO] - [XXRPZEUR][H_1800_3_2] Pulling prices since 2018-01-21 04:47:00
[Trader][2018-01-21 04:57:08,347][INFO] - [XXRPZEUR][H_1800_3_2] Next signal at 2018-01-21 05:07:08.347071
[Trader][2018-01-21 05:07:08,368][INFO] - [XXRPZEUR][H_1800_3_2] PNL(Perf=0, HoldPerf=-6.0061633281972284, Gain=6.0061633281972284, Estimated=False)
[Trader][2018-01-21 05:07:08,372][INFO] - [XXRPZEUR][H_1800_3_2] Pulling prices since 2018-01-21 04:57:00
[Trader][2018-01-21 05:07:09,541][INFO] - [XXRPZEUR][H_1800_3_2] Calculating signal
[Trader][2018-01-21 05:07:09,543][INFO] - [XXRPZEUR][H_1800_3_2] Signal received : 0
[Trader][2018-01-21 05:07:09,543][INFO] - [XXRPZEUR][H_1800_3_2] Next signal at 2018-01-21 05:17:09.543522
[Trader][2018-01-21 05:17:09,589][INFO] - [XXRPZEUR][H_1800_3_2] PNL(Perf=0, HoldPerf=-7.5493647870938938, Gain=7.5493647870938938, Estimated=False)
[Trader][2018-01-21 05:17:09,593][INFO] - [XXRPZEUR][H_1800_3_2] Pulling prices since 2018-01-21 04:57:00
[Trader][2018-01-21 05:17:10,948][INFO] - [XXRPZEUR][H_1800_3_2] Next signal at 2018-01-21 05:27:10.948380
[Trader][2018-01-21 05:27:10,969][INFO] - [XXRPZEUR][H_1800_3_2] PNL(Perf=0, HoldPerf=-6.9774593314677702, Gain=6.9774593314677702, Estimated=False)
[Trader][2018-01-21 05:27:10,973][INFO] - [XXRPZEUR][H_1800_3_2] Pulling prices since 2018-01-21 05:17:00
[Trader][2018-01-21 05:27:12,013][INFO] - [XXRPZEUR][H_1800_3_2] Next signal at 2018-01-21 05:37:12.013475
[Trader][2018-01-21 05:37:12,045][INFO] - [XXRPZEUR][H_1800_3_2] PNL(Perf=0, HoldPerf=-5.0146379044684197, Gain=5.0146379044684197, Estimated=False)
[Trader][2018-01-21 05:37:12,049][INFO] - [XXRPZEUR][H_1800_3_2] Pulling prices since 2018-01-21 05:27:00
[Trader][2018-01-21 05:37:13,143][INFO] - [XXRPZEUR][H_1800_3_2] Calculating signal
[Trader][2018-01-21 05:37:13,144][INFO] - [XXRPZEUR][H_1800_3_2] Signal received : 1
[Trader][2018-01-21 05:37:14,960][INFO] - [XXRPZEUR][H_1800_3_2] Buy signal received. Trying to execute the trade ... - BUY
[Trader][2018-01-21 05:37:16,228][INFO] - [XXRPZEUR][H_1800_3_2] Trade executed @1.203920 at 2018-01-21 05:37:14 - BUY
[Trader][2018-01-21 05:37:16,230][INFO] - [XXRPZEUR][H_1800_3_2] Next signal at 2018-01-21 05:47:16.229983
