[Trader][2018-01-21 20:11:42,999][INFO] - =========== START =============
[Trader][2018-01-21 20:11:46,375][INFO] - [XLTCZEUR][H_1800_3_2] ====Trading System TradingSystem1 started===== pair=XLTCZEUR, simul=True, step=1800, stop_loss=0%, wick=True, candles=3, bodies=2
[Trader][2018-01-21 20:11:46,378][INFO] - [XLTCZEUR][H_1800_3_2] Pulling prices since 2018-01-21 19:11:43.021668
[Trader][2018-01-21 20:11:46,590][INFO] - [XXBTZEUR][H_1800_3_2] ====Trading System TradingSystem1 started===== pair=XXBTZEUR, simul=True, step=1800, stop_loss=0%, wick=True, candles=3, bodies=2
[Trader][2018-01-21 20:11:46,591][INFO] - [XXBTZEUR][H_1800_3_2] Pulling prices since 2018-01-21 19:11:43.024852
[Trader][2018-01-21 20:11:47,243][INFO] - [XETHZEUR][H_1800_3_2] ====Trading System TradingSystem1 started===== pair=XETHZEUR, simul=True, step=1800, stop_loss=0%, wick=True, candles=3, bodies=2
[Trader][2018-01-21 20:11:47,247][INFO] - [XETHZEUR][H_1800_3_2] Pulling prices since 2018-01-21 19:11:43.021668
[Trader][2018-01-21 20:11:47,411][INFO] - [XXRPZEUR][H_1800_3_2] ====Trading System TradingSystem1 started===== pair=XXRPZEUR, simul=True, step=1800, stop_loss=0%, wick=True, candles=3, bodies=2
[Trader][2018-01-21 20:11:47,414][INFO] - [XXRPZEUR][H_1800_3_2] Pulling prices since 2018-01-21 19:11:43.019718
[Trader][2018-01-21 20:11:47,501][INFO] - [XLTCZEUR][H_1800_3_2] Next signal at 2018-01-21 20:21:47.501447
[Trader][2018-01-21 20:11:48,160][INFO] - [XXBTZEUR][H_1800_3_2] Next signal at 2018-01-21 20:21:48.160159
[Trader][2018-01-21 20:11:48,823][INFO] - [XETHZEUR][H_1800_3_2] Next signal at 2018-01-21 20:21:48.823739
[Trader][2018-01-21 20:11:48,829][INFO] - [XXRPZEUR][H_1800_3_2] Next signal at 2018-01-21 20:21:48.829535
[Trader][2018-01-21 20:41:27,023][INFO] - [XLTCZEUR][H_1800_3_2] Pulling prices since 2018-01-21 20:11:00
[Trader][2018-01-21 20:41:27,681][INFO] - [XXBTZEUR][H_1800_3_2] Pulling prices since 2018-01-21 20:11:00
[Trader][2018-01-21 20:41:28,345][INFO] - [XETHZEUR][H_1800_3_2] Pulling prices since 2018-01-21 20:11:00
[Trader][2018-01-21 20:41:28,351][INFO] - [XXRPZEUR][H_1800_3_2] Pulling prices since 2018-01-21 20:11:00
[Trader][2018-01-21 20:41:29,229][INFO] - [XLTCZEUR][H_1800_3_2] Next signal at 2018-01-21 20:51:29.229195
[Trader][2018-01-21 20:41:30,881][INFO] - [XETHZEUR][H_1800_3_2] Next signal at 2018-01-21 20:51:30.881404
[Trader][2018-01-21 20:41:30,882][INFO] - [XXBTZEUR][H_1800_3_2] Next signal at 2018-01-21 20:51:30.882412
[Trader][2018-01-21 20:41:30,883][INFO] - [XXRPZEUR][H_1800_3_2] Next signal at 2018-01-21 20:51:30.883767
[Trader][2018-01-21 20:46:52,463][ERROR] - Shutting down after signal from user!!!!
Bye!
