[Trader][2018-01-20 22:21:39,172][INFO] - =========== START =============
[Trader][2018-01-20 22:21:39,202][INFO] - [XXRPZEUR][H_180_3_2] PNL(Perf=0, HoldPerf=0, Gain=0, Estimated=False)
[Trader][2018-01-20 22:21:39,203][INFO] - [XXRPZEUR][H_180_3_2] Pulling prices since 2018-01-20 22:15:39.195555
[Trader][2018-01-20 22:21:39,204][INFO] - [XLTCZEUR][H_180_3_2] PNL(Perf=0, HoldPerf=0, Gain=0, Estimated=False)
[Trader][2018-01-20 22:21:39,206][INFO] - [XLTCZEUR][H_180_3_2] Pulling prices since 2018-01-20 22:15:39.197495
[Trader][2018-01-20 22:21:39,208][INFO] - [XETHZEUR][H_180_3_2] PNL(Perf=0, HoldPerf=0, Gain=0, Estimated=False)
[Trader][2018-01-20 22:21:39,215][INFO] - [XETHZEUR][H_180_3_2] Pulling prices since 2018-01-20 22:15:39.199156
[Trader][2018-01-20 22:21:39,222][INFO] - [XXBTZEUR][H_180_3_2] PNL(Perf=0, HoldPerf=0, Gain=0, Estimated=False)
[Trader][2018-01-20 22:21:39,223][INFO] - [XXBTZEUR][H_180_3_2] Pulling prices since 2018-01-20 22:15:39.202944
[Trader][2018-01-20 22:21:40,578][INFO] - [XXBTZEUR][H_180_3_2] Next signal at 2018-01-20 22:22:40.578179
[Trader][2018-01-20 22:21:40,662][INFO] - [XETHZEUR][H_180_3_2] Next signal at 2018-01-20 22:22:40.662209
[Trader][2018-01-20 22:21:40,705][INFO] - [XLTCZEUR][H_180_3_2] Next signal at 2018-01-20 22:22:40.705570
[Trader][2018-01-20 22:21:40,719][INFO] - [XXRPZEUR][H_180_3_2] Next signal at 2018-01-20 22:22:40.719572
[Trader][2018-01-20 22:22:40,583][INFO] - [XXBTZEUR][H_180_3_2] PNL(Perf=0, HoldPerf=0.13057528275654412, Gain=-0.13057528275654412, Estimated=False)
[Trader][2018-01-20 22:22:40,585][INFO] - [XXBTZEUR][H_180_3_2] Pulling prices since 2018-01-20 22:21:00
[Trader][2018-01-20 22:22:40,665][INFO] - [XETHZEUR][H_180_3_2] PNL(Perf=0, HoldPerf=0.029447646291697101, Gain=-0.029447646291697101, Estimated=False)
[Trader][2018-01-20 22:22:40,666][INFO] - [XETHZEUR][H_180_3_2] Pulling prices since 2018-01-20 22:21:00
[Trader][2018-01-20 22:22:40,709][INFO] - [XLTCZEUR][H_180_3_2] PNL(Perf=0, HoldPerf=0.32049447719338542, Gain=-0.32049447719338542, Estimated=False)
[Trader][2018-01-20 22:22:40,710][INFO] - [XLTCZEUR][H_180_3_2] Pulling prices since 2018-01-20 22:21:00
[Trader][2018-01-20 22:22:40,723][INFO] - [XXRPZEUR][H_180_3_2] PNL(Perf=0, HoldPerf=-0.11448328851325326, Gain=0.11448328851325326, Estimated=False)
[Trader][2018-01-20 22:22:40,724][INFO] - [XXRPZEUR][H_180_3_2] Pulling prices since 2018-01-20 22:21:00
[Trader][2018-01-20 22:22:47,086][INFO] - [XXRPZEUR][H_180_3_2] Next signal at 2018-01-20 22:23:47.084328
[Trader][2018-01-20 22:22:49,627][INFO] - [XXBTZEUR][H_180_3_2] Next signal at 2018-01-20 22:23:49.627471
[Trader][2018-01-20 22:22:51,331][INFO] - [XLTCZEUR][H_180_3_2] Next signal at 2018-01-20 22:23:51.330916
[Trader][2018-01-20 22:22:57,386][INFO] - [XETHZEUR][H_180_3_2] Next signal at 2018-01-20 22:23:57.386401
[Trader][2018-01-20 22:23:44,510][ERROR] - Shutting down after signal from user!!!!
Bye!
