[Trader][2018-01-21 10:33:55,684][INFO] - =========== START =============
[Trader][2018-01-21 10:33:57,298][INFO] - [XLTCZEUR][H_1800_3_2] ====Trading System TradingSystem1 started===== pair=XLTCZEUR, simul=True, step=1800, stop_loss=0%, wick=True, candles=3, bodies=2
[Trader][2018-01-21 10:33:57,300][INFO] - [XXBTZEUR][H_1800_3_2] ====Trading System TradingSystem1 started===== pair=XXBTZEUR, simul=True, step=1800, stop_loss=0%, wick=True, candles=3, bodies=2
[Trader][2018-01-21 10:33:57,310][INFO] - [XLTCZEUR][H_1800_3_2] PNL(Perf=0, HoldPerf=0, Gain=0, Estimated=False)
[Trader][2018-01-21 10:33:57,311][INFO] - [XXBTZEUR][H_1800_3_2] PNL(Perf=0, HoldPerf=0, Gain=0, Estimated=False)
[Trader][2018-01-21 10:33:57,313][INFO] - [XXBTZEUR][H_1800_3_2] Pulling prices since 2018-01-21 09:33:55.713853
[Trader][2018-01-21 10:33:57,312][INFO] - [XLTCZEUR][H_1800_3_2] Pulling prices since 2018-01-21 09:33:55.709413
[Trader][2018-01-21 10:33:58,346][INFO] - [XETHZEUR][H_1800_3_2] ====Trading System TradingSystem1 started===== pair=XETHZEUR, simul=True, step=1800, stop_loss=0%, wick=True, candles=3, bodies=2
[Trader][2018-01-21 10:33:58,348][INFO] - [XXRPZEUR][H_1800_3_2] ====Trading System TradingSystem1 started===== pair=XXRPZEUR, simul=True, step=1800, stop_loss=0%, wick=True, candles=3, bodies=2
[Trader][2018-01-21 10:33:58,353][INFO] - [XETHZEUR][H_1800_3_2] PNL(Perf=0, HoldPerf=0, Gain=0, Estimated=False)
[Trader][2018-01-21 10:33:58,355][INFO] - [XETHZEUR][H_1800_3_2] Pulling prices since 2018-01-21 09:33:55.710499
[Trader][2018-01-21 10:33:58,356][INFO] - [XXRPZEUR][H_1800_3_2] PNL(Perf=0, HoldPerf=0, Gain=0, Estimated=False)
[Trader][2018-01-21 10:33:58,358][INFO] - [XXRPZEUR][H_1800_3_2] Pulling prices since 2018-01-21 09:33:55.706455
[Trader][2018-01-21 10:33:58,401][INFO] - [XXBTZEUR][H_1800_3_2] Next signal at 2018-01-21 10:43:58.400831
[Trader][2018-01-21 10:33:58,401][INFO] - [XLTCZEUR][H_1800_3_2] Next signal at 2018-01-21 10:43:58.401671
[Trader][2018-01-21 10:33:59,944][INFO] - [XXRPZEUR][H_1800_3_2] Next signal at 2018-01-21 10:43:59.944149
[Trader][2018-01-21 10:33:59,954][INFO] - [XETHZEUR][H_1800_3_2] Next signal at 2018-01-21 10:43:59.953901
[Trader][2018-01-21 10:43:58,434][INFO] - [XXBTZEUR][H_1800_3_2] PNL(Perf=0, HoldPerf=0.97931651021983457, Gain=-0.97931651021983457, Estimated=False)
[Trader][2018-01-21 10:43:58,434][INFO] - [XLTCZEUR][H_1800_3_2] PNL(Perf=0, HoldPerf=0.27369992535456439, Gain=-0.27369992535456439, Estimated=False)
[Trader][2018-01-21 10:43:58,439][INFO] - [XXBTZEUR][H_1800_3_2] Pulling prices since 2018-01-21 10:34:00
[Trader][2018-01-21 10:43:58,439][INFO] - [XLTCZEUR][H_1800_3_2] Pulling prices since 2018-01-21 10:34:00
[Trader][2018-01-21 10:43:58,870][INFO] - [XXBTZEUR][H_1800_3_2] Next signal at 2018-01-21 10:53:58.870485
[Trader][2018-01-21 10:43:59,621][INFO] - [XLTCZEUR][H_1800_3_2] Next signal at 2018-01-21 10:53:59.621228
[Trader][2018-01-21 10:43:59,982][INFO] - [XXRPZEUR][H_1800_3_2] PNL(Perf=0, HoldPerf=2.3807871173734911, Gain=-2.3807871173734911, Estimated=False)
[Trader][2018-01-21 10:43:59,983][INFO] - [XXRPZEUR][H_1800_3_2] Pulling prices since 2018-01-21 10:34:00
[Trader][2018-01-21 10:43:59,986][INFO] - [XETHZEUR][H_1800_3_2] PNL(Perf=0, HoldPerf=1.015819209039549, Gain=-1.015819209039549, Estimated=False)
[Trader][2018-01-21 10:43:59,987][INFO] - [XETHZEUR][H_1800_3_2] Pulling prices since 2018-01-21 10:34:00
[Trader][2018-01-21 10:44:00,480][INFO] - [XXRPZEUR][H_1800_3_2] Next signal at 2018-01-21 10:54:00.480217
[Trader][2018-01-21 10:44:01,095][INFO] - [XETHZEUR][H_1800_3_2] Next signal at 2018-01-21 10:54:01.095267
[Trader][2018-01-21 10:53:58,904][INFO] - [XXBTZEUR][H_1800_3_2] PNL(Perf=0, HoldPerf=0.48035246244378416, Gain=-0.48035246244378416, Estimated=False)
[Trader][2018-01-21 10:53:58,907][INFO] - [XXBTZEUR][H_1800_3_2] Pulling prices since 2018-01-21 10:44:00
[Trader][2018-01-21 10:53:59,271][INFO] - [XXBTZEUR][H_1800_3_2] Calculating signal
[Trader][2018-01-21 10:53:59,273][INFO] - [XXBTZEUR][H_1800_3_2] Signal received : 0
[Trader][2018-01-21 10:53:59,275][INFO] - [XXBTZEUR][H_1800_3_2] Next signal at 2018-01-21 11:03:59.274820
[Trader][2018-01-21 10:53:59,655][INFO] - [XLTCZEUR][H_1800_3_2] PNL(Perf=0, HoldPerf=0.87965562418116949, Gain=-0.87965562418116949, Estimated=False)
[Trader][2018-01-21 10:53:59,655][INFO] - [XLTCZEUR][H_1800_3_2] Pulling prices since 2018-01-21 10:43:00
[Trader][2018-01-21 10:54:00,513][INFO] - [XXRPZEUR][H_1800_3_2] PNL(Perf=0, HoldPerf=1.7316017316017331, Gain=-1.7316017316017331, Estimated=False)
[Trader][2018-01-21 10:54:00,514][INFO] - [XXRPZEUR][H_1800_3_2] Pulling prices since 2018-01-21 10:44:00
[Trader][2018-01-21 10:54:00,788][INFO] - [XLTCZEUR][H_1800_3_2] Calculating signal
[Trader][2018-01-21 10:54:00,790][INFO] - [XLTCZEUR][H_1800_3_2] Signal received : 0
[Trader][2018-01-21 10:54:00,791][INFO] - [XLTCZEUR][H_1800_3_2] Next signal at 2018-01-21 11:04:00.791660
[Trader][2018-01-21 10:54:01,133][INFO] - [XETHZEUR][H_1800_3_2] PNL(Perf=0, HoldPerf=1.1435028248587575, Gain=-1.1435028248587575, Estimated=False)
[Trader][2018-01-21 10:54:01,135][INFO] - [XETHZEUR][H_1800_3_2] Pulling prices since 2018-01-21 10:44:00
[Trader][2018-01-21 10:54:02,308][INFO] - [XETHZEUR][H_1800_3_2] Calculating signal
[Trader][2018-01-21 10:54:02,309][INFO] - [XETHZEUR][H_1800_3_2] Signal received : 0
[Trader][2018-01-21 10:54:02,310][INFO] - [XETHZEUR][H_1800_3_2] Next signal at 2018-01-21 11:04:02.309913
[Trader][2018-01-21 10:54:02,802][INFO] - [XXRPZEUR][H_1800_3_2] Calculating signal
[Trader][2018-01-21 10:54:02,803][INFO] - [XXRPZEUR][H_1800_3_2] Signal received : 0
[Trader][2018-01-21 10:54:02,804][INFO] - [XXRPZEUR][H_1800_3_2] Next signal at 2018-01-21 11:04:02.804018
[Trader][2018-01-21 11:03:59,312][INFO] - [XXBTZEUR][H_1800_3_2] PNL(Perf=0, HoldPerf=0.86965428937259548, Gain=-0.86965428937259548, Estimated=False)
[Trader][2018-01-21 11:03:59,320][INFO] - [XXBTZEUR][H_1800_3_2] Pulling prices since 2018-01-21 10:44:00
[Trader][2018-01-21 11:04:00,772][INFO] - [XXBTZEUR][H_1800_3_2] Next signal at 2018-01-21 11:14:00.772190
[Trader][2018-01-21 11:04:00,824][INFO] - [XLTCZEUR][H_1800_3_2] PNL(Perf=0, HoldPerf=0.94061578980372484, Gain=-0.94061578980372484, Estimated=False)
[Trader][2018-01-21 11:04:00,826][INFO] - [XLTCZEUR][H_1800_3_2] Pulling prices since 2018-01-21 10:43:00
[Trader][2018-01-21 11:04:01,802][INFO] - [XLTCZEUR][H_1800_3_2] Next signal at 2018-01-21 11:14:01.802457
[Trader][2018-01-21 11:04:02,344][INFO] - [XETHZEUR][H_1800_3_2] PNL(Perf=0, HoldPerf=1.4531013529659536, Gain=-1.4531013529659536, Estimated=False)
[Trader][2018-01-21 11:04:02,346][INFO] - [XETHZEUR][H_1800_3_2] Pulling prices since 2018-01-21 10:44:00
[Trader][2018-01-21 11:04:02,839][INFO] - [XXRPZEUR][H_1800_3_2] PNL(Perf=0, HoldPerf=1.0452961672473877, Gain=-1.0452961672473877, Estimated=False)
[Trader][2018-01-21 11:04:02,841][INFO] - [XXRPZEUR][H_1800_3_2] Pulling prices since 2018-01-21 10:44:00
[Trader][2018-01-21 11:04:03,824][INFO] - [XETHZEUR][H_1800_3_2] Next signal at 2018-01-21 11:14:03.823880
[Trader][2018-01-21 11:04:03,855][INFO] - [XXRPZEUR][H_1800_3_2] Next signal at 2018-01-21 11:14:03.855620
[Trader][2018-01-21 11:14:00,794][INFO] - [XXBTZEUR][H_1800_3_2] PNL(Perf=0, HoldPerf=0.42865453506292034, Gain=-0.42865453506292034, Estimated=False)
[Trader][2018-01-21 11:14:00,798][INFO] - [XXBTZEUR][H_1800_3_2] Pulling prices since 2018-01-21 11:03:00
[Trader][2018-01-21 11:14:01,823][INFO] - [XLTCZEUR][H_1800_3_2] PNL(Perf=0, HoldPerf=0.1679522269221263, Gain=-0.1679522269221263, Estimated=False)
[Trader][2018-01-21 11:14:01,824][INFO] - [XLTCZEUR][H_1800_3_2] Pulling prices since 2018-01-21 11:04:00
[Trader][2018-01-21 11:14:02,575][INFO] - [XXBTZEUR][H_1800_3_2] Next signal at 2018-01-21 11:24:02.574895
[Trader][2018-01-21 11:14:03,201][INFO] - [XLTCZEUR][H_1800_3_2] Next signal at 2018-01-21 11:24:03.200923
[Trader][2018-01-21 11:14:03,856][INFO] - [XETHZEUR][H_1800_3_2] PNL(Perf=0, HoldPerf=0.62146892655367236, Gain=-0.62146892655367236, Estimated=False)
[Trader][2018-01-21 11:14:03,858][INFO] - [XETHZEUR][H_1800_3_2] Pulling prices since 2018-01-21 11:04:00
[Trader][2018-01-21 11:14:03,884][INFO] - [XXRPZEUR][H_1800_3_2] PNL(Perf=0, HoldPerf=0.99257305476503566, Gain=-0.99257305476503566, Estimated=False)
[Trader][2018-01-21 11:14:03,886][INFO] - [XXRPZEUR][H_1800_3_2] Pulling prices since 2018-01-21 11:04:00
[Trader][2018-01-21 11:14:08,762][INFO] - [XXRPZEUR][H_1800_3_2] Next signal at 2018-01-21 11:24:08.762048
[Trader][2018-01-21 11:14:08,762][INFO] - [XETHZEUR][H_1800_3_2] Next signal at 2018-01-21 11:24:08.762135
[Trader][2018-01-21 11:24:02,597][INFO] - [XXBTZEUR][H_1800_3_2] PNL(Perf=0, HoldPerf=0.60783453846389568, Gain=-0.60783453846389568, Estimated=False)
[Trader][2018-01-21 11:24:02,601][INFO] - [XXBTZEUR][H_1800_3_2] Pulling prices since 2018-01-21 11:14:00
[Trader][2018-01-21 11:24:03,223][INFO] - [XLTCZEUR][H_1800_3_2] PNL(Perf=0, HoldPerf=0.37406483790523337, Gain=-0.37406483790523337, Estimated=False)
[Trader][2018-01-21 11:24:03,225][INFO] - [XLTCZEUR][H_1800_3_2] Pulling prices since 2018-01-21 11:14:00
[Trader][2018-01-21 11:24:04,053][INFO] - [XXBTZEUR][H_1800_3_2] Calculating signal
[Trader][2018-01-21 11:24:04,054][INFO] - [XLTCZEUR][H_1800_3_2] Calculating signal
[Trader][2018-01-21 11:24:04,055][INFO] - [XXBTZEUR][H_1800_3_2] Signal received : 0
[Trader][2018-01-21 11:24:04,056][INFO] - [XXBTZEUR][H_1800_3_2] Next signal at 2018-01-21 11:34:04.056162
[Trader][2018-01-21 11:24:04,056][INFO] - [XLTCZEUR][H_1800_3_2] Signal received : 0
[Trader][2018-01-21 11:24:04,057][INFO] - [XLTCZEUR][H_1800_3_2] Next signal at 2018-01-21 11:34:04.057195
[Trader][2018-01-21 11:24:08,784][INFO] - [XETHZEUR][H_1800_3_2] PNL(Perf=0, HoldPerf=0.9649717514124253, Gain=-0.9649717514124253, Estimated=False)
[Trader][2018-01-21 11:24:08,784][INFO] - [XXRPZEUR][H_1800_3_2] PNL(Perf=0, HoldPerf=1.2034632034632056, Gain=-1.2034632034632056, Estimated=False)
[Trader][2018-01-21 11:24:08,793][INFO] - [XETHZEUR][H_1800_3_2] Pulling prices since 2018-01-21 11:14:00
[Trader][2018-01-21 11:24:08,793][INFO] - [XXRPZEUR][H_1800_3_2] Pulling prices since 2018-01-21 11:14:00
[Trader][2018-01-21 11:24:09,818][INFO] - [XETHZEUR][H_1800_3_2] Calculating signal
[Trader][2018-01-21 11:24:09,820][INFO] - [XETHZEUR][H_1800_3_2] Signal received : 0
[Trader][2018-01-21 11:24:09,822][INFO] - [XETHZEUR][H_1800_3_2] Next signal at 2018-01-21 11:34:09.821834
[Trader][2018-01-21 11:24:09,858][INFO] - [XXRPZEUR][H_1800_3_2] Calculating signal
[Trader][2018-01-21 11:24:09,859][INFO] - [XXRPZEUR][H_1800_3_2] Signal received : 0
[Trader][2018-01-21 11:24:09,860][INFO] - [XXRPZEUR][H_1800_3_2] Next signal at 2018-01-21 11:34:09.860398
[Trader][2018-01-21 11:34:04,090][INFO] - [XLTCZEUR][H_1800_3_2] PNL(Perf=0, HoldPerf=1.9627516147237696, Gain=-1.9627516147237696, Estimated=False)
[Trader][2018-01-21 11:34:04,090][INFO] - [XXBTZEUR][H_1800_3_2] PNL(Perf=0, HoldPerf=1.9359795134443021, Gain=-1.9359795134443021, Estimated=False)
[Trader][2018-01-21 11:34:04,095][INFO] - [XXBTZEUR][H_1800_3_2] Pulling prices since 2018-01-21 11:14:00
[Trader][2018-01-21 11:34:04,095][INFO] - [XLTCZEUR][H_1800_3_2] Pulling prices since 2018-01-21 11:14:00
[Trader][2018-01-21 11:34:05,575][INFO] - [XXBTZEUR][H_1800_3_2] Next signal at 2018-01-21 11:44:05.575166
[Trader][2018-01-21 11:34:05,595][INFO] - [XLTCZEUR][H_1800_3_2] Next signal at 2018-01-21 11:44:05.594996
[Trader][2018-01-21 11:34:09,859][INFO] - [XETHZEUR][H_1800_3_2] PNL(Perf=0, HoldPerf=2.8094810027195929, Gain=-2.8094810027195929, Estimated=False)
[Trader][2018-01-21 11:34:09,862][INFO] - [XETHZEUR][H_1800_3_2] Pulling prices since 2018-01-21 11:14:00
[Trader][2018-01-21 11:34:09,890][INFO] - [XXRPZEUR][H_1800_3_2] PNL(Perf=0, HoldPerf=3.5191637630662016, Gain=-3.5191637630662016, Estimated=False)
[Trader][2018-01-21 11:34:09,892][INFO] - [XXRPZEUR][H_1800_3_2] Pulling prices since 2018-01-21 11:14:00
[Trader][2018-01-21 11:34:11,393][INFO] - [XXRPZEUR][H_1800_3_2] Next signal at 2018-01-21 11:44:11.392029
[Trader][2018-01-21 11:34:12,274][INFO] - [XETHZEUR][H_1800_3_2] Next signal at 2018-01-21 11:44:12.274100
[Trader][2018-01-21 11:44:05,597][INFO] - [XXBTZEUR][H_1800_3_2] PNL(Perf=0, HoldPerf=1.1997643138689134, Gain=-1.1997643138689134, Estimated=False)
[Trader][2018-01-21 11:44:05,600][INFO] - [XXBTZEUR][H_1800_3_2] Pulling prices since 2018-01-21 11:34:00
[Trader][2018-01-21 11:44:05,615][INFO] - [XLTCZEUR][H_1800_3_2] PNL(Perf=0, HoldPerf=1.0388156257775665, Gain=-1.0388156257775665, Estimated=False)
[Trader][2018-01-21 11:44:05,617][INFO] - [XLTCZEUR][H_1800_3_2] Pulling prices since 2018-01-21 11:34:00
[Trader][2018-01-21 11:44:06,090][INFO] - [XLTCZEUR][H_1800_3_2] Next signal at 2018-01-21 11:54:06.090481
[Trader][2018-01-21 11:44:07,533][INFO] - [XXBTZEUR][H_1800_3_2] Next signal at 2018-01-21 11:54:07.533228
[Trader][2018-01-21 11:44:11,414][INFO] - [XXRPZEUR][H_1800_3_2] PNL(Perf=0, HoldPerf=2.902235024640798, Gain=-2.902235024640798, Estimated=False)
[Trader][2018-01-21 11:44:11,415][INFO] - [XXRPZEUR][H_1800_3_2] Pulling prices since 2018-01-21 11:34:00
[Trader][2018-01-21 11:44:12,294][INFO] - [XETHZEUR][H_1800_3_2] PNL(Perf=0, HoldPerf=2.3728813559322033, Gain=-2.3728813559322033, Estimated=False)
[Trader][2018-01-21 11:44:12,296][INFO] - [XETHZEUR][H_1800_3_2] Pulling prices since 2018-01-21 11:34:00
[Trader][2018-01-21 11:44:13,219][INFO] - [XXRPZEUR][H_1800_3_2] Next signal at 2018-01-21 11:54:13.219661
[Trader][2018-01-21 11:44:14,364][INFO] - [XETHZEUR][H_1800_3_2] Next signal at 2018-01-21 11:54:14.364292
[Trader][2018-01-21 11:54:06,165][INFO] - [XLTCZEUR][H_1800_3_2] PNL(Perf=0, HoldPerf=2.6184538653366514, Gain=-2.6184538653366514, Estimated=False)
[Trader][2018-01-21 11:54:06,169][INFO] - [XLTCZEUR][H_1800_3_2] Pulling prices since 2018-01-21 11:44:00
[Trader][2018-01-21 11:54:07,607][INFO] - [XXBTZEUR][H_1800_3_2] PNL(Perf=0, HoldPerf=2.4884501239125782, Gain=-2.4884501239125782, Estimated=False)
[Trader][2018-01-21 11:54:07,610][INFO] - [XXBTZEUR][H_1800_3_2] Pulling prices since 2018-01-21 11:44:00
[Trader][2018-01-21 11:54:10,290][INFO] - [XXBTZEUR][H_1800_3_2] Calculating signal
[Trader][2018-01-21 11:54:10,292][INFO] - [XXBTZEUR][H_1800_3_2] Signal received : 0
[Trader][2018-01-21 11:54:10,293][INFO] - [XXBTZEUR][H_1800_3_2] Next signal at 2018-01-21 12:04:10.293203
[Trader][2018-01-21 11:54:12,513][INFO] - [XLTCZEUR][H_1800_3_2] Calculating signal
[Trader][2018-01-21 11:54:12,514][INFO] - [XLTCZEUR][H_1800_3_2] Signal received : 0
[Trader][2018-01-21 11:54:12,515][INFO] - [XLTCZEUR][H_1800_3_2] Next signal at 2018-01-21 12:04:12.514856
[Trader][2018-01-21 11:54:13,293][INFO] - [XXRPZEUR][H_1800_3_2] PNL(Perf=0, HoldPerf=4.5826839826839754, Gain=-4.5826839826839754, Estimated=False)
[Trader][2018-01-21 11:54:13,295][INFO] - [XXRPZEUR][H_1800_3_2] Pulling prices since 2018-01-21 11:44:00
[Trader][2018-01-21 11:54:14,437][INFO] - [XETHZEUR][H_1800_3_2] PNL(Perf=0, HoldPerf=2.9096045197740112, Gain=-2.9096045197740112, Estimated=False)
[Trader][2018-01-21 11:54:14,440][INFO] - [XETHZEUR][H_1800_3_2] Pulling prices since 2018-01-21 11:44:00
[Trader][2018-01-21 11:54:30,539][INFO] - [XETHZEUR][H_1800_3_2] Calculating signal
[Trader][2018-01-21 11:54:30,540][INFO] - [XETHZEUR][H_1800_3_2] Signal received : 0
[Trader][2018-01-21 11:54:30,541][INFO] - [XETHZEUR][H_1800_3_2] Next signal at 2018-01-21 12:04:30.541443
[Trader][2018-01-21 11:54:31,423][INFO] - [XXRPZEUR][H_1800_3_2] Calculating signal
[Trader][2018-01-21 11:54:31,425][INFO] - [XXRPZEUR][H_1800_3_2] Signal received : 0
[Trader][2018-01-21 11:54:31,426][INFO] - [XXRPZEUR][H_1800_3_2] Next signal at 2018-01-21 12:04:31.425789
[Trader][2018-01-21 12:04:10,316][INFO] - [XXBTZEUR][H_1800_3_2] PNL(Perf=0, HoldPerf=3.0340588988476389, Gain=-3.0340588988476389, Estimated=False)
[Trader][2018-01-21 12:04:10,320][INFO] - [XXBTZEUR][H_1800_3_2] Pulling prices since 2018-01-21 11:44:00
[Trader][2018-01-21 12:04:12,535][INFO] - [XLTCZEUR][H_1800_3_2] PNL(Perf=0, HoldPerf=3.0475951589640768, Gain=-3.0475951589640768, Estimated=False)
[Trader][2018-01-21 12:04:12,537][INFO] - [XLTCZEUR][H_1800_3_2] Pulling prices since 2018-01-21 11:44:00
[Trader][2018-01-21 12:04:13,200][INFO] - [XXBTZEUR][H_1800_3_2] Next signal at 2018-01-21 12:14:13.200778
[Trader][2018-01-21 12:04:14,174][INFO] - [XLTCZEUR][H_1800_3_2] Next signal at 2018-01-21 12:14:14.174045
[Trader][2018-01-21 12:04:30,563][INFO] - [XETHZEUR][H_1800_3_2] PNL(Perf=0, HoldPerf=4.4526120549379398, Gain=-4.4526120549379398, Estimated=False)
[Trader][2018-01-21 12:04:30,565][INFO] - [XETHZEUR][H_1800_3_2] Pulling prices since 2018-01-21 11:44:00
[Trader][2018-01-21 12:04:31,445][INFO] - [XXRPZEUR][H_1800_3_2] PNL(Perf=0, HoldPerf=6.1759581881533263, Gain=-6.1759581881533263, Estimated=False)
[Trader][2018-01-21 12:04:31,447][INFO] - [XXRPZEUR][H_1800_3_2] Pulling prices since 2018-01-21 11:44:00
[Trader][2018-01-21 12:04:33,454][INFO] - [XETHZEUR][H_1800_3_2] Next signal at 2018-01-21 12:14:33.454754
[Trader][2018-01-21 12:04:35,243][INFO] - [XXRPZEUR][H_1800_3_2] Next signal at 2018-01-21 12:14:35.243249
[Trader][2018-01-21 12:14:13,219][INFO] - [XXBTZEUR][H_1800_3_2] PNL(Perf=0, HoldPerf=3.4174489008086435, Gain=-3.4174489008086435, Estimated=False)
[Trader][2018-01-21 12:14:13,223][INFO] - [XXBTZEUR][H_1800_3_2] Pulling prices since 2018-01-21 12:04:00
[Trader][2018-01-21 12:14:14,110][INFO] - [XXBTZEUR][H_1800_3_2] Next signal at 2018-01-21 12:24:14.109956
[Trader][2018-01-21 12:14:14,193][INFO] - [XLTCZEUR][H_1800_3_2] PNL(Perf=0, HoldPerf=3.2532968400099644, Gain=-3.2532968400099644, Estimated=False)
[Trader][2018-01-21 12:14:14,195][INFO] - [XLTCZEUR][H_1800_3_2] Pulling prices since 2018-01-21 12:04:00
[Trader][2018-01-21 12:14:15,236][INFO] - [XLTCZEUR][H_1800_3_2] Next signal at 2018-01-21 12:24:15.236245
[Trader][2018-01-21 12:14:33,474][INFO] - [XETHZEUR][H_1800_3_2] PNL(Perf=0, HoldPerf=4.5073446327683602, Gain=-4.5073446327683602, Estimated=False)
[Trader][2018-01-21 12:14:33,477][INFO] - [XETHZEUR][H_1800_3_2] Pulling prices since 2018-01-21 12:04:00
[Trader][2018-01-21 12:14:35,264][INFO] - [XXRPZEUR][H_1800_3_2] PNL(Perf=0, HoldPerf=8.1930658707572714, Gain=-8.1930658707572714, Estimated=False)
[Trader][2018-01-21 12:14:35,265][INFO] - [XXRPZEUR][H_1800_3_2] Pulling prices since 2018-01-21 12:04:00
[Trader][2018-01-21 12:14:35,683][INFO] - [XETHZEUR][H_1800_3_2] Next signal at 2018-01-21 12:24:35.682928
[Trader][2018-01-21 12:14:40,976][INFO] - [XXRPZEUR][H_1800_3_2] Next signal at 2018-01-21 12:24:40.976573
[Trader][2018-01-21 12:24:14,153][INFO] - [XXBTZEUR][H_1800_3_2] PNL(Perf=0, HoldPerf=2.9749217260053311, Gain=-2.9749217260053311, Estimated=False)
[Trader][2018-01-21 12:24:14,157][INFO] - [XXBTZEUR][H_1800_3_2] Pulling prices since 2018-01-21 12:14:00
[Trader][2018-01-21 12:24:15,279][INFO] - [XLTCZEUR][H_1800_3_2] PNL(Perf=0, HoldPerf=2.6807980049875204, Gain=-2.6807980049875204, Estimated=False)
[Trader][2018-01-21 12:24:15,281][INFO] - [XLTCZEUR][H_1800_3_2] Pulling prices since 2018-01-21 12:14:00
[Trader][2018-01-21 12:24:15,365][INFO] - [XXBTZEUR][H_1800_3_2] Calculating signal
[Trader][2018-01-21 12:24:15,366][INFO] - [XXBTZEUR][H_1800_3_2] Signal received : 0
[Trader][2018-01-21 12:24:15,367][INFO] - [XXBTZEUR][H_1800_3_2] Next signal at 2018-01-21 12:34:15.367101
[Trader][2018-01-21 12:24:16,481][INFO] - [XLTCZEUR][H_1800_3_2] Calculating signal
[Trader][2018-01-21 12:24:16,482][INFO] - [XLTCZEUR][H_1800_3_2] Signal received : 0
[Trader][2018-01-21 12:24:16,483][INFO] - [XLTCZEUR][H_1800_3_2] Next signal at 2018-01-21 12:34:16.483300
[Trader][2018-01-21 12:24:35,727][INFO] - [XETHZEUR][H_1800_3_2] PNL(Perf=0, HoldPerf=3.5028248587570623, Gain=-3.5028248587570623, Estimated=False)
[Trader][2018-01-21 12:24:35,734][INFO] - [XETHZEUR][H_1800_3_2] Pulling prices since 2018-01-21 12:14:00
[Trader][2018-01-21 12:24:37,182][INFO] - [XETHZEUR][H_1800_3_2] Calculating signal
[Trader][2018-01-21 12:24:37,183][INFO] - [XETHZEUR][H_1800_3_2] Signal received : 0
[Trader][2018-01-21 12:24:37,184][INFO] - [XETHZEUR][H_1800_3_2] Next signal at 2018-01-21 12:34:37.184179
[Trader][2018-01-21 12:24:41,022][INFO] - [XXRPZEUR][H_1800_3_2] PNL(Perf=0, HoldPerf=5.9740259740259694, Gain=-5.9740259740259694, Estimated=False)
[Trader][2018-01-21 12:24:41,024][INFO] - [XXRPZEUR][H_1800_3_2] Pulling prices since 2018-01-21 12:14:00
[Trader][2018-01-21 12:24:42,188][INFO] - [XXRPZEUR][H_1800_3_2] Calculating signal
[Trader][2018-01-21 12:24:42,189][INFO] - [XXRPZEUR][H_1800_3_2] Signal received : 0
[Trader][2018-01-21 12:24:42,190][INFO] - [XXRPZEUR][H_1800_3_2] Next signal at 2018-01-21 12:34:42.190349
[Trader][2018-01-21 12:34:15,390][INFO] - [XXBTZEUR][H_1800_3_2] PNL(Perf=0, HoldPerf=4.0635083226632593, Gain=-4.0635083226632593, Estimated=False)
[Trader][2018-01-21 12:34:15,394][INFO] - [XXBTZEUR][H_1800_3_2] Pulling prices since 2018-01-21 12:14:00
[Trader][2018-01-21 12:34:16,506][INFO] - [XLTCZEUR][H_1800_3_2] PNL(Perf=0, HoldPerf=3.7436508434188243, Gain=-3.7436508434188243, Estimated=False)
[Trader][2018-01-21 12:34:16,508][INFO] - [XLTCZEUR][H_1800_3_2] Pulling prices since 2018-01-21 12:14:00
[Trader][2018-01-21 12:34:16,629][INFO] - [XXBTZEUR][H_1800_3_2] Next signal at 2018-01-21 12:44:16.629018
[Trader][2018-01-21 12:34:18,617][INFO] - [XLTCZEUR][H_1800_3_2] Next signal at 2018-01-21 12:44:18.616942
[Trader][2018-01-21 12:34:37,205][INFO] - [XETHZEUR][H_1800_3_2] PNL(Perf=0, HoldPerf=5.0283906646487928, Gain=-5.0283906646487928, Estimated=False)
[Trader][2018-01-21 12:34:37,207][INFO] - [XETHZEUR][H_1800_3_2] Pulling prices since 2018-01-21 12:14:00
[Trader][2018-01-21 12:34:37,776][INFO] - [XETHZEUR][H_1800_3_2] Next signal at 2018-01-21 12:44:37.776560
[Trader][2018-01-21 12:34:42,212][INFO] - [XXRPZEUR][H_1800_3_2] PNL(Perf=0, HoldPerf=7.7177700348432072, Gain=-7.7177700348432072, Estimated=False)
[Trader][2018-01-21 12:34:42,214][INFO] - [XXRPZEUR][H_1800_3_2] Pulling prices since 2018-01-21 12:14:00
[Trader][2018-01-21 12:34:43,212][INFO] - [XXRPZEUR][H_1800_3_2] Next signal at 2018-01-21 12:44:43.212387
[Trader][2018-01-21 12:44:16,658][INFO] - [XXBTZEUR][H_1800_3_2] PNL(Perf=0, HoldPerf=2.5031492543378402, Gain=-2.5031492543378402, Estimated=False)
[Trader][2018-01-21 12:44:16,665][INFO] - [XXBTZEUR][H_1800_3_2] Pulling prices since 2018-01-21 12:34:00
[Trader][2018-01-21 12:44:17,944][INFO] - [XXBTZEUR][H_1800_3_2] Next signal at 2018-01-21 12:54:17.944418
[Trader][2018-01-21 12:44:18,647][INFO] - [XLTCZEUR][H_1800_3_2] PNL(Perf=0, HoldPerf=2.4508584224931562, Gain=-2.4508584224931562, Estimated=False)
[Trader][2018-01-21 12:44:18,648][INFO] - [XLTCZEUR][H_1800_3_2] Pulling prices since 2018-01-21 12:34:00
[Trader][2018-01-21 12:44:20,074][INFO] - [XLTCZEUR][H_1800_3_2] Next signal at 2018-01-21 12:54:20.074508
[Trader][2018-01-21 12:44:37,806][INFO] - [XETHZEUR][H_1800_3_2] PNL(Perf=0, HoldPerf=3.4757062146892643, Gain=-3.4757062146892643, Estimated=False)
[Trader][2018-01-21 12:44:37,808][INFO] - [XETHZEUR][H_1800_3_2] Pulling prices since 2018-01-21 12:34:00
[Trader][2018-01-21 12:44:38,820][INFO] - [XETHZEUR][H_1800_3_2] Next signal at 2018-01-21 12:54:38.819930
[Trader][2018-01-21 12:44:43,242][INFO] - [XXRPZEUR][H_1800_3_2] PNL(Perf=0, HoldPerf=5.4435343930034028, Gain=-5.4435343930034028, Estimated=False)
[Trader][2018-01-21 12:44:43,244][INFO] - [XXRPZEUR][H_1800_3_2] Pulling prices since 2018-01-21 12:34:00
[Trader][2018-01-21 12:44:44,646][INFO] - [XXRPZEUR][H_1800_3_2] Next signal at 2018-01-21 12:54:44.646758
[Trader][2018-01-21 12:54:17,966][INFO] - [XXBTZEUR][H_1800_3_2] PNL(Perf=0, HoldPerf=3.082006669862225, Gain=-3.082006669862225, Estimated=False)
[Trader][2018-01-21 12:54:17,970][INFO] - [XXBTZEUR][H_1800_3_2] Pulling prices since 2018-01-21 12:44:00
[Trader][2018-01-21 12:54:19,133][INFO] - [XXBTZEUR][H_1800_3_2] Calculating signal
[Trader][2018-01-21 12:54:19,134][INFO] - [XXBTZEUR][H_1800_3_2] Signal received : 0
[Trader][2018-01-21 12:54:19,135][INFO] - [XXBTZEUR][H_1800_3_2] Next signal at 2018-01-21 13:04:19.135593
[Trader][2018-01-21 12:54:20,096][INFO] - [XLTCZEUR][H_1800_3_2] PNL(Perf=0, HoldPerf=2.5374064837905195, Gain=-2.5374064837905195, Estimated=False)
[Trader][2018-01-21 12:54:20,097][INFO] - [XLTCZEUR][H_1800_3_2] Pulling prices since 2018-01-21 12:44:00
[Trader][2018-01-21 12:54:21,194][INFO] - [XLTCZEUR][H_1800_3_2] Calculating signal
[Trader][2018-01-21 12:54:21,196][INFO] - [XLTCZEUR][H_1800_3_2] Signal received : 0
[Trader][2018-01-21 12:54:21,197][INFO] - [XLTCZEUR][H_1800_3_2] Next signal at 2018-01-21 13:04:21.197110
[Trader][2018-01-21 12:54:38,841][INFO] - [XETHZEUR][H_1800_3_2] PNL(Perf=0, HoldPerf=3.7491525423728755, Gain=-3.7491525423728755, Estimated=False)
[Trader][2018-01-21 12:54:38,842][INFO] - [XETHZEUR][H_1800_3_2] Pulling prices since 2018-01-21 12:44:00
[Trader][2018-01-21 12:54:39,253][INFO] - [XETHZEUR][H_1800_3_2] Calculating signal
[Trader][2018-01-21 12:54:39,255][INFO] - [XETHZEUR][H_1800_3_2] Signal received : 0
[Trader][2018-01-21 12:54:39,256][INFO] - [XETHZEUR][H_1800_3_2] Next signal at 2018-01-21 13:04:39.255943
[Trader][2018-01-21 12:54:44,668][INFO] - [XXRPZEUR][H_1800_3_2] PNL(Perf=0, HoldPerf=5.1982683982683868, Gain=-5.1982683982683868, Estimated=False)
[Trader][2018-01-21 12:54:44,670][INFO] - [XXRPZEUR][H_1800_3_2] Pulling prices since 2018-01-21 12:44:00
[Trader][2018-01-21 12:54:46,495][INFO] - [XXRPZEUR][H_1800_3_2] Calculating signal
[Trader][2018-01-21 12:54:46,496][INFO] - [XXRPZEUR][H_1800_3_2] Signal received : 0
[Trader][2018-01-21 12:54:46,497][INFO] - [XXRPZEUR][H_1800_3_2] Next signal at 2018-01-21 13:04:46.497152
[Trader][2018-01-21 13:04:19,173][INFO] - [XXBTZEUR][H_1800_3_2] PNL(Perf=0, HoldPerf=2.7093469910371319, Gain=-2.7093469910371319, Estimated=False)
[Trader][2018-01-21 13:04:19,177][INFO] - [XXBTZEUR][H_1800_3_2] Pulling prices since 2018-01-21 12:44:00
[Trader][2018-01-21 13:04:21,234][INFO] - [XLTCZEUR][H_1800_3_2] PNL(Perf=0, HoldPerf=2.2261240358688226, Gain=-2.2261240358688226, Estimated=False)
[Trader][2018-01-21 13:04:21,236][INFO] - [XLTCZEUR][H_1800_3_2] Pulling prices since 2018-01-21 12:44:00
[Trader][2018-01-21 13:04:21,607][INFO] - [XXBTZEUR][H_1800_3_2] Next signal at 2018-01-21 13:14:21.607384
[Trader][2018-01-21 13:04:22,460][INFO] - [XLTCZEUR][H_1800_3_2] Next signal at 2018-01-21 13:14:22.459941
[Trader][2018-01-21 13:04:39,291][INFO] - [XETHZEUR][H_1800_3_2] PNL(Perf=0, HoldPerf=3.5536691662589206, Gain=-3.5536691662589206, Estimated=False)
[Trader][2018-01-21 13:04:39,299][INFO] - [XETHZEUR][H_1800_3_2] Pulling prices since 2018-01-21 12:44:00
[Trader][2018-01-21 13:04:40,395][INFO] - [XETHZEUR][H_1800_3_2] Next signal at 2018-01-21 13:14:40.395746
[Trader][2018-01-21 13:04:46,534][INFO] - [XXRPZEUR][H_1800_3_2] PNL(Perf=0, HoldPerf=4.3554006968641161, Gain=-4.3554006968641161, Estimated=False)
[Trader][2018-01-21 13:04:46,536][INFO] - [XXRPZEUR][H_1800_3_2] Pulling prices since 2018-01-21 12:44:00
[Trader][2018-01-21 13:04:48,240][INFO] - [XXRPZEUR][H_1800_3_2] Next signal at 2018-01-21 13:14:48.239922
[Trader][2018-01-21 13:14:21,630][INFO] - [XXBTZEUR][H_1800_3_2] PNL(Perf=0, HoldPerf=1.3135438254297134, Gain=-1.3135438254297134, Estimated=False)
[Trader][2018-01-21 13:14:21,634][INFO] - [XXBTZEUR][H_1800_3_2] Pulling prices since 2018-01-21 13:04:00
[Trader][2018-01-21 13:14:22,480][INFO] - [XLTCZEUR][H_1800_3_2] PNL(Perf=0, HoldPerf=1.1507837770589842, Gain=-1.1507837770589842, Estimated=False)
[Trader][2018-01-21 13:14:22,481][INFO] - [XLTCZEUR][H_1800_3_2] Pulling prices since 2018-01-21 13:04:00
[Trader][2018-01-21 13:14:23,115][INFO] - [XXBTZEUR][H_1800_3_2] Next signal at 2018-01-21 13:24:23.114873
[Trader][2018-01-21 13:14:23,115][INFO] - [XLTCZEUR][H_1800_3_2] Next signal at 2018-01-21 13:24:23.114854
[Trader][2018-01-21 13:14:40,416][INFO] - [XETHZEUR][H_1800_3_2] PNL(Perf=0, HoldPerf=2.7118644067796609, Gain=-2.7118644067796609, Estimated=False)
[Trader][2018-01-21 13:14:40,417][INFO] - [XETHZEUR][H_1800_3_2] Pulling prices since 2018-01-21 13:04:00
[Trader][2018-01-21 13:14:40,944][INFO] - [XETHZEUR][H_1800_3_2] Next signal at 2018-01-21 13:24:40.944500
[Trader][2018-01-21 13:14:48,260][INFO] - [XXRPZEUR][H_1800_3_2] PNL(Perf=0, HoldPerf=3.1009231623516245, Gain=-3.1009231623516245, Estimated=False)
[Trader][2018-01-21 13:14:48,262][INFO] - [XXRPZEUR][H_1800_3_2] Pulling prices since 2018-01-21 13:04:00
[Trader][2018-01-21 13:14:49,696][INFO] - [XXRPZEUR][H_1800_3_2] Next signal at 2018-01-21 13:24:49.696214
[Trader][2018-01-21 13:24:23,136][INFO] - [XXBTZEUR][H_1800_3_2] PNL(Perf=0, HoldPerf=2.3405709157292485, Gain=-2.3405709157292485, Estimated=False)
[Trader][2018-01-21 13:24:23,136][INFO] - [XLTCZEUR][H_1800_3_2] PNL(Perf=0, HoldPerf=2.3129675810473866, Gain=-2.3129675810473866, Estimated=False)
[Trader][2018-01-21 13:24:23,141][INFO] - [XXBTZEUR][H_1800_3_2] Pulling prices since 2018-01-21 13:14:00
[Trader][2018-01-21 13:24:23,141][INFO] - [XLTCZEUR][H_1800_3_2] Pulling prices since 2018-01-21 13:14:00
[Trader][2018-01-21 13:24:24,450][INFO] - [XXBTZEUR][H_1800_3_2] Calculating signal
[Trader][2018-01-21 13:24:24,451][INFO] - [XXBTZEUR][H_1800_3_2] Signal received : 0
[Trader][2018-01-21 13:24:24,452][INFO] - [XXBTZEUR][H_1800_3_2] Next signal at 2018-01-21 13:34:24.452069
[Trader][2018-01-21 13:24:24,497][INFO] - [XLTCZEUR][H_1800_3_2] Calculating signal
[Trader][2018-01-21 13:24:24,498][INFO] - [XLTCZEUR][H_1800_3_2] Signal received : 0
[Trader][2018-01-21 13:24:24,499][INFO] - [XLTCZEUR][H_1800_3_2] Next signal at 2018-01-21 13:34:24.498776
[Trader][2018-01-21 13:24:40,967][INFO] - [XETHZEUR][H_1800_3_2] PNL(Perf=0, HoldPerf=3.5028248587570623, Gain=-3.5028248587570623, Estimated=False)
[Trader][2018-01-21 13:24:40,968][INFO] - [XETHZEUR][H_1800_3_2] Pulling prices since 2018-01-21 13:14:00
[Trader][2018-01-21 13:24:41,381][INFO] - [XETHZEUR][H_1800_3_2] Calculating signal
[Trader][2018-01-21 13:24:41,382][INFO] - [XETHZEUR][H_1800_3_2] Signal received : 0
[Trader][2018-01-21 13:24:41,383][INFO] - [XETHZEUR][H_1800_3_2] Next signal at 2018-01-21 13:34:41.383380
[Trader][2018-01-21 13:24:49,716][INFO] - [XXRPZEUR][H_1800_3_2] PNL(Perf=0, HoldPerf=4.735930735930733, Gain=-4.735930735930733, Estimated=False)
[Trader][2018-01-21 13:24:49,717][INFO] - [XXRPZEUR][H_1800_3_2] Pulling prices since 2018-01-21 13:14:00
[Trader][2018-01-21 13:24:50,605][INFO] - [XXRPZEUR][H_1800_3_2] Calculating signal
[Trader][2018-01-21 13:24:50,606][INFO] - [XXRPZEUR][H_1800_3_2] Signal received : 0
[Trader][2018-01-21 13:24:50,607][INFO] - [XXRPZEUR][H_1800_3_2] Next signal at 2018-01-21 13:34:50.607282
[Trader][2018-01-21 13:34:24,490][INFO] - [XXBTZEUR][H_1800_3_2] PNL(Perf=0, HoldPerf=3.618950064020479, Gain=-3.618950064020479, Estimated=False)
[Trader][2018-01-21 13:34:24,494][INFO] - [XXBTZEUR][H_1800_3_2] Pulling prices since 2018-01-21 13:14:00
[Trader][2018-01-21 13:34:24,536][INFO] - [XLTCZEUR][H_1800_3_2] PNL(Perf=0, HoldPerf=3.6934846679626356, Gain=-3.6934846679626356, Estimated=False)
[Trader][2018-01-21 13:34:24,537][INFO] - [XLTCZEUR][H_1800_3_2] Pulling prices since 2018-01-21 13:14:00
[Trader][2018-01-21 13:34:25,190][INFO] - [XXBTZEUR][H_1800_3_2] Next signal at 2018-01-21 13:44:25.190596
[Trader][2018-01-21 13:34:25,190][INFO] - [XLTCZEUR][H_1800_3_2] Next signal at 2018-01-21 13:44:25.190596
[Trader][2018-01-21 13:34:41,423][INFO] - [XETHZEUR][H_1800_3_2] PNL(Perf=0, HoldPerf=4.9339447662179561, Gain=-4.9339447662179561, Estimated=False)
[Trader][2018-01-21 13:34:41,425][INFO] - [XETHZEUR][H_1800_3_2] Pulling prices since 2018-01-21 13:14:00
[Trader][2018-01-21 13:34:42,952][INFO] - [XETHZEUR][H_1800_3_2] Next signal at 2018-01-21 13:44:42.952358
[Trader][2018-01-21 13:34:50,646][INFO] - [XXRPZEUR][H_1800_3_2] PNL(Perf=0, HoldPerf=6.389372822299654, Gain=-6.389372822299654, Estimated=False)
[Trader][2018-01-21 13:34:50,648][INFO] - [XXRPZEUR][H_1800_3_2] Pulling prices since 2018-01-21 13:14:00
[Trader][2018-01-21 13:34:52,686][INFO] - [XXRPZEUR][H_1800_3_2] Next signal at 2018-01-21 13:44:52.686064
[Trader][2018-01-21 13:44:25,212][INFO] - [XXBTZEUR][H_1800_3_2] PNL(Perf=0, HoldPerf=3.1289365679223047, Gain=-3.1289365679223047, Estimated=False)
[Trader][2018-01-21 13:44:25,212][INFO] - [XLTCZEUR][H_1800_3_2] PNL(Perf=0, HoldPerf=3.0666832545409348, Gain=-3.0666832545409348, Estimated=False)
[Trader][2018-01-21 13:44:25,215][INFO] - [XXBTZEUR][H_1800_3_2] Pulling prices since 2018-01-21 13:34:00
[Trader][2018-01-21 13:44:25,215][INFO] - [XLTCZEUR][H_1800_3_2] Pulling prices since 2018-01-21 13:34:00
[Trader][2018-01-21 13:44:26,252][INFO] - [XLTCZEUR][H_1800_3_2] Next signal at 2018-01-21 13:54:26.252097
[Trader][2018-01-21 13:44:26,258][INFO] - [XXBTZEUR][H_1800_3_2] Next signal at 2018-01-21 13:54:26.258740
[Trader][2018-01-21 13:44:42,974][INFO] - [XETHZEUR][H_1800_3_2] PNL(Perf=0, HoldPerf=4.5141242937853159, Gain=-4.5141242937853159, Estimated=False)
[Trader][2018-01-21 13:44:42,976][INFO] - [XETHZEUR][H_1800_3_2] Pulling prices since 2018-01-21 13:34:00
[Trader][2018-01-21 13:44:43,847][INFO] - [XETHZEUR][H_1800_3_2] Next signal at 2018-01-21 13:54:43.847365
[Trader][2018-01-21 13:44:52,708][INFO] - [XXRPZEUR][H_1800_3_2] PNL(Perf=0, HoldPerf=6.5888109946553666, Gain=-6.5888109946553666, Estimated=False)
[Trader][2018-01-21 13:44:52,709][INFO] - [XXRPZEUR][H_1800_3_2] Pulling prices since 2018-01-21 13:34:00
[Trader][2018-01-21 13:44:53,079][INFO] - [XXRPZEUR][H_1800_3_2] Next signal at 2018-01-21 13:54:53.079177
[Trader][2018-01-21 13:54:26,273][INFO] - [XLTCZEUR][H_1800_3_2] PNL(Perf=0, HoldPerf=2.8678304239401462, Gain=-2.8678304239401462, Estimated=False)
[Trader][2018-01-21 13:54:26,277][INFO] - [XLTCZEUR][H_1800_3_2] Pulling prices since 2018-01-21 13:44:00
[Trader][2018-01-21 13:54:26,279][INFO] - [XXBTZEUR][H_1800_3_2] PNL(Perf=0, HoldPerf=3.0646691075234824, Gain=-3.0646691075234824, Estimated=False)
[Trader][2018-01-21 13:54:26,281][INFO] - [XXBTZEUR][H_1800_3_2] Pulling prices since 2018-01-21 13:44:00
[Trader][2018-01-21 13:54:27,246][INFO] - [XXBTZEUR][H_1800_3_2] Calculating signal
[Trader][2018-01-21 13:54:27,247][INFO] - [XXBTZEUR][H_1800_3_2] Signal received : 0
[Trader][2018-01-21 13:54:27,247][INFO] - [XXBTZEUR][H_1800_3_2] Next signal at 2018-01-21 14:04:27.247814
[Trader][2018-01-21 13:54:27,255][INFO] - [XLTCZEUR][H_1800_3_2] Calculating signal
[Trader][2018-01-21 13:54:27,257][INFO] - [XLTCZEUR][H_1800_3_2] Signal received : 0
[Trader][2018-01-21 13:54:27,258][INFO] - [XLTCZEUR][H_1800_3_2] Next signal at 2018-01-21 14:04:27.257879
[Trader][2018-01-21 13:54:43,868][INFO] - [XETHZEUR][H_1800_3_2] PNL(Perf=0, HoldPerf=4.406779661016949, Gain=-4.406779661016949, Estimated=False)
[Trader][2018-01-21 13:54:43,871][INFO] - [XETHZEUR][H_1800_3_2] Pulling prices since 2018-01-21 13:44:00
[Trader][2018-01-21 13:54:46,525][INFO] - [XETHZEUR][H_1800_3_2] Calculating signal
[Trader][2018-01-21 13:54:46,526][INFO] - [XETHZEUR][H_1800_3_2] Signal received : 0
[Trader][2018-01-21 13:54:46,527][INFO] - [XETHZEUR][H_1800_3_2] Next signal at 2018-01-21 14:04:46.527115
[Trader][2018-01-21 13:54:53,100][INFO] - [XXRPZEUR][H_1800_3_2] PNL(Perf=0, HoldPerf=5.7835497835497804, Gain=-5.7835497835497804, Estimated=False)
[Trader][2018-01-21 13:54:53,102][INFO] - [XXRPZEUR][H_1800_3_2] Pulling prices since 2018-01-21 13:44:00
[Trader][2018-01-21 13:54:54,229][INFO] - [XXRPZEUR][H_1800_3_2] Calculating signal
[Trader][2018-01-21 13:54:54,230][INFO] - [XXRPZEUR][H_1800_3_2] Signal received : 0
[Trader][2018-01-21 13:54:54,230][INFO] - [XXRPZEUR][H_1800_3_2] Next signal at 2018-01-21 14:04:54.230503
[Trader][2018-01-21 14:04:27,268][INFO] - [XXBTZEUR][H_1800_3_2] PNL(Perf=0, HoldPerf=3.4519846350832268, Gain=-3.4519846350832268, Estimated=False)
[Trader][2018-01-21 14:04:27,272][INFO] - [XXBTZEUR][H_1800_3_2] Pulling prices since 2018-01-21 13:44:00
[Trader][2018-01-21 14:04:27,280][INFO] - [XLTCZEUR][H_1800_3_2] PNL(Perf=0, HoldPerf=3.5304445977299777, Gain=-3.5304445977299777, Estimated=False)
[Trader][2018-01-21 14:04:27,283][INFO] - [XLTCZEUR][H_1800_3_2] Pulling prices since 2018-01-21 13:44:00
[Trader][2018-01-21 14:04:28,363][INFO] - [XXBTZEUR][H_1800_3_2] Next signal at 2018-01-21 14:14:28.362889
[Trader][2018-01-21 14:04:28,415][INFO] - [XLTCZEUR][H_1800_3_2] Next signal at 2018-01-21 14:14:28.415725
[Trader][2018-01-21 14:04:46,547][INFO] - [XETHZEUR][H_1800_3_2] PNL(Perf=0, HoldPerf=5.0511487124634566, Gain=-5.0511487124634566, Estimated=False)
[Trader][2018-01-21 14:04:46,550][INFO] - [XETHZEUR][H_1800_3_2] Pulling prices since 2018-01-21 13:44:00
[Trader][2018-01-21 14:04:47,915][INFO] - [XETHZEUR][H_1800_3_2] Next signal at 2018-01-21 14:14:47.914995
[Trader][2018-01-21 14:04:54,252][INFO] - [XXRPZEUR][H_1800_3_2] PNL(Perf=0, HoldPerf=5.609756097560977, Gain=-5.609756097560977, Estimated=False)
[Trader][2018-01-21 14:04:54,254][INFO] - [XXRPZEUR][H_1800_3_2] Pulling prices since 2018-01-21 13:44:00
[Trader][2018-01-21 14:04:54,724][INFO] - [XXRPZEUR][H_1800_3_2] Next signal at 2018-01-21 14:14:54.723923
[Trader][2018-01-21 14:14:28,413][INFO] - [XXBTZEUR][H_1800_3_2] PNL(Perf=0, HoldPerf=1.6284692592141012, Gain=-1.6284692592141012, Estimated=False)
[Trader][2018-01-21 14:14:28,417][INFO] - [XXBTZEUR][H_1800_3_2] Pulling prices since 2018-01-21 14:04:00
[Trader][2018-01-21 14:14:28,465][INFO] - [XLTCZEUR][H_1800_3_2] PNL(Perf=0, HoldPerf=1.4120427967156073, Gain=-1.4120427967156073, Estimated=False)
[Trader][2018-01-21 14:14:28,466][INFO] - [XLTCZEUR][H_1800_3_2] Pulling prices since 2018-01-21 14:04:00
[Trader][2018-01-21 14:14:29,608][INFO] - [XLTCZEUR][H_1800_3_2] Next signal at 2018-01-21 14:24:29.608406
[Trader][2018-01-21 14:14:29,785][INFO] - [XXBTZEUR][H_1800_3_2] Next signal at 2018-01-21 14:24:29.784873
[Trader][2018-01-21 14:14:47,968][INFO] - [XETHZEUR][H_1800_3_2] PNL(Perf=0, HoldPerf=3.6372881355932267, Gain=-3.6372881355932267, Estimated=False)
[Trader][2018-01-21 14:14:47,974][INFO] - [XETHZEUR][H_1800_3_2] Pulling prices since 2018-01-21 14:04:00
[Trader][2018-01-21 14:14:49,297][INFO] - [XETHZEUR][H_1800_3_2] Next signal at 2018-01-21 14:24:49.296802
[Trader][2018-01-21 14:14:54,773][INFO] - [XXRPZEUR][H_1800_3_2] PNL(Perf=0, HoldPerf=4.3711390296383588, Gain=-4.3711390296383588, Estimated=False)
[Trader][2018-01-21 14:14:54,774][INFO] - [XXRPZEUR][H_1800_3_2] Pulling prices since 2018-01-21 14:04:00
[Trader][2018-01-21 14:14:55,802][INFO] - [XXRPZEUR][H_1800_3_2] Next signal at 2018-01-21 14:24:55.801962
[Trader][2018-01-21 14:24:29,640][INFO] - [XLTCZEUR][H_1800_3_2] PNL(Perf=0, HoldPerf=1.3341645885286697, Gain=-1.3341645885286697, Estimated=False)
[Trader][2018-01-21 14:24:29,644][INFO] - [XLTCZEUR][H_1800_3_2] Pulling prices since 2018-01-21 14:14:00
[Trader][2018-01-21 14:24:29,817][INFO] - [XXBTZEUR][H_1800_3_2] PNL(Perf=0, HoldPerf=1.652167705220646, Gain=-1.652167705220646, Estimated=False)
[Trader][2018-01-21 14:24:29,819][INFO] - [XXBTZEUR][H_1800_3_2] Pulling prices since 2018-01-21 14:14:00
[Trader][2018-01-21 14:24:30,254][INFO] - [XXBTZEUR][H_1800_3_2] Calculating signal
[Trader][2018-01-21 14:24:30,255][INFO] - [XXBTZEUR][H_1800_3_2] Signal received : 0
[Trader][2018-01-21 14:24:30,256][INFO] - [XXBTZEUR][H_1800_3_2] Next signal at 2018-01-21 14:34:30.256512
[Trader][2018-01-21 14:24:30,814][INFO] - [XLTCZEUR][H_1800_3_2] Calculating signal
[Trader][2018-01-21 14:24:30,815][INFO] - [XLTCZEUR][H_1800_3_2] Signal received : 0
[Trader][2018-01-21 14:24:30,816][INFO] - [XLTCZEUR][H_1800_3_2] Next signal at 2018-01-21 14:34:30.815868
[Trader][2018-01-21 14:24:49,327][INFO] - [XETHZEUR][H_1800_3_2] PNL(Perf=0, HoldPerf=3.1197740112994365, Gain=-3.1197740112994365, Estimated=False)
[Trader][2018-01-21 14:24:49,328][INFO] - [XETHZEUR][H_1800_3_2] Pulling prices since 2018-01-21 14:14:00
[Trader][2018-01-21 14:24:50,823][INFO] - [XETHZEUR][H_1800_3_2] Calculating signal
[Trader][2018-01-21 14:24:50,825][INFO] - [XETHZEUR][H_1800_3_2] Signal received : 0
[Trader][2018-01-21 14:24:50,825][INFO] - [XETHZEUR][H_1800_3_2] Next signal at 2018-01-21 14:34:50.825675
[Trader][2018-01-21 14:24:55,832][INFO] - [XXRPZEUR][H_1800_3_2] PNL(Perf=0, HoldPerf=3.5510649728774211, Gain=-3.5510649728774211, Estimated=False)
[Trader][2018-01-21 14:24:55,834][INFO] - [XXRPZEUR][H_1800_3_2] Pulling prices since 2018-01-21 14:15:00
[Trader][2018-01-21 14:24:57,040][INFO] - [XXRPZEUR][H_1800_3_2] Calculating signal
[Trader][2018-01-21 14:24:57,041][INFO] - [XXRPZEUR][H_1800_3_2] Signal received : 0
[Trader][2018-01-21 14:24:57,042][INFO] - [XXRPZEUR][H_1800_3_2] Next signal at 2018-01-21 14:34:57.042316
[Trader][2018-01-21 14:34:30,277][INFO] - [XXBTZEUR][H_1800_3_2] PNL(Perf=0, HoldPerf=0.99871959026888601, Gain=-0.99871959026888601, Estimated=False)
[Trader][2018-01-21 14:34:30,280][INFO] - [XXBTZEUR][H_1800_3_2] Pulling prices since 2018-01-21 14:14:00
[Trader][2018-01-21 14:34:30,836][INFO] - [XLTCZEUR][H_1800_3_2] PNL(Perf=0, HoldPerf=1.3356744215212863, Gain=-1.3356744215212863, Estimated=False)
[Trader][2018-01-21 14:34:30,837][INFO] - [XLTCZEUR][H_1800_3_2] Pulling prices since 2018-01-21 14:14:00
[Trader][2018-01-21 14:34:31,691][INFO] - [XXBTZEUR][H_1800_3_2] Next signal at 2018-01-21 14:44:31.690978
[Trader][2018-01-21 14:34:31,889][INFO] - [XLTCZEUR][H_1800_3_2] Next signal at 2018-01-21 14:44:31.889058
[Trader][2018-01-21 14:34:50,847][INFO] - [XETHZEUR][H_1800_3_2] PNL(Perf=0, HoldPerf=3.2043331323039204, Gain=-3.2043331323039204, Estimated=False)
[Trader][2018-01-21 14:34:50,851][INFO] - [XETHZEUR][H_1800_3_2] Pulling prices since 2018-01-21 14:14:00
[Trader][2018-01-21 14:34:52,044][INFO] - [XETHZEUR][H_1800_3_2] Next signal at 2018-01-21 14:44:52.043972
[Trader][2018-01-21 14:34:57,064][INFO] - [XXRPZEUR][H_1800_3_2] PNL(Perf=0, HoldPerf=2.9065502183406093, Gain=-2.9065502183406093, Estimated=False)
[Trader][2018-01-21 14:34:57,066][INFO] - [XXRPZEUR][H_1800_3_2] Pulling prices since 2018-01-21 14:15:00
[Trader][2018-01-21 14:34:58,119][INFO] - [XXRPZEUR][H_1800_3_2] Next signal at 2018-01-21 14:44:58.119302
[Trader][2018-01-21 14:44:31,713][INFO] - [XXBTZEUR][H_1800_3_2] PNL(Perf=0, HoldPerf=-0.44292738429030398, Gain=0.44292738429030398, Estimated=False)
[Trader][2018-01-21 14:44:31,716][INFO] - [XXBTZEUR][H_1800_3_2] Pulling prices since 2018-01-21 14:34:00
[Trader][2018-01-21 14:44:31,909][INFO] - [XLTCZEUR][H_1800_3_2] PNL(Perf=0, HoldPerf=-0.19283403831799098, Gain=0.19283403831799098, Estimated=False)
[Trader][2018-01-21 14:44:31,910][INFO] - [XLTCZEUR][H_1800_3_2] Pulling prices since 2018-01-21 14:34:00
[Trader][2018-01-21 14:44:32,904][INFO] - [XLTCZEUR][H_1800_3_2] Next signal at 2018-01-21 14:54:32.903855
[Trader][2018-01-21 14:44:32,965][INFO] - [XXBTZEUR][H_1800_3_2] Next signal at 2018-01-21 14:54:32.964840
[Trader][2018-01-21 14:44:52,065][INFO] - [XETHZEUR][H_1800_3_2] PNL(Perf=0, HoldPerf=2.1096045197740065, Gain=-2.1096045197740065, Estimated=False)
[Trader][2018-01-21 14:44:52,067][INFO] - [XETHZEUR][H_1800_3_2] Pulling prices since 2018-01-21 14:34:00
[Trader][2018-01-21 14:44:52,462][INFO] - [XETHZEUR][H_1800_3_2] Next signal at 2018-01-21 14:54:52.462388
[Trader][2018-01-21 14:44:58,141][INFO] - [XXRPZEUR][H_1800_3_2] PNL(Perf=0, HoldPerf=0.64377310034878121, Gain=-0.64377310034878121, Estimated=False)
[Trader][2018-01-21 14:44:58,143][INFO] - [XXRPZEUR][H_1800_3_2] Pulling prices since 2018-01-21 14:35:00
[Trader][2018-01-21 14:44:59,633][INFO] - [XXRPZEUR][H_1800_3_2] Next signal at 2018-01-21 14:54:59.633047
[Trader][2018-01-21 14:54:32,925][INFO] - [XLTCZEUR][H_1800_3_2] PNL(Perf=0, HoldPerf=-0.60473815461346558, Gain=0.60473815461346558, Estimated=False)
[Trader][2018-01-21 14:54:32,930][INFO] - [XLTCZEUR][H_1800_3_2] Pulling prices since 2018-01-21 14:44:00
[Trader][2018-01-21 14:54:32,987][INFO] - [XXBTZEUR][H_1800_3_2] PNL(Perf=0, HoldPerf=-0.2315074500525115, Gain=0.2315074500525115, Estimated=False)
[Trader][2018-01-21 14:54:32,988][INFO] - [XXBTZEUR][H_1800_3_2] Pulling prices since 2018-01-21 14:44:00
[Trader][2018-01-21 14:54:34,070][INFO] - [XXBTZEUR][H_1800_3_2] Calculating signal
[Trader][2018-01-21 14:54:34,072][INFO] - [XXBTZEUR][H_1800_3_2] Signal received : 0
[Trader][2018-01-21 14:54:34,073][INFO] - [XXBTZEUR][H_1800_3_2] Next signal at 2018-01-21 15:04:34.072966
[Trader][2018-01-21 14:54:34,111][INFO] - [XLTCZEUR][H_1800_3_2] Calculating signal
[Trader][2018-01-21 14:54:34,112][INFO] - [XLTCZEUR][H_1800_3_2] Signal received : 0
[Trader][2018-01-21 14:54:34,113][INFO] - [XLTCZEUR][H_1800_3_2] Next signal at 2018-01-21 15:04:34.113278
[Trader][2018-01-21 14:54:52,485][INFO] - [XETHZEUR][H_1800_3_2] PNL(Perf=0, HoldPerf=1.1932203389830447, Gain=-1.1932203389830447, Estimated=False)
[Trader][2018-01-21 14:54:52,489][INFO] - [XETHZEUR][H_1800_3_2] Pulling prices since 2018-01-21 14:44:00
[Trader][2018-01-21 14:54:53,698][INFO] - [XETHZEUR][H_1800_3_2] Calculating signal
[Trader][2018-01-21 14:54:53,699][INFO] - [XETHZEUR][H_1800_3_2] Signal received : 0
[Trader][2018-01-21 14:54:53,700][INFO] - [XETHZEUR][H_1800_3_2] Next signal at 2018-01-21 15:04:53.699845
[Trader][2018-01-21 14:54:59,655][INFO] - [XXRPZEUR][H_1800_3_2] PNL(Perf=0, HoldPerf=0.10485086913571111, Gain=-0.10485086913571111, Estimated=False)
[Trader][2018-01-21 14:54:59,656][INFO] - [XXRPZEUR][H_1800_3_2] Pulling prices since 2018-01-21 14:45:00
[Trader][2018-01-21 14:55:00,940][INFO] - [XXRPZEUR][H_1800_3_2] Calculating signal
[Trader][2018-01-21 14:55:00,942][INFO] - [XXRPZEUR][H_1800_3_2] Signal received : 0
[Trader][2018-01-21 14:55:00,943][INFO] - [XXRPZEUR][H_1800_3_2] Next signal at 2018-01-21 15:05:00.942889
[Trader][2018-01-21 15:04:34,119][INFO] - [XXBTZEUR][H_1800_3_2] PNL(Perf=0, HoldPerf=0.23047375160051217, Gain=-0.23047375160051217, Estimated=False)
[Trader][2018-01-21 15:04:34,123][INFO] - [XXBTZEUR][H_1800_3_2] Pulling prices since 2018-01-21 14:44:00
[Trader][2018-01-21 15:04:34,160][INFO] - [XLTCZEUR][H_1800_3_2] PNL(Perf=0, HoldPerf=0.7399510879789345, Gain=-0.7399510879789345, Estimated=False)
[Trader][2018-01-21 15:04:34,161][INFO] - [XLTCZEUR][H_1800_3_2] Pulling prices since 2018-01-21 14:44:00
[Trader][2018-01-21 15:04:34,605][INFO] - [XXBTZEUR][H_1800_3_2] Next signal at 2018-01-21 15:14:34.604908
[Trader][2018-01-21 15:04:35,664][INFO] - [XLTCZEUR][H_1800_3_2] Next signal at 2018-01-21 15:14:35.664402
[Trader][2018-01-21 15:04:53,745][INFO] - [XETHZEUR][H_1800_3_2] PNL(Perf=0, HoldPerf=2.4055256540094105, Gain=-2.4055256540094105, Estimated=False)
[Trader][2018-01-21 15:04:53,747][INFO] - [XETHZEUR][H_1800_3_2] Pulling prices since 2018-01-21 14:44:00
[Trader][2018-01-21 15:04:55,368][INFO] - [XETHZEUR][H_1800_3_2] Next signal at 2018-01-21 15:14:55.367966
[Trader][2018-01-21 15:05:00,988][INFO] - [XXRPZEUR][H_1800_3_2] PNL(Perf=0, HoldPerf=2.296943231441047, Gain=-2.296943231441047, Estimated=False)
[Trader][2018-01-21 15:05:00,989][INFO] - [XXRPZEUR][H_1800_3_2] Pulling prices since 2018-01-21 14:45:00
[Trader][2018-01-21 15:05:01,473][INFO] - [XXRPZEUR][H_1800_3_2] Next signal at 2018-01-21 15:15:01.472808
[Trader][2018-01-21 15:14:34,631][INFO] - [XXBTZEUR][H_1800_3_2] PNL(Perf=0, HoldPerf=-0.44394327278638634, Gain=0.44394327278638634, Estimated=False)
[Trader][2018-01-21 15:14:34,637][INFO] - [XXBTZEUR][H_1800_3_2] Pulling prices since 2018-01-21 15:04:00
[Trader][2018-01-21 15:14:35,691][INFO] - [XLTCZEUR][H_1800_3_2] PNL(Perf=0, HoldPerf=-0.4789748693704789, Gain=0.4789748693704789, Estimated=False)
[Trader][2018-01-21 15:14:35,693][INFO] - [XLTCZEUR][H_1800_3_2] Pulling prices since 2018-01-21 15:04:00
[Trader][2018-01-21 15:14:36,131][INFO] - [XXBTZEUR][H_1800_3_2] Next signal at 2018-01-21 15:24:36.130591
[Trader][2018-01-21 15:14:36,856][INFO] - [XLTCZEUR][H_1800_3_2] Next signal at 2018-01-21 15:24:36.856494
[Trader][2018-01-21 15:14:55,396][INFO] - [XETHZEUR][H_1800_3_2] PNL(Perf=0, HoldPerf=1.4079096045197781, Gain=-1.4079096045197781, Estimated=False)
[Trader][2018-01-21 15:14:55,398][INFO] - [XETHZEUR][H_1800_3_2] Pulling prices since 2018-01-21 15:04:00
[Trader][2018-01-21 15:14:56,402][INFO] - [XETHZEUR][H_1800_3_2] Next signal at 2018-01-21 15:24:56.402629
[Trader][2018-01-21 15:15:01,501][INFO] - [XXRPZEUR][H_1800_3_2] PNL(Perf=0, HoldPerf=2.1187249475090759, Gain=-2.1187249475090759, Estimated=False)
[Trader][2018-01-21 15:15:01,503][INFO] - [XXRPZEUR][H_1800_3_2] Pulling prices since 2018-01-21 15:05:00
[Trader][2018-01-21 15:15:03,957][INFO] - [XXRPZEUR][H_1800_3_2] Next signal at 2018-01-21 15:25:03.957436
[Trader][2018-01-21 15:24:36,153][INFO] - [XXBTZEUR][H_1800_3_2] PNL(Perf=0, HoldPerf=0.27230171437896578, Gain=-0.27230171437896578, Estimated=False)
[Trader][2018-01-21 15:24:36,156][INFO] - [XXBTZEUR][H_1800_3_2] Pulling prices since 2018-01-21 15:14:00
[Trader][2018-01-21 15:24:36,876][INFO] - [XLTCZEUR][H_1800_3_2] PNL(Perf=0, HoldPerf=0.57980049875312145, Gain=-0.57980049875312145, Estimated=False)
[Trader][2018-01-21 15:24:36,878][INFO] - [XLTCZEUR][H_1800_3_2] Pulling prices since 2018-01-21 15:14:00
[Trader][2018-01-21 15:24:49,527][INFO] - [XLTCZEUR][H_1800_3_2] Calculating signal
[Trader][2018-01-21 15:24:49,531][INFO] - [XLTCZEUR][H_1800_3_2] Signal received : 0
[Trader][2018-01-21 15:24:49,530][INFO] - [XXBTZEUR][H_1800_3_2] Calculating signal
[Trader][2018-01-21 15:24:49,532][INFO] - [XLTCZEUR][H_1800_3_2] Next signal at 2018-01-21 15:34:49.531734
[Trader][2018-01-21 15:24:49,533][INFO] - [XXBTZEUR][H_1800_3_2] Signal received : 0
[Trader][2018-01-21 15:24:49,534][INFO] - [XXBTZEUR][H_1800_3_2] Next signal at 2018-01-21 15:34:49.533893
[Trader][2018-01-21 15:24:56,424][INFO] - [XETHZEUR][H_1800_3_2] PNL(Perf=0, HoldPerf=1.6677966101694905, Gain=-1.6677966101694905, Estimated=False)
[Trader][2018-01-21 15:24:56,426][INFO] - [XETHZEUR][H_1800_3_2] Pulling prices since 2018-01-21 15:15:00
[Trader][2018-01-21 15:25:03,977][INFO] - [XXRPZEUR][H_1800_3_2] PNL(Perf=0, HoldPerf=2.3465797819795142, Gain=-2.3465797819795142, Estimated=False)
[Trader][2018-01-21 15:25:03,978][INFO] - [XXRPZEUR][H_1800_3_2] Pulling prices since 2018-01-21 15:15:00
[Trader][2018-01-21 15:25:15,267][INFO] - [XXRPZEUR][H_1800_3_2] Calculating signal
[Trader][2018-01-21 15:25:15,271][INFO] - [XXRPZEUR][H_1800_3_2] Signal received : 0
[Trader][2018-01-21 15:25:15,272][INFO] - [XXRPZEUR][H_1800_3_2] Next signal at 2018-01-21 15:35:15.271818
[Trader][2018-01-21 15:25:26,369][INFO] - [XETHZEUR][H_1800_3_2] Calculating signal
[Trader][2018-01-21 15:25:26,370][INFO] - [XETHZEUR][H_1800_3_2] Signal received : 0
[Trader][2018-01-21 15:25:26,371][INFO] - [XETHZEUR][H_1800_3_2] Next signal at 2018-01-21 15:35:26.371557
[Trader][2018-01-21 15:34:49,547][INFO] - [XLTCZEUR][H_1800_3_2] PNL(Perf=0, HoldPerf=0.65216028093057754, Gain=-0.65216028093057754, Estimated=False)
[Trader][2018-01-21 15:34:49,547][INFO] - [XXBTZEUR][H_1800_3_2] PNL(Perf=0, HoldPerf=0.7631241997439181, Gain=-0.7631241997439181, Estimated=False)
[Trader][2018-01-21 15:34:49,553][INFO] - [XLTCZEUR][H_1800_3_2] Pulling prices since 2018-01-21 15:14:00
[Trader][2018-01-21 15:34:49,553][INFO] - [XXBTZEUR][H_1800_3_2] Pulling prices since 2018-01-21 15:14:00
[Trader][2018-01-21 15:34:54,889][INFO] - [XLTCZEUR][H_1800_3_2] Next signal at 2018-01-21 15:44:54.889590
[Trader][2018-01-21 15:34:55,794][INFO] - [XXBTZEUR][H_1800_3_2] Next signal at 2018-01-21 15:44:55.794685
[Trader][2018-01-21 15:35:15,286][INFO] - [XXRPZEUR][H_1800_3_2] PNL(Perf=0, HoldPerf=3.0305676855895154, Gain=-3.0305676855895154, Estimated=False)
[Trader][2018-01-21 15:35:15,289][INFO] - [XXRPZEUR][H_1800_3_2] Pulling prices since 2018-01-21 15:15:00
[Trader][2018-01-21 15:35:17,968][INFO] - [XXRPZEUR][H_1800_3_2] Next signal at 2018-01-21 15:45:17.968041
[Trader][2018-01-21 15:35:26,385][INFO] - [XETHZEUR][H_1800_3_2] PNL(Perf=0, HoldPerf=2.4146288731352659, Gain=-2.4146288731352659, Estimated=False)
[Trader][2018-01-21 15:35:26,386][INFO] - [XETHZEUR][H_1800_3_2] Pulling prices since 2018-01-21 15:15:00
[Trader][2018-01-21 15:35:29,693][INFO] - [XETHZEUR][H_1800_3_2] Next signal at 2018-01-21 15:45:29.693201
[Trader][2018-01-21 15:44:54,909][INFO] - [XLTCZEUR][H_1800_3_2] PNL(Perf=0, HoldPerf=-1.0947997014182576, Gain=1.0947997014182576, Estimated=False)
[Trader][2018-01-21 15:44:54,913][INFO] - [XLTCZEUR][H_1800_3_2] Pulling prices since 2018-01-21 15:34:00
[Trader][2018-01-21 15:44:55,813][INFO] - [XXBTZEUR][H_1800_3_2] PNL(Perf=0, HoldPerf=-1.5494128860856973, Gain=1.5494128860856973, Estimated=False)
[Trader][2018-01-21 15:44:55,814][INFO] - [XXBTZEUR][H_1800_3_2] Pulling prices since 2018-01-21 15:35:00
[Trader][2018-01-21 15:44:56,220][INFO] - [XLTCZEUR][H_1800_3_2] Next signal at 2018-01-21 15:54:56.220292
[Trader][2018-01-21 15:44:57,874][INFO] - [XXBTZEUR][H_1800_3_2] Next signal at 2018-01-21 15:54:57.874133
[Trader][2018-01-21 15:45:17,986][INFO] - [XXRPZEUR][H_1800_3_2] PNL(Perf=0, HoldPerf=0.34791511218310828, Gain=-0.34791511218310828, Estimated=False)
[Trader][2018-01-21 15:45:17,988][INFO] - [XXRPZEUR][H_1800_3_2] Pulling prices since 2018-01-21 15:35:00
[Trader][2018-01-21 15:45:20,908][INFO] - [XXRPZEUR][H_1800_3_2] Next signal at 2018-01-21 15:55:20.908385
[Trader][2018-01-21 15:45:29,712][INFO] - [XETHZEUR][H_1800_3_2] PNL(Perf=0, HoldPerf=0.43477278886981918, Gain=-0.43477278886981918, Estimated=False)
[Trader][2018-01-21 15:45:29,714][INFO] - [XETHZEUR][H_1800_3_2] Pulling prices since 2018-01-21 15:35:00
[Trader][2018-01-21 15:45:33,810][INFO] - [XETHZEUR][H_1800_3_2] Next signal at 2018-01-21 15:55:33.809849
[Trader][2018-01-21 15:54:56,238][INFO] - [XLTCZEUR][H_1800_3_2] PNL(Perf=0, HoldPerf=-1.5960099750623455, Gain=1.5960099750623455, Estimated=False)
[Trader][2018-01-21 15:54:56,242][INFO] - [XLTCZEUR][H_1800_3_2] Pulling prices since 2018-01-21 15:44:00
[Trader][2018-01-21 15:54:57,530][INFO] - [XLTCZEUR][H_1800_3_2] Calculating signal
[Trader][2018-01-21 15:54:57,531][INFO] - [XLTCZEUR][H_1800_3_2] Signal received : 0
[Trader][2018-01-21 15:54:57,532][INFO] - [XLTCZEUR][H_1800_3_2] Next signal at 2018-01-21 16:04:57.532477
[Trader][2018-01-21 15:54:57,894][INFO] - [XXBTZEUR][H_1800_3_2] PNL(Perf=0, HoldPerf=-1.5438703760317947, Gain=1.5438703760317947, Estimated=False)
[Trader][2018-01-21 15:54:57,895][INFO] - [XXBTZEUR][H_1800_3_2] Pulling prices since 2018-01-21 15:45:00
[Trader][2018-01-21 15:54:59,053][INFO] - [XXBTZEUR][H_1800_3_2] Calculating signal
[Trader][2018-01-21 15:54:59,054][INFO] - [XXBTZEUR][H_1800_3_2] Signal received : 0
[Trader][2018-01-21 15:54:59,055][INFO] - [XXBTZEUR][H_1800_3_2] Next signal at 2018-01-21 16:04:59.054763
[Trader][2018-01-21 15:55:20,928][INFO] - [XXRPZEUR][H_1800_3_2] PNL(Perf=0, HoldPerf=-0.094452435833004222, Gain=0.094452435833004222, Estimated=False)
[Trader][2018-01-21 15:55:20,929][INFO] - [XXRPZEUR][H_1800_3_2] Pulling prices since 2018-01-21 15:45:00
[Trader][2018-01-21 15:55:22,537][INFO] - [XXRPZEUR][H_1800_3_2] Calculating signal
[Trader][2018-01-21 15:55:22,538][INFO] - [XXRPZEUR][H_1800_3_2] Signal received : 0
[Trader][2018-01-21 15:55:22,539][INFO] - [XXRPZEUR][H_1800_3_2] Next signal at 2018-01-21 16:05:22.538995
[Trader][2018-01-21 15:55:33,828][INFO] - [XETHZEUR][H_1800_3_2] PNL(Perf=0, HoldPerf=-0.11299435028248588, Gain=0.11299435028248588, Estimated=False)
[Trader][2018-01-21 15:55:33,830][INFO] - [XETHZEUR][H_1800_3_2] Pulling prices since 2018-01-21 15:45:00
[Trader][2018-01-21 15:55:34,678][INFO] - [XETHZEUR][H_1800_3_2] Calculating signal
[Trader][2018-01-21 15:55:34,680][INFO] - [XETHZEUR][H_1800_3_2] Signal received : 0
[Trader][2018-01-21 15:55:34,680][INFO] - [XETHZEUR][H_1800_3_2] Next signal at 2018-01-21 16:05:34.680539
[Trader][2018-01-21 16:04:57,599][INFO] - [XLTCZEUR][H_1800_3_2] PNL(Perf=0, HoldPerf=-0.69030436146846208, Gain=0.69030436146846208, Estimated=False)
[Trader][2018-01-21 16:04:57,602][INFO] - [XLTCZEUR][H_1800_3_2] Pulling prices since 2018-01-21 15:44:00
[Trader][2018-01-21 16:04:59,121][INFO] - [XXBTZEUR][H_1800_3_2] PNL(Perf=0, HoldPerf=-0.99770312948606776, Gain=0.99770312948606776, Estimated=False)
[Trader][2018-01-21 16:04:59,122][INFO] - [XXBTZEUR][H_1800_3_2] Pulling prices since 2018-01-21 15:45:00
[Trader][2018-01-21 16:04:59,197][INFO] - [XLTCZEUR][H_1800_3_2] Next signal at 2018-01-21 16:14:59.197668
[Trader][2018-01-21 16:05:00,908][INFO] - [XXBTZEUR][H_1800_3_2] Next signal at 2018-01-21 16:15:00.908426
[Trader][2018-01-21 16:05:22,606][INFO] - [XXRPZEUR][H_1800_3_2] PNL(Perf=0, HoldPerf=0.43668122270741427, Gain=-0.43668122270741427, Estimated=False)
[Trader][2018-01-21 16:05:22,609][INFO] - [XXRPZEUR][H_1800_3_2] Pulling prices since 2018-01-21 15:45:00
[Trader][2018-01-21 16:05:28,458][INFO] - [XXRPZEUR][H_1800_3_2] Next signal at 2018-01-21 16:15:28.458416
[Trader][2018-01-21 16:05:34,746][INFO] - [XETHZEUR][H_1800_3_2] PNL(Perf=0, HoldPerf=0.5580802040979006, Gain=-0.5580802040979006, Estimated=False)
[Trader][2018-01-21 16:05:34,751][INFO] - [XETHZEUR][H_1800_3_2] Pulling prices since 2018-01-21 15:45:00
[Trader][2018-01-21 16:05:37,811][INFO] - [XETHZEUR][H_1800_3_2] Next signal at 2018-01-21 16:15:37.811051
[Trader][2018-01-21 16:14:59,219][INFO] - [XLTCZEUR][H_1800_3_2] PNL(Perf=0, HoldPerf=-4.1677034088081548, Gain=4.1677034088081548, Estimated=False)
[Trader][2018-01-21 16:14:59,223][INFO] - [XLTCZEUR][H_1800_3_2] Pulling prices since 2018-01-21 16:04:00
[Trader][2018-01-21 16:15:00,929][INFO] - [XXBTZEUR][H_1800_3_2] PNL(Perf=0, HoldPerf=-3.6565332900687357, Gain=3.6565332900687357, Estimated=False)
[Trader][2018-01-21 16:15:00,930][INFO] - [XXBTZEUR][H_1800_3_2] Pulling prices since 2018-01-21 16:05:00
[Trader][2018-01-21 16:15:01,016][INFO] - [XLTCZEUR][H_1800_3_2] Next signal at 2018-01-21 16:25:01.016057
[Trader][2018-01-21 16:15:02,010][INFO] - [XXBTZEUR][H_1800_3_2] Next signal at 2018-01-21 16:25:02.010175
[Trader][2018-01-21 16:15:28,479][INFO] - [XXRPZEUR][H_1800_3_2] PNL(Perf=0, HoldPerf=-2.0510506862864082, Gain=2.0510506862864082, Estimated=False)
[Trader][2018-01-21 16:15:28,483][INFO] - [XXRPZEUR][H_1800_3_2] Pulling prices since 2018-01-21 16:05:00
[Trader][2018-01-21 16:15:30,314][INFO] - [XXRPZEUR][H_1800_3_2] Next signal at 2018-01-21 16:25:30.314201
[Trader][2018-01-21 16:15:37,832][INFO] - [XETHZEUR][H_1800_3_2] PNL(Perf=0, HoldPerf=-2.4765109766013134, Gain=2.4765109766013134, Estimated=False)
[Trader][2018-01-21 16:15:37,836][INFO] - [XETHZEUR][H_1800_3_2] Pulling prices since 2018-01-21 16:05:00
[Trader][2018-01-21 16:15:39,297][INFO] - [XETHZEUR][H_1800_3_2] Next signal at 2018-01-21 16:25:39.297368
[Trader][2018-01-21 16:25:01,053][INFO] - [XLTCZEUR][H_1800_3_2] PNL(Perf=0, HoldPerf=-4.2144638403990147, Gain=4.2144638403990147, Estimated=False)
[Trader][2018-01-21 16:25:01,056][INFO] - [XLTCZEUR][H_1800_3_2] Pulling prices since 2018-01-21 16:14:00
[Trader][2018-01-21 16:25:02,048][INFO] - [XXBTZEUR][H_1800_3_2] PNL(Perf=0, HoldPerf=-4.1067971058799548, Gain=4.1067971058799548, Estimated=False)
[Trader][2018-01-21 16:25:02,049][INFO] - [XXBTZEUR][H_1800_3_2] Pulling prices since 2018-01-21 16:15:00
[Trader][2018-01-21 16:25:03,936][INFO] - [XXBTZEUR][H_1800_3_2] Calculating signal
[Trader][2018-01-21 16:25:03,937][INFO] - [XLTCZEUR][H_1800_3_2] Calculating signal
[Trader][2018-01-21 16:25:03,938][INFO] - [XXBTZEUR][H_1800_3_2] Signal received : 0
[Trader][2018-01-21 16:25:03,938][INFO] - [XLTCZEUR][H_1800_3_2] Signal received : 0
[Trader][2018-01-21 16:25:03,938][INFO] - [XXBTZEUR][H_1800_3_2] Next signal at 2018-01-21 16:35:03.938558
[Trader][2018-01-21 16:25:03,938][INFO] - [XLTCZEUR][H_1800_3_2] Next signal at 2018-01-21 16:35:03.938788
[Trader][2018-01-21 16:25:30,351][INFO] - [XXRPZEUR][H_1800_3_2] PNL(Perf=0, HoldPerf=-2.7746486196079734, Gain=2.7746486196079734, Estimated=False)
[Trader][2018-01-21 16:25:30,355][INFO] - [XXRPZEUR][H_1800_3_2] Pulling prices since 2018-01-21 16:15:00
[Trader][2018-01-21 16:25:35,792][INFO] - [XXRPZEUR][H_1800_3_2] Calculating signal
[Trader][2018-01-21 16:25:35,794][INFO] - [XXRPZEUR][H_1800_3_2] Signal received : 0
[Trader][2018-01-21 16:25:35,796][INFO] - [XXRPZEUR][H_1800_3_2] Next signal at 2018-01-21 16:35:35.795826
[Trader][2018-01-21 16:25:39,333][INFO] - [XETHZEUR][H_1800_3_2] PNL(Perf=0, HoldPerf=-3.2768361581920904, Gain=3.2768361581920904, Estimated=False)
[Trader][2018-01-21 16:25:39,335][INFO] - [XETHZEUR][H_1800_3_2] Pulling prices since 2018-01-21 16:15:00
[Trader][2018-01-21 16:25:40,610][INFO] - [XETHZEUR][H_1800_3_2] Calculating signal
[Trader][2018-01-21 16:25:40,611][INFO] - [XETHZEUR][H_1800_3_2] Signal received : 0
[Trader][2018-01-21 16:25:40,612][INFO] - [XETHZEUR][H_1800_3_2] Next signal at 2018-01-21 16:35:40.612459
[Trader][2018-01-21 16:35:03,968][INFO] - [XXBTZEUR][H_1800_3_2] PNL(Perf=0, HoldPerf=-4.5332430991345758, Gain=4.5332430991345758, Estimated=False)
[Trader][2018-01-21 16:35:03,970][INFO] - [XLTCZEUR][H_1800_3_2] PNL(Perf=0, HoldPerf=-4.3049890178851493, Gain=4.3049890178851493, Estimated=False)
[Trader][2018-01-21 16:35:03,972][INFO] - [XXBTZEUR][H_1800_3_2] Pulling prices since 2018-01-21 16:15:00
[Trader][2018-01-21 16:35:03,972][INFO] - [XLTCZEUR][H_1800_3_2] Pulling prices since 2018-01-21 16:14:00
[Trader][2018-01-21 16:35:06,090][INFO] - [XXBTZEUR][H_1800_3_2] Next signal at 2018-01-21 16:45:06.090555
[Trader][2018-01-21 16:35:06,091][INFO] - [XLTCZEUR][H_1800_3_2] Next signal at 2018-01-21 16:45:06.090808
[Trader][2018-01-21 16:35:35,826][INFO] - [XXRPZEUR][H_1800_3_2] PNL(Perf=0, HoldPerf=-3.9301310043668058, Gain=3.9301310043668058, Estimated=False)
[Trader][2018-01-21 16:35:35,827][INFO] - [XXRPZEUR][H_1800_3_2] Pulling prices since 2018-01-21 16:15:00
[Trader][2018-01-21 16:35:37,131][INFO] - [XXRPZEUR][H_1800_3_2] Next signal at 2018-01-21 16:45:37.131133
[Trader][2018-01-21 16:35:40,643][INFO] - [XETHZEUR][H_1800_3_2] PNL(Perf=0, HoldPerf=-3.305201535290029, Gain=3.305201535290029, Estimated=False)
[Trader][2018-01-21 16:35:40,645][INFO] - [XETHZEUR][H_1800_3_2] Pulling prices since 2018-01-21 16:15:00
[Trader][2018-01-21 16:35:42,309][INFO] - [XETHZEUR][H_1800_3_2] Next signal at 2018-01-21 16:45:42.309548
[Trader][2018-01-21 16:45:06,126][INFO] - [XXBTZEUR][H_1800_3_2] PNL(Perf=0, HoldPerf=-4.4870104849013366, Gain=4.4870104849013366, Estimated=False)
[Trader][2018-01-21 16:45:06,126][INFO] - [XLTCZEUR][H_1800_3_2] PNL(Perf=0, HoldPerf=-3.5743348982785652, Gain=3.5743348982785652, Estimated=False)
[Trader][2018-01-21 16:45:06,130][INFO] - [XXBTZEUR][H_1800_3_2] Pulling prices since 2018-01-21 16:35:00
[Trader][2018-01-21 16:45:06,130][INFO] - [XLTCZEUR][H_1800_3_2] Pulling prices since 2018-01-21 16:35:00
[Trader][2018-01-21 16:45:10,827][INFO] - [XLTCZEUR][H_1800_3_2] Next signal at 2018-01-21 16:55:10.826822
[Trader][2018-01-21 16:45:12,490][INFO] - [XXBTZEUR][H_1800_3_2] Next signal at 2018-01-21 16:55:12.489950
[Trader][2018-01-21 16:45:37,168][INFO] - [XXRPZEUR][H_1800_3_2] PNL(Perf=0, HoldPerf=-3.330788318381364, Gain=3.330788318381364, Estimated=False)
[Trader][2018-01-21 16:45:37,170][INFO] - [XXRPZEUR][H_1800_3_2] Pulling prices since 2018-01-21 16:35:00
[Trader][2018-01-21 16:45:38,572][INFO] - [XXRPZEUR][H_1800_3_2] Next signal at 2018-01-21 16:55:38.572408
[Trader][2018-01-21 16:45:42,340][INFO] - [XETHZEUR][H_1800_3_2] PNL(Perf=0, HoldPerf=-2.938386484777304, Gain=2.938386484777304, Estimated=False)
[Trader][2018-01-21 16:45:42,342][INFO] - [XETHZEUR][H_1800_3_2] Pulling prices since 2018-01-21 16:35:00
[Trader][2018-01-21 16:45:44,431][INFO] - [XETHZEUR][H_1800_3_2] Next signal at 2018-01-21 16:55:44.430825
[Trader][2018-01-21 16:56:30,963][INFO] - [XLTCZEUR][H_1800_3_2] PNL(Perf=0, HoldPerf=-2.0162805259862235, Gain=2.0162805259862235, Estimated=False)
[Trader][2018-01-21 16:56:30,965][INFO] - [XLTCZEUR][H_1800_3_2] Pulling prices since 2018-01-21 16:45:00
[Trader][2018-01-21 16:56:32,628][INFO] - [XXBTZEUR][H_1800_3_2] PNL(Perf=0, HoldPerf=-3.6991745643534086, Gain=3.6991745643534086, Estimated=False)
[Trader][2018-01-21 16:56:32,631][INFO] - [XXBTZEUR][H_1800_3_2] Pulling prices since 2018-01-21 16:45:00
[Trader][2018-01-21 16:56:32,746][INFO] - [XLTCZEUR][H_1800_3_2] Calculating signal
[Trader][2018-01-21 16:56:32,747][INFO] - [XLTCZEUR][H_1800_3_2] Signal received : 0
[Trader][2018-01-21 16:56:32,748][INFO] - [XLTCZEUR][H_1800_3_2] Next signal at 2018-01-21 17:06:32.748193
[Trader][2018-01-21 16:56:33,765][INFO] - [XXBTZEUR][H_1800_3_2] Calculating signal
[Trader][2018-01-21 16:56:33,766][INFO] - [XXBTZEUR][H_1800_3_2] Signal received : 0
[Trader][2018-01-21 16:56:33,766][INFO] - [XXBTZEUR][H_1800_3_2] Next signal at 2018-01-21 17:06:33.766736
[Trader][2018-01-21 16:56:58,708][INFO] - [XXRPZEUR][H_1800_3_2] PNL(Perf=0, HoldPerf=-2.5146877870400899, Gain=2.5146877870400899, Estimated=False)
[Trader][2018-01-21 16:56:58,710][INFO] - [XXRPZEUR][H_1800_3_2] Pulling prices since 2018-01-21 16:45:00
[Trader][2018-01-21 16:57:00,177][INFO] - [XXRPZEUR][H_1800_3_2] Calculating signal
[Trader][2018-01-21 16:57:00,178][INFO] - [XXRPZEUR][H_1800_3_2] Signal received : 0
[Trader][2018-01-21 16:57:00,179][INFO] - [XXRPZEUR][H_1800_3_2] Next signal at 2018-01-21 17:07:00.179263
[Trader][2018-01-21 16:57:04,566][INFO] - [XETHZEUR][H_1800_3_2] PNL(Perf=0, HoldPerf=-2.2587570621468935, Gain=2.2587570621468935, Estimated=False)
[Trader][2018-01-21 16:57:04,568][INFO] - [XETHZEUR][H_1800_3_2] Pulling prices since 2018-01-21 16:45:00
[Trader][2018-01-21 16:57:06,712][INFO] - [XETHZEUR][H_1800_3_2] Calculating signal
[Trader][2018-01-21 16:57:06,713][INFO] - [XETHZEUR][H_1800_3_2] Signal received : 0
[Trader][2018-01-21 16:57:06,714][INFO] - [XETHZEUR][H_1800_3_2] Next signal at 2018-01-21 17:07:06.714084
[Trader][2018-01-21 17:06:32,769][INFO] - [XLTCZEUR][H_1800_3_2] PNL(Perf=0, HoldPerf=-2.1462190147474036, Gain=2.1462190147474036, Estimated=False)
[Trader][2018-01-21 17:06:32,773][INFO] - [XLTCZEUR][H_1800_3_2] Pulling prices since 2018-01-21 16:45:00
[Trader][2018-01-21 17:06:33,787][INFO] - [XXBTZEUR][H_1800_3_2] PNL(Perf=0, HoldPerf=-2.8956974693408766, Gain=2.8956974693408766, Estimated=False)
[Trader][2018-01-21 17:06:33,789][INFO] - [XXBTZEUR][H_1800_3_2] Pulling prices since 2018-01-21 16:45:00
[Trader][2018-01-21 17:06:35,270][INFO] - [XLTCZEUR][H_1800_3_2] Next signal at 2018-01-21 17:16:35.270705
[Trader][2018-01-21 17:06:35,271][INFO] - [XXBTZEUR][H_1800_3_2] Next signal at 2018-01-21 17:16:35.271122
[Trader][2018-01-21 17:07:00,198][INFO] - [XXRPZEUR][H_1800_3_2] PNL(Perf=0, HoldPerf=-1.3100436681222816, Gain=1.3100436681222816, Estimated=False)
[Trader][2018-01-21 17:07:00,204][INFO] - [XXRPZEUR][H_1800_3_2] Pulling prices since 2018-01-21 16:45:00
[Trader][2018-01-21 17:07:02,636][INFO] - [XXRPZEUR][H_1800_3_2] Next signal at 2018-01-21 17:17:02.636558
[Trader][2018-01-21 17:07:06,735][INFO] - [XETHZEUR][H_1800_3_2] PNL(Perf=0, HoldPerf=-0.99771073222400553, Gain=0.99771073222400553, Estimated=False)
[Trader][2018-01-21 17:07:06,739][INFO] - [XETHZEUR][H_1800_3_2] Pulling prices since 2018-01-21 16:45:00
[Trader][2018-01-21 17:07:08,118][INFO] - [XETHZEUR][H_1800_3_2] Next signal at 2018-01-21 17:17:08.118390
[Trader][2018-01-21 17:15:15,223][INFO] - [XLTCZEUR][H_1800_3_2] PNL(Perf=0, HoldPerf=-3.5868544600938903, Gain=3.5868544600938903, Estimated=False)
[Trader][2018-01-21 17:15:15,223][INFO] - [XXBTZEUR][H_1800_3_2] PNL(Perf=0, HoldPerf=-4.5356831410087342, Gain=4.5356831410087342, Estimated=False)
[Trader][2018-01-21 17:15:15,226][INFO] - [XLTCZEUR][H_1800_3_2] Pulling prices since 2018-01-21 17:05:00
[Trader][2018-01-21 17:15:15,226][INFO] - [XXBTZEUR][H_1800_3_2] Pulling prices since 2018-01-21 17:05:00
[Trader][2018-01-21 17:15:17,593][INFO] - [XLTCZEUR][H_1800_3_2] Next signal at 2018-01-21 17:25:17.593258
[Trader][2018-01-21 17:15:17,690][INFO] - [XXBTZEUR][H_1800_3_2] Next signal at 2018-01-21 17:25:17.689884
[Trader][2018-01-21 17:15:42,594][INFO] - [XXRPZEUR][H_1800_3_2] PNL(Perf=0, HoldPerf=-3.5017092089052348, Gain=3.5017092089052348, Estimated=False)
[Trader][2018-01-21 17:15:42,598][INFO] - [XXRPZEUR][H_1800_3_2] Pulling prices since 2018-01-21 17:05:00
[Trader][2018-01-21 17:15:43,457][INFO] - [XXRPZEUR][H_1800_3_2] Next signal at 2018-01-21 17:25:43.457790
[Trader][2018-01-21 17:15:48,077][INFO] - [XETHZEUR][H_1800_3_2] PNL(Perf=0, HoldPerf=-2.7283404101544821, Gain=2.7283404101544821, Estimated=False)
[Trader][2018-01-21 17:15:48,079][INFO] - [XETHZEUR][H_1800_3_2] Pulling prices since 2018-01-21 17:05:00
[Trader][2018-01-21 17:15:49,905][INFO] - [XETHZEUR][H_1800_3_2] Next signal at 2018-01-21 17:25:49.905005
[Trader][2018-01-21 17:25:17,617][INFO] - [XLTCZEUR][H_1800_3_2] PNL(Perf=0, HoldPerf=-3.9699436443331093, Gain=3.9699436443331093, Estimated=False)
[Trader][2018-01-21 17:25:17,621][INFO] - [XLTCZEUR][H_1800_3_2] Pulling prices since 2018-01-21 17:15:00
[Trader][2018-01-21 17:25:17,715][INFO] - [XXBTZEUR][H_1800_3_2] PNL(Perf=0, HoldPerf=-4.2127789666768534, Gain=4.2127789666768534, Estimated=False)
[Trader][2018-01-21 17:25:17,717][INFO] - [XXBTZEUR][H_1800_3_2] Pulling prices since 2018-01-21 17:15:00
[Trader][2018-01-21 17:25:19,419][INFO] - [XXBTZEUR][H_1800_3_2] Calculating signal
[Trader][2018-01-21 17:25:19,421][INFO] - [XXBTZEUR][H_1800_3_2] Signal received : 0
[Trader][2018-01-21 17:25:19,422][INFO] - [XXBTZEUR][H_1800_3_2] Next signal at 2018-01-21 17:35:19.421820
[Trader][2018-01-21 17:25:19,426][INFO] - [XLTCZEUR][H_1800_3_2] Calculating signal
[Trader][2018-01-21 17:25:19,427][INFO] - [XLTCZEUR][H_1800_3_2] Signal received : 0
[Trader][2018-01-21 17:25:19,428][INFO] - [XLTCZEUR][H_1800_3_2] Next signal at 2018-01-21 17:35:19.427981
[Trader][2018-01-21 17:25:43,494][INFO] - [XXRPZEUR][H_1800_3_2] PNL(Perf=0, HoldPerf=-3.3023691097208094, Gain=3.3023691097208094, Estimated=False)
[Trader][2018-01-21 17:25:43,498][INFO] - [XXRPZEUR][H_1800_3_2] Pulling prices since 2018-01-21 17:15:00
[Trader][2018-01-21 17:25:44,544][INFO] - [XXRPZEUR][H_1800_3_2] Calculating signal
[Trader][2018-01-21 17:25:44,545][INFO] - [XXRPZEUR][H_1800_3_2] Signal received : 0
[Trader][2018-01-21 17:25:44,546][INFO] - [XXRPZEUR][H_1800_3_2] Next signal at 2018-01-21 17:35:44.546130
[Trader][2018-01-21 17:25:49,943][INFO] - [XETHZEUR][H_1800_3_2] PNL(Perf=0, HoldPerf=-3.1615819209039571, Gain=3.1615819209039571, Estimated=False)
[Trader][2018-01-21 17:25:49,944][INFO] - [XETHZEUR][H_1800_3_2] Pulling prices since 2018-01-21 17:15:00
[Trader][2018-01-21 17:25:50,609][INFO] - [XETHZEUR][H_1800_3_2] Calculating signal
[Trader][2018-01-21 17:25:50,611][INFO] - [XETHZEUR][H_1800_3_2] Signal received : 0
[Trader][2018-01-21 17:25:50,612][INFO] - [XETHZEUR][H_1800_3_2] Next signal at 2018-01-21 17:35:50.611947
[Trader][2018-01-21 17:35:19,455][INFO] - [XXBTZEUR][H_1800_3_2] PNL(Perf=0, HoldPerf=-4.3107337680981059, Gain=4.3107337680981059, Estimated=False)
[Trader][2018-01-21 17:35:19,459][INFO] - [XXBTZEUR][H_1800_3_2] Pulling prices since 2018-01-21 17:15:00
[Trader][2018-01-21 17:35:19,462][INFO] - [XLTCZEUR][H_1800_3_2] PNL(Perf=0, HoldPerf=-3.7464700345152173, Gain=3.7464700345152173, Estimated=False)
[Trader][2018-01-21 17:35:19,464][INFO] - [XLTCZEUR][H_1800_3_2] Pulling prices since 2018-01-21 17:15:00
[Trader][2018-01-21 17:35:21,544][INFO] - [XLTCZEUR][H_1800_3_2] Next signal at 2018-01-21 17:45:21.544653
[Trader][2018-01-21 17:35:22,129][INFO] - [XXBTZEUR][H_1800_3_2] Next signal at 2018-01-21 17:45:22.129471
[Trader][2018-01-21 17:35:44,569][INFO] - [XXRPZEUR][H_1800_3_2] PNL(Perf=0, HoldPerf=-4.0183406113537208, Gain=4.0183406113537208, Estimated=False)
[Trader][2018-01-21 17:35:44,570][INFO] - [XXRPZEUR][H_1800_3_2] Pulling prices since 2018-01-21 17:15:00
[Trader][2018-01-21 17:35:45,807][INFO] - [XXRPZEUR][H_1800_3_2] Next signal at 2018-01-21 17:45:45.807128
[Trader][2018-01-21 17:35:50,634][INFO] - [XETHZEUR][H_1800_3_2] PNL(Perf=0, HoldPerf=-3.2858395690254123, Gain=3.2858395690254123, Estimated=False)
[Trader][2018-01-21 17:35:50,636][INFO] - [XETHZEUR][H_1800_3_2] Pulling prices since 2018-01-21 17:15:00
[Trader][2018-01-21 17:35:52,770][INFO] - [XETHZEUR][H_1800_3_2] Next signal at 2018-01-21 17:45:52.770071
[Trader][2018-01-21 17:45:21,595][INFO] - [XLTCZEUR][H_1800_3_2] PNL(Perf=0, HoldPerf=-2.5414710485133036, Gain=2.5414710485133036, Estimated=False)
[Trader][2018-01-21 17:45:21,597][INFO] - [XLTCZEUR][H_1800_3_2] Pulling prices since 2018-01-21 17:35:00
[Trader][2018-01-21 17:45:22,169][INFO] - [XXBTZEUR][H_1800_3_2] PNL(Perf=0, HoldPerf=-4.5306130726642122, Gain=4.5306130726642122, Estimated=False)
[Trader][2018-01-21 17:45:22,171][INFO] - [XXBTZEUR][H_1800_3_2] Pulling prices since 2018-01-21 17:35:00
[Trader][2018-01-21 17:45:23,445][INFO] - [XLTCZEUR][H_1800_3_2] Next signal at 2018-01-21 17:55:23.445047
[Trader][2018-01-21 17:45:23,465][INFO] - [XXBTZEUR][H_1800_3_2] Next signal at 2018-01-21 17:55:23.465210
[Trader][2018-01-21 17:45:45,852][INFO] - [XXRPZEUR][H_1800_3_2] PNL(Perf=0, HoldPerf=-2.4033038921376444, Gain=2.4033038921376444, Estimated=False)
[Trader][2018-01-21 17:45:45,853][INFO] - [XXRPZEUR][H_1800_3_2] Pulling prices since 2018-01-21 17:35:00
[Trader][2018-01-21 17:45:48,524][INFO] - [XXRPZEUR][H_1800_3_2] Next signal at 2018-01-21 17:55:48.524677
[Trader][2018-01-21 17:45:52,807][INFO] - [XETHZEUR][H_1800_3_2] PNL(Perf=0, HoldPerf=-3.2511970367693519, Gain=3.2511970367693519, Estimated=False)
[Trader][2018-01-21 17:45:52,809][INFO] - [XETHZEUR][H_1800_3_2] Pulling prices since 2018-01-21 17:35:00
[Trader][2018-01-21 17:45:55,006][INFO] - [XETHZEUR][H_1800_3_2] Next signal at 2018-01-21 17:55:55.006418
[Trader][2018-01-21 17:55:23,466][INFO] - [XLTCZEUR][H_1800_3_2] PNL(Perf=0, HoldPerf=-0.77019411396367554, Gain=0.77019411396367554, Estimated=False)
[Trader][2018-01-21 17:55:23,468][INFO] - [XLTCZEUR][H_1800_3_2] Pulling prices since 2018-01-21 17:45:00
[Trader][2018-01-21 17:55:23,486][INFO] - [XXBTZEUR][H_1800_3_2] PNL(Perf=0, HoldPerf=-2.7830429022724994, Gain=2.7830429022724994, Estimated=False)
[Trader][2018-01-21 17:55:23,487][INFO] - [XXBTZEUR][H_1800_3_2] Pulling prices since 2018-01-21 17:45:00
[Trader][2018-01-21 17:55:25,768][INFO] - [XLTCZEUR][H_1800_3_2] Calculating signal
[Trader][2018-01-21 17:55:25,769][INFO] - [XLTCZEUR][H_1800_3_2] Signal received : 0
[Trader][2018-01-21 17:55:25,770][INFO] - [XLTCZEUR][H_1800_3_2] Next signal at 2018-01-21 18:05:25.770394
[Trader][2018-01-21 17:55:25,862][INFO] - [XXBTZEUR][H_1800_3_2] Calculating signal
[Trader][2018-01-21 17:55:25,864][INFO] - [XXBTZEUR][H_1800_3_2] Signal received : 0
[Trader][2018-01-21 17:55:25,864][INFO] - [XXBTZEUR][H_1800_3_2] Next signal at 2018-01-21 18:05:25.864538
[Trader][2018-01-21 17:55:48,546][INFO] - [XXRPZEUR][H_1800_3_2] PNL(Perf=0, HoldPerf=-2.4704944455035469, Gain=2.4704944455035469, Estimated=False)
[Trader][2018-01-21 17:55:48,548][INFO] - [XXRPZEUR][H_1800_3_2] Pulling prices since 2018-01-21 17:45:00
[Trader][2018-01-21 17:55:51,001][INFO] - [XXRPZEUR][H_1800_3_2] Calculating signal
[Trader][2018-01-21 17:55:51,002][INFO] - [XXRPZEUR][H_1800_3_2] Signal received : 0
[Trader][2018-01-21 17:55:51,003][INFO] - [XXRPZEUR][H_1800_3_2] Next signal at 2018-01-21 18:05:51.003223
[Trader][2018-01-21 17:55:55,028][INFO] - [XETHZEUR][H_1800_3_2] PNL(Perf=0, HoldPerf=-1.8192090395480252, Gain=1.8192090395480252, Estimated=False)
[Trader][2018-01-21 17:55:55,029][INFO] - [XETHZEUR][H_1800_3_2] Pulling prices since 2018-01-21 17:45:00
[Trader][2018-01-21 17:55:56,500][INFO] - [XETHZEUR][H_1800_3_2] Calculating signal
[Trader][2018-01-21 17:55:56,501][INFO] - [XETHZEUR][H_1800_3_2] Signal received : 0
[Trader][2018-01-21 17:55:56,502][INFO] - [XETHZEUR][H_1800_3_2] Next signal at 2018-01-21 18:05:56.502466
[Trader][2018-01-21 18:05:25,808][INFO] - [XLTCZEUR][H_1800_3_2] PNL(Perf=0, HoldPerf=-1.0982114841543773, Gain=1.0982114841543773, Estimated=False)
[Trader][2018-01-21 18:05:25,811][INFO] - [XLTCZEUR][H_1800_3_2] Pulling prices since 2018-01-21 17:45:00
[Trader][2018-01-21 18:05:25,902][INFO] - [XXBTZEUR][H_1800_3_2] PNL(Perf=0, HoldPerf=-2.433247200689054, Gain=2.433247200689054, Estimated=False)
[Trader][2018-01-21 18:05:25,903][INFO] - [XXBTZEUR][H_1800_3_2] Pulling prices since 2018-01-21 17:45:00
[Trader][2018-01-21 18:05:26,711][INFO] - [XXBTZEUR][H_1800_3_2] Next signal at 2018-01-21 18:15:26.711436
[Trader][2018-01-21 18:05:26,922][INFO] - [XLTCZEUR][H_1800_3_2] Next signal at 2018-01-21 18:15:26.922173
[Trader][2018-01-21 18:05:51,042][INFO] - [XXRPZEUR][H_1800_3_2] PNL(Perf=0, HoldPerf=-1.746724890829696, Gain=1.746724890829696, Estimated=False)
[Trader][2018-01-21 18:05:51,044][INFO] - [XXRPZEUR][H_1800_3_2] Pulling prices since 2018-01-21 17:45:00
[Trader][2018-01-21 18:05:51,978][INFO] - [XXRPZEUR][H_1800_3_2] Next signal at 2018-01-21 18:15:51.977918
[Trader][2018-01-21 18:05:56,541][INFO] - [XETHZEUR][H_1800_3_2] PNL(Perf=0, HoldPerf=-1.3154747668021953, Gain=1.3154747668021953, Estimated=False)
[Trader][2018-01-21 18:05:56,542][INFO] - [XETHZEUR][H_1800_3_2] Pulling prices since 2018-01-21 17:45:00
[Trader][2018-01-21 18:05:58,155][INFO] - [XETHZEUR][H_1800_3_2] Next signal at 2018-01-21 18:15:58.155201
[Trader][2018-01-21 18:15:26,748][INFO] - [XXBTZEUR][H_1800_3_2] PNL(Perf=0, HoldPerf=-3.2052972074063413, Gain=3.2052972074063413, Estimated=False)
[Trader][2018-01-21 18:15:26,752][INFO] - [XXBTZEUR][H_1800_3_2] Pulling prices since 2018-01-21 18:05:00
[Trader][2018-01-21 18:15:26,960][INFO] - [XLTCZEUR][H_1800_3_2] PNL(Perf=0, HoldPerf=-1.2832550860719947, Gain=1.2832550860719947, Estimated=False)
[Trader][2018-01-21 18:15:26,962][INFO] - [XLTCZEUR][H_1800_3_2] Pulling prices since 2018-01-21 18:05:00
[Trader][2018-01-21 18:15:52,014][INFO] - [XXRPZEUR][H_1800_3_2] PNL(Perf=0, HoldPerf=-2.2618820385569607, Gain=2.2618820385569607, Estimated=False)
[Trader][2018-01-21 18:15:52,018][INFO] - [XXRPZEUR][H_1800_3_2] Pulling prices since 2018-01-21 18:05:00
[Trader][2018-01-21 18:15:57,104][ERROR] - ''
[Trader][2018-01-21 18:15:57,108][ERROR] - Problem while requesting data for XXBTZEUR. Re-attempting (nb 1)
[Trader][2018-01-21 18:15:58,185][INFO] - [XETHZEUR][H_1800_3_2] PNL(Perf=0, HoldPerf=-1.8655705122413928, Gain=1.8655705122413928, Estimated=False)
[Trader][2018-01-21 18:15:58,187][INFO] - [XETHZEUR][H_1800_3_2] Pulling prices since 2018-01-21 18:05:00
[Trader][2018-01-21 18:16:09,494][ERROR] - ''
[Trader][2018-01-21 18:16:09,502][ERROR] - Problem while requesting data for XLTCZEUR. Re-attempting (nb 1)
[Trader][2018-01-21 18:16:22,718][ERROR] - ''
[Trader][2018-01-21 18:16:22,718][ERROR] - Problem while requesting data for XXRPZEUR. Re-attempting (nb 1)
[Trader][2018-01-21 18:16:28,904][ERROR] - ''
[Trader][2018-01-21 18:16:28,907][ERROR] - Problem while requesting data for XXBTZEUR. Re-attempting (nb 2)
[Trader][2018-01-21 18:16:30,003][ERROR] - ''
[Trader][2018-01-21 18:16:30,005][ERROR] - Problem while requesting data for XETHZEUR. Re-attempting (nb 1)
[Trader][2018-01-21 18:16:42,684][ERROR] - ''
[Trader][2018-01-21 18:16:42,688][ERROR] - Problem while requesting data for XLTCZEUR. Re-attempting (nb 2)
[Trader][2018-01-21 18:16:47,877][INFO] - [XETHZEUR][H_1800_3_2] Next signal at 2018-01-21 18:26:47.876913
[Trader][2018-01-21 18:16:51,364][INFO] - [XXBTZEUR][H_1800_3_2] Next signal at 2018-01-21 18:26:51.363994
[Trader][2018-01-21 18:16:52,163][INFO] - [XXRPZEUR][H_1800_3_2] Next signal at 2018-01-21 18:26:52.163169
[Trader][2018-01-21 18:17:24,817][INFO] - [XLTCZEUR][H_1800_3_2] Next signal at 2018-01-21 18:27:24.816809
[Trader][2018-01-21 18:26:47,888][INFO] - [XETHZEUR][H_1800_3_2] PNL(Perf=0, HoldPerf=-2.7129943502824849, Gain=2.7129943502824849, Estimated=False)
[Trader][2018-01-21 18:26:47,892][INFO] - [XETHZEUR][H_1800_3_2] Pulling prices since 2018-01-21 18:16:00
[Trader][2018-01-21 18:26:48,749][INFO] - [XETHZEUR][H_1800_3_2] Calculating signal
[Trader][2018-01-21 18:26:48,750][INFO] - [XETHZEUR][H_1800_3_2] Signal received : 0
[Trader][2018-01-21 18:26:48,751][INFO] - [XETHZEUR][H_1800_3_2] Next signal at 2018-01-21 18:36:48.751223
[Trader][2018-01-21 18:26:51,377][INFO] - [XXBTZEUR][H_1800_3_2] PNL(Perf=0, HoldPerf=-3.8168249384875006, Gain=3.8168249384875006, Estimated=False)
[Trader][2018-01-21 18:26:51,378][INFO] - [XXBTZEUR][H_1800_3_2] Pulling prices since 2018-01-21 18:16:00
[Trader][2018-01-21 18:26:52,176][INFO] - [XXRPZEUR][H_1800_3_2] PNL(Perf=0, HoldPerf=-3.0069264069264006, Gain=3.0069264069264006, Estimated=False)
[Trader][2018-01-21 18:26:52,178][INFO] - [XXRPZEUR][H_1800_3_2] Pulling prices since 2018-01-21 18:16:00
[Trader][2018-01-21 18:26:52,530][INFO] - [XXBTZEUR][H_1800_3_2] Calculating signal
[Trader][2018-01-21 18:26:52,531][INFO] - [XXBTZEUR][H_1800_3_2] Signal received : 0
[Trader][2018-01-21 18:26:52,532][INFO] - [XXBTZEUR][H_1800_3_2] Next signal at 2018-01-21 18:36:52.531991
[Trader][2018-01-21 18:26:54,215][INFO] - [XXRPZEUR][H_1800_3_2] Calculating signal
[Trader][2018-01-21 18:26:54,216][INFO] - [XXRPZEUR][H_1800_3_2] Signal received : 0
[Trader][2018-01-21 18:26:54,217][INFO] - [XXRPZEUR][H_1800_3_2] Next signal at 2018-01-21 18:36:54.217161
[Trader][2018-01-21 18:27:24,836][INFO] - [XLTCZEUR][H_1800_3_2] PNL(Perf=0, HoldPerf=-2.4859813084112208, Gain=2.4859813084112208, Estimated=False)
[Trader][2018-01-21 18:27:24,838][INFO] - [XLTCZEUR][H_1800_3_2] Pulling prices since 2018-01-21 18:17:00
[Trader][2018-01-21 18:27:26,120][INFO] - [XLTCZEUR][H_1800_3_2] Calculating signal
[Trader][2018-01-21 18:27:26,124][INFO] - [XLTCZEUR][H_1800_3_2] Signal received : 0
[Trader][2018-01-21 18:27:26,125][INFO] - [XLTCZEUR][H_1800_3_2] Next signal at 2018-01-21 18:37:26.125377
[Trader][2018-01-21 18:36:48,768][INFO] - [XETHZEUR][H_1800_3_2] PNL(Perf=0, HoldPerf=-2.5819886661052758, Gain=2.5819886661052758, Estimated=False)
[Trader][2018-01-21 18:36:48,773][INFO] - [XETHZEUR][H_1800_3_2] Pulling prices since 2018-01-21 18:16:00
[Trader][2018-01-21 18:36:49,925][INFO] - [XETHZEUR][H_1800_3_2] Next signal at 2018-01-21 18:46:49.925005
[Trader][2018-01-21 18:36:52,548][INFO] - [XXBTZEUR][H_1800_3_2] PNL(Perf=0, HoldPerf=-3.1377577187403798, Gain=3.1377577187403798, Estimated=False)
[Trader][2018-01-21 18:36:52,550][INFO] - [XXBTZEUR][H_1800_3_2] Pulling prices since 2018-01-21 18:16:00
[Trader][2018-01-21 18:36:54,233][INFO] - [XXRPZEUR][H_1800_3_2] PNL(Perf=0, HoldPerf=-2.8858885017421501, Gain=2.8858885017421501, Estimated=False)
[Trader][2018-01-21 18:36:54,235][INFO] - [XXRPZEUR][H_1800_3_2] Pulling prices since 2018-01-21 18:16:00
[Trader][2018-01-21 18:36:54,343][INFO] - [XXBTZEUR][H_1800_3_2] Next signal at 2018-01-21 18:46:54.343468
[Trader][2018-01-21 18:36:55,614][INFO] - [XXRPZEUR][H_1800_3_2] Next signal at 2018-01-21 18:46:55.613777
[Trader][2018-01-21 19:14:23,888][INFO] - [XLTCZEUR][H_1800_3_2] PNL(Perf=0, HoldPerf=-2.6109332831230936, Gain=2.6109332831230936, Estimated=False)
[Trader][2018-01-21 19:14:23,892][INFO] - [XLTCZEUR][H_1800_3_2] Pulling prices since 2018-01-21 18:17:00
[Trader][2018-01-21 19:14:30,536][ERROR] - ''
[Trader][2018-01-21 19:14:30,537][ERROR] - Problem while requesting data for XLTCZEUR. Re-attempting (nb 1)
[Trader][2018-01-21 19:14:31,868][INFO] - [XLTCZEUR][H_1800_3_2] Next signal at 2018-01-21 19:24:31.868455
[Trader][2018-01-21 19:23:47,755][INFO] - [XETHZEUR][H_1800_3_2] PNL(Perf=0, HoldPerf=-2.7701049640912374, Gain=2.7701049640912374, Estimated=False)
[Trader][2018-01-21 19:23:47,766][INFO] - [XETHZEUR][H_1800_3_2] Pulling prices since 2018-01-21 18:36:00
[Trader][2018-01-21 19:23:50,486][INFO] - [XETHZEUR][H_1800_3_2] Next signal at 2018-01-21 19:33:50.486184
[Trader][2018-01-21 19:23:52,164][INFO] - [XXBTZEUR][H_1800_3_2] PNL(Perf=0, HoldPerf=-3.5503560528992879, Gain=3.5503560528992879, Estimated=False)
[Trader][2018-01-21 19:23:52,166][INFO] - [XXBTZEUR][H_1800_3_2] Pulling prices since 2018-01-21 18:36:00
[Trader][2018-01-21 19:23:53,435][INFO] - [XXRPZEUR][H_1800_3_2] PNL(Perf=0, HoldPerf=-2.863926655748219, Gain=2.863926655748219, Estimated=False)
[Trader][2018-01-21 19:23:53,437][INFO] - [XXRPZEUR][H_1800_3_2] Pulling prices since 2018-01-21 18:36:00
[Trader][2018-01-21 19:23:53,671][INFO] - [XXBTZEUR][H_1800_3_2] Next signal at 2018-01-21 19:33:53.671408
[Trader][2018-01-21 19:23:55,122][INFO] - [XXRPZEUR][H_1800_3_2] Next signal at 2018-01-21 19:33:55.121840
[Trader][2018-01-21 19:24:31,950][INFO] - [XLTCZEUR][H_1800_3_2] PNL(Perf=0, HoldPerf=-1.0543390105433887, Gain=1.0543390105433887, Estimated=False)
[Trader][2018-01-21 19:24:31,956][INFO] - [XLTCZEUR][H_1800_3_2] Pulling prices since 2018-01-21 19:13:00
[Trader][2018-01-21 19:24:33,968][INFO] - [XLTCZEUR][H_1800_3_2] Next signal at 2018-01-21 19:34:33.968716
[Trader][2018-01-21 19:33:50,504][INFO] - [XETHZEUR][H_1800_3_2] PNL(Perf=0, HoldPerf=-1.2903592542064601, Gain=1.2903592542064601, Estimated=False)
[Trader][2018-01-21 19:33:50,507][INFO] - [XETHZEUR][H_1800_3_2] Pulling prices since 2018-01-21 19:22:00
[Trader][2018-01-21 19:33:51,501][INFO] - [XETHZEUR][H_1800_3_2] Calculating signal
[Trader][2018-01-21 19:33:51,502][INFO] - [XETHZEUR][H_1800_3_2] Signal received : 0
[Trader][2018-01-21 19:33:51,503][INFO] - [XETHZEUR][H_1800_3_2] Next signal at 2018-01-21 19:43:51.502968
[Trader][2018-01-21 19:33:53,689][INFO] - [XXBTZEUR][H_1800_3_2] PNL(Perf=0, HoldPerf=-1.3856268140839618, Gain=1.3856268140839618, Estimated=False)
[Trader][2018-01-21 19:33:53,690][INFO] - [XXBTZEUR][H_1800_3_2] Pulling prices since 2018-01-21 19:22:00
[Trader][2018-01-21 19:33:55,140][INFO] - [XXRPZEUR][H_1800_3_2] PNL(Perf=0, HoldPerf=-0.25672159583695348, Gain=0.25672159583695348, Estimated=False)
[Trader][2018-01-21 19:33:55,142][INFO] - [XXRPZEUR][H_1800_3_2] Pulling prices since 2018-01-21 19:22:00
[Trader][2018-01-21 19:33:56,128][INFO] - [XXRPZEUR][H_1800_3_2] Calculating signal
[Trader][2018-01-21 19:33:56,130][INFO] - [XXRPZEUR][H_1800_3_2] Signal received : 0
[Trader][2018-01-21 19:33:56,130][INFO] - [XXRPZEUR][H_1800_3_2] Next signal at 2018-01-21 19:43:56.130499
[Trader][2018-01-21 19:33:56,765][INFO] - [XXBTZEUR][H_1800_3_2] Calculating signal
[Trader][2018-01-21 19:33:56,767][INFO] - [XXBTZEUR][H_1800_3_2] Signal received : 0
[Trader][2018-01-21 19:33:56,768][INFO] - [XXBTZEUR][H_1800_3_2] Next signal at 2018-01-21 19:43:56.767896
[Trader][2018-01-21 19:34:33,985][INFO] - [XLTCZEUR][H_1800_3_2] PNL(Perf=0, HoldPerf=0.70124455114032069, Gain=-0.70124455114032069, Estimated=False)
[Trader][2018-01-21 19:34:33,989][INFO] - [XLTCZEUR][H_1800_3_2] Pulling prices since 2018-01-21 19:23:00
[Trader][2018-01-21 19:34:35,555][INFO] - [XLTCZEUR][H_1800_3_2] Calculating signal
[Trader][2018-01-21 19:34:35,556][INFO] - [XLTCZEUR][H_1800_3_2] Signal received : 0
[Trader][2018-01-21 19:34:35,557][INFO] - [XLTCZEUR][H_1800_3_2] Next signal at 2018-01-21 19:44:35.557432
[Trader][2018-01-21 19:43:51,520][INFO] - [XETHZEUR][H_1800_3_2] PNL(Perf=0, HoldPerf=-1.4755471066150636, Gain=1.4755471066150636, Estimated=False)
[Trader][2018-01-21 19:43:51,525][INFO] - [XETHZEUR][H_1800_3_2] Pulling prices since 2018-01-21 19:22:00
[Trader][2018-01-21 19:43:53,045][INFO] - [XETHZEUR][H_1800_3_2] Next signal at 2018-01-21 19:53:53.045113
[Trader][2018-01-21 19:43:56,162][INFO] - [XXRPZEUR][H_1800_3_2] PNL(Perf=0, HoldPerf=-0.43218518743968454, Gain=0.43218518743968454, Estimated=False)
[Trader][2018-01-21 19:43:56,165][INFO] - [XXRPZEUR][H_1800_3_2] Pulling prices since 2018-01-21 19:22:00
[Trader][2018-01-21 19:43:56,800][INFO] - [XXBTZEUR][H_1800_3_2] PNL(Perf=0, HoldPerf=-2.8149355611023306, Gain=2.8149355611023306, Estimated=False)
[Trader][2018-01-21 19:43:56,802][INFO] - [XXBTZEUR][H_1800_3_2] Pulling prices since 2018-01-21 19:22:00
[Trader][2018-01-21 19:43:57,060][INFO] - [XXRPZEUR][H_1800_3_2] Next signal at 2018-01-21 19:53:57.060264
[Trader][2018-01-21 19:43:57,978][INFO] - [XXBTZEUR][H_1800_3_2] Next signal at 2018-01-21 19:53:57.978673
[Trader][2018-01-21 19:44:35,581][INFO] - [XLTCZEUR][H_1800_3_2] PNL(Perf=0, HoldPerf=0.39712556732225412, Gain=-0.39712556732225412, Estimated=False)
[Trader][2018-01-21 19:44:35,583][INFO] - [XLTCZEUR][H_1800_3_2] Pulling prices since 2018-01-21 19:23:00
[Trader][2018-01-21 19:44:37,862][INFO] - [XLTCZEUR][H_1800_3_2] Next signal at 2018-01-21 19:54:37.862683
[Trader][2018-01-21 19:52:34,085][INFO] - [XETHZEUR][H_1800_3_2] PNL(Perf=0, HoldPerf=-1.5040655003562209, Gain=1.5040655003562209, Estimated=False)
[Trader][2018-01-21 19:52:34,089][INFO] - [XETHZEUR][H_1800_3_2] Pulling prices since 2018-01-21 19:42:00
[Trader][2018-01-21 19:52:35,818][INFO] - [XETHZEUR][H_1800_3_2] Next signal at 2018-01-21 20:02:35.818014
[Trader][2018-01-21 19:52:38,104][INFO] - [XXRPZEUR][H_1800_3_2] PNL(Perf=0, HoldPerf=-0.60955991687028466, Gain=0.60955991687028466, Estimated=False)
[Trader][2018-01-21 19:52:38,110][INFO] - [XXRPZEUR][H_1800_3_2] Pulling prices since 2018-01-21 19:42:00
[Trader][2018-01-21 19:52:39,017][INFO] - [XXBTZEUR][H_1800_3_2] PNL(Perf=0, HoldPerf=-2.5510204081632653, Gain=2.5510204081632653, Estimated=False)
[Trader][2018-01-21 19:52:39,017][INFO] - [XXBTZEUR][H_1800_3_2] Pulling prices since 2018-01-21 19:42:00
[Trader][2018-01-21 19:52:39,225][INFO] - [XXRPZEUR][H_1800_3_2] Next signal at 2018-01-21 20:02:39.224957
[Trader][2018-01-21 19:52:40,141][INFO] - [XXBTZEUR][H_1800_3_2] Next signal at 2018-01-21 20:02:40.141148
[Trader][2018-01-21 19:53:18,901][INFO] - [XLTCZEUR][H_1800_3_2] PNL(Perf=0, HoldPerf=-0.99195208684259994, Gain=0.99195208684259994, Estimated=False)
[Trader][2018-01-21 19:53:18,902][INFO] - [XLTCZEUR][H_1800_3_2] Pulling prices since 2018-01-21 19:43:00
[Trader][2018-01-21 19:53:21,641][INFO] - [XLTCZEUR][H_1800_3_2] Next signal at 2018-01-21 20:03:21.641042
[Trader][2018-01-21 20:02:35,833][INFO] - [XETHZEUR][H_1800_3_2] PNL(Perf=0, HoldPerf=-1.380172805820826, Gain=1.380172805820826, Estimated=False)
[Trader][2018-01-21 20:02:35,838][INFO] - [XETHZEUR][H_1800_3_2] Pulling prices since 2018-01-21 19:52:00
[Trader][2018-01-21 20:02:37,007][INFO] - [XETHZEUR][H_1800_3_2] Calculating signal
[Trader][2018-01-21 20:02:37,009][INFO] - [XETHZEUR][H_1800_3_2] Signal received : 0
[Trader][2018-01-21 20:02:37,010][INFO] - [XETHZEUR][H_1800_3_2] Next signal at 2018-01-21 20:12:37.010365
[Trader][2018-01-21 20:02:39,248][INFO] - [XXRPZEUR][H_1800_3_2] PNL(Perf=0, HoldPerf=-1.3009540329575129, Gain=1.3009540329575129, Estimated=False)
[Trader][2018-01-21 20:02:39,250][INFO] - [XXRPZEUR][H_1800_3_2] Pulling prices since 2018-01-21 19:52:00
[Trader][2018-01-21 20:02:40,168][INFO] - [XXBTZEUR][H_1800_3_2] PNL(Perf=0, HoldPerf=-2.4112573204377425, Gain=2.4112573204377425, Estimated=False)
[Trader][2018-01-21 20:02:40,170][INFO] - [XXBTZEUR][H_1800_3_2] Pulling prices since 2018-01-21 19:52:00
[Trader][2018-01-21 20:02:40,578][INFO] - [XXRPZEUR][H_1800_3_2] Calculating signal
[Trader][2018-01-21 20:02:40,579][INFO] - [XXRPZEUR][H_1800_3_2] Signal received : 0
[Trader][2018-01-21 20:02:40,580][INFO] - [XXRPZEUR][H_1800_3_2] Next signal at 2018-01-21 20:12:40.580269
[Trader][2018-01-21 20:02:41,284][INFO] - [XXBTZEUR][H_1800_3_2] Calculating signal
[Trader][2018-01-21 20:02:41,285][INFO] - [XXBTZEUR][H_1800_3_2] Signal received : 0
[Trader][2018-01-21 20:02:41,286][INFO] - [XXBTZEUR][H_1800_3_2] Next signal at 2018-01-21 20:12:41.286177
[Trader][2018-01-21 20:03:21,664][INFO] - [XLTCZEUR][H_1800_3_2] PNL(Perf=0, HoldPerf=0.018952555436225371, Gain=-0.018952555436225371, Estimated=False)
[Trader][2018-01-21 20:03:21,668][INFO] - [XLTCZEUR][H_1800_3_2] Pulling prices since 2018-01-21 19:53:00
[Trader][2018-01-21 20:03:22,795][INFO] - [XLTCZEUR][H_1800_3_2] Calculating signal
[Trader][2018-01-21 20:03:22,796][INFO] - [XLTCZEUR][H_1800_3_2] Signal received : 0
[Trader][2018-01-21 20:03:22,797][INFO] - [XLTCZEUR][H_1800_3_2] Next signal at 2018-01-21 20:13:22.797566
[Trader][2018-01-21 20:11:25,705][ERROR] - Shutting down after signal from user!!!!
Bye!
