[Trader][2018-01-20 22:54:07,964][INFO] - =========== START =============
[Trader][2018-01-20 22:54:10,033][INFO] - [XLTCZEUR][H_180_3_2] ====Trading System TradingSystem1 started===== pair=XLTCZEUR, simul=True, step=180, stop_loss=0%, wick=True, candles=3, bodies=2
[Trader][2018-01-20 22:54:10,036][INFO] - [XXRPZEUR][H_180_3_2] ====Trading System TradingSystem1 started===== pair=XXRPZEUR, simul=True, step=180, stop_loss=0%, wick=True, candles=3, bodies=2
[Trader][2018-01-20 22:54:10,039][INFO] - [XLTCZEUR][H_180_3_2] PNL(Perf=0, HoldPerf=0, Gain=0, Estimated=False)
[Trader][2018-01-20 22:54:10,042][INFO] - [XXRPZEUR][H_180_3_2] PNL(Perf=0, HoldPerf=0, Gain=0, Estimated=False)
[Trader][2018-01-20 22:54:10,041][INFO] - [XLTCZEUR][H_180_3_2] Pulling prices since 2018-01-20 22:48:07.996057
[Trader][2018-01-20 22:54:10,045][INFO] - [XXRPZEUR][H_180_3_2] Pulling prices since 2018-01-20 22:48:07.995068
[Trader][2018-01-20 22:54:10,559][INFO] - [XETHZEUR][H_180_3_2] ====Trading System TradingSystem1 started===== pair=XETHZEUR, simul=True, step=180, stop_loss=0%, wick=True, candles=3, bodies=2
[Trader][2018-01-20 22:54:10,567][INFO] - [XETHZEUR][H_180_3_2] PNL(Perf=0, HoldPerf=0, Gain=0, Estimated=False)
[Trader][2018-01-20 22:54:10,569][INFO] - [XETHZEUR][H_180_3_2] Pulling prices since 2018-01-20 22:48:07.996924
[Trader][2018-01-20 22:54:10,973][INFO] - [XXBTZEUR][H_180_3_2] ====Trading System TradingSystem1 started===== pair=XXBTZEUR, simul=True, step=180, stop_loss=0%, wick=True, candles=3, bodies=2
[Trader][2018-01-20 22:54:10,980][INFO] - [XXBTZEUR][H_180_3_2] PNL(Perf=0, HoldPerf=0, Gain=0, Estimated=False)
[Trader][2018-01-20 22:54:10,980][INFO] - [XXBTZEUR][H_180_3_2] Pulling prices since 2018-01-20 22:48:08.001462
[Trader][2018-01-20 22:54:11,136][INFO] - =========== START =============
[Trader][2018-01-20 22:54:11,245][INFO] - [XLTCZEUR][H_180_3_2] Next signal at 2018-01-20 22:55:11.245773
[Trader][2018-01-20 22:54:11,745][INFO] - [XXRPZEUR][H_180_3_2] Next signal at 2018-01-20 22:55:11.744877
[Trader][2018-01-20 22:54:12,237][INFO] - [XETHZEUR][H_180_3_2] Next signal at 2018-01-20 22:55:12.237236
[Trader][2018-01-20 22:54:13,035][INFO] - [XXBTZEUR][H_180_3_2] Next signal at 2018-01-20 22:55:13.035098
[Trader][2018-01-20 22:54:13,856][INFO] - [XXBTZEUR][H_1800_3_2] ====Trading System TradingSystem1 started===== pair=XXBTZEUR, simul=True, step=1800, stop_loss=0%, wick=True, candles=3, bodies=2
[Trader][2018-01-20 22:54:13,870][INFO] - [XXBTZEUR][H_1800_3_2] PNL(Perf=0, HoldPerf=0, Gain=0, Estimated=False)
[Trader][2018-01-20 22:54:13,871][INFO] - [XXBTZEUR][H_1800_3_2] Pulling prices since 2018-01-20 21:54:11.181294
[Trader][2018-01-20 22:54:14,014][INFO] - [XXRPZEUR][H_1800_3_2] ====Trading System TradingSystem1 started===== pair=XXRPZEUR, simul=True, step=1800, stop_loss=0%, wick=True, candles=3, bodies=2
[Trader][2018-01-20 22:54:14,026][INFO] - [XXRPZEUR][H_1800_3_2] PNL(Perf=0, HoldPerf=0, Gain=0, Estimated=False)
[Trader][2018-01-20 22:54:14,028][INFO] - [XXRPZEUR][H_1800_3_2] Pulling prices since 2018-01-20 21:54:11.158876
[Trader][2018-01-20 22:54:14,381][INFO] - [XETHZEUR][H_1800_3_2] ====Trading System TradingSystem1 started===== pair=XETHZEUR, simul=True, step=1800, stop_loss=0%, wick=True, candles=3, bodies=2
[Trader][2018-01-20 22:54:14,387][INFO] - [XETHZEUR][H_1800_3_2] PNL(Perf=0, HoldPerf=0, Gain=0, Estimated=False)
[Trader][2018-01-20 22:54:14,388][INFO] - [XETHZEUR][H_1800_3_2] Pulling prices since 2018-01-20 21:54:11.169622
[Trader][2018-01-20 22:54:14,765][INFO] - [XLTCZEUR][H_1800_3_2] ====Trading System TradingSystem1 started===== pair=XLTCZEUR, simul=True, step=1800, stop_loss=0%, wick=True, candles=3, bodies=2
[Trader][2018-01-20 22:54:14,779][INFO] - [XLTCZEUR][H_1800_3_2] PNL(Perf=0, HoldPerf=0, Gain=0, Estimated=False)
[Trader][2018-01-20 22:54:14,785][INFO] - [XLTCZEUR][H_1800_3_2] Pulling prices since 2018-01-20 21:54:11.160972
[Trader][2018-01-20 22:54:15,980][INFO] - [XXRPZEUR][H_1800_3_2] Next signal at 2018-01-20 23:04:15.980001
[Trader][2018-01-20 22:54:16,005][INFO] - [XETHZEUR][H_1800_3_2] Next signal at 2018-01-20 23:04:16.004872
[Trader][2018-01-20 22:54:16,005][INFO] - [XLTCZEUR][H_1800_3_2] Next signal at 2018-01-20 23:04:16.004934
[Trader][2018-01-20 22:54:16,480][INFO] - [XXBTZEUR][H_1800_3_2] Next signal at 2018-01-20 23:04:16.480800
[Trader][2018-01-20 22:55:11,252][INFO] - [XLTCZEUR][H_180_3_2] PNL(Perf=0, HoldPerf=0.0, Gain=0.0, Estimated=False)
[Trader][2018-01-20 22:55:11,256][INFO] - [XLTCZEUR][H_180_3_2] Pulling prices since 2018-01-20 22:54:00
[Trader][2018-01-20 22:55:11,752][INFO] - [XXRPZEUR][H_180_3_2] PNL(Perf=0, HoldPerf=-0.077992277992274553, Gain=0.077992277992274553, Estimated=False)
[Trader][2018-01-20 22:55:11,754][INFO] - [XXRPZEUR][H_180_3_2] Pulling prices since 2018-01-20 22:54:00
[Trader][2018-01-20 22:55:12,243][INFO] - [XETHZEUR][H_180_3_2] PNL(Perf=0, HoldPerf=-0.13029042155255843, Gain=0.13029042155255843, Estimated=False)
[Trader][2018-01-20 22:55:12,244][INFO] - [XETHZEUR][H_180_3_2] Pulling prices since 2018-01-20 22:54:00
[Trader][2018-01-20 22:55:13,042][INFO] - [XXBTZEUR][H_180_3_2] PNL(Perf=0, HoldPerf=-0.38183450687585307, Gain=0.38183450687585307, Estimated=False)
[Trader][2018-01-20 22:55:13,044][INFO] - [XXBTZEUR][H_180_3_2] Pulling prices since 2018-01-20 22:54:00
[Trader][2018-01-20 22:55:13,195][INFO] - [XLTCZEUR][H_180_3_2] Next signal at 2018-01-20 22:56:13.195254
[Trader][2018-01-20 22:55:13,196][INFO] - [XXRPZEUR][H_180_3_2] Next signal at 2018-01-20 22:56:13.196322
[Trader][2018-01-20 22:55:13,447][INFO] - [XETHZEUR][H_180_3_2] Next signal at 2018-01-20 22:56:13.447640
[Trader][2018-01-20 22:55:15,107][INFO] - [XXBTZEUR][H_180_3_2] Next signal at 2018-01-20 22:56:15.107272
[Trader][2018-01-20 22:56:13,200][INFO] - [XXRPZEUR][H_180_3_2] PNL(Perf=0, HoldPerf=-0.077279752704799989, Gain=0.077279752704799989, Estimated=False)
[Trader][2018-01-20 22:56:13,200][INFO] - [XLTCZEUR][H_180_3_2] PNL(Perf=0, HoldPerf=0.028730678618635503, Gain=-0.028730678618635503, Estimated=False)
[Trader][2018-01-20 22:56:13,205][INFO] - [XXRPZEUR][H_180_3_2] Pulling prices since 2018-01-20 22:55:00
[Trader][2018-01-20 22:56:13,205][INFO] - [XLTCZEUR][H_180_3_2] Pulling prices since 2018-01-20 22:55:00
[Trader][2018-01-20 22:56:13,451][INFO] - [XETHZEUR][H_180_3_2] PNL(Perf=0, HoldPerf=-0.10515247108307045, Gain=0.10515247108307045, Estimated=False)
[Trader][2018-01-20 22:56:13,453][INFO] - [XETHZEUR][H_180_3_2] Pulling prices since 2018-01-20 22:55:00
[Trader][2018-01-20 22:56:14,407][INFO] - [XETHZEUR][H_180_3_2] Calculating signal
[Trader][2018-01-20 22:56:14,407][INFO] - [XLTCZEUR][H_180_3_2] Calculating signal
[Trader][2018-01-20 22:56:14,410][INFO] - [XXRPZEUR][H_180_3_2] Calculating signal
[Trader][2018-01-20 22:56:15,113][INFO] - [XXBTZEUR][H_180_3_2] PNL(Perf=0, HoldPerf=-0.11811953697141507, Gain=0.11811953697141507, Estimated=False)
[Trader][2018-01-20 22:56:15,114][INFO] - [XXBTZEUR][H_180_3_2] Pulling prices since 2018-01-20 22:55:00
[Trader][2018-01-20 22:56:16,777][INFO] - [XXBTZEUR][H_180_3_2] Calculating signal
[Trader][2018-01-20 23:04:16,025][INFO] - [XXRPZEUR][H_1800_3_2] PNL(Perf=0, HoldPerf=-0.38721497744454203, Gain=0.38721497744454203, Estimated=False)
[Trader][2018-01-20 23:04:16,030][INFO] - [XXRPZEUR][H_1800_3_2] Pulling prices since 2018-01-20 22:54:00
[Trader][2018-01-20 23:04:16,039][INFO] - [XLTCZEUR][H_1800_3_2] PNL(Perf=0, HoldPerf=-0.67359287589907912, Gain=0.67359287589907912, Estimated=False)
[Trader][2018-01-20 23:04:16,039][INFO] - [XETHZEUR][H_1800_3_2] PNL(Perf=0, HoldPerf=-0.22370894730761509, Gain=0.22370894730761509, Estimated=False)
[Trader][2018-01-20 23:04:16,041][INFO] - [XLTCZEUR][H_1800_3_2] Pulling prices since 2018-01-20 22:54:00
[Trader][2018-01-20 23:04:16,041][INFO] - [XETHZEUR][H_1800_3_2] Pulling prices since 2018-01-20 22:54:00
[Trader][2018-01-20 23:04:16,514][INFO] - [XXBTZEUR][H_1800_3_2] PNL(Perf=0, HoldPerf=-0.76546665289139759, Gain=0.76546665289139759, Estimated=False)
[Trader][2018-01-20 23:04:16,516][INFO] - [XXBTZEUR][H_1800_3_2] Pulling prices since 2018-01-20 22:54:00
[Trader][2018-01-20 23:04:17,103][INFO] - [XLTCZEUR][H_1800_3_2] Next signal at 2018-01-20 23:14:17.103474
[Trader][2018-01-20 23:04:17,103][INFO] - [XXRPZEUR][H_1800_3_2] Next signal at 2018-01-20 23:14:17.103474
[Trader][2018-01-20 23:04:17,178][INFO] - [XETHZEUR][H_1800_3_2] Next signal at 2018-01-20 23:14:17.178342
[Trader][2018-01-20 23:04:17,458][INFO] - [XXBTZEUR][H_1800_3_2] Next signal at 2018-01-20 23:14:17.458068
[Trader][2018-01-20 23:14:17,174][INFO] - [XXRPZEUR][H_1800_3_2] PNL(Perf=0, HoldPerf=-1.2626437178866854, Gain=1.2626437178866854, Estimated=False)
[Trader][2018-01-20 23:14:17,174][INFO] - [XLTCZEUR][H_1800_3_2] PNL(Perf=0, HoldPerf=-0.43014452856159668, Gain=0.43014452856159668, Estimated=False)
[Trader][2018-01-20 23:14:17,178][INFO] - [XLTCZEUR][H_1800_3_2] Pulling prices since 2018-01-20 23:04:00
[Trader][2018-01-20 23:14:17,178][INFO] - [XXRPZEUR][H_1800_3_2] Pulling prices since 2018-01-20 23:04:00
[Trader][2018-01-20 23:14:17,225][INFO] - [XETHZEUR][H_1800_3_2] PNL(Perf=0, HoldPerf=-0.17932489451477274, Gain=0.17932489451477274, Estimated=False)
[Trader][2018-01-20 23:14:17,227][INFO] - [XETHZEUR][H_1800_3_2] Pulling prices since 2018-01-20 23:04:00
[Trader][2018-01-20 23:14:17,507][INFO] - [XXBTZEUR][H_1800_3_2] PNL(Perf=0, HoldPerf=-0.65385414895023253, Gain=0.65385414895023253, Estimated=False)
[Trader][2018-01-20 23:14:17,509][INFO] - [XXBTZEUR][H_1800_3_2] Pulling prices since 2018-01-20 23:04:00
[Trader][2018-01-20 23:14:18,322][INFO] - [XXRPZEUR][H_1800_3_2] Calculating signal
[Trader][2018-01-20 23:14:18,322][INFO] - [XETHZEUR][H_1800_3_2] Calculating signal
[Trader][2018-01-20 23:14:18,539][INFO] - [XLTCZEUR][H_1800_3_2] Calculating signal
[Trader][2018-01-20 23:14:19,844][INFO] - [XXBTZEUR][H_1800_3_2] Calculating signal
